No of components        3
Discretization length in eV   0.0100
Number of Bins      201
Excitation energy in eV   Re(Coupling element)   Im(Coupling element) in 1/ps
============================================================================
Friction component for    1   1
   0.000000E+000        0.719863E-001   0.000000E+000
   0.100000E-001        0.117574E+000   0.000000E+000
   0.200000E-001        0.240974E+000   0.000000E+000
   0.300000E-001        0.412531E+000   0.000000E+000
   0.400000E-001        0.600911E+000   0.000000E+000
   0.500000E-001        0.830898E+000   0.000000E+000
   0.600000E-001        0.109535E+001   0.000000E+000
   0.700000E-001        0.131011E+001   0.000000E+000
   0.800000E-001        0.154072E+001   0.000000E+000
   0.900000E-001        0.206542E+001   0.000000E+000
   0.100000E+000        0.268810E+001   0.000000E+000
   0.110000E+000        0.277408E+001   0.000000E+000
   0.120000E+000        0.250267E+001   0.000000E+000
   0.130000E+000        0.224249E+001   0.000000E+000
   0.140000E+000        0.213566E+001   0.000000E+000
   0.150000E+000        0.223777E+001   0.000000E+000
   0.160000E+000        0.236438E+001   0.000000E+000
   0.170000E+000        0.231761E+001   0.000000E+000
   0.180000E+000        0.225669E+001   0.000000E+000
   0.190000E+000        0.226056E+001   0.000000E+000
   0.200000E+000        0.221770E+001   0.000000E+000
   0.210000E+000        0.200082E+001   0.000000E+000
   0.220000E+000        0.181413E+001   0.000000E+000
   0.230000E+000        0.179907E+001   0.000000E+000
   0.240000E+000        0.189848E+001   0.000000E+000
   0.250000E+000        0.212114E+001   0.000000E+000
   0.260000E+000        0.236843E+001   0.000000E+000
   0.270000E+000        0.256231E+001   0.000000E+000
   0.280000E+000        0.258025E+001   0.000000E+000
   0.290000E+000        0.251183E+001   0.000000E+000
   0.300000E+000        0.242558E+001   0.000000E+000
   0.310000E+000        0.221284E+001   0.000000E+000
   0.320000E+000        0.211126E+001   0.000000E+000
   0.330000E+000        0.232860E+001   0.000000E+000
   0.340000E+000        0.238987E+001   0.000000E+000
   0.350000E+000        0.219298E+001   0.000000E+000
   0.360000E+000        0.238815E+001   0.000000E+000
   0.370000E+000        0.284546E+001   0.000000E+000
   0.380000E+000        0.309184E+001   0.000000E+000
   0.390000E+000        0.312240E+001   0.000000E+000
   0.400000E+000        0.289268E+001   0.000000E+000
   0.410000E+000        0.250027E+001   0.000000E+000
   0.420000E+000        0.239114E+001   0.000000E+000
   0.430000E+000        0.242219E+001   0.000000E+000
   0.440000E+000        0.253257E+001   0.000000E+000
   0.450000E+000        0.275595E+001   0.000000E+000
   0.460000E+000        0.294443E+001   0.000000E+000
   0.470000E+000        0.295862E+001   0.000000E+000
   0.480000E+000        0.285911E+001   0.000000E+000
   0.490000E+000        0.269549E+001   0.000000E+000
   0.500000E+000        0.240833E+001   0.000000E+000
   0.510000E+000        0.225666E+001   0.000000E+000
   0.520000E+000        0.250384E+001   0.000000E+000
   0.530000E+000        0.299675E+001   0.000000E+000
   0.540000E+000        0.322981E+001   0.000000E+000
   0.550000E+000        0.290835E+001   0.000000E+000
   0.560000E+000        0.269778E+001   0.000000E+000
   0.570000E+000        0.274231E+001   0.000000E+000
   0.580000E+000        0.254208E+001   0.000000E+000
   0.590000E+000        0.228765E+001   0.000000E+000
   0.600000E+000        0.220693E+001   0.000000E+000
   0.610000E+000        0.223787E+001   0.000000E+000
   0.620000E+000        0.221920E+001   0.000000E+000
   0.630000E+000        0.230320E+001   0.000000E+000
   0.640000E+000        0.292900E+001   0.000000E+000
   0.650000E+000        0.360457E+001   0.000000E+000
   0.660000E+000        0.346508E+001   0.000000E+000
   0.670000E+000        0.286388E+001   0.000000E+000
   0.680000E+000        0.263415E+001   0.000000E+000
   0.690000E+000        0.247592E+001   0.000000E+000
   0.700000E+000        0.231356E+001   0.000000E+000
   0.710000E+000        0.226011E+001   0.000000E+000
   0.720000E+000        0.220454E+001   0.000000E+000
   0.730000E+000        0.222907E+001   0.000000E+000
   0.740000E+000        0.231650E+001   0.000000E+000
   0.750000E+000        0.246134E+001   0.000000E+000
   0.760000E+000        0.266110E+001   0.000000E+000
   0.770000E+000        0.273340E+001   0.000000E+000
   0.780000E+000        0.259521E+001   0.000000E+000
   0.790000E+000        0.243528E+001   0.000000E+000
   0.800000E+000        0.227315E+001   0.000000E+000
   0.810000E+000        0.217507E+001   0.000000E+000
   0.820000E+000        0.236694E+001   0.000000E+000
   0.830000E+000        0.267943E+001   0.000000E+000
   0.840000E+000        0.287461E+001   0.000000E+000
   0.850000E+000        0.280998E+001   0.000000E+000
   0.860000E+000        0.259266E+001   0.000000E+000
   0.870000E+000        0.236032E+001   0.000000E+000
   0.880000E+000        0.212329E+001   0.000000E+000
   0.890000E+000        0.203301E+001   0.000000E+000
   0.900000E+000        0.197654E+001   0.000000E+000
   0.910000E+000        0.186314E+001   0.000000E+000
   0.920000E+000        0.182781E+001   0.000000E+000
   0.930000E+000        0.180493E+001   0.000000E+000
   0.940000E+000        0.174777E+001   0.000000E+000
   0.950000E+000        0.189474E+001   0.000000E+000
   0.960000E+000        0.217812E+001   0.000000E+000
   0.970000E+000        0.225001E+001   0.000000E+000
   0.980000E+000        0.212498E+001   0.000000E+000
   0.990000E+000        0.211293E+001   0.000000E+000
   0.100000E+001        0.220456E+001   0.000000E+000
   0.101000E+001        0.226059E+001   0.000000E+000
   0.102000E+001        0.226526E+001   0.000000E+000
   0.103000E+001        0.225125E+001   0.000000E+000
   0.104000E+001        0.225507E+001   0.000000E+000
   0.105000E+001        0.228662E+001   0.000000E+000
   0.106000E+001        0.224126E+001   0.000000E+000
   0.107000E+001        0.218553E+001   0.000000E+000
   0.108000E+001        0.218446E+001   0.000000E+000
   0.109000E+001        0.211305E+001   0.000000E+000
   0.110000E+001        0.203064E+001   0.000000E+000
   0.111000E+001        0.198976E+001   0.000000E+000
   0.112000E+001        0.202915E+001   0.000000E+000
   0.113000E+001        0.214538E+001   0.000000E+000
   0.114000E+001        0.221214E+001   0.000000E+000
   0.115000E+001        0.211279E+001   0.000000E+000
   0.116000E+001        0.196154E+001   0.000000E+000
   0.117000E+001        0.193392E+001   0.000000E+000
   0.118000E+001        0.194196E+001   0.000000E+000
   0.119000E+001        0.200231E+001   0.000000E+000
   0.120000E+001        0.213721E+001   0.000000E+000
   0.121000E+001        0.225313E+001   0.000000E+000
   0.122000E+001        0.220712E+001   0.000000E+000
   0.123000E+001        0.210621E+001   0.000000E+000
   0.124000E+001        0.202109E+001   0.000000E+000
   0.125000E+001        0.190746E+001   0.000000E+000
   0.126000E+001        0.201870E+001   0.000000E+000
   0.127000E+001        0.234710E+001   0.000000E+000
   0.128000E+001        0.253250E+001   0.000000E+000
   0.129000E+001        0.254989E+001   0.000000E+000
   0.130000E+001        0.243539E+001   0.000000E+000
   0.131000E+001        0.215782E+001   0.000000E+000
   0.132000E+001        0.193156E+001   0.000000E+000
   0.133000E+001        0.191433E+001   0.000000E+000
   0.134000E+001        0.198341E+001   0.000000E+000
   0.135000E+001        0.197304E+001   0.000000E+000
   0.136000E+001        0.195617E+001   0.000000E+000
   0.137000E+001        0.202713E+001   0.000000E+000
   0.138000E+001        0.206538E+001   0.000000E+000
   0.139000E+001        0.200388E+001   0.000000E+000
   0.140000E+001        0.188460E+001   0.000000E+000
   0.141000E+001        0.186494E+001   0.000000E+000
   0.142000E+001        0.196410E+001   0.000000E+000
   0.143000E+001        0.198867E+001   0.000000E+000
   0.144000E+001        0.184115E+001   0.000000E+000
   0.145000E+001        0.178172E+001   0.000000E+000
   0.146000E+001        0.189668E+001   0.000000E+000
   0.147000E+001        0.199518E+001   0.000000E+000
   0.148000E+001        0.201128E+001   0.000000E+000
   0.149000E+001        0.209340E+001   0.000000E+000
   0.150000E+001        0.221400E+001   0.000000E+000
   0.151000E+001        0.229164E+001   0.000000E+000
   0.152000E+001        0.227487E+001   0.000000E+000
   0.153000E+001        0.211582E+001   0.000000E+000
   0.154000E+001        0.208458E+001   0.000000E+000
   0.155000E+001        0.221585E+001   0.000000E+000
   0.156000E+001        0.212137E+001   0.000000E+000
   0.157000E+001        0.197001E+001   0.000000E+000
   0.158000E+001        0.210646E+001   0.000000E+000
   0.159000E+001        0.234223E+001   0.000000E+000
   0.160000E+001        0.233918E+001   0.000000E+000
   0.161000E+001        0.218163E+001   0.000000E+000
   0.162000E+001        0.215456E+001   0.000000E+000
   0.163000E+001        0.219716E+001   0.000000E+000
   0.164000E+001        0.224557E+001   0.000000E+000
   0.165000E+001        0.233421E+001   0.000000E+000
   0.166000E+001        0.234886E+001   0.000000E+000
   0.167000E+001        0.233749E+001   0.000000E+000
   0.168000E+001        0.227994E+001   0.000000E+000
   0.169000E+001        0.215311E+001   0.000000E+000
   0.170000E+001        0.205329E+001   0.000000E+000
   0.171000E+001        0.208951E+001   0.000000E+000
   0.172000E+001        0.220107E+001   0.000000E+000
   0.173000E+001        0.225634E+001   0.000000E+000
   0.174000E+001        0.224409E+001   0.000000E+000
   0.175000E+001        0.227916E+001   0.000000E+000
   0.176000E+001        0.250577E+001   0.000000E+000
   0.177000E+001        0.262891E+001   0.000000E+000
   0.178000E+001        0.255785E+001   0.000000E+000
   0.179000E+001        0.254410E+001   0.000000E+000
   0.180000E+001        0.252855E+001   0.000000E+000
   0.181000E+001        0.250237E+001   0.000000E+000
   0.182000E+001        0.244841E+001   0.000000E+000
   0.183000E+001        0.239748E+001   0.000000E+000
   0.184000E+001        0.237624E+001   0.000000E+000
   0.185000E+001        0.235409E+001   0.000000E+000
   0.186000E+001        0.239034E+001   0.000000E+000
   0.187000E+001        0.250698E+001   0.000000E+000
   0.188000E+001        0.263651E+001   0.000000E+000
   0.189000E+001        0.258224E+001   0.000000E+000
   0.190000E+001        0.241746E+001   0.000000E+000
   0.191000E+001        0.239728E+001   0.000000E+000
   0.192000E+001        0.250858E+001   0.000000E+000
   0.193000E+001        0.250824E+001   0.000000E+000
   0.194000E+001        0.240515E+001   0.000000E+000
   0.195000E+001        0.241237E+001   0.000000E+000
   0.196000E+001        0.256590E+001   0.000000E+000
   0.197000E+001        0.269266E+001   0.000000E+000
   0.198000E+001        0.271482E+001   0.000000E+000
   0.199000E+001        0.268023E+001   0.000000E+000
   0.200000E+001        0.259702E+001   0.000000E+000
Friction component for    1   2
   0.000000E+000       -0.477307E-001   0.000000E+000
   0.100000E-001       -0.569572E-001   0.775451E-002
   0.200000E-001       -0.947870E-001   0.252563E-001
   0.300000E-001       -0.148343E+000   0.508154E-001
   0.400000E-001       -0.140520E+000   0.508190E-001
   0.500000E-001       -0.133579E+000   0.607933E-001
   0.600000E-001       -0.196493E+000   0.709447E-001
   0.700000E-001       -0.216501E+000   0.399736E-001
   0.800000E-001       -0.145689E+000   0.468828E-001
   0.900000E-001       -0.116222E+000   0.828072E-001
   0.100000E+000       -0.136651E+000   0.825474E-001
   0.110000E+000       -0.424982E-001   0.269719E-001
   0.120000E+000        0.119956E+000   0.237587E-001
   0.130000E+000        0.177521E+000   0.609593E-001
   0.140000E+000        0.105219E+000   0.665236E-001
   0.150000E+000        0.710730E-001   0.670196E-001
   0.160000E+000        0.725847E-001   0.139008E+000
   0.170000E+000        0.513540E-001   0.220124E+000
   0.180000E+000        0.161302E-001   0.232611E+000
   0.190000E+000       -0.293876E-001   0.170156E+000
   0.200000E+000       -0.750191E-001   0.503128E-001
   0.210000E+000       -0.130698E+000  -0.392629E-001
   0.220000E+000       -0.175968E+000  -0.516557E-001
   0.230000E+000       -0.102926E+000  -0.185932E-001
   0.240000E+000        0.219764E-001   0.304020E-001
   0.250000E+000        0.625037E-001   0.788039E-001
   0.260000E+000        0.194299E-001   0.912701E-001
   0.270000E+000       -0.112649E+000   0.115292E+000
   0.280000E+000       -0.255607E+000   0.125008E+000
   0.290000E+000       -0.176183E+000   0.760243E-001
   0.300000E+000        0.710424E-001   0.509695E-001
   0.310000E+000        0.201821E+000   0.697956E-001
   0.320000E+000        0.206422E+000   0.900454E-001
   0.330000E+000        0.312315E+000   0.105451E+000
   0.340000E+000        0.273030E+000   0.590189E-001
   0.350000E+000        0.577020E-001   0.179121E-002
   0.360000E+000       -0.662531E-001  -0.326544E-001
   0.370000E+000       -0.228289E+000  -0.557450E-001
   0.380000E+000       -0.257047E+000  -0.188961E-001
   0.390000E+000        0.117623E+000  -0.284279E-002
   0.400000E+000        0.385282E+000  -0.344193E-001
   0.410000E+000        0.201179E+000  -0.455904E-001
   0.420000E+000       -0.112527E+000  -0.345056E-001
   0.430000E+000       -0.441803E+000  -0.275111E-001
   0.440000E+000       -0.490004E+000  -0.830607E-002
   0.450000E+000       -0.151891E+000   0.322931E-001
   0.460000E+000        0.137183E+000   0.311702E-001
   0.470000E+000        0.228251E+000   0.494212E-001
   0.480000E+000        0.100116E+000   0.129803E+000
   0.490000E+000       -0.957351E-001   0.160336E+000
   0.500000E+000       -0.144907E+000   0.700891E-001
   0.510000E+000       -0.100664E+000  -0.766758E-002
   0.520000E+000       -0.114242E-001   0.226796E-001
   0.530000E+000        0.229749E+000   0.198269E-001
   0.540000E+000        0.453303E+000  -0.273760E-001
   0.550000E+000        0.354568E+000   0.285706E-001
   0.560000E+000        0.961020E-001   0.973977E-001
   0.570000E+000       -0.322697E-001   0.663208E-001
   0.580000E+000       -0.358790E-001   0.173874E-001
   0.590000E+000       -0.151760E+000   0.767424E-002
   0.600000E+000       -0.280368E+000   0.116083E-001
   0.610000E+000       -0.352659E+000   0.751555E-001
   0.620000E+000       -0.300721E+000   0.146713E+000
   0.630000E+000       -0.170325E-001   0.129734E+000
   0.640000E+000        0.265782E+000   0.874470E-001
   0.650000E+000        0.307643E+000   0.949666E-001
   0.660000E+000        0.127208E+000   0.121974E+000
   0.670000E+000        0.530271E-001   0.123444E+000
   0.680000E+000        0.955531E-001   0.115683E+000
   0.690000E+000        0.262699E-001   0.787566E-001
   0.700000E+000       -0.770202E-001   0.291124E-001
   0.710000E+000       -0.134802E+000   0.211266E-001
   0.720000E+000       -0.135839E+000   0.495524E-001
   0.730000E+000       -0.910442E-001   0.820659E-001
   0.740000E+000       -0.607407E-001   0.100645E+000
   0.750000E+000       -0.128909E-001   0.985835E-001
   0.760000E+000        0.104403E+000   0.116983E+000
   0.770000E+000        0.124455E+000   0.133079E+000
   0.780000E+000        0.217076E-001   0.111830E+000
   0.790000E+000       -0.568510E-001   0.108551E+000
   0.800000E+000       -0.864466E-001   0.134742E+000
   0.810000E+000       -0.761491E-001   0.933957E-001
   0.820000E+000       -0.844662E-001   0.229764E-001
   0.830000E+000       -0.280148E-001   0.238754E-001
   0.840000E+000        0.188217E+000   0.131730E-001
   0.850000E+000        0.246496E+000  -0.421358E-001
   0.860000E+000        0.986365E-001  -0.650180E-001
   0.870000E+000        0.305556E-001  -0.390646E-001
   0.880000E+000        0.170129E-001   0.191706E-001
   0.890000E+000        0.295449E-001   0.608673E-001
   0.900000E+000        0.353580E-001   0.200952E-001
   0.910000E+000       -0.270262E-002  -0.246070E-001
   0.920000E+000       -0.838870E-002   0.119347E-002
   0.930000E+000       -0.175760E-001   0.243220E-001
   0.940000E+000       -0.982845E-001   0.618178E-002
   0.950000E+000       -0.161464E+000  -0.150587E-001
   0.960000E+000       -0.108622E+000  -0.236614E-001
   0.970000E+000        0.510198E-002  -0.803370E-002
   0.980000E+000       -0.152798E-001   0.126823E-001
   0.990000E+000       -0.682143E-001   0.311656E-001
   0.100000E+001        0.894587E-002   0.411230E-001
   0.101000E+001        0.704121E-001   0.298771E-001
   0.102000E+001        0.397510E-001  -0.399642E-003
   0.103000E+001        0.789977E-001  -0.227069E-001
   0.104000E+001        0.156422E+000  -0.309597E-001
   0.105000E+001        0.115199E+000  -0.777971E-003
   0.106000E+001       -0.776122E-003   0.408763E-001
   0.107000E+001       -0.253757E-001   0.569355E-001
   0.108000E+001        0.447181E-002   0.807333E-001
   0.109000E+001       -0.392421E-001   0.898212E-001
   0.110000E+001       -0.923357E-001   0.928756E-001
   0.111000E+001       -0.525813E-001   0.106637E+000
   0.112000E+001        0.153515E-001   0.994452E-001
   0.113000E+001        0.339030E-001   0.105511E+000
   0.114000E+001        0.154096E-001   0.111736E+000
   0.115000E+001        0.435973E-001   0.938243E-001
   0.116000E+001        0.679234E-001   0.537958E-001
   0.117000E+001        0.501874E-001   0.398429E-002
   0.118000E+001       -0.101561E-001  -0.386809E-002
   0.119000E+001       -0.102674E+000   0.275469E-001
   0.120000E+001       -0.139127E+000   0.581289E-001
   0.121000E+001       -0.130208E+000   0.606125E-001
   0.122000E+001       -0.127715E+000   0.398919E-001
   0.123000E+001       -0.101590E+000   0.393747E-001
   0.124000E+001       -0.530412E-001   0.412133E-001
   0.125000E+001        0.154436E-001   0.235794E-001
   0.126000E+001        0.107548E+000   0.124942E-001
   0.127000E+001        0.213486E+000   0.118614E-001
   0.128000E+001        0.228100E+000   0.311940E-001
   0.129000E+001        0.167831E+000   0.514915E-001
   0.130000E+001        0.100881E+000   0.330531E-001
   0.131000E+001       -0.147861E-001   0.210677E-001
   0.132000E+001       -0.869365E-001   0.503862E-001
   0.133000E+001       -0.209488E-001   0.753245E-001
   0.134000E+001        0.377535E-001   0.712917E-001
   0.135000E+001        0.342986E-002   0.544737E-001
   0.136000E+001       -0.464755E-001   0.348287E-001
   0.137000E+001       -0.745411E-001   0.235114E-001
   0.138000E+001       -0.725679E-001   0.333569E-001
   0.139000E+001       -0.364299E-001   0.352857E-001
   0.140000E+001       -0.176367E-001   0.309279E-001
   0.141000E+001        0.169682E-001   0.681571E-001
   0.142000E+001        0.638221E-001   0.100485E+000
   0.143000E+001        0.303382E-001   0.932010E-001
   0.144000E+001       -0.644477E-001   0.751967E-001
   0.145000E+001       -0.932426E-001   0.529882E-001
   0.146000E+001       -0.511011E-001   0.467134E-001
   0.147000E+001        0.617370E-002   0.466264E-001
   0.148000E+001        0.466348E-001   0.205071E-001
   0.149000E+001        0.438758E-001  -0.223304E-002
   0.150000E+001       -0.879437E-002   0.377352E-001
   0.151000E+001       -0.817346E-001   0.955318E-001
   0.152000E+001       -0.114098E+000   0.862399E-001
   0.153000E+001       -0.428795E-001   0.575766E-001
   0.154000E+001        0.104425E+000   0.749752E-001
   0.155000E+001        0.165071E+000   0.110649E+000
   0.156000E+001        0.744286E-001   0.900127E-001
   0.157000E+001        0.175053E-001   0.466514E-001
   0.158000E+001        0.488228E-001   0.402325E-001
   0.159000E+001        0.645908E-001   0.476782E-001
   0.160000E+001        0.262304E-001   0.389577E-001
   0.161000E+001       -0.225471E-001   0.446168E-001
   0.162000E+001       -0.346037E-001   0.649273E-001
   0.163000E+001       -0.346495E-002   0.603932E-001
   0.164000E+001        0.673476E-002   0.510717E-001
   0.165000E+001       -0.160379E-001   0.598325E-001
   0.166000E+001       -0.691070E-001   0.533973E-001
   0.167000E+001       -0.107096E+000   0.369795E-001
   0.168000E+001       -0.775932E-001   0.287129E-001
   0.169000E+001       -0.599525E-001   0.305967E-001
   0.170000E+001       -0.966281E-001   0.289638E-001
   0.171000E+001       -0.109443E+000   0.433768E-001
   0.172000E+001       -0.360672E-001   0.550504E-001
   0.173000E+001        0.494387E-001   0.250274E-001
   0.174000E+001        0.971858E-001  -0.504176E-003
   0.175000E+001        0.115325E+000   0.190620E-001
   0.176000E+001        0.170207E+000   0.646138E-001
   0.177000E+001        0.194503E+000   0.933346E-001
   0.178000E+001        0.130230E+000   0.945217E-001
   0.179000E+001        0.610544E-001   0.749159E-001
   0.180000E+001        0.387244E-002   0.476316E-001
   0.181000E+001       -0.516562E-001   0.427428E-001
   0.182000E+001       -0.760018E-001   0.723177E-001
   0.183000E+001       -0.112239E-001   0.106298E+000
   0.184000E+001        0.122769E-001   0.110590E+000
   0.185000E+001       -0.624602E-001   0.885530E-001
   0.186000E+001       -0.107050E+000   0.590674E-001
   0.187000E+001       -0.108222E+000   0.392840E-001
   0.188000E+001       -0.660098E-001   0.361268E-001
   0.189000E+001       -0.312667E-001   0.429326E-001
   0.190000E+001       -0.905915E-002   0.562934E-001
   0.191000E+001        0.303178E-001   0.702048E-001
   0.192000E+001       -0.466389E-002   0.498983E-001
   0.193000E+001       -0.672626E-001   0.231195E-001
   0.194000E+001       -0.720535E-001   0.331500E-001
   0.195000E+001       -0.116402E-002   0.395209E-001
   0.196000E+001        0.929576E-001   0.394051E-001
   0.197000E+001        0.842170E-001   0.417332E-001
   0.198000E+001        0.254977E-001   0.483616E-001
   0.199000E+001        0.384200E-001   0.604146E-001
   0.200000E+001        0.639819E-001   0.891072E-001
Friction component for    1   3
   0.000000E+000        0.878396E-003   0.000000E+000
   0.100000E-001       -0.245281E-002   0.664035E-002
   0.200000E-001       -0.205522E-001   0.192497E-001
   0.300000E-001       -0.322426E-001   0.158297E-001
   0.400000E-001       -0.606558E-002  -0.241401E-001
   0.500000E-001        0.115355E-001  -0.108505E-001
   0.600000E-001       -0.635162E-002   0.103441E+000
   0.700000E-001       -0.352186E-001   0.216132E+000
   0.800000E-001       -0.357570E-001   0.244827E+000
   0.900000E-001       -0.223321E-001   0.147799E+000
   0.100000E+000       -0.156307E-001   0.160748E+000
   0.110000E+000        0.110494E-003   0.259907E+000
   0.120000E+000        0.341736E-002   0.271061E+000
   0.130000E+000       -0.202150E-001   0.345770E+000
   0.140000E+000       -0.531541E-001   0.465394E+000
   0.150000E+000       -0.344313E-001   0.527622E+000
   0.160000E+000       -0.282346E-001   0.551030E+000
   0.170000E+000       -0.633921E-001   0.416039E+000
   0.180000E+000       -0.854801E-001   0.194770E+000
   0.190000E+000       -0.112096E+000   0.120809E+000
   0.200000E+000       -0.883074E-001   0.485770E-001
   0.210000E+000        0.271904E-002  -0.201716E-001
   0.220000E+000        0.334708E-001  -0.642397E-001
   0.230000E+000       -0.192755E-001  -0.240177E+000
   0.240000E+000       -0.229231E-001  -0.231931E+000
   0.250000E+000        0.314294E-001   0.139887E+000
   0.260000E+000        0.286556E-001   0.343818E+000
   0.270000E+000        0.326161E-001   0.119874E+000
   0.280000E+000        0.811792E-001  -0.214955E+000
   0.290000E+000        0.696457E-001  -0.359317E+000
   0.300000E+000        0.432317E-001  -0.247766E+000
   0.310000E+000        0.343387E-001  -0.717508E-001
   0.320000E+000        0.110010E-001  -0.666931E-002
   0.330000E+000       -0.361548E-002   0.482597E-001
   0.340000E+000       -0.172011E-001   0.116583E+000
   0.350000E+000       -0.811411E-001   0.179687E+000
   0.360000E+000       -0.685469E-001   0.223477E+000
   0.370000E+000        0.332313E-001   0.326387E+000
   0.380000E+000        0.829614E-001   0.432320E+000
   0.390000E+000        0.339661E-001   0.303835E+000
   0.400000E+000       -0.290430E-001   0.168529E+000
   0.410000E+000       -0.370806E-001   0.165074E-001
   0.420000E+000       -0.162001E-002  -0.177051E+000
   0.430000E+000        0.240452E-001  -0.296445E+000
   0.440000E+000        0.152294E-001  -0.276118E+000
   0.450000E+000       -0.580220E-003  -0.154944E+000
   0.460000E+000       -0.218512E-001   0.149600E-001
   0.470000E+000       -0.297559E-002   0.881182E-001
   0.480000E+000        0.804718E-001  -0.703655E-001
   0.490000E+000        0.112486E+000  -0.184571E+000
   0.500000E+000        0.723213E-001  -0.735932E-001
   0.510000E+000        0.220462E-001   0.156120E+000
   0.520000E+000       -0.471961E-001   0.248313E+000
   0.530000E+000       -0.882374E-001   0.840807E-001
   0.540000E+000       -0.985386E-001  -0.137376E+000
   0.550000E+000       -0.102125E+000  -0.190324E+000
   0.560000E+000       -0.104894E+000  -0.127013E+000
   0.570000E+000       -0.261940E-001  -0.431403E-001
   0.580000E+000        0.106151E+000   0.236800E-001
   0.590000E+000        0.151946E+000   0.512141E-001
   0.600000E+000        0.824191E-001   0.804950E-001
   0.610000E+000       -0.256173E-001   0.166998E+000
   0.620000E+000       -0.685588E-001   0.181997E+000
   0.630000E+000       -0.551078E-001   0.613885E-001
   0.640000E+000       -0.644188E-001  -0.886358E-001
   0.650000E+000       -0.303955E-001  -0.824022E-001
   0.660000E+000        0.510568E-001   0.143408E+000
   0.670000E+000        0.704051E-001   0.294585E+000
   0.680000E+000        0.532360E-001   0.187097E+000
   0.690000E+000        0.186792E-002  -0.415436E-001
   0.700000E+000       -0.452113E-001  -0.165371E+000
   0.710000E+000       -0.427807E-001  -0.179427E+000
   0.720000E+000        0.842369E-002  -0.125349E+000
   0.730000E+000        0.759727E-001  -0.479957E-001
   0.740000E+000        0.582650E-001  -0.358777E-001
   0.750000E+000        0.334583E-002  -0.778031E-001
   0.760000E+000       -0.150073E-001  -0.218130E-001
   0.770000E+000       -0.491463E-002   0.137951E+000
   0.780000E+000       -0.164734E-002   0.176343E+000
   0.790000E+000       -0.207894E-001   0.965682E-001
   0.800000E+000       -0.427209E-001   0.577845E-002
   0.810000E+000       -0.823908E-001  -0.403973E-001
   0.820000E+000       -0.927919E-001  -0.457277E-001
   0.830000E+000       -0.436050E-001  -0.110829E+000
   0.840000E+000        0.117053E-001  -0.129372E+000
   0.850000E+000        0.194266E-001  -0.356138E-001
   0.860000E+000        0.222556E-001  -0.354918E-001
   0.870000E+000        0.550691E-001  -0.117513E+000
   0.880000E+000        0.786506E-001  -0.122886E+000
   0.890000E+000        0.673337E-001  -0.399890E-001
   0.900000E+000        0.340374E-001   0.774738E-002
   0.910000E+000        0.734922E-002  -0.668359E-001
   0.920000E+000       -0.180816E-001  -0.181250E+000
   0.930000E+000       -0.174909E-001  -0.207961E+000
   0.940000E+000       -0.145136E-001  -0.931211E-001
   0.950000E+000       -0.113424E-001  -0.114682E-001
   0.960000E+000       -0.127953E-002  -0.538886E-001
   0.970000E+000        0.456195E-002  -0.100078E+000
   0.980000E+000        0.169467E-001  -0.249603E-001
   0.990000E+000        0.101626E-001   0.521801E-001
   0.100000E+001       -0.195393E-001   0.312945E-001
   0.101000E+001       -0.310086E-001  -0.431666E-001
   0.102000E+001       -0.278012E-001  -0.962008E-001
   0.103000E+001       -0.242614E-001  -0.725210E-001
   0.104000E+001        0.286200E-002  -0.741931E-001
   0.105000E+001        0.435803E-001  -0.742074E-001
   0.106000E+001        0.300880E-001  -0.416923E-001
   0.107000E+001       -0.548493E-001  -0.751706E-002
   0.108000E+001       -0.907862E-001   0.162136E-001
   0.109000E+001       -0.261339E-001   0.352767E-001
   0.110000E+001        0.302728E-001   0.598635E-001
   0.111000E+001        0.516282E-001   0.721625E-001
   0.112000E+001        0.540069E-001   0.612049E-001
   0.113000E+001        0.431987E-001   0.566967E-001
   0.114000E+001        0.424515E-001   0.584079E-001
   0.115000E+001        0.196463E-001   0.459273E-001
   0.116000E+001       -0.321322E-001   0.424338E-001
   0.117000E+001       -0.534884E-001   0.671442E-001
   0.118000E+001       -0.687827E-002   0.547196E-001
   0.119000E+001        0.324171E-002   0.229919E-001
   0.120000E+001       -0.332906E-001   0.551811E-001
   0.121000E+001       -0.291089E-001   0.107595E+000
   0.122000E+001       -0.188570E-001   0.827369E-001
   0.123000E+001       -0.267497E-001   0.674925E-001
   0.124000E+001       -0.201190E-001   0.774380E-001
   0.125000E+001       -0.641713E-002   0.402721E-001
   0.126000E+001        0.150909E-001   0.444234E-002
   0.127000E+001        0.165677E-001   0.828249E-002
   0.128000E+001        0.190592E-001  -0.624316E-002
   0.129000E+001        0.341938E-001  -0.298922E-001
   0.130000E+001        0.374544E-001  -0.956954E-002
   0.131000E+001        0.259399E-001   0.309558E-001
   0.132000E+001        0.128741E-001   0.447621E-001
   0.133000E+001        0.843175E-002   0.661658E-002
   0.134000E+001       -0.844616E-002  -0.488286E-001
   0.135000E+001       -0.148827E-001  -0.346379E-001
   0.136000E+001        0.225955E-001  -0.350156E-001
   0.137000E+001        0.380280E-001  -0.538796E-001
   0.138000E+001        0.207412E-001  -0.414373E-002
   0.139000E+001        0.224314E-002   0.224732E-001
   0.140000E+001       -0.142808E-001  -0.168461E-001
   0.141000E+001       -0.263977E-001  -0.272099E-001
   0.142000E+001       -0.393447E-001  -0.709533E-002
   0.143000E+001       -0.271629E-001  -0.411028E-001
   0.144000E+001       -0.474986E-002  -0.906173E-001
   0.145000E+001       -0.433130E-002  -0.904737E-001
   0.146000E+001       -0.170866E-001  -0.441912E-001
   0.147000E+001       -0.252925E-002  -0.187960E-001
   0.148000E+001        0.223272E-001  -0.378766E-001
   0.149000E+001        0.125101E-001  -0.608094E-001
   0.150000E+001       -0.263954E-001  -0.338933E-001
   0.151000E+001       -0.614255E-001   0.371912E-001
   0.152000E+001       -0.414859E-001   0.992856E-001
   0.153000E+001       -0.115852E-001   0.429020E-001
   0.154000E+001       -0.213483E-001  -0.785813E-001
   0.155000E+001       -0.448743E-001  -0.735773E-001
   0.156000E+001       -0.388931E-001   0.206932E-001
   0.157000E+001        0.737481E-002  -0.926328E-002
   0.158000E+001        0.519325E-001  -0.553545E-001
   0.159000E+001        0.572197E-001  -0.545176E-001
   0.160000E+001        0.385088E-001  -0.765097E-001
   0.161000E+001        0.487810E-001  -0.968481E-001
   0.162000E+001        0.538025E-001  -0.117502E+000
   0.163000E+001        0.208379E-001  -0.155101E+000
   0.164000E+001        0.224936E-001  -0.171433E+000
   0.165000E+001        0.395887E-001  -0.126486E+000
   0.166000E+001        0.287966E-002  -0.977947E-001
   0.167000E+001       -0.346704E-001  -0.106682E+000
   0.168000E+001       -0.246325E-001  -0.673728E-001
   0.169000E+001       -0.161320E-002  -0.160205E-001
   0.170000E+001       -0.345714E-002  -0.352996E-001
   0.171000E+001       -0.318210E-002  -0.728882E-001
   0.172000E+001       -0.132845E-001  -0.788635E-001
   0.173000E+001       -0.425776E-001  -0.663895E-001
   0.174000E+001       -0.627165E-001  -0.434705E-001
   0.175000E+001       -0.662436E-001  -0.238203E-001
   0.176000E+001       -0.547697E-001  -0.231868E-001
   0.177000E+001       -0.196282E-001  -0.412744E-001
   0.178000E+001        0.292499E-001  -0.490125E-001
   0.179000E+001        0.541125E-001  -0.716334E-001
   0.180000E+001        0.622913E-001  -0.137764E+000
   0.181000E+001        0.585290E-001  -0.139902E+000
   0.182000E+001        0.360748E-001  -0.751791E-001
   0.183000E+001        0.480391E-002  -0.443437E-001
   0.184000E+001       -0.192638E-001  -0.502935E-001
   0.185000E+001       -0.303145E-001  -0.712006E-001
   0.186000E+001       -0.189846E-001  -0.709389E-001
   0.187000E+001        0.156469E-001  -0.438319E-001
   0.188000E+001        0.464288E-001  -0.208569E-001
   0.189000E+001        0.476583E-001  -0.178513E-002
   0.190000E+001        0.846607E-002   0.608181E-002
   0.191000E+001       -0.457132E-001  -0.330148E-001
   0.192000E+001       -0.518045E-001  -0.900895E-001
   0.193000E+001       -0.534641E-002  -0.931074E-001
   0.194000E+001        0.261112E-001  -0.706519E-001
   0.195000E+001        0.740668E-002  -0.741102E-001
   0.196000E+001       -0.211066E-001  -0.802386E-001
   0.197000E+001       -0.297044E-001  -0.871979E-001
   0.198000E+001       -0.257908E-001  -0.101805E+000
   0.199000E+001       -0.237601E-001  -0.898457E-001
   0.200000E+001       -0.115216E-001  -0.643083E-001
Friction component for    2   2
   0.000000E+000        0.127922E+000   0.000000E+000
   0.100000E-001        0.184185E+000   0.000000E+000
   0.200000E-001        0.351698E+000   0.000000E+000
   0.300000E-001        0.585905E+000   0.000000E+000
   0.400000E-001        0.764260E+000   0.000000E+000
   0.500000E-001        0.983749E+000   0.000000E+000
   0.600000E-001        0.131941E+001   0.000000E+000
   0.700000E-001        0.155871E+001   0.000000E+000
   0.800000E-001        0.171201E+001   0.000000E+000
   0.900000E-001        0.220428E+001   0.000000E+000
   0.100000E+000        0.284802E+001   0.000000E+000
   0.110000E+000        0.282146E+001   0.000000E+000
   0.120000E+000        0.236467E+001   0.000000E+000
   0.130000E+000        0.203953E+001   0.000000E+000
   0.140000E+000        0.200980E+001   0.000000E+000
   0.150000E+000        0.214658E+001   0.000000E+000
   0.160000E+000        0.227306E+001   0.000000E+000
   0.170000E+000        0.225693E+001   0.000000E+000
   0.180000E+000        0.224281E+001   0.000000E+000
   0.190000E+000        0.230011E+001   0.000000E+000
   0.200000E+000        0.230906E+001   0.000000E+000
   0.210000E+000        0.215560E+001   0.000000E+000
   0.220000E+000        0.201557E+001   0.000000E+000
   0.230000E+000        0.191645E+001   0.000000E+000
   0.240000E+000        0.187473E+001   0.000000E+000
   0.250000E+000        0.204813E+001   0.000000E+000
   0.260000E+000        0.234308E+001   0.000000E+000
   0.270000E+000        0.269216E+001   0.000000E+000
   0.280000E+000        0.287991E+001   0.000000E+000
   0.290000E+000        0.272242E+001   0.000000E+000
   0.300000E+000        0.234647E+001   0.000000E+000
   0.310000E+000        0.197923E+001   0.000000E+000
   0.320000E+000        0.187618E+001   0.000000E+000
   0.330000E+000        0.197895E+001   0.000000E+000
   0.340000E+000        0.208007E+001   0.000000E+000
   0.350000E+000        0.212747E+001   0.000000E+000
   0.360000E+000        0.246984E+001   0.000000E+000
   0.370000E+000        0.310984E+001   0.000000E+000
   0.380000E+000        0.338180E+001   0.000000E+000
   0.390000E+000        0.297287E+001   0.000000E+000
   0.400000E+000        0.244050E+001   0.000000E+000
   0.410000E+000        0.227228E+001   0.000000E+000
   0.420000E+000        0.252379E+001   0.000000E+000
   0.430000E+000        0.292888E+001   0.000000E+000
   0.440000E+000        0.310299E+001   0.000000E+000
   0.450000E+000        0.294234E+001   0.000000E+000
   0.460000E+000        0.279510E+001   0.000000E+000
   0.470000E+000        0.269910E+001   0.000000E+000
   0.480000E+000        0.274440E+001   0.000000E+000
   0.490000E+000        0.281032E+001   0.000000E+000
   0.500000E+000        0.258149E+001   0.000000E+000
   0.510000E+000        0.237380E+001   0.000000E+000
   0.520000E+000        0.252060E+001   0.000000E+000
   0.530000E+000        0.274329E+001   0.000000E+000
   0.540000E+000        0.271034E+001   0.000000E+000
   0.550000E+000        0.248896E+001   0.000000E+000
   0.560000E+000        0.258200E+001   0.000000E+000
   0.570000E+000        0.278373E+001   0.000000E+000
   0.580000E+000        0.259168E+001   0.000000E+000
   0.590000E+000        0.246503E+001   0.000000E+000
   0.600000E+000        0.253030E+001   0.000000E+000
   0.610000E+000        0.264529E+001   0.000000E+000
   0.620000E+000        0.256647E+001   0.000000E+000
   0.630000E+000        0.232628E+001   0.000000E+000
   0.640000E+000        0.262964E+001   0.000000E+000
   0.650000E+000        0.325658E+001   0.000000E+000
   0.660000E+000        0.331468E+001   0.000000E+000
   0.670000E+000        0.279597E+001   0.000000E+000
   0.680000E+000        0.252377E+001   0.000000E+000
   0.690000E+000        0.244752E+001   0.000000E+000
   0.700000E+000        0.240492E+001   0.000000E+000
   0.710000E+000        0.242032E+001   0.000000E+000
   0.720000E+000        0.236555E+001   0.000000E+000
   0.730000E+000        0.233553E+001   0.000000E+000
   0.740000E+000        0.238544E+001   0.000000E+000
   0.750000E+000        0.247572E+001   0.000000E+000
   0.760000E+000        0.254243E+001   0.000000E+000
   0.770000E+000        0.259097E+001   0.000000E+000
   0.780000E+000        0.257051E+001   0.000000E+000
   0.790000E+000        0.250298E+001   0.000000E+000
   0.800000E+000        0.237550E+001   0.000000E+000
   0.810000E+000        0.226423E+001   0.000000E+000
   0.820000E+000        0.246342E+001   0.000000E+000
   0.830000E+000        0.271253E+001   0.000000E+000
   0.840000E+000        0.265989E+001   0.000000E+000
   0.850000E+000        0.252551E+001   0.000000E+000
   0.860000E+000        0.247713E+001   0.000000E+000
   0.870000E+000        0.232338E+001   0.000000E+000
   0.880000E+000        0.210230E+001   0.000000E+000
   0.890000E+000        0.199794E+001   0.000000E+000
   0.900000E+000        0.193779E+001   0.000000E+000
   0.910000E+000        0.187094E+001   0.000000E+000
   0.920000E+000        0.184008E+001   0.000000E+000
   0.930000E+000        0.182427E+001   0.000000E+000
   0.940000E+000        0.186099E+001   0.000000E+000
   0.950000E+000        0.208562E+001   0.000000E+000
   0.960000E+000        0.230647E+001   0.000000E+000
   0.970000E+000        0.224218E+001   0.000000E+000
   0.980000E+000        0.214106E+001   0.000000E+000
   0.990000E+000        0.219296E+001   0.000000E+000
   0.100000E+001        0.219816E+001   0.000000E+000
   0.101000E+001        0.218517E+001   0.000000E+000
   0.102000E+001        0.222122E+001   0.000000E+000
   0.103000E+001        0.215959E+001   0.000000E+000
   0.104000E+001        0.207629E+001   0.000000E+000
   0.105000E+001        0.215546E+001   0.000000E+000
   0.106000E+001        0.224100E+001   0.000000E+000
   0.107000E+001        0.221301E+001   0.000000E+000
   0.108000E+001        0.217985E+001   0.000000E+000
   0.109000E+001        0.216104E+001   0.000000E+000
   0.110000E+001        0.214215E+001   0.000000E+000
   0.111000E+001        0.205567E+001   0.000000E+000
   0.112000E+001        0.201390E+001   0.000000E+000
   0.113000E+001        0.210902E+001   0.000000E+000
   0.114000E+001        0.219829E+001   0.000000E+000
   0.115000E+001        0.206497E+001   0.000000E+000
   0.116000E+001        0.188631E+001   0.000000E+000
   0.117000E+001        0.188062E+001   0.000000E+000
   0.118000E+001        0.195693E+001   0.000000E+000
   0.119000E+001        0.212182E+001   0.000000E+000
   0.120000E+001        0.229859E+001   0.000000E+000
   0.121000E+001        0.240565E+001   0.000000E+000
   0.122000E+001        0.235601E+001   0.000000E+000
   0.123000E+001        0.222354E+001   0.000000E+000
   0.124000E+001        0.208205E+001   0.000000E+000
   0.125000E+001        0.189094E+001   0.000000E+000
   0.126000E+001        0.189882E+001   0.000000E+000
   0.127000E+001        0.210550E+001   0.000000E+000
   0.128000E+001        0.227127E+001   0.000000E+000
   0.129000E+001        0.235762E+001   0.000000E+000
   0.130000E+001        0.232272E+001   0.000000E+000
   0.131000E+001        0.217779E+001   0.000000E+000
   0.132000E+001        0.203303E+001   0.000000E+000
   0.133000E+001        0.193901E+001   0.000000E+000
   0.134000E+001        0.193938E+001   0.000000E+000
   0.135000E+001        0.196898E+001   0.000000E+000
   0.136000E+001        0.201011E+001   0.000000E+000
   0.137000E+001        0.211359E+001   0.000000E+000
   0.138000E+001        0.214933E+001   0.000000E+000
   0.139000E+001        0.204612E+001   0.000000E+000
   0.140000E+001        0.190610E+001   0.000000E+000
   0.141000E+001        0.184806E+001   0.000000E+000
   0.142000E+001        0.189383E+001   0.000000E+000
   0.143000E+001        0.195524E+001   0.000000E+000
   0.144000E+001        0.191533E+001   0.000000E+000
   0.145000E+001        0.189018E+001   0.000000E+000
   0.146000E+001        0.195740E+001   0.000000E+000
   0.147000E+001        0.198968E+001   0.000000E+000
   0.148000E+001        0.196056E+001   0.000000E+000
   0.149000E+001        0.204701E+001   0.000000E+000
   0.150000E+001        0.222792E+001   0.000000E+000
   0.151000E+001        0.238910E+001   0.000000E+000
   0.152000E+001        0.240771E+001   0.000000E+000
   0.153000E+001        0.216636E+001   0.000000E+000
   0.154000E+001        0.196661E+001   0.000000E+000
   0.155000E+001        0.202786E+001   0.000000E+000
   0.156000E+001        0.203613E+001   0.000000E+000
   0.157000E+001        0.195001E+001   0.000000E+000
   0.158000E+001        0.204944E+001   0.000000E+000
   0.159000E+001        0.226847E+001   0.000000E+000
   0.160000E+001        0.231122E+001   0.000000E+000
   0.161000E+001        0.221047E+001   0.000000E+000
   0.162000E+001        0.219749E+001   0.000000E+000
   0.163000E+001        0.220271E+001   0.000000E+000
   0.164000E+001        0.224118E+001   0.000000E+000
   0.165000E+001        0.235755E+001   0.000000E+000
   0.166000E+001        0.243139E+001   0.000000E+000
   0.167000E+001        0.246263E+001   0.000000E+000
   0.168000E+001        0.237067E+001   0.000000E+000
   0.169000E+001        0.222301E+001   0.000000E+000
   0.170000E+001        0.216664E+001   0.000000E+000
   0.171000E+001        0.221971E+001   0.000000E+000
   0.172000E+001        0.224794E+001   0.000000E+000
   0.173000E+001        0.220186E+001   0.000000E+000
   0.174000E+001        0.213284E+001   0.000000E+000
   0.175000E+001        0.214906E+001   0.000000E+000
   0.176000E+001        0.231301E+001   0.000000E+000
   0.177000E+001        0.240632E+001   0.000000E+000
   0.178000E+001        0.240894E+001   0.000000E+000
   0.179000E+001        0.247619E+001   0.000000E+000
   0.180000E+001        0.252638E+001   0.000000E+000
   0.181000E+001        0.256514E+001   0.000000E+000
   0.182000E+001        0.253999E+001   0.000000E+000
   0.183000E+001        0.241184E+001   0.000000E+000
   0.184000E+001        0.236215E+001   0.000000E+000
   0.185000E+001        0.242691E+001   0.000000E+000
   0.186000E+001        0.251645E+001   0.000000E+000
   0.187000E+001        0.263531E+001   0.000000E+000
   0.188000E+001        0.271690E+001   0.000000E+000
   0.189000E+001        0.262145E+001   0.000000E+000
   0.190000E+001        0.242997E+001   0.000000E+000
   0.191000E+001        0.236572E+001   0.000000E+000
   0.192000E+001        0.251964E+001   0.000000E+000
   0.193000E+001        0.258990E+001   0.000000E+000
   0.194000E+001        0.248952E+001   0.000000E+000
   0.195000E+001        0.241411E+001   0.000000E+000
   0.196000E+001        0.245989E+001   0.000000E+000
   0.197000E+001        0.259936E+001   0.000000E+000
   0.198000E+001        0.269135E+001   0.000000E+000
   0.199000E+001        0.264247E+001   0.000000E+000
   0.200000E+001        0.252785E+001   0.000000E+000
Friction component for    2   3
   0.000000E+000        0.193208E-003   0.000000E+000
   0.100000E-001       -0.213270E-002   0.221827E-002
   0.200000E-001       -0.131991E-001  -0.379356E-002
   0.300000E-001       -0.197001E-001  -0.647514E-002
   0.400000E-001       -0.426989E-002   0.435107E-001
   0.500000E-001        0.555269E-002   0.108119E+000
   0.600000E-001       -0.560536E-002   0.119376E+000
   0.700000E-001       -0.239075E-001   0.137040E+000
   0.800000E-001       -0.241816E-001   0.203845E+000
   0.900000E-001       -0.146252E-001   0.415522E+000
   0.100000E+000       -0.103583E-001   0.683395E+000
   0.110000E+000       -0.233622E-002   0.680158E+000
   0.120000E+000       -0.118647E-002   0.516667E+000
   0.130000E+000       -0.144365E-001   0.354643E+000
   0.140000E+000       -0.333825E-001   0.193487E+000
   0.150000E+000       -0.231777E-001   0.604247E-001
   0.160000E+000       -0.205139E-001  -0.560523E-001
   0.170000E+000       -0.406355E-001  -0.735814E-001
   0.180000E+000       -0.516910E-001   0.464708E-001
   0.190000E+000       -0.663267E-001   0.136940E+000
   0.200000E+000       -0.528403E-001   0.199256E+000
   0.210000E+000       -0.522154E-003   0.210806E+000
   0.220000E+000        0.156881E-001   0.740323E-001
   0.230000E+000       -0.147494E-001  -0.471644E-001
   0.240000E+000       -0.164535E-001  -0.693050E-002
   0.250000E+000        0.122394E-001   0.100705E+000
   0.260000E+000        0.913354E-002   0.221691E+000
   0.270000E+000        0.122100E-001   0.192578E+000
   0.280000E+000        0.403136E-001  -0.432505E-001
   0.290000E+000        0.348846E-001  -0.919301E-001
   0.300000E+000        0.214711E-001   0.425543E-001
   0.310000E+000        0.161769E-001   0.123742E+000
   0.320000E+000        0.207947E-002   0.115569E+000
   0.330000E+000       -0.562557E-002   0.149661E-001
   0.340000E+000       -0.123681E-001  -0.308956E-001
   0.350000E+000       -0.492459E-001   0.124483E+000
   0.360000E+000       -0.417919E-001   0.403725E+000
   0.370000E+000        0.169622E-001   0.483417E+000
   0.380000E+000        0.463496E-001   0.559630E+000
   0.390000E+000        0.169448E-001   0.544002E+000
   0.400000E+000       -0.202214E-001   0.226034E+000
   0.410000E+000       -0.248497E-001   0.136782E-001
   0.420000E+000       -0.572968E-002  -0.633334E-001
   0.430000E+000        0.800081E-002  -0.129872E-002
   0.440000E+000        0.412189E-002   0.863046E-001
   0.450000E+000       -0.455891E-002  -0.133332E+000
   0.460000E+000       -0.181768E-001  -0.248162E+000
   0.470000E+000       -0.660605E-002  -0.120762E+000
   0.480000E+000        0.426724E-001  -0.634615E-001
   0.490000E+000        0.596945E-001  -0.375987E-001
   0.500000E+000        0.345545E-001  -0.205157E-001
   0.510000E+000        0.655802E-002   0.642279E-001
   0.520000E+000       -0.311449E-001   0.285531E+000
   0.530000E+000       -0.536834E-001   0.402995E+000
   0.540000E+000       -0.589387E-001   0.384523E+000
   0.550000E+000       -0.611448E-001   0.317772E+000
   0.560000E+000       -0.623838E-001   0.260885E+000
   0.570000E+000       -0.144106E-001   0.175995E+000
   0.580000E+000        0.638650E-001   0.961140E-002
   0.590000E+000        0.891208E-001  -0.888229E-001
   0.600000E+000        0.487068E-001  -0.508805E-001
   0.610000E+000       -0.121779E-001   0.121482E+000
   0.620000E+000       -0.365273E-001   0.174510E+000
   0.630000E+000       -0.289186E-001  -0.264573E-001
   0.640000E+000       -0.353446E-001  -0.126863E+000
   0.650000E+000       -0.172460E-001   0.444033E-001
   0.660000E+000        0.294731E-001   0.154392E+000
   0.670000E+000        0.420887E-001   0.133812E+000
   0.680000E+000        0.324971E-001   0.112740E+000
   0.690000E+000        0.207148E-002   0.669321E-001
   0.700000E+000       -0.249663E-001   0.577600E-001
   0.710000E+000       -0.236402E-001   0.105742E+000
   0.720000E+000        0.585812E-002   0.111565E+000
   0.730000E+000        0.442866E-001   0.118427E+000
   0.740000E+000        0.332983E-001   0.136932E+000
   0.750000E+000        0.187083E-002   0.300958E-001
   0.760000E+000       -0.842116E-002  -0.111615E+000
   0.770000E+000       -0.271825E-002  -0.104269E+000
   0.780000E+000       -0.116042E-002  -0.111610E-001
   0.790000E+000       -0.126013E-001   0.167314E-001
   0.800000E+000       -0.260563E-001  -0.499995E-001
   0.810000E+000       -0.486319E-001  -0.137321E+000
   0.820000E+000       -0.537432E-001  -0.168881E+000
   0.830000E+000       -0.248045E-001  -0.219125E-001
   0.840000E+000        0.681612E-002   0.220360E+000
   0.850000E+000        0.101788E-001   0.222385E+000
   0.860000E+000        0.113108E-001   0.542637E-001
   0.870000E+000        0.304451E-001   0.988691E-002
   0.880000E+000        0.436522E-001  -0.237614E-001
   0.890000E+000        0.362697E-001  -0.173873E-001
   0.900000E+000        0.173198E-001   0.191124E-001
   0.910000E+000        0.230217E-002   0.353648E-001
   0.920000E+000       -0.127173E-001   0.552994E-001
   0.930000E+000       -0.128581E-001   0.526922E-001
   0.940000E+000       -0.116580E-001  -0.464004E-002
   0.950000E+000       -0.106679E-001  -0.535334E-001
   0.960000E+000       -0.595196E-002  -0.107682E-001
   0.970000E+000       -0.190731E-002  -0.121084E-001
   0.980000E+000        0.687904E-002  -0.767327E-001
   0.990000E+000        0.352562E-002  -0.118370E+000
   0.100000E+001       -0.132746E-001  -0.112546E+000
   0.101000E+001       -0.194059E-001  -0.966758E-001
   0.102000E+001       -0.180860E-001  -0.626688E-001
   0.103000E+001       -0.166310E-001  -0.304495E-002
   0.104000E+001       -0.353438E-003   0.285178E-001
   0.105000E+001        0.236712E-001   0.389600E-001
   0.106000E+001        0.162705E-001   0.568828E-001
   0.107000E+001       -0.315254E-001   0.954110E-001
   0.108000E+001       -0.509591E-001   0.108361E+000
   0.109000E+001       -0.138809E-001   0.776275E-001
   0.110000E+001        0.176216E-001   0.671537E-001
   0.111000E+001        0.299884E-001   0.759287E-001
   0.112000E+001        0.318741E-001   0.527008E-001
   0.113000E+001        0.255984E-001   0.754553E-002
   0.114000E+001        0.251599E-001  -0.199919E-001
   0.115000E+001        0.113197E-001  -0.363425E-001
   0.116000E+001       -0.194125E-001  -0.493657E-001
   0.117000E+001       -0.318195E-001  -0.257229E-001
   0.118000E+001       -0.493501E-002   0.987240E-002
   0.119000E+001        0.799064E-003  -0.270921E-001
   0.120000E+001       -0.192708E-001  -0.479701E-001
   0.121000E+001       -0.143692E-001   0.589763E-001
   0.122000E+001       -0.812715E-002   0.112246E+000
   0.123000E+001       -0.136877E-001   0.812904E-002
   0.124000E+001       -0.102238E-001  -0.726743E-001
   0.125000E+001       -0.276534E-002  -0.172452E-001
   0.126000E+001        0.870551E-002   0.849555E-001
   0.127000E+001        0.912215E-002   0.814107E-001
   0.128000E+001        0.115867E-001   0.165846E-001
   0.129000E+001        0.206417E-001   0.164695E-001
   0.130000E+001        0.215280E-001  -0.343760E-002
   0.131000E+001        0.142673E-001  -0.487459E-001
   0.132000E+001        0.694519E-002   0.177754E-001
   0.133000E+001        0.444861E-002   0.861011E-001
   0.134000E+001       -0.590829E-002   0.630021E-001
   0.135000E+001       -0.917376E-002   0.149044E-001
   0.136000E+001        0.134521E-001  -0.959261E-002
   0.137000E+001        0.221192E-001   0.309225E-001
   0.138000E+001        0.114817E-001   0.715121E-001
   0.139000E+001        0.814521E-003   0.645787E-001
   0.140000E+001       -0.814683E-002   0.602130E-001
   0.141000E+001       -0.146315E-001   0.651258E-001
   0.142000E+001       -0.220500E-001   0.724779E-001
   0.143000E+001       -0.145295E-001   0.676558E-001
   0.144000E+001       -0.109417E-002   0.570816E-001
   0.145000E+001       -0.488393E-003   0.629968E-001
   0.146000E+001       -0.803036E-002   0.822373E-001
   0.147000E+001       -0.752352E-004   0.806426E-001
   0.148000E+001        0.143307E-001   0.646382E-001
   0.149000E+001        0.845870E-002   0.520759E-001
   0.150000E+001       -0.149766E-001   0.205924E-001
   0.151000E+001       -0.355764E-001  -0.973508E-003
   0.152000E+001       -0.236440E-001   0.469671E-001
   0.153000E+001       -0.593655E-002   0.943190E-001
   0.154000E+001       -0.114332E-001   0.439719E-001
   0.155000E+001       -0.250188E-001  -0.470538E-001
   0.156000E+001       -0.217169E-001  -0.824415E-001
   0.157000E+001        0.511074E-002  -0.501804E-001
   0.158000E+001        0.310693E-001  -0.977488E-002
   0.159000E+001        0.341781E-001  -0.308538E-001
   0.160000E+001        0.232620E-001  -0.349807E-001
   0.161000E+001        0.289589E-001   0.178134E-001
   0.162000E+001        0.317610E-001   0.298622E-001
   0.163000E+001        0.126540E-001   0.561032E-001
   0.164000E+001        0.138826E-001   0.635394E-001
   0.165000E+001        0.237251E-001   0.320157E-001
   0.166000E+001        0.234521E-002   0.685616E-001
   0.167000E+001       -0.194151E-001   0.124088E+000
   0.168000E+001       -0.137095E-001   0.115106E+000
   0.169000E+001        0.677265E-004   0.635275E-001
   0.170000E+001       -0.698710E-003   0.346507E-001
   0.171000E+001       -0.912675E-003   0.343975E-002
   0.172000E+001       -0.733339E-002  -0.185406E-001
   0.173000E+001       -0.249290E-001  -0.261051E-001
   0.174000E+001       -0.369831E-001  -0.487524E-001
   0.175000E+001       -0.391083E-001  -0.850549E-001
   0.176000E+001       -0.323010E-001  -0.108885E+000
   0.177000E+001       -0.113472E-001  -0.615578E-001
   0.178000E+001        0.172961E-001  -0.202921E-001
   0.179000E+001        0.314994E-001  -0.960562E-002
   0.180000E+001        0.358503E-001  -0.130100E-002
   0.181000E+001        0.336672E-001  -0.191149E-001
   0.182000E+001        0.207768E-001  -0.306860E-001
   0.183000E+001        0.262433E-002  -0.417630E-001
   0.184000E+001       -0.109377E-001  -0.557564E-001
   0.185000E+001       -0.172646E-001  -0.274251E-001
   0.186000E+001       -0.106538E-001  -0.937021E-002
   0.187000E+001        0.920692E-002  -0.216223E-001
   0.188000E+001        0.262088E-001  -0.192593E-002
   0.189000E+001        0.265980E-001   0.259023E-002
   0.190000E+001        0.421704E-002  -0.275068E-001
   0.191000E+001       -0.266890E-001  -0.402811E-001
   0.192000E+001       -0.301117E-001  -0.353483E-001
   0.193000E+001       -0.335417E-002  -0.140926E-001
   0.194000E+001        0.148200E-001  -0.883543E-002
   0.195000E+001        0.402305E-002  -0.531965E-001
   0.196000E+001       -0.123475E-001  -0.696235E-001
   0.197000E+001       -0.176709E-001  -0.189447E-001
   0.198000E+001       -0.156324E-001   0.204712E-001
   0.199000E+001       -0.143417E-001   0.487869E-001
   0.200000E+001       -0.746619E-002   0.491380E-001
Friction component for    3   3
   0.000000E+000        0.685627E-001   0.000000E+000
   0.100000E-001        0.157799E+000   0.000000E+000
   0.200000E-001        0.379349E+000   0.000000E+000
   0.300000E-001        0.524800E+000   0.000000E+000
   0.400000E-001        0.561002E+000   0.000000E+000
   0.500000E-001        0.672727E+000   0.000000E+000
   0.600000E-001        0.969963E+000   0.000000E+000
   0.700000E-001        0.147186E+001   0.000000E+000
   0.800000E-001        0.171361E+001   0.000000E+000
   0.900000E-001        0.169766E+001   0.000000E+000
   0.100000E+000        0.188746E+001   0.000000E+000
   0.110000E+000        0.186382E+001   0.000000E+000
   0.120000E+000        0.157224E+001   0.000000E+000
   0.130000E+000        0.138982E+001   0.000000E+000
   0.140000E+000        0.143614E+001   0.000000E+000
   0.150000E+000        0.160818E+001   0.000000E+000
   0.160000E+000        0.173955E+001   0.000000E+000
   0.170000E+000        0.166577E+001   0.000000E+000
   0.180000E+000        0.165600E+001   0.000000E+000
   0.190000E+000        0.186701E+001   0.000000E+000
   0.200000E+000        0.200605E+001   0.000000E+000
   0.210000E+000        0.200410E+001   0.000000E+000
   0.220000E+000        0.215015E+001   0.000000E+000
   0.230000E+000        0.267316E+001   0.000000E+000
   0.240000E+000        0.288071E+001   0.000000E+000
   0.250000E+000        0.264743E+001   0.000000E+000
   0.260000E+000        0.248634E+001   0.000000E+000
   0.270000E+000        0.260349E+001   0.000000E+000
   0.280000E+000        0.263723E+001   0.000000E+000
   0.290000E+000        0.220026E+001   0.000000E+000
   0.300000E+000        0.180375E+001   0.000000E+000
   0.310000E+000        0.186091E+001   0.000000E+000
   0.320000E+000        0.199675E+001   0.000000E+000
   0.330000E+000        0.173134E+001   0.000000E+000
   0.340000E+000        0.135189E+001   0.000000E+000
   0.350000E+000        0.144778E+001   0.000000E+000
   0.360000E+000        0.225963E+001   0.000000E+000
   0.370000E+000        0.336736E+001   0.000000E+000
   0.380000E+000        0.394590E+001   0.000000E+000
   0.390000E+000        0.344336E+001   0.000000E+000
   0.400000E+000        0.235066E+001   0.000000E+000
   0.410000E+000        0.160284E+001   0.000000E+000
   0.420000E+000        0.166017E+001   0.000000E+000
   0.430000E+000        0.204293E+001   0.000000E+000
   0.440000E+000        0.219018E+001   0.000000E+000
   0.450000E+000        0.221218E+001   0.000000E+000
   0.460000E+000        0.209130E+001   0.000000E+000
   0.470000E+000        0.212202E+001   0.000000E+000
   0.480000E+000        0.267590E+001   0.000000E+000
   0.490000E+000        0.301792E+001   0.000000E+000
   0.500000E+000        0.255658E+001   0.000000E+000
   0.510000E+000        0.252499E+001   0.000000E+000
   0.520000E+000        0.310719E+001   0.000000E+000
   0.530000E+000        0.295671E+001   0.000000E+000
   0.540000E+000        0.234645E+001   0.000000E+000
   0.550000E+000        0.208383E+001   0.000000E+000
   0.560000E+000        0.218954E+001   0.000000E+000
   0.570000E+000        0.255975E+001   0.000000E+000
   0.580000E+000        0.253428E+001   0.000000E+000
   0.590000E+000        0.201479E+001   0.000000E+000
   0.600000E+000        0.184697E+001   0.000000E+000
   0.610000E+000        0.209389E+001   0.000000E+000
   0.620000E+000        0.215414E+001   0.000000E+000
   0.630000E+000        0.207373E+001   0.000000E+000
   0.640000E+000        0.236504E+001   0.000000E+000
   0.650000E+000        0.276316E+001   0.000000E+000
   0.660000E+000        0.266841E+001   0.000000E+000
   0.670000E+000        0.224155E+001   0.000000E+000
   0.680000E+000        0.215281E+001   0.000000E+000
   0.690000E+000        0.215811E+001   0.000000E+000
   0.700000E+000        0.189047E+001   0.000000E+000
   0.710000E+000        0.163683E+001   0.000000E+000
   0.720000E+000        0.161764E+001   0.000000E+000
   0.730000E+000        0.178726E+001   0.000000E+000
   0.740000E+000        0.193045E+001   0.000000E+000
   0.750000E+000        0.195966E+001   0.000000E+000
   0.760000E+000        0.203206E+001   0.000000E+000
   0.770000E+000        0.209245E+001   0.000000E+000
   0.780000E+000        0.188201E+001   0.000000E+000
   0.790000E+000        0.158596E+001   0.000000E+000
   0.800000E+000        0.149251E+001   0.000000E+000
   0.810000E+000        0.157133E+001   0.000000E+000
   0.820000E+000        0.185469E+001   0.000000E+000
   0.830000E+000        0.223882E+001   0.000000E+000
   0.840000E+000        0.243216E+001   0.000000E+000
   0.850000E+000        0.225314E+001   0.000000E+000
   0.860000E+000        0.190116E+001   0.000000E+000
   0.870000E+000        0.172432E+001   0.000000E+000
   0.880000E+000        0.176363E+001   0.000000E+000
   0.890000E+000        0.175821E+001   0.000000E+000
   0.900000E+000        0.157779E+001   0.000000E+000
   0.910000E+000        0.148068E+001   0.000000E+000
   0.920000E+000        0.154809E+001   0.000000E+000
   0.930000E+000        0.171174E+001   0.000000E+000
   0.940000E+000        0.172993E+001   0.000000E+000
   0.950000E+000        0.164681E+001   0.000000E+000
   0.960000E+000        0.166143E+001   0.000000E+000
   0.970000E+000        0.167706E+001   0.000000E+000
   0.980000E+000        0.163248E+001   0.000000E+000
   0.990000E+000        0.170160E+001   0.000000E+000
   0.100000E+001        0.180104E+001   0.000000E+000
   0.101000E+001        0.182624E+001   0.000000E+000
   0.102000E+001        0.182874E+001   0.000000E+000
   0.103000E+001        0.172604E+001   0.000000E+000
   0.104000E+001        0.167454E+001   0.000000E+000
   0.105000E+001        0.182954E+001   0.000000E+000
   0.106000E+001        0.193581E+001   0.000000E+000
   0.107000E+001        0.208223E+001   0.000000E+000
   0.108000E+001        0.236920E+001   0.000000E+000
   0.109000E+001        0.231247E+001   0.000000E+000
   0.110000E+001        0.209946E+001   0.000000E+000
   0.111000E+001        0.210891E+001   0.000000E+000
   0.112000E+001        0.209044E+001   0.000000E+000
   0.113000E+001        0.198324E+001   0.000000E+000
   0.114000E+001        0.186174E+001   0.000000E+000
   0.115000E+001        0.162595E+001   0.000000E+000
   0.116000E+001        0.150510E+001   0.000000E+000
   0.117000E+001        0.166790E+001   0.000000E+000
   0.118000E+001        0.185390E+001   0.000000E+000
   0.119000E+001        0.195003E+001   0.000000E+000
   0.120000E+001        0.221286E+001   0.000000E+000
   0.121000E+001        0.253709E+001   0.000000E+000
   0.122000E+001        0.246255E+001   0.000000E+000
   0.123000E+001        0.218199E+001   0.000000E+000
   0.124000E+001        0.192317E+001   0.000000E+000
   0.125000E+001        0.182288E+001   0.000000E+000
   0.126000E+001        0.188276E+001   0.000000E+000
   0.127000E+001        0.181667E+001   0.000000E+000
   0.128000E+001        0.181343E+001   0.000000E+000
   0.129000E+001        0.185547E+001   0.000000E+000
   0.130000E+001        0.169471E+001   0.000000E+000
   0.131000E+001        0.145200E+001   0.000000E+000
   0.132000E+001        0.139340E+001   0.000000E+000
   0.133000E+001        0.143631E+001   0.000000E+000
   0.134000E+001        0.143602E+001   0.000000E+000
   0.135000E+001        0.151280E+001   0.000000E+000
   0.136000E+001        0.174473E+001   0.000000E+000
   0.137000E+001        0.191234E+001   0.000000E+000
   0.138000E+001        0.173328E+001   0.000000E+000
   0.139000E+001        0.145820E+001   0.000000E+000
   0.140000E+001        0.131812E+001   0.000000E+000
   0.141000E+001        0.134113E+001   0.000000E+000
   0.142000E+001        0.147620E+001   0.000000E+000
   0.143000E+001        0.162127E+001   0.000000E+000
   0.144000E+001        0.170366E+001   0.000000E+000
   0.145000E+001        0.171600E+001   0.000000E+000
   0.146000E+001        0.154752E+001   0.000000E+000
   0.147000E+001        0.140137E+001   0.000000E+000
   0.148000E+001        0.148713E+001   0.000000E+000
   0.149000E+001        0.169026E+001   0.000000E+000
   0.150000E+001        0.177578E+001   0.000000E+000
   0.151000E+001        0.173044E+001   0.000000E+000
   0.152000E+001        0.166776E+001   0.000000E+000
   0.153000E+001        0.154706E+001   0.000000E+000
   0.154000E+001        0.151896E+001   0.000000E+000
   0.155000E+001        0.164411E+001   0.000000E+000
   0.156000E+001        0.161680E+001   0.000000E+000
   0.157000E+001        0.153951E+001   0.000000E+000
   0.158000E+001        0.164756E+001   0.000000E+000
   0.159000E+001        0.176633E+001   0.000000E+000
   0.160000E+001        0.168552E+001   0.000000E+000
   0.161000E+001        0.152509E+001   0.000000E+000
   0.162000E+001        0.156946E+001   0.000000E+000
   0.163000E+001        0.168905E+001   0.000000E+000
   0.164000E+001        0.171886E+001   0.000000E+000
   0.165000E+001        0.167333E+001   0.000000E+000
   0.166000E+001        0.155623E+001   0.000000E+000
   0.167000E+001        0.147338E+001   0.000000E+000
   0.168000E+001        0.145709E+001   0.000000E+000
   0.169000E+001        0.155391E+001   0.000000E+000
   0.170000E+001        0.163843E+001   0.000000E+000
   0.171000E+001        0.152723E+001   0.000000E+000
   0.172000E+001        0.137434E+001   0.000000E+000
   0.173000E+001        0.140422E+001   0.000000E+000
   0.174000E+001        0.151099E+001   0.000000E+000
   0.175000E+001        0.159925E+001   0.000000E+000
   0.176000E+001        0.176096E+001   0.000000E+000
   0.177000E+001        0.172636E+001   0.000000E+000
   0.178000E+001        0.151635E+001   0.000000E+000
   0.179000E+001        0.144345E+001   0.000000E+000
   0.180000E+001        0.143634E+001   0.000000E+000
   0.181000E+001        0.145019E+001   0.000000E+000
   0.182000E+001        0.147558E+001   0.000000E+000
   0.183000E+001        0.144988E+001   0.000000E+000
   0.184000E+001        0.143988E+001   0.000000E+000
   0.185000E+001        0.149644E+001   0.000000E+000
   0.186000E+001        0.151222E+001   0.000000E+000
   0.187000E+001        0.149195E+001   0.000000E+000
   0.188000E+001        0.153985E+001   0.000000E+000
   0.189000E+001        0.156117E+001   0.000000E+000
   0.190000E+001        0.148981E+001   0.000000E+000
   0.191000E+001        0.148546E+001   0.000000E+000
   0.192000E+001        0.161341E+001   0.000000E+000
   0.193000E+001        0.169269E+001   0.000000E+000
   0.194000E+001        0.167947E+001   0.000000E+000
   0.195000E+001        0.172900E+001   0.000000E+000
   0.196000E+001        0.180259E+001   0.000000E+000
   0.197000E+001        0.176332E+001   0.000000E+000
   0.198000E+001        0.168834E+001   0.000000E+000
   0.199000E+001        0.166537E+001   0.000000E+000
   0.200000E+001        0.163615E+001   0.000000E+000
