No of components        3
Discretization length in eV   0.0100
Number of Bins      201
Excitation energy in eV   Re(Coupling element)   Im(Coupling element) in 1/ps
============================================================================
Friction component for    1   1
   0.000000E+000        0.179438E+000   0.000000E+000
   0.100000E-001        0.250140E+000   0.000000E+000
   0.200000E-001        0.479812E+000   0.000000E+000
   0.300000E-001        0.760808E+000   0.000000E+000
   0.400000E-001        0.920676E+000   0.000000E+000
   0.500000E-001        0.102463E+001   0.000000E+000
   0.600000E-001        0.112572E+001   0.000000E+000
   0.700000E-001        0.135209E+001   0.000000E+000
   0.800000E-001        0.164914E+001   0.000000E+000
   0.900000E-001        0.207348E+001   0.000000E+000
   0.100000E+000        0.250945E+001   0.000000E+000
   0.110000E+000        0.252789E+001   0.000000E+000
   0.120000E+000        0.228402E+001   0.000000E+000
   0.130000E+000        0.226280E+001   0.000000E+000
   0.140000E+000        0.244768E+001   0.000000E+000
   0.150000E+000        0.246949E+001   0.000000E+000
   0.160000E+000        0.238489E+001   0.000000E+000
   0.170000E+000        0.224307E+001   0.000000E+000
   0.180000E+000        0.197921E+001   0.000000E+000
   0.190000E+000        0.187019E+001   0.000000E+000
   0.200000E+000        0.220582E+001   0.000000E+000
   0.210000E+000        0.231818E+001   0.000000E+000
   0.220000E+000        0.190934E+001   0.000000E+000
   0.230000E+000        0.170611E+001   0.000000E+000
   0.240000E+000        0.182385E+001   0.000000E+000
   0.250000E+000        0.196855E+001   0.000000E+000
   0.260000E+000        0.217932E+001   0.000000E+000
   0.270000E+000        0.226849E+001   0.000000E+000
   0.280000E+000        0.223903E+001   0.000000E+000
   0.290000E+000        0.226098E+001   0.000000E+000
   0.300000E+000        0.232542E+001   0.000000E+000
   0.310000E+000        0.224860E+001   0.000000E+000
   0.320000E+000        0.197478E+001   0.000000E+000
   0.330000E+000        0.179780E+001   0.000000E+000
   0.340000E+000        0.178917E+001   0.000000E+000
   0.350000E+000        0.206209E+001   0.000000E+000
   0.360000E+000        0.252929E+001   0.000000E+000
   0.370000E+000        0.308435E+001   0.000000E+000
   0.380000E+000        0.322446E+001   0.000000E+000
   0.390000E+000        0.273032E+001   0.000000E+000
   0.400000E+000        0.252943E+001   0.000000E+000
   0.410000E+000        0.259566E+001   0.000000E+000
   0.420000E+000        0.246581E+001   0.000000E+000
   0.430000E+000        0.259551E+001   0.000000E+000
   0.440000E+000        0.298234E+001   0.000000E+000
   0.450000E+000        0.304626E+001   0.000000E+000
   0.460000E+000        0.288716E+001   0.000000E+000
   0.470000E+000        0.276042E+001   0.000000E+000
   0.480000E+000        0.258434E+001   0.000000E+000
   0.490000E+000        0.252250E+001   0.000000E+000
   0.500000E+000        0.251496E+001   0.000000E+000
   0.510000E+000        0.229128E+001   0.000000E+000
   0.520000E+000        0.218205E+001   0.000000E+000
   0.530000E+000        0.233758E+001   0.000000E+000
   0.540000E+000        0.233419E+001   0.000000E+000
   0.550000E+000        0.244846E+001   0.000000E+000
   0.560000E+000        0.318556E+001   0.000000E+000
   0.570000E+000        0.356017E+001   0.000000E+000
   0.580000E+000        0.291150E+001   0.000000E+000
   0.590000E+000        0.235023E+001   0.000000E+000
   0.600000E+000        0.210082E+001   0.000000E+000
   0.610000E+000        0.218607E+001   0.000000E+000
   0.620000E+000        0.249248E+001   0.000000E+000
   0.630000E+000        0.283565E+001   0.000000E+000
   0.640000E+000        0.312574E+001   0.000000E+000
   0.650000E+000        0.304611E+001   0.000000E+000
   0.660000E+000        0.292400E+001   0.000000E+000
   0.670000E+000        0.300778E+001   0.000000E+000
   0.680000E+000        0.287373E+001   0.000000E+000
   0.690000E+000        0.262368E+001   0.000000E+000
   0.700000E+000        0.250447E+001   0.000000E+000
   0.710000E+000        0.246592E+001   0.000000E+000
   0.720000E+000        0.234727E+001   0.000000E+000
   0.730000E+000        0.232149E+001   0.000000E+000
   0.740000E+000        0.239652E+001   0.000000E+000
   0.750000E+000        0.234620E+001   0.000000E+000
   0.760000E+000        0.235788E+001   0.000000E+000
   0.770000E+000        0.258866E+001   0.000000E+000
   0.780000E+000        0.281356E+001   0.000000E+000
   0.790000E+000        0.271292E+001   0.000000E+000
   0.800000E+000        0.245612E+001   0.000000E+000
   0.810000E+000        0.245371E+001   0.000000E+000
   0.820000E+000        0.258939E+001   0.000000E+000
   0.830000E+000        0.269124E+001   0.000000E+000
   0.840000E+000        0.286498E+001   0.000000E+000
   0.850000E+000        0.277186E+001   0.000000E+000
   0.860000E+000        0.237705E+001   0.000000E+000
   0.870000E+000        0.217365E+001   0.000000E+000
   0.880000E+000        0.217194E+001   0.000000E+000
   0.890000E+000        0.207513E+001   0.000000E+000
   0.900000E+000        0.198140E+001   0.000000E+000
   0.910000E+000        0.189660E+001   0.000000E+000
   0.920000E+000        0.178799E+001   0.000000E+000
   0.930000E+000        0.185170E+001   0.000000E+000
   0.940000E+000        0.199183E+001   0.000000E+000
   0.950000E+000        0.205110E+001   0.000000E+000
   0.960000E+000        0.206633E+001   0.000000E+000
   0.970000E+000        0.218186E+001   0.000000E+000
   0.980000E+000        0.232464E+001   0.000000E+000
   0.990000E+000        0.231505E+001   0.000000E+000
   0.100000E+001        0.223896E+001   0.000000E+000
   0.101000E+001        0.215264E+001   0.000000E+000
   0.102000E+001        0.218866E+001   0.000000E+000
   0.103000E+001        0.223652E+001   0.000000E+000
   0.104000E+001        0.217636E+001   0.000000E+000
   0.105000E+001        0.227503E+001   0.000000E+000
   0.106000E+001        0.239733E+001   0.000000E+000
   0.107000E+001        0.229080E+001   0.000000E+000
   0.108000E+001        0.215823E+001   0.000000E+000
   0.109000E+001        0.217920E+001   0.000000E+000
   0.110000E+001        0.215248E+001   0.000000E+000
   0.111000E+001        0.207281E+001   0.000000E+000
   0.112000E+001        0.201519E+001   0.000000E+000
   0.113000E+001        0.202405E+001   0.000000E+000
   0.114000E+001        0.207684E+001   0.000000E+000
   0.115000E+001        0.213259E+001   0.000000E+000
   0.116000E+001        0.213769E+001   0.000000E+000
   0.117000E+001        0.215203E+001   0.000000E+000
   0.118000E+001        0.220699E+001   0.000000E+000
   0.119000E+001        0.231151E+001   0.000000E+000
   0.120000E+001        0.239573E+001   0.000000E+000
   0.121000E+001        0.230107E+001   0.000000E+000
   0.122000E+001        0.210001E+001   0.000000E+000
   0.123000E+001        0.201262E+001   0.000000E+000
   0.124000E+001        0.206634E+001   0.000000E+000
   0.125000E+001        0.206385E+001   0.000000E+000
   0.126000E+001        0.215123E+001   0.000000E+000
   0.127000E+001        0.231568E+001   0.000000E+000
   0.128000E+001        0.235695E+001   0.000000E+000
   0.129000E+001        0.241258E+001   0.000000E+000
   0.130000E+001        0.247233E+001   0.000000E+000
   0.131000E+001        0.234734E+001   0.000000E+000
   0.132000E+001        0.206035E+001   0.000000E+000
   0.133000E+001        0.189174E+001   0.000000E+000
   0.134000E+001        0.200712E+001   0.000000E+000
   0.135000E+001        0.210519E+001   0.000000E+000
   0.136000E+001        0.204252E+001   0.000000E+000
   0.137000E+001        0.204707E+001   0.000000E+000
   0.138000E+001        0.213408E+001   0.000000E+000
   0.139000E+001        0.216063E+001   0.000000E+000
   0.140000E+001        0.208675E+001   0.000000E+000
   0.141000E+001        0.203815E+001   0.000000E+000
   0.142000E+001        0.204410E+001   0.000000E+000
   0.143000E+001        0.199154E+001   0.000000E+000
   0.144000E+001        0.193497E+001   0.000000E+000
   0.145000E+001        0.195302E+001   0.000000E+000
   0.146000E+001        0.199699E+001   0.000000E+000
   0.147000E+001        0.205360E+001   0.000000E+000
   0.148000E+001        0.215037E+001   0.000000E+000
   0.149000E+001        0.217867E+001   0.000000E+000
   0.150000E+001        0.219511E+001   0.000000E+000
   0.151000E+001        0.233318E+001   0.000000E+000
   0.152000E+001        0.240717E+001   0.000000E+000
   0.153000E+001        0.231367E+001   0.000000E+000
   0.154000E+001        0.221640E+001   0.000000E+000
   0.155000E+001        0.214788E+001   0.000000E+000
   0.156000E+001        0.211216E+001   0.000000E+000
   0.157000E+001        0.216062E+001   0.000000E+000
   0.158000E+001        0.221702E+001   0.000000E+000
   0.159000E+001        0.220507E+001   0.000000E+000
   0.160000E+001        0.219557E+001   0.000000E+000
   0.161000E+001        0.229081E+001   0.000000E+000
   0.162000E+001        0.236494E+001   0.000000E+000
   0.163000E+001        0.230136E+001   0.000000E+000
   0.164000E+001        0.226485E+001   0.000000E+000
   0.165000E+001        0.234073E+001   0.000000E+000
   0.166000E+001        0.242011E+001   0.000000E+000
   0.167000E+001        0.240427E+001   0.000000E+000
   0.168000E+001        0.226479E+001   0.000000E+000
   0.169000E+001        0.216785E+001   0.000000E+000
   0.170000E+001        0.212880E+001   0.000000E+000
   0.171000E+001        0.207570E+001   0.000000E+000
   0.172000E+001        0.216560E+001   0.000000E+000
   0.173000E+001        0.230467E+001   0.000000E+000
   0.174000E+001        0.235134E+001   0.000000E+000
   0.175000E+001        0.240439E+001   0.000000E+000
   0.176000E+001        0.249173E+001   0.000000E+000
   0.177000E+001        0.253448E+001   0.000000E+000
   0.178000E+001        0.247500E+001   0.000000E+000
   0.179000E+001        0.233039E+001   0.000000E+000
   0.180000E+001        0.219118E+001   0.000000E+000
   0.181000E+001        0.221370E+001   0.000000E+000
   0.182000E+001        0.238830E+001   0.000000E+000
   0.183000E+001        0.243926E+001   0.000000E+000
   0.184000E+001        0.230043E+001   0.000000E+000
   0.185000E+001        0.226105E+001   0.000000E+000
   0.186000E+001        0.236485E+001   0.000000E+000
   0.187000E+001        0.240924E+001   0.000000E+000
   0.188000E+001        0.235032E+001   0.000000E+000
   0.189000E+001        0.231780E+001   0.000000E+000
   0.190000E+001        0.245270E+001   0.000000E+000
   0.191000E+001        0.259268E+001   0.000000E+000
   0.192000E+001        0.250151E+001   0.000000E+000
   0.193000E+001        0.231047E+001   0.000000E+000
   0.194000E+001        0.219794E+001   0.000000E+000
   0.195000E+001        0.223413E+001   0.000000E+000
   0.196000E+001        0.233929E+001   0.000000E+000
   0.197000E+001        0.248404E+001   0.000000E+000
   0.198000E+001        0.260353E+001   0.000000E+000
   0.199000E+001        0.265287E+001   0.000000E+000
   0.200000E+001        0.262689E+001   0.000000E+000
Friction component for    1   2
   0.000000E+000        0.556391E-001   0.000000E+000
   0.100000E-001        0.713763E-001  -0.522757E-002
   0.200000E-001        0.105554E+000  -0.972692E-002
   0.300000E-001        0.136924E+000  -0.167511E-001
   0.400000E-001        0.187382E+000  -0.186861E-001
   0.500000E-001        0.169497E+000  -0.190725E-001
   0.600000E-001        0.720228E-001  -0.396136E-001
   0.700000E-001        0.113712E+000  -0.719980E-001
   0.800000E-001        0.109844E+000  -0.661968E-001
   0.900000E-001       -0.963071E-001  -0.315380E-001
   0.100000E+000       -0.233550E+000  -0.214144E-001
   0.110000E+000       -0.180665E+000  -0.613481E-002
   0.120000E+000       -0.981294E-001   0.965742E-002
   0.130000E+000        0.272928E-001   0.252352E-002
   0.140000E+000        0.194340E+000  -0.830504E-003
   0.150000E+000        0.116697E+000  -0.807323E-003
   0.160000E+000       -0.417149E-001  -0.212539E-001
   0.170000E+000        0.269144E-001  -0.623828E-001
   0.180000E+000        0.993537E-001  -0.862285E-001
   0.190000E+000        0.217212E-001  -0.633068E-001
   0.200000E+000       -0.114270E+000  -0.389725E-001
   0.210000E+000       -0.124986E+000  -0.273543E-001
   0.220000E+000       -0.150209E+000  -0.198901E-001
   0.230000E+000       -0.221284E+000  -0.124642E-001
   0.240000E+000       -0.135887E+000  -0.201510E-001
   0.250000E+000       -0.683979E-001  -0.367175E-001
   0.260000E+000       -0.574236E-001  -0.547310E-001
   0.270000E+000       -0.507888E-001  -0.523805E-001
   0.280000E+000       -0.435228E-001  -0.207084E-001
   0.290000E+000        0.559811E-002  -0.190309E-001
   0.300000E+000       -0.808807E-001  -0.431235E-001
   0.310000E+000       -0.176577E+000  -0.388300E-001
   0.320000E+000       -0.954172E-001  -0.226445E-001
   0.330000E+000       -0.101017E-001  -0.278760E-001
   0.340000E+000        0.940224E-001  -0.550305E-001
   0.350000E+000        0.200994E+000  -0.795934E-001
   0.360000E+000        0.404892E-001  -0.517488E-001
   0.370000E+000       -0.234189E+000   0.223454E-001
   0.380000E+000       -0.290397E+000   0.448209E-001
   0.390000E+000       -0.202040E+000   0.265446E-001
   0.400000E+000        0.840356E-002   0.692911E-002
   0.410000E+000        0.182440E+000   0.351544E-002
   0.420000E+000        0.482841E-001   0.127679E-001
   0.430000E+000       -0.295852E+000   0.111564E-002
   0.440000E+000       -0.423942E+000  -0.177411E-001
   0.450000E+000       -0.293026E+000  -0.273546E-001
   0.460000E+000       -0.210439E+000  -0.271287E-001
   0.470000E+000       -0.341885E+000  -0.990826E-002
   0.480000E+000       -0.368196E+000  -0.382146E-002
   0.490000E+000       -0.375018E+000  -0.185903E-001
   0.500000E+000       -0.428814E+000  -0.155986E-001
   0.510000E+000       -0.278224E+000   0.140873E-001
   0.520000E+000       -0.148609E+000   0.169253E-001
   0.530000E+000       -0.110189E+000  -0.117743E-001
   0.540000E+000       -0.214959E-001  -0.271933E-001
   0.550000E+000        0.339856E-001  -0.169835E-001
   0.560000E+000        0.134359E+000  -0.183458E-001
   0.570000E+000        0.290973E+000  -0.294268E-001
   0.580000E+000        0.175047E+000  -0.197729E-001
   0.590000E+000       -0.750914E-001  -0.651506E-002
   0.600000E+000       -0.182044E+000  -0.142484E-001
   0.610000E+000       -0.258589E+000  -0.307472E-001
   0.620000E+000       -0.412414E+000  -0.349172E-001
   0.630000E+000       -0.372304E+000  -0.254123E-001
   0.640000E+000       -0.566829E-001  -0.278178E-001
   0.650000E+000        0.176549E+000  -0.510802E-001
   0.660000E+000        0.113082E+000  -0.601934E-001
   0.670000E+000       -0.377297E-001  -0.572049E-001
   0.680000E+000       -0.445810E-002  -0.282064E-001
   0.690000E+000        0.123608E+000   0.130868E-001
   0.700000E+000        0.102654E+000   0.212011E-001
   0.710000E+000       -0.332934E-002   0.111413E-001
   0.720000E+000       -0.506757E-001  -0.319988E-002
   0.730000E+000       -0.528263E-001  -0.223603E-001
   0.740000E+000       -0.838407E-001  -0.312037E-001
   0.750000E+000       -0.455137E-001  -0.266960E-001
   0.760000E+000        0.384600E-002  -0.277363E-001
   0.770000E+000       -0.220235E-001  -0.455420E-001
   0.780000E+000       -0.588881E-001  -0.513348E-001
   0.790000E+000        0.272081E-002  -0.435442E-001
   0.800000E+000        0.273185E-001  -0.350733E-001
   0.810000E+000       -0.286465E-001  -0.218460E-001
   0.820000E+000       -0.105785E+000  -0.139996E-001
   0.830000E+000       -0.139738E+000  -0.972531E-002
   0.840000E+000       -0.527752E-001   0.937498E-002
   0.850000E+000        0.929267E-001   0.182076E-001
   0.860000E+000        0.128729E+000   0.226870E-002
   0.870000E+000        0.453059E-001   0.135887E-001
   0.880000E+000        0.659607E-003   0.325260E-001
   0.890000E+000       -0.249090E-001   0.156501E-001
   0.900000E+000       -0.482737E-001   0.434142E-002
   0.910000E+000       -0.973855E-001  -0.973955E-003
   0.920000E+000       -0.140128E+000  -0.145937E-001
   0.930000E+000       -0.844378E-001  -0.961145E-002
   0.940000E+000       -0.172194E-001   0.193799E-001
   0.950000E+000       -0.122794E+000   0.392004E-001
   0.960000E+000       -0.247306E+000   0.262376E-001
   0.970000E+000       -0.147568E+000   0.126514E-001
   0.980000E+000        0.219798E-001   0.369976E-002
   0.990000E+000        0.808607E-001  -0.289140E-002
   0.100000E+001        0.787004E-001   0.530783E-002
   0.101000E+001        0.413902E-001   0.168114E-001
   0.102000E+001        0.258390E-001   0.197098E-001
   0.103000E+001        0.881169E-001   0.150510E-001
   0.104000E+001        0.171157E+000   0.440920E-002
   0.105000E+001        0.145371E+000  -0.416284E-002
   0.106000E+001        0.103500E+000  -0.438692E-002
   0.107000E+001        0.126621E+000   0.373114E-002
   0.108000E+001        0.137352E+000   0.821139E-002
   0.109000E+001        0.922480E-001   0.626866E-002
   0.110000E+001       -0.194492E-001  -0.116904E-001
   0.111000E+001        0.437458E-002  -0.310948E-001
   0.112000E+001        0.802756E-001  -0.331074E-001
   0.113000E+001        0.783233E-001  -0.291048E-001
   0.114000E+001        0.989929E-001  -0.256889E-001
   0.115000E+001        0.113663E+000  -0.254421E-001
   0.116000E+001        0.115605E+000  -0.215109E-001
   0.117000E+001        0.194018E+000  -0.479257E-002
   0.118000E+001        0.210283E+000   0.745715E-002
   0.119000E+001        0.151770E+000   0.681509E-002
   0.120000E+001        0.704956E-001   0.872181E-002
   0.121000E+001       -0.747128E-001   0.126512E-001
   0.122000E+001       -0.235745E+000   0.223575E-002
   0.123000E+001       -0.187333E+000  -0.718148E-002
   0.124000E+001        0.360632E-002  -0.179503E-003
   0.125000E+001        0.125564E+000   0.202801E-001
   0.126000E+001        0.186217E+000   0.239263E-001
   0.127000E+001        0.170203E+000   0.491613E-003
   0.128000E+001        0.854748E-001  -0.106412E-001
   0.129000E+001        0.268534E-001  -0.441341E-002
   0.130000E+001        0.213466E-001  -0.391163E-002
   0.131000E+001       -0.482547E-002  -0.815233E-002
   0.132000E+001       -0.528504E-001  -0.110088E-001
   0.133000E+001       -0.224278E-001  -0.208914E-001
   0.134000E+001        0.111907E+000  -0.210155E-001
   0.135000E+001        0.175172E+000  -0.955617E-002
   0.136000E+001        0.752877E-001  -0.836916E-002
   0.137000E+001       -0.284050E-001  -0.122865E-001
   0.138000E+001       -0.610117E-001  -0.151249E-001
   0.139000E+001       -0.321124E-001  -0.777576E-002
   0.140000E+001        0.356674E-001  -0.445253E-003
   0.141000E+001        0.130046E+000  -0.180994E-001
   0.142000E+001        0.145649E+000  -0.367924E-001
   0.143000E+001        0.343658E-001  -0.329188E-001
   0.144000E+001       -0.652740E-001  -0.164198E-001
   0.145000E+001       -0.274199E-001  -0.144568E-002
   0.146000E+001        0.539897E-001   0.539639E-002
   0.147000E+001        0.504328E-001  -0.304744E-002
   0.148000E+001        0.141388E-001  -0.202972E-001
   0.149000E+001       -0.380813E-001  -0.227307E-001
   0.150000E+001       -0.810213E-001  -0.368599E-002
   0.151000E+001       -0.721495E-001   0.506452E-002
   0.152000E+001       -0.149740E-001  -0.962856E-002
   0.153000E+001        0.106596E+000  -0.273111E-001
   0.154000E+001        0.194671E+000  -0.278627E-001
   0.155000E+001        0.112491E+000  -0.209037E-001
   0.156000E+001        0.102450E-001  -0.183050E-001
   0.157000E+001        0.403104E-001  -0.849319E-002
   0.158000E+001        0.420255E-001  -0.142079E-002
   0.159000E+001        0.353654E-001  -0.304730E-002
   0.160000E+001        0.597835E-001  -0.262274E-002
   0.161000E+001       -0.436888E-001  -0.115706E-001
   0.162000E+001       -0.110978E+000  -0.351867E-001
   0.163000E+001       -0.706106E-002  -0.453912E-001
   0.164000E+001        0.432160E-002  -0.233963E-001
   0.165000E+001       -0.989636E-001   0.547048E-002
   0.166000E+001       -0.196589E+000   0.181081E-001
   0.167000E+001       -0.217191E+000   0.163074E-001
   0.168000E+001       -0.149523E+000   0.109633E-001
   0.169000E+001       -0.592816E-001  -0.305306E-002
   0.170000E+001       -0.482934E-001  -0.130597E-001
   0.171000E+001       -0.886969E-001  -0.872590E-002
   0.172000E+001       -0.799616E-001  -0.143674E-001
   0.173000E+001       -0.774511E-001  -0.149461E-001
   0.174000E+001       -0.639667E-001  -0.617204E-002
   0.175000E+001       -0.468635E-004  -0.102862E-001
   0.176000E+001        0.353063E-001  -0.291768E-001
   0.177000E+001        0.172602E-001  -0.369456E-001
   0.178000E+001       -0.811640E-001  -0.185515E-001
   0.179000E+001       -0.176999E+000  -0.817825E-002
   0.180000E+001       -0.255909E+000  -0.544177E-002
   0.181000E+001       -0.330107E+000   0.195564E-002
   0.182000E+001       -0.335457E+000  -0.395904E-002
   0.183000E+001       -0.283738E+000  -0.286339E-001
   0.184000E+001       -0.267127E+000  -0.378176E-001
   0.185000E+001       -0.282000E+000  -0.267077E-001
   0.186000E+001       -0.351056E+000  -0.154139E-001
   0.187000E+001       -0.443724E+000  -0.343545E-002
   0.188000E+001       -0.406359E+000   0.625762E-002
   0.189000E+001       -0.269606E+000   0.923076E-003
   0.190000E+001       -0.213544E+000  -0.187837E-001
   0.191000E+001       -0.243587E+000  -0.343203E-001
   0.192000E+001       -0.276875E+000  -0.302149E-001
   0.193000E+001       -0.313366E+000  -0.250052E-001
   0.194000E+001       -0.371592E+000  -0.131701E-001
   0.195000E+001       -0.388743E+000   0.748160E-002
   0.196000E+001       -0.353599E+000   0.145394E-001
   0.197000E+001       -0.283303E+000  -0.781958E-003
   0.198000E+001       -0.247501E+000  -0.269951E-001
   0.199000E+001       -0.263502E+000  -0.329860E-001
   0.200000E+001       -0.289072E+000  -0.127491E-001
Friction component for    1   3
   0.000000E+000        0.514333E-001   0.000000E+000
   0.100000E-001        0.468722E-001   0.169631E-001
   0.200000E-001        0.345042E-001   0.826283E-001
   0.300000E-001        0.409076E-001   0.155652E+000
   0.400000E-001        0.922681E-001   0.143444E+000
   0.500000E-001        0.117680E+000   0.118305E+000
   0.600000E-001        0.769828E-001   0.149070E+000
   0.700000E-001        0.414090E-001   0.167416E+000
   0.800000E-001        0.281708E-001   0.126227E+000
   0.900000E-001        0.350383E-001   0.543169E-001
   0.100000E+000        0.334644E-001   0.934890E-001
   0.110000E+000        0.222716E-001   0.162296E+000
   0.120000E+000        0.467409E-001   0.107438E+000
   0.130000E+000        0.631641E-001   0.287745E+000
   0.140000E+000        0.419884E-001   0.671749E+000
   0.150000E+000        0.328090E-001   0.766178E+000
   0.160000E+000        0.791043E-001   0.538117E+000
   0.170000E+000        0.121244E+000   0.265211E+000
   0.180000E+000        0.109621E+000   0.110096E+000
   0.190000E+000        0.675099E-001   0.831783E-001
   0.200000E+000        0.457207E-001   0.552036E-001
   0.210000E+000        0.376064E-001  -0.271996E-001
   0.220000E+000        0.130764E-001  -0.277941E-001
   0.230000E+000        0.103344E-001  -0.710681E-001
   0.240000E+000        0.449010E-001  -0.211359E+000
   0.250000E+000        0.589053E-001  -0.670420E-001
   0.260000E+000        0.306641E-001   0.242059E+000
   0.270000E+000        0.107994E-001   0.350884E+000
   0.280000E+000        0.234828E-001   0.174181E+000
   0.290000E+000        0.405749E-001  -0.103210E+000
   0.300000E+000        0.494458E-001  -0.234740E+000
   0.310000E+000        0.403646E-001  -0.217666E+000
   0.320000E+000        0.274489E-001  -0.164885E+000
   0.330000E+000        0.245536E-001  -0.147325E+000
   0.340000E+000        0.266980E-001  -0.103303E+000
   0.350000E+000        0.291513E-001   0.499983E-001
   0.360000E+000        0.359520E-001   0.282964E+000
   0.370000E+000        0.448045E-001   0.455326E+000
   0.380000E+000        0.333701E-001   0.320086E+000
   0.390000E+000        0.219979E-001  -0.106521E-001
   0.400000E+000        0.480819E-001  -0.718426E-001
   0.410000E+000        0.685977E-001   0.924139E-001
   0.420000E+000        0.555559E-001   0.146112E+000
   0.430000E+000        0.373746E-001  -0.113954E-001
   0.440000E+000        0.258230E-001  -0.261413E+000
   0.450000E+000        0.143672E-001  -0.401805E+000
   0.460000E+000        0.166600E-001  -0.182485E+000
   0.470000E+000        0.507634E-001   0.226820E+000
   0.480000E+000        0.554238E-001   0.205687E+000
   0.490000E+000        0.188639E-001  -0.157394E+000
   0.500000E+000       -0.465080E-002  -0.260977E+000
   0.510000E+000        0.575348E-003   0.309127E-001
   0.520000E+000        0.366053E-001   0.282230E+000
   0.530000E+000        0.734180E-001   0.213082E+000
   0.540000E+000        0.955473E-001   0.251341E-001
   0.550000E+000        0.100628E+000  -0.858502E-001
   0.560000E+000        0.655287E-001  -0.131022E+000
   0.570000E+000        0.210046E-001  -0.517373E-001
   0.580000E+000        0.135388E-001   0.105087E-001
   0.590000E+000        0.165971E-001   0.695464E-002
   0.600000E+000        0.200161E-001   0.947682E-001
   0.610000E+000        0.362821E-001   0.131527E+000
   0.620000E+000        0.418950E-001   0.122858E+000
   0.630000E+000        0.569828E-001   0.194930E+000
   0.640000E+000        0.778199E-001   0.204485E+000
   0.650000E+000        0.588835E-001   0.222469E-001
   0.660000E+000        0.218730E-001  -0.973925E-001
   0.670000E+000        0.104963E-002  -0.527611E-001
   0.680000E+000        0.599761E-003   0.272198E-001
   0.690000E+000        0.293527E-001   0.768130E-002
   0.700000E+000        0.633943E-001  -0.998521E-001
   0.710000E+000        0.544562E-001  -0.172958E+000
   0.720000E+000        0.250830E-001  -0.141510E+000
   0.730000E+000        0.855513E-002  -0.156820E+000
   0.740000E+000        0.112273E-001  -0.143906E+000
   0.750000E+000        0.228299E-001   0.584223E-002
   0.760000E+000        0.272136E-001   0.854405E-001
   0.770000E+000        0.208635E-001   0.967426E-001
   0.780000E+000        0.183256E-001   0.409842E-001
   0.790000E+000        0.298672E-001   0.250569E-001
   0.800000E+000        0.500503E-001   0.855437E-001
   0.810000E+000        0.651159E-001   0.103126E+000
   0.820000E+000        0.622188E-001   0.685140E-001
   0.830000E+000        0.339217E-001  -0.209147E-002
   0.840000E+000        0.239821E-001  -0.117558E+000
   0.850000E+000        0.359743E-001  -0.144037E+000
   0.860000E+000        0.233038E-001  -0.106936E+000
   0.870000E+000        0.223094E-002  -0.110262E+000
   0.880000E+000       -0.119544E-001  -0.616516E-001
   0.890000E+000       -0.294567E-001  -0.475045E-001
   0.900000E+000       -0.303295E-001  -0.126998E+000
   0.910000E+000       -0.746025E-002  -0.148903E+000
   0.920000E+000        0.183221E-001  -0.121752E+000
   0.930000E+000        0.352146E-001  -0.120059E+000
   0.940000E+000        0.462026E-001  -0.156738E+000
   0.950000E+000        0.554850E-001  -0.118061E+000
   0.960000E+000        0.456370E-001  -0.145902E-002
   0.970000E+000        0.215350E-001   0.521190E-001
   0.980000E+000        0.203660E-001   0.508999E-001
   0.990000E+000        0.410682E-001   0.115483E-001
   0.100000E+001        0.316698E-001  -0.764038E-001
   0.101000E+001        0.611412E-002  -0.815879E-001
   0.102000E+001        0.554390E-002  -0.695338E-001
   0.103000E+001        0.128895E-001  -0.511106E-001
   0.104000E+001        0.915823E-002  -0.149923E-001
   0.105000E+001        0.160687E-002  -0.141129E-001
   0.106000E+001        0.154371E-001  -0.369438E-001
   0.107000E+001        0.357837E-001  -0.293150E-001
   0.108000E+001        0.492965E-001  -0.131331E-001
   0.109000E+001        0.545634E-001   0.561282E-002
   0.110000E+001        0.365097E-001   0.245882E-001
   0.111000E+001        0.122973E-001   0.100935E-001
   0.112000E+001        0.117349E-001   0.102455E-001
   0.113000E+001        0.226277E-001   0.430370E-001
   0.114000E+001        0.146747E-001   0.501323E-001
   0.115000E+001        0.850918E-002   0.590149E-001
   0.116000E+001        0.260819E-001   0.814160E-001
   0.117000E+001        0.471645E-001   0.788021E-001
   0.118000E+001        0.521631E-001   0.103683E+000
   0.119000E+001        0.550130E-001   0.143932E+000
   0.120000E+001        0.524808E-001   0.172785E+000
   0.121000E+001        0.549076E-001   0.117829E+000
   0.122000E+001        0.740191E-001   0.495357E-001
   0.123000E+001        0.849062E-001   0.920758E-001
   0.124000E+001        0.731924E-001   0.170090E+000
   0.125000E+001        0.479200E-001   0.121135E+000
   0.126000E+001        0.309013E-001   0.185639E-001
   0.127000E+001        0.338766E-001  -0.254117E-001
   0.128000E+001        0.305378E-001  -0.702893E-001
   0.129000E+001        0.773177E-002  -0.117954E+000
   0.130000E+001       -0.715107E-003  -0.485577E-001
   0.131000E+001        0.179329E-001   0.816537E-001
   0.132000E+001        0.311806E-001   0.778318E-001
   0.133000E+001        0.320408E-001  -0.318158E-001
   0.134000E+001        0.432286E-001  -0.947154E-001
   0.135000E+001        0.464556E-001  -0.368815E-001
   0.136000E+001        0.313379E-001   0.276742E-001
   0.137000E+001        0.247798E-001   0.171066E-001
   0.138000E+001        0.294239E-001   0.236154E-001
   0.139000E+001        0.316341E-001   0.254670E-001
   0.140000E+001        0.280362E-001  -0.686818E-002
   0.141000E+001        0.424038E-001  -0.119085E-001
   0.142000E+001        0.533328E-001  -0.224582E-001
   0.143000E+001        0.259875E-001  -0.508246E-001
   0.144000E+001        0.897492E-002  -0.897064E-001
   0.145000E+001        0.198037E-001  -0.140331E+000
   0.146000E+001        0.279693E-001  -0.135247E+000
   0.147000E+001        0.369368E-001  -0.793514E-001
   0.148000E+001        0.394190E-001  -0.293476E-001
   0.149000E+001        0.216552E-001  -0.855166E-002
   0.150000E+001        0.212590E-001  -0.103614E-002
   0.151000E+001        0.444857E-001   0.301151E-001
   0.152000E+001        0.538937E-001   0.351194E-001
   0.153000E+001        0.397534E-001  -0.500068E-002
   0.154000E+001        0.351934E-001  -0.742880E-001
   0.155000E+001        0.458212E-001  -0.101678E+000
   0.156000E+001        0.524007E-001  -0.563797E-001
   0.157000E+001        0.479216E-001  -0.237100E-001
   0.158000E+001        0.400458E-001  -0.384026E-002
   0.159000E+001        0.296662E-001   0.275627E-001
   0.160000E+001        0.114670E-001   0.108887E-001
   0.161000E+001       -0.313507E-002  -0.975837E-001
   0.162000E+001        0.153386E-001  -0.163593E+000
   0.163000E+001        0.314958E-001  -0.112692E+000
   0.164000E+001        0.261032E-001  -0.751129E-001
   0.165000E+001        0.268567E-001  -0.120915E+000
   0.166000E+001        0.356951E-001  -0.117502E+000
   0.167000E+001        0.434039E-001  -0.659930E-001
   0.168000E+001        0.369584E-001  -0.488462E-001
   0.169000E+001        0.193771E-001  -0.334086E-001
   0.170000E+001        0.664373E-002  -0.303404E-001
   0.171000E+001        0.223404E-001  -0.594957E-001
   0.172000E+001        0.588893E-001  -0.757959E-001
   0.173000E+001        0.668925E-001  -0.570161E-001
   0.174000E+001        0.366824E-001  -0.280190E-001
   0.175000E+001        0.147530E-001  -0.136307E-001
   0.176000E+001        0.146703E-001  -0.993111E-002
   0.177000E+001        0.205809E-001  -0.439107E-002
   0.178000E+001        0.212088E-001  -0.444758E-001
   0.179000E+001        0.194786E-001  -0.839063E-001
   0.180000E+001        0.158275E-001  -0.100924E+000
   0.181000E+001        0.480218E-002  -0.840247E-001
   0.182000E+001        0.248363E-002  -0.797434E-001
   0.183000E+001        0.185662E-001  -0.921211E-001
   0.184000E+001        0.267611E-001  -0.613178E-001
   0.185000E+001        0.224836E-001  -0.419401E-001
   0.186000E+001        0.266598E-001  -0.776266E-001
   0.187000E+001        0.300551E-001  -0.946411E-001
   0.188000E+001        0.214790E-001  -0.356763E-001
   0.189000E+001        0.123453E-001   0.292662E-001
   0.190000E+001        0.594834E-002   0.502115E-001
   0.191000E+001        0.414461E-002   0.241546E-002
   0.192000E+001        0.122094E-001  -0.755470E-001
   0.193000E+001        0.208164E-001  -0.115228E+000
   0.194000E+001        0.255171E-001  -0.100853E+000
   0.195000E+001        0.235209E-001  -0.348916E-001
   0.196000E+001        0.902389E-002  -0.246700E-001
   0.197000E+001       -0.777233E-002  -0.915602E-001
   0.198000E+001       -0.513081E-002  -0.157304E+000
   0.199000E+001        0.230638E-001  -0.176875E+000
   0.200000E+001        0.455512E-001  -0.123067E+000
Friction component for    2   2
   0.000000E+000        0.115128E+000   0.000000E+000
   0.100000E-001        0.167411E+000   0.000000E+000
   0.200000E-001        0.357368E+000   0.000000E+000
   0.300000E-001        0.602648E+000   0.000000E+000
   0.400000E-001        0.704310E+000   0.000000E+000
   0.500000E-001        0.827365E+000   0.000000E+000
   0.600000E-001        0.103952E+001   0.000000E+000
   0.700000E-001        0.121738E+001   0.000000E+000
   0.800000E-001        0.152226E+001   0.000000E+000
   0.900000E-001        0.218985E+001   0.000000E+000
   0.100000E+000        0.278143E+001   0.000000E+000
   0.110000E+000        0.273141E+001   0.000000E+000
   0.120000E+000        0.239560E+001   0.000000E+000
   0.130000E+000        0.223863E+001   0.000000E+000
   0.140000E+000        0.222683E+001   0.000000E+000
   0.150000E+000        0.232596E+001   0.000000E+000
   0.160000E+000        0.242127E+001   0.000000E+000
   0.170000E+000        0.220856E+001   0.000000E+000
   0.180000E+000        0.186890E+001   0.000000E+000
   0.190000E+000        0.184997E+001   0.000000E+000
   0.200000E+000        0.233924E+001   0.000000E+000
   0.210000E+000        0.246007E+001   0.000000E+000
   0.220000E+000        0.208198E+001   0.000000E+000
   0.230000E+000        0.196511E+001   0.000000E+000
   0.240000E+000        0.198136E+001   0.000000E+000
   0.250000E+000        0.204238E+001   0.000000E+000
   0.260000E+000        0.223805E+001   0.000000E+000
   0.270000E+000        0.232189E+001   0.000000E+000
   0.280000E+000        0.228710E+001   0.000000E+000
   0.290000E+000        0.225490E+001   0.000000E+000
   0.300000E+000        0.242594E+001   0.000000E+000
   0.310000E+000        0.245666E+001   0.000000E+000
   0.320000E+000        0.208249E+001   0.000000E+000
   0.330000E+000        0.181111E+001   0.000000E+000
   0.340000E+000        0.168550E+001   0.000000E+000
   0.350000E+000        0.183364E+001   0.000000E+000
   0.360000E+000        0.248333E+001   0.000000E+000
   0.370000E+000        0.335470E+001   0.000000E+000
   0.380000E+000        0.355769E+001   0.000000E+000
   0.390000E+000        0.295910E+001   0.000000E+000
   0.400000E+000        0.251271E+001   0.000000E+000
   0.410000E+000        0.237788E+001   0.000000E+000
   0.420000E+000        0.240901E+001   0.000000E+000
   0.430000E+000        0.293926E+001   0.000000E+000
   0.440000E+000        0.347357E+001   0.000000E+000
   0.450000E+000        0.338525E+001   0.000000E+000
   0.460000E+000        0.313284E+001   0.000000E+000
   0.470000E+000        0.315933E+001   0.000000E+000
   0.480000E+000        0.300868E+001   0.000000E+000
   0.490000E+000        0.295065E+001   0.000000E+000
   0.500000E+000        0.300869E+001   0.000000E+000
   0.510000E+000        0.261423E+001   0.000000E+000
   0.520000E+000        0.235817E+001   0.000000E+000
   0.530000E+000        0.246741E+001   0.000000E+000
   0.540000E+000        0.235930E+001   0.000000E+000
   0.550000E+000        0.241307E+001   0.000000E+000
   0.560000E+000        0.303119E+001   0.000000E+000
   0.570000E+000        0.321794E+001   0.000000E+000
   0.580000E+000        0.270840E+001   0.000000E+000
   0.590000E+000        0.243638E+001   0.000000E+000
   0.600000E+000        0.230892E+001   0.000000E+000
   0.610000E+000        0.248369E+001   0.000000E+000
   0.620000E+000        0.296656E+001   0.000000E+000
   0.630000E+000        0.326173E+001   0.000000E+000
   0.640000E+000        0.319188E+001   0.000000E+000
   0.650000E+000        0.284573E+001   0.000000E+000
   0.660000E+000        0.279730E+001   0.000000E+000
   0.670000E+000        0.305213E+001   0.000000E+000
   0.680000E+000        0.287085E+001   0.000000E+000
   0.690000E+000        0.247564E+001   0.000000E+000
   0.700000E+000        0.238559E+001   0.000000E+000
   0.710000E+000        0.247356E+001   0.000000E+000
   0.720000E+000        0.240887E+001   0.000000E+000
   0.730000E+000        0.237931E+001   0.000000E+000
   0.740000E+000        0.249050E+001   0.000000E+000
   0.750000E+000        0.239923E+001   0.000000E+000
   0.760000E+000        0.235389E+001   0.000000E+000
   0.770000E+000        0.261309E+001   0.000000E+000
   0.780000E+000        0.288040E+001   0.000000E+000
   0.790000E+000        0.270937E+001   0.000000E+000
   0.800000E+000        0.242350E+001   0.000000E+000
   0.810000E+000        0.248407E+001   0.000000E+000
   0.820000E+000        0.270895E+001   0.000000E+000
   0.830000E+000        0.285033E+001   0.000000E+000
   0.840000E+000        0.292378E+001   0.000000E+000
   0.850000E+000        0.266493E+001   0.000000E+000
   0.860000E+000        0.222970E+001   0.000000E+000
   0.870000E+000        0.212233E+001   0.000000E+000
   0.880000E+000        0.216949E+001   0.000000E+000
   0.890000E+000        0.210200E+001   0.000000E+000
   0.900000E+000        0.203781E+001   0.000000E+000
   0.910000E+000        0.201048E+001   0.000000E+000
   0.920000E+000        0.195261E+001   0.000000E+000
   0.930000E+000        0.195105E+001   0.000000E+000
   0.940000E+000        0.201045E+001   0.000000E+000
   0.950000E+000        0.219235E+001   0.000000E+000
   0.960000E+000        0.235130E+001   0.000000E+000
   0.970000E+000        0.234806E+001   0.000000E+000
   0.980000E+000        0.229611E+001   0.000000E+000
   0.990000E+000        0.222233E+001   0.000000E+000
   0.100000E+001        0.215010E+001   0.000000E+000
   0.101000E+001        0.210757E+001   0.000000E+000
   0.102000E+001        0.215891E+001   0.000000E+000
   0.103000E+001        0.213152E+001   0.000000E+000
   0.104000E+001        0.197692E+001   0.000000E+000
   0.105000E+001        0.210616E+001   0.000000E+000
   0.106000E+001        0.227519E+001   0.000000E+000
   0.107000E+001        0.214094E+001   0.000000E+000
   0.108000E+001        0.199732E+001   0.000000E+000
   0.109000E+001        0.207422E+001   0.000000E+000
   0.110000E+001        0.217876E+001   0.000000E+000
   0.111000E+001        0.206950E+001   0.000000E+000
   0.112000E+001        0.192244E+001   0.000000E+000
   0.113000E+001        0.193408E+001   0.000000E+000
   0.114000E+001        0.196379E+001   0.000000E+000
   0.115000E+001        0.199937E+001   0.000000E+000
   0.116000E+001        0.200067E+001   0.000000E+000
   0.117000E+001        0.192764E+001   0.000000E+000
   0.118000E+001        0.196629E+001   0.000000E+000
   0.119000E+001        0.213669E+001   0.000000E+000
   0.120000E+001        0.231225E+001   0.000000E+000
   0.121000E+001        0.238558E+001   0.000000E+000
   0.122000E+001        0.237122E+001   0.000000E+000
   0.123000E+001        0.222729E+001   0.000000E+000
   0.124000E+001        0.206203E+001   0.000000E+000
   0.125000E+001        0.191893E+001   0.000000E+000
   0.126000E+001        0.193646E+001   0.000000E+000
   0.127000E+001        0.212064E+001   0.000000E+000
   0.128000E+001        0.225933E+001   0.000000E+000
   0.129000E+001        0.238183E+001   0.000000E+000
   0.130000E+001        0.244850E+001   0.000000E+000
   0.131000E+001        0.235209E+001   0.000000E+000
   0.132000E+001        0.211806E+001   0.000000E+000
   0.133000E+001        0.191618E+001   0.000000E+000
   0.134000E+001        0.187795E+001   0.000000E+000
   0.135000E+001        0.190232E+001   0.000000E+000
   0.136000E+001        0.195343E+001   0.000000E+000
   0.137000E+001        0.207847E+001   0.000000E+000
   0.138000E+001        0.220578E+001   0.000000E+000
   0.139000E+001        0.219779E+001   0.000000E+000
   0.140000E+001        0.204436E+001   0.000000E+000
   0.141000E+001        0.188771E+001   0.000000E+000
   0.142000E+001        0.187597E+001   0.000000E+000
   0.143000E+001        0.195228E+001   0.000000E+000
   0.144000E+001        0.200912E+001   0.000000E+000
   0.145000E+001        0.198215E+001   0.000000E+000
   0.146000E+001        0.193445E+001   0.000000E+000
   0.147000E+001        0.199654E+001   0.000000E+000
   0.148000E+001        0.213262E+001   0.000000E+000
   0.149000E+001        0.222043E+001   0.000000E+000
   0.150000E+001        0.228911E+001   0.000000E+000
   0.151000E+001        0.241985E+001   0.000000E+000
   0.152000E+001        0.242619E+001   0.000000E+000
   0.153000E+001        0.219052E+001   0.000000E+000
   0.154000E+001        0.199118E+001   0.000000E+000
   0.155000E+001        0.201764E+001   0.000000E+000
   0.156000E+001        0.209917E+001   0.000000E+000
   0.157000E+001        0.211275E+001   0.000000E+000
   0.158000E+001        0.216790E+001   0.000000E+000
   0.159000E+001        0.216212E+001   0.000000E+000
   0.160000E+001        0.212307E+001   0.000000E+000
   0.161000E+001        0.234080E+001   0.000000E+000
   0.162000E+001        0.249457E+001   0.000000E+000
   0.163000E+001        0.231069E+001   0.000000E+000
   0.164000E+001        0.226268E+001   0.000000E+000
   0.165000E+001        0.245706E+001   0.000000E+000
   0.166000E+001        0.264695E+001   0.000000E+000
   0.167000E+001        0.265341E+001   0.000000E+000
   0.168000E+001        0.243505E+001   0.000000E+000
   0.169000E+001        0.223365E+001   0.000000E+000
   0.170000E+001        0.218296E+001   0.000000E+000
   0.171000E+001        0.217908E+001   0.000000E+000
   0.172000E+001        0.225846E+001   0.000000E+000
   0.173000E+001        0.239433E+001   0.000000E+000
   0.174000E+001        0.242716E+001   0.000000E+000
   0.175000E+001        0.240553E+001   0.000000E+000
   0.176000E+001        0.245115E+001   0.000000E+000
   0.177000E+001        0.251411E+001   0.000000E+000
   0.178000E+001        0.256692E+001   0.000000E+000
   0.179000E+001        0.253278E+001   0.000000E+000
   0.180000E+001        0.248665E+001   0.000000E+000
   0.181000E+001        0.259776E+001   0.000000E+000
   0.182000E+001        0.277901E+001   0.000000E+000
   0.183000E+001        0.276547E+001   0.000000E+000
   0.184000E+001        0.260663E+001   0.000000E+000
   0.185000E+001        0.258899E+001   0.000000E+000
   0.186000E+001        0.277208E+001   0.000000E+000
   0.187000E+001        0.291870E+001   0.000000E+000
   0.188000E+001        0.281796E+001   0.000000E+000
   0.189000E+001        0.262984E+001   0.000000E+000
   0.190000E+001        0.269756E+001   0.000000E+000
   0.191000E+001        0.287273E+001   0.000000E+000
   0.192000E+001        0.282340E+001   0.000000E+000
   0.193000E+001        0.267485E+001   0.000000E+000
   0.194000E+001        0.262685E+001   0.000000E+000
   0.195000E+001        0.267978E+001   0.000000E+000
   0.196000E+001        0.274528E+001   0.000000E+000
   0.197000E+001        0.281178E+001   0.000000E+000
   0.198000E+001        0.289066E+001   0.000000E+000
   0.199000E+001        0.295898E+001   0.000000E+000
   0.200000E+001        0.296413E+001   0.000000E+000
Friction component for    2   3
   0.000000E+000        0.294999E-001   0.000000E+000
   0.100000E-001        0.269594E-001   0.459042E-002
   0.200000E-001        0.199506E-001   0.607939E-003
   0.300000E-001        0.237566E-001   0.316161E-002
   0.400000E-001        0.536320E-001   0.721930E-001
   0.500000E-001        0.687018E-001   0.130223E+000
   0.600000E-001        0.457772E-001   0.110353E+000
   0.700000E-001        0.255435E-001   0.154327E+000
   0.800000E-001        0.177195E-001   0.239627E+000
   0.900000E-001        0.221412E-001   0.465842E+000
   0.100000E+000        0.229485E-001   0.764292E+000
   0.110000E+000        0.172827E-001   0.773995E+000
   0.120000E+000        0.298019E-001   0.521235E+000
   0.130000E+000        0.379448E-001   0.271292E+000
   0.140000E+000        0.263520E-001   0.138460E+000
   0.150000E+000        0.223639E-001  -0.696776E-001
   0.160000E+000        0.491141E-001  -0.143399E+000
   0.170000E+000        0.725989E-001  -0.657500E-003
   0.180000E+000        0.652551E-001   0.224977E-001
   0.190000E+000        0.411635E-001  -0.285496E-001
   0.200000E+000        0.305442E-001   0.592509E-001
   0.210000E+000        0.270069E-001   0.244495E+000
   0.220000E+000        0.118276E-001   0.172624E+000
   0.230000E+000        0.987365E-002  -0.998800E-002
   0.240000E+000        0.303644E-001   0.181232E-001
   0.250000E+000        0.386671E-001   0.455878E-001
   0.260000E+000        0.224197E-001   0.103683E+000
   0.270000E+000        0.114607E-001   0.170420E+000
   0.280000E+000        0.184065E-001   0.167781E-001
   0.290000E+000        0.268418E-001  -0.106615E+000
   0.300000E+000        0.317789E-001  -0.801870E-001
   0.310000E+000        0.271527E-001  -0.515264E-001
   0.320000E+000        0.191880E-001  -0.305417E-001
   0.330000E+000        0.164369E-001   0.210288E-001
   0.340000E+000        0.169947E-001   0.140193E+000
   0.350000E+000        0.185571E-001   0.107255E+000
   0.360000E+000        0.247649E-001   0.273315E-001
   0.370000E+000        0.318524E-001   0.221497E+000
   0.380000E+000        0.247877E-001   0.524096E+000
   0.390000E+000        0.165649E-001   0.593485E+000
   0.400000E+000        0.302239E-001   0.577083E+000
   0.410000E+000        0.420010E-001   0.452765E+000
   0.420000E+000        0.345098E-001   0.162340E+000
   0.430000E+000        0.240439E-001   0.479542E-001
   0.440000E+000        0.176388E-001   0.122622E+000
   0.450000E+000        0.110875E-001   0.534981E-001
   0.460000E+000        0.123966E-001  -0.197902E+000
   0.470000E+000        0.331441E-001  -0.387807E+000
   0.480000E+000        0.372021E-001  -0.276387E+000
   0.490000E+000        0.162669E-001  -0.220759E-001
   0.500000E+000        0.282850E-002   0.782864E-001
   0.510000E+000        0.570343E-002   0.688631E-001
   0.520000E+000        0.256230E-001   0.201210E+000
   0.530000E+000        0.458292E-001   0.445479E+000
   0.540000E+000        0.580305E-001   0.470981E+000
   0.550000E+000        0.608517E-001   0.403415E+000
   0.560000E+000        0.406880E-001   0.440828E+000
   0.570000E+000        0.151763E-001   0.307824E+000
   0.580000E+000        0.107046E-001   0.102134E+000
   0.590000E+000        0.119847E-001   0.995450E-001
   0.600000E+000        0.135651E-001   0.356437E-001
   0.610000E+000        0.225033E-001  -0.742289E-001
   0.620000E+000        0.256646E-001  -0.101846E+000
   0.630000E+000        0.351943E-001  -0.178964E+000
   0.640000E+000        0.474980E-001  -0.224998E+000
   0.650000E+000        0.356026E-001  -0.132336E+000
   0.660000E+000        0.137016E-001   0.463515E-001
   0.670000E+000        0.242783E-002   0.251399E+000
   0.680000E+000        0.235316E-002   0.250948E+000
   0.690000E+000        0.181230E-001   0.185827E+000
   0.700000E+000        0.376962E-001   0.191206E+000
   0.710000E+000        0.334255E-001   0.149168E+000
   0.720000E+000        0.173085E-001   0.924672E-001
   0.730000E+000        0.809805E-002   0.463022E-001
   0.740000E+000        0.937049E-002   0.540881E-001
   0.750000E+000        0.157404E-001   0.116868E+000
   0.760000E+000        0.186719E-001   0.131991E+000
   0.770000E+000        0.155452E-001   0.126536E-001
   0.780000E+000        0.138907E-001  -0.865968E-001
   0.790000E+000        0.198394E-001  -0.525450E-001
   0.800000E+000        0.310450E-001  -0.688622E-001
   0.810000E+000        0.398779E-001  -0.130639E+000
   0.820000E+000        0.386826E-001  -0.128473E+000
   0.830000E+000        0.224578E-001   0.176561E-001
   0.840000E+000        0.164987E-001   0.240894E+000
   0.850000E+000        0.231742E-001   0.267004E+000
   0.860000E+000        0.154781E-001   0.147842E+000
   0.870000E+000        0.261486E-002   0.943054E-001
   0.880000E+000       -0.574168E-002   0.105929E+000
   0.890000E+000       -0.150750E-001   0.668970E-001
   0.900000E+000       -0.150009E-001  -0.290019E-001
   0.910000E+000       -0.190329E-002  -0.117692E-001
   0.920000E+000        0.128112E-001   0.776411E-001
   0.930000E+000        0.222622E-001   0.535559E-001
   0.940000E+000        0.281029E-001  -0.651836E-001
   0.950000E+000        0.335768E-001  -0.101819E+000
   0.960000E+000        0.287070E-001  -0.532949E-001
   0.970000E+000        0.153463E-001   0.162684E-001
   0.980000E+000        0.146180E-001  -0.328113E-001
   0.990000E+000        0.263594E-001  -0.134361E+000
   0.100000E+001        0.209866E-001  -0.131347E+000
   0.101000E+001        0.653608E-002  -0.768126E-001
   0.102000E+001        0.588608E-002  -0.122665E-001
   0.103000E+001        0.960551E-002   0.703272E-001
   0.104000E+001        0.746458E-002   0.692014E-001
   0.105000E+001        0.301749E-002   0.510410E-001
   0.106000E+001        0.111831E-001   0.105901E+000
   0.107000E+001        0.229985E-001   0.127734E+000
   0.108000E+001        0.304606E-001   0.116780E+000
   0.109000E+001        0.333395E-001   0.141624E+000
   0.110000E+001        0.231627E-001   0.165467E+000
   0.111000E+001        0.941523E-002   0.127565E+000
   0.112000E+001        0.901852E-002   0.499601E-001
   0.113000E+001        0.149885E-001   0.219684E-001
   0.114000E+001        0.102305E-001   0.140381E-001
   0.115000E+001        0.689197E-002  -0.574971E-001
   0.116000E+001        0.174245E-001  -0.820830E-001
   0.117000E+001        0.298196E-001  -0.228819E-001
   0.118000E+001        0.325587E-001   0.978555E-002
   0.119000E+001        0.339664E-001  -0.447302E-001
   0.120000E+001        0.321751E-001  -0.252295E-001
   0.121000E+001        0.330931E-001   0.754162E-001
   0.122000E+001        0.442437E-001   0.133913E+000
   0.123000E+001        0.511489E-001   0.666502E-001
   0.124000E+001        0.442810E-001  -0.512894E-001
   0.125000E+001        0.290509E-001  -0.569000E-001
   0.126000E+001        0.189600E-001  -0.754079E-002
   0.127000E+001        0.209844E-001   0.475173E-001
   0.128000E+001        0.192875E-001   0.128270E+000
   0.129000E+001        0.595455E-002   0.184155E+000
   0.130000E+001        0.805457E-003   0.179019E+000
   0.131000E+001        0.115133E-001   0.693875E-001
   0.132000E+001        0.194153E-001  -0.457528E-001
   0.133000E+001        0.200907E-001  -0.386212E-001
   0.134000E+001        0.265783E-001   0.903826E-002
   0.135000E+001        0.284526E-001   0.323928E-001
   0.136000E+001        0.199880E-001   0.956103E-002
   0.137000E+001        0.165689E-001  -0.161082E-001
   0.138000E+001        0.193251E-001   0.227634E-001
   0.139000E+001        0.204076E-001   0.105135E+000
   0.140000E+001        0.178968E-001   0.147959E+000
   0.141000E+001        0.258899E-001   0.122118E+000
   0.142000E+001        0.322017E-001   0.773203E-001
   0.143000E+001        0.163683E-001   0.260161E-001
   0.144000E+001        0.693423E-002   0.438685E-001
   0.145000E+001        0.134428E-001   0.112487E+000
   0.146000E+001        0.178523E-001   0.765928E-001
   0.147000E+001        0.228202E-001   0.632381E-001
   0.148000E+001        0.242999E-001   0.102191E+000
   0.149000E+001        0.142082E-001   0.687898E-001
   0.150000E+001        0.142505E-001   0.296093E-001
   0.151000E+001        0.280316E-001   0.589733E-001
   0.152000E+001        0.332767E-001   0.118417E+000
   0.153000E+001        0.245700E-001   0.923699E-001
   0.154000E+001        0.216114E-001   0.235002E-001
   0.155000E+001        0.274661E-001  -0.163975E-001
   0.156000E+001        0.313779E-001  -0.628443E-001
   0.157000E+001        0.290740E-001  -0.678863E-001
   0.158000E+001        0.246316E-001   0.292870E-002
   0.159000E+001        0.190686E-001   0.224158E-001
   0.160000E+001        0.901963E-002   0.236577E-001
   0.161000E+001        0.744279E-003   0.135894E+000
   0.162000E+001        0.111903E-001   0.192004E+000
   0.163000E+001        0.201517E-001   0.676453E-001
   0.164000E+001        0.168993E-001  -0.241086E-001
   0.165000E+001        0.172658E-001   0.111463E-001
   0.166000E+001        0.223512E-001   0.982148E-001
   0.167000E+001        0.267649E-001   0.145370E+000
   0.168000E+001        0.228548E-001   0.129368E+000
   0.169000E+001        0.123004E-001   0.616407E-001
   0.170000E+001        0.488905E-002  -0.131043E-001
   0.171000E+001        0.142747E-001  -0.357291E-001
   0.172000E+001        0.355806E-001  -0.180819E-001
   0.173000E+001        0.403091E-001  -0.104542E-001
   0.174000E+001        0.231137E-001  -0.278099E-001
   0.175000E+001        0.105327E-001  -0.573146E-001
   0.176000E+001        0.101328E-001  -0.416412E-001
   0.177000E+001        0.132291E-001   0.129238E-001
   0.178000E+001        0.136378E-001   0.384101E-001
   0.179000E+001        0.127928E-001   0.299527E-001
   0.180000E+001        0.109816E-001   0.294778E-001
   0.181000E+001        0.496128E-002   0.372171E-001
   0.182000E+001        0.352881E-002   0.214246E-001
   0.183000E+001        0.122719E-001   0.142510E-002
   0.184000E+001        0.164251E-001  -0.190497E-001
   0.185000E+001        0.140798E-001  -0.329103E-001
   0.186000E+001        0.168860E-001  -0.238985E-002
   0.187000E+001        0.188347E-001   0.191572E-001
   0.188000E+001        0.137428E-001   0.229996E-001
   0.189000E+001        0.857464E-002   0.169890E-002
   0.190000E+001        0.505160E-002  -0.288964E-001
   0.191000E+001        0.410375E-002  -0.139521E-001
   0.192000E+001        0.872466E-002   0.102521E-003
   0.193000E+001        0.134475E-001  -0.543782E-001
   0.194000E+001        0.160143E-001  -0.420774E-001
   0.195000E+001        0.149916E-001   0.191065E-001
   0.196000E+001        0.651853E-002   0.170069E-002
   0.197000E+001       -0.340415E-002  -0.236265E-001
   0.198000E+001       -0.178517E-002   0.340530E-001
   0.199000E+001        0.145192E-001   0.800991E-001
   0.200000E+001        0.274681E-001   0.216458E-001
Friction component for    3   3
   0.000000E+000        0.979265E-001   0.000000E+000
   0.100000E-001        0.126878E+000   0.000000E+000
   0.200000E-001        0.264208E+000   0.000000E+000
   0.300000E-001        0.480302E+000   0.000000E+000
   0.400000E-001        0.600355E+000   0.000000E+000
   0.500000E-001        0.658292E+000   0.000000E+000
   0.600000E-001        0.759818E+000   0.000000E+000
   0.700000E-001        0.100489E+001   0.000000E+000
   0.800000E-001        0.131047E+001   0.000000E+000
   0.900000E-001        0.148369E+001   0.000000E+000
   0.100000E+000        0.173510E+001   0.000000E+000
   0.110000E+000        0.183836E+001   0.000000E+000
   0.120000E+000        0.157166E+001   0.000000E+000
   0.130000E+000        0.141448E+001   0.000000E+000
   0.140000E+000        0.156595E+001   0.000000E+000
   0.150000E+000        0.168896E+001   0.000000E+000
   0.160000E+000        0.148639E+001   0.000000E+000
   0.170000E+000        0.114669E+001   0.000000E+000
   0.180000E+000        0.105581E+001   0.000000E+000
   0.190000E+000        0.127536E+001   0.000000E+000
   0.200000E+000        0.172191E+001   0.000000E+000
   0.210000E+000        0.203708E+001   0.000000E+000
   0.220000E+000        0.187493E+001   0.000000E+000
   0.230000E+000        0.201867E+001   0.000000E+000
   0.240000E+000        0.269620E+001   0.000000E+000
   0.250000E+000        0.306669E+001   0.000000E+000
   0.260000E+000        0.280014E+001   0.000000E+000
   0.270000E+000        0.233964E+001   0.000000E+000
   0.280000E+000        0.202488E+001   0.000000E+000
   0.290000E+000        0.175380E+001   0.000000E+000
   0.300000E+000        0.181550E+001   0.000000E+000
   0.310000E+000        0.209369E+001   0.000000E+000
   0.320000E+000        0.184581E+001   0.000000E+000
   0.330000E+000        0.147356E+001   0.000000E+000
   0.340000E+000        0.132324E+001   0.000000E+000
   0.350000E+000        0.126124E+001   0.000000E+000
   0.360000E+000        0.180784E+001   0.000000E+000
   0.370000E+000        0.284837E+001   0.000000E+000
   0.380000E+000        0.312470E+001   0.000000E+000
   0.390000E+000        0.274622E+001   0.000000E+000
   0.400000E+000        0.259321E+001   0.000000E+000
   0.410000E+000        0.224161E+001   0.000000E+000
   0.420000E+000        0.157370E+001   0.000000E+000
   0.430000E+000        0.137906E+001   0.000000E+000
   0.440000E+000        0.182950E+001   0.000000E+000
   0.450000E+000        0.221289E+001   0.000000E+000
   0.460000E+000        0.220583E+001   0.000000E+000
   0.470000E+000        0.252271E+001   0.000000E+000
   0.480000E+000        0.289691E+001   0.000000E+000
   0.490000E+000        0.285354E+001   0.000000E+000
   0.500000E+000        0.279584E+001   0.000000E+000
   0.510000E+000        0.255150E+001   0.000000E+000
   0.520000E+000        0.236545E+001   0.000000E+000
   0.530000E+000        0.248781E+001   0.000000E+000
   0.540000E+000        0.237573E+001   0.000000E+000
   0.550000E+000        0.219380E+001   0.000000E+000
   0.560000E+000        0.244969E+001   0.000000E+000
   0.570000E+000        0.273503E+001   0.000000E+000
   0.580000E+000        0.236244E+001   0.000000E+000
   0.590000E+000        0.186598E+001   0.000000E+000
   0.600000E+000        0.179058E+001   0.000000E+000
   0.610000E+000        0.176339E+001   0.000000E+000
   0.620000E+000        0.179323E+001   0.000000E+000
   0.630000E+000        0.218758E+001   0.000000E+000
   0.640000E+000        0.253477E+001   0.000000E+000
   0.650000E+000        0.233863E+001   0.000000E+000
   0.660000E+000        0.217610E+001   0.000000E+000
   0.670000E+000        0.235595E+001   0.000000E+000
   0.680000E+000        0.219344E+001   0.000000E+000
   0.690000E+000        0.190959E+001   0.000000E+000
   0.700000E+000        0.189250E+001   0.000000E+000
   0.710000E+000        0.193190E+001   0.000000E+000
   0.720000E+000        0.187288E+001   0.000000E+000
   0.730000E+000        0.188555E+001   0.000000E+000
   0.740000E+000        0.190118E+001   0.000000E+000
   0.750000E+000        0.173939E+001   0.000000E+000
   0.760000E+000        0.167129E+001   0.000000E+000
   0.770000E+000        0.170246E+001   0.000000E+000
   0.780000E+000        0.170144E+001   0.000000E+000
   0.790000E+000        0.164637E+001   0.000000E+000
   0.800000E+000        0.162237E+001   0.000000E+000
   0.810000E+000        0.173546E+001   0.000000E+000
   0.820000E+000        0.193603E+001   0.000000E+000
   0.830000E+000        0.214937E+001   0.000000E+000
   0.840000E+000        0.235094E+001   0.000000E+000
   0.850000E+000        0.219537E+001   0.000000E+000
   0.860000E+000        0.175923E+001   0.000000E+000
   0.870000E+000        0.166948E+001   0.000000E+000
   0.880000E+000        0.180428E+001   0.000000E+000
   0.890000E+000        0.181247E+001   0.000000E+000
   0.900000E+000        0.179111E+001   0.000000E+000
   0.910000E+000        0.171958E+001   0.000000E+000
   0.920000E+000        0.164803E+001   0.000000E+000
   0.930000E+000        0.164346E+001   0.000000E+000
   0.940000E+000        0.159520E+001   0.000000E+000
   0.950000E+000        0.150025E+001   0.000000E+000
   0.960000E+000        0.151637E+001   0.000000E+000
   0.970000E+000        0.170719E+001   0.000000E+000
   0.980000E+000        0.175809E+001   0.000000E+000
   0.990000E+000        0.168299E+001   0.000000E+000
   0.100000E+001        0.182519E+001   0.000000E+000
   0.101000E+001        0.196922E+001   0.000000E+000
   0.102000E+001        0.184881E+001   0.000000E+000
   0.103000E+001        0.164343E+001   0.000000E+000
   0.104000E+001        0.156088E+001   0.000000E+000
   0.105000E+001        0.167008E+001   0.000000E+000
   0.106000E+001        0.179334E+001   0.000000E+000
   0.107000E+001        0.177867E+001   0.000000E+000
   0.108000E+001        0.191923E+001   0.000000E+000
   0.109000E+001        0.228775E+001   0.000000E+000
   0.110000E+001        0.226905E+001   0.000000E+000
   0.111000E+001        0.216523E+001   0.000000E+000
   0.112000E+001        0.230171E+001   0.000000E+000
   0.113000E+001        0.211301E+001   0.000000E+000
   0.114000E+001        0.175742E+001   0.000000E+000
   0.115000E+001        0.166667E+001   0.000000E+000
   0.116000E+001        0.172646E+001   0.000000E+000
   0.117000E+001        0.175364E+001   0.000000E+000
   0.118000E+001        0.186264E+001   0.000000E+000
   0.119000E+001        0.207528E+001   0.000000E+000
   0.120000E+001        0.220972E+001   0.000000E+000
   0.121000E+001        0.211096E+001   0.000000E+000
   0.122000E+001        0.210479E+001   0.000000E+000
   0.123000E+001        0.236808E+001   0.000000E+000
   0.124000E+001        0.237396E+001   0.000000E+000
   0.125000E+001        0.186416E+001   0.000000E+000
   0.126000E+001        0.154152E+001   0.000000E+000
   0.127000E+001        0.154483E+001   0.000000E+000
   0.128000E+001        0.161854E+001   0.000000E+000
   0.129000E+001        0.166667E+001   0.000000E+000
   0.130000E+001        0.156167E+001   0.000000E+000
   0.131000E+001        0.147727E+001   0.000000E+000
   0.132000E+001        0.154745E+001   0.000000E+000
   0.133000E+001        0.155811E+001   0.000000E+000
   0.134000E+001        0.153348E+001   0.000000E+000
   0.135000E+001        0.162332E+001   0.000000E+000
   0.136000E+001        0.180036E+001   0.000000E+000
   0.137000E+001        0.179667E+001   0.000000E+000
   0.138000E+001        0.154198E+001   0.000000E+000
   0.139000E+001        0.136105E+001   0.000000E+000
   0.140000E+001        0.128602E+001   0.000000E+000
   0.141000E+001        0.124590E+001   0.000000E+000
   0.142000E+001        0.137803E+001   0.000000E+000
   0.143000E+001        0.159480E+001   0.000000E+000
   0.144000E+001        0.173764E+001   0.000000E+000
   0.145000E+001        0.179723E+001   0.000000E+000
   0.146000E+001        0.168450E+001   0.000000E+000
   0.147000E+001        0.147866E+001   0.000000E+000
   0.148000E+001        0.147669E+001   0.000000E+000
   0.149000E+001        0.158762E+001   0.000000E+000
   0.150000E+001        0.167332E+001   0.000000E+000
   0.151000E+001        0.174343E+001   0.000000E+000
   0.152000E+001        0.170165E+001   0.000000E+000
   0.153000E+001        0.153800E+001   0.000000E+000
   0.154000E+001        0.149148E+001   0.000000E+000
   0.155000E+001        0.157701E+001   0.000000E+000
   0.156000E+001        0.157356E+001   0.000000E+000
   0.157000E+001        0.158587E+001   0.000000E+000
   0.158000E+001        0.163942E+001   0.000000E+000
   0.159000E+001        0.163839E+001   0.000000E+000
   0.160000E+001        0.164442E+001   0.000000E+000
   0.161000E+001        0.171606E+001   0.000000E+000
   0.162000E+001        0.171542E+001   0.000000E+000
   0.163000E+001        0.166426E+001   0.000000E+000
   0.164000E+001        0.163724E+001   0.000000E+000
   0.165000E+001        0.159709E+001   0.000000E+000
   0.166000E+001        0.157278E+001   0.000000E+000
   0.167000E+001        0.161130E+001   0.000000E+000
   0.168000E+001        0.163634E+001   0.000000E+000
   0.169000E+001        0.155019E+001   0.000000E+000
   0.170000E+001        0.144553E+001   0.000000E+000
   0.171000E+001        0.142455E+001   0.000000E+000
   0.172000E+001        0.149765E+001   0.000000E+000
   0.173000E+001        0.150616E+001   0.000000E+000
   0.174000E+001        0.146109E+001   0.000000E+000
   0.175000E+001        0.147057E+001   0.000000E+000
   0.176000E+001        0.152628E+001   0.000000E+000
   0.177000E+001        0.160351E+001   0.000000E+000
   0.178000E+001        0.161124E+001   0.000000E+000
   0.179000E+001        0.154880E+001   0.000000E+000
   0.180000E+001        0.149169E+001   0.000000E+000
   0.181000E+001        0.146027E+001   0.000000E+000
   0.182000E+001        0.146798E+001   0.000000E+000
   0.183000E+001        0.143907E+001   0.000000E+000
   0.184000E+001        0.132370E+001   0.000000E+000
   0.185000E+001        0.127833E+001   0.000000E+000
   0.186000E+001        0.140551E+001   0.000000E+000
   0.187000E+001        0.156310E+001   0.000000E+000
   0.188000E+001        0.160416E+001   0.000000E+000
   0.189000E+001        0.158497E+001   0.000000E+000
   0.190000E+001        0.166967E+001   0.000000E+000
   0.191000E+001        0.181443E+001   0.000000E+000
   0.192000E+001        0.174356E+001   0.000000E+000
   0.193000E+001        0.156048E+001   0.000000E+000
   0.194000E+001        0.148200E+001   0.000000E+000
   0.195000E+001        0.154582E+001   0.000000E+000
   0.196000E+001        0.166157E+001   0.000000E+000
   0.197000E+001        0.171847E+001   0.000000E+000
   0.198000E+001        0.169505E+001   0.000000E+000
   0.199000E+001        0.164161E+001   0.000000E+000
   0.200000E+001        0.160859E+001   0.000000E+000
