No of components        3
Discretization length in eV   0.0100
Number of Bins      201
Excitation energy in eV   Re(Coupling element)   Im(Coupling element) in 1/ps
============================================================================
Friction component for    1   1
   0.000000E+000        0.908852E-001   0.000000E+000
   0.100000E-001        0.162542E+000   0.000000E+000
   0.200000E-001        0.378975E+000   0.000000E+000
   0.300000E-001        0.645600E+000   0.000000E+000
   0.400000E-001        0.797190E+000   0.000000E+000
   0.500000E-001        0.959456E+000   0.000000E+000
   0.600000E-001        0.111904E+001   0.000000E+000
   0.700000E-001        0.130378E+001   0.000000E+000
   0.800000E-001        0.163788E+001   0.000000E+000
   0.900000E-001        0.207451E+001   0.000000E+000
   0.100000E+000        0.247456E+001   0.000000E+000
   0.110000E+000        0.248472E+001   0.000000E+000
   0.120000E+000        0.220511E+001   0.000000E+000
   0.130000E+000        0.216532E+001   0.000000E+000
   0.140000E+000        0.240169E+001   0.000000E+000
   0.150000E+000        0.244674E+001   0.000000E+000
   0.160000E+000        0.233466E+001   0.000000E+000
   0.170000E+000        0.220557E+001   0.000000E+000
   0.180000E+000        0.197225E+001   0.000000E+000
   0.190000E+000        0.186931E+001   0.000000E+000
   0.200000E+000        0.217256E+001   0.000000E+000
   0.210000E+000        0.225302E+001   0.000000E+000
   0.220000E+000        0.184657E+001   0.000000E+000
   0.230000E+000        0.168069E+001   0.000000E+000
   0.240000E+000        0.182731E+001   0.000000E+000
   0.250000E+000        0.193415E+001   0.000000E+000
   0.260000E+000        0.210502E+001   0.000000E+000
   0.270000E+000        0.223967E+001   0.000000E+000
   0.280000E+000        0.222104E+001   0.000000E+000
   0.290000E+000        0.223460E+001   0.000000E+000
   0.300000E+000        0.229892E+001   0.000000E+000
   0.310000E+000        0.220318E+001   0.000000E+000
   0.320000E+000        0.192142E+001   0.000000E+000
   0.330000E+000        0.174450E+001   0.000000E+000
   0.340000E+000        0.171883E+001   0.000000E+000
   0.350000E+000        0.196448E+001   0.000000E+000
   0.360000E+000        0.249906E+001   0.000000E+000
   0.370000E+000        0.308765E+001   0.000000E+000
   0.380000E+000        0.323860E+001   0.000000E+000
   0.390000E+000        0.273693E+001   0.000000E+000
   0.400000E+000        0.250979E+001   0.000000E+000
   0.410000E+000        0.258298E+001   0.000000E+000
   0.420000E+000        0.242152E+001   0.000000E+000
   0.430000E+000        0.252642E+001   0.000000E+000
   0.440000E+000        0.296804E+001   0.000000E+000
   0.450000E+000        0.309124E+001   0.000000E+000
   0.460000E+000        0.288485E+001   0.000000E+000
   0.470000E+000        0.267042E+001   0.000000E+000
   0.480000E+000        0.252378E+001   0.000000E+000
   0.490000E+000        0.250015E+001   0.000000E+000
   0.500000E+000        0.249703E+001   0.000000E+000
   0.510000E+000        0.226447E+001   0.000000E+000
   0.520000E+000        0.214487E+001   0.000000E+000
   0.530000E+000        0.229048E+001   0.000000E+000
   0.540000E+000        0.227702E+001   0.000000E+000
   0.550000E+000        0.234569E+001   0.000000E+000
   0.560000E+000        0.306358E+001   0.000000E+000
   0.570000E+000        0.356088E+001   0.000000E+000
   0.580000E+000        0.296672E+001   0.000000E+000
   0.590000E+000        0.232194E+001   0.000000E+000
   0.600000E+000        0.205128E+001   0.000000E+000
   0.610000E+000        0.215281E+001   0.000000E+000
   0.620000E+000        0.246821E+001   0.000000E+000
   0.630000E+000        0.281456E+001   0.000000E+000
   0.640000E+000        0.306248E+001   0.000000E+000
   0.650000E+000        0.297518E+001   0.000000E+000
   0.660000E+000        0.286419E+001   0.000000E+000
   0.670000E+000        0.294396E+001   0.000000E+000
   0.680000E+000        0.285836E+001   0.000000E+000
   0.690000E+000        0.262844E+001   0.000000E+000
   0.700000E+000        0.247891E+001   0.000000E+000
   0.710000E+000        0.240058E+001   0.000000E+000
   0.720000E+000        0.228137E+001   0.000000E+000
   0.730000E+000        0.227673E+001   0.000000E+000
   0.740000E+000        0.238463E+001   0.000000E+000
   0.750000E+000        0.234847E+001   0.000000E+000
   0.760000E+000        0.232072E+001   0.000000E+000
   0.770000E+000        0.251640E+001   0.000000E+000
   0.780000E+000        0.275458E+001   0.000000E+000
   0.790000E+000        0.270393E+001   0.000000E+000
   0.800000E+000        0.243964E+001   0.000000E+000
   0.810000E+000        0.240554E+001   0.000000E+000
   0.820000E+000        0.254917E+001   0.000000E+000
   0.830000E+000        0.267534E+001   0.000000E+000
   0.840000E+000        0.283494E+001   0.000000E+000
   0.850000E+000        0.272589E+001   0.000000E+000
   0.860000E+000        0.234101E+001   0.000000E+000
   0.870000E+000        0.213819E+001   0.000000E+000
   0.880000E+000        0.212097E+001   0.000000E+000
   0.890000E+000        0.202710E+001   0.000000E+000
   0.900000E+000        0.192737E+001   0.000000E+000
   0.910000E+000        0.185206E+001   0.000000E+000
   0.920000E+000        0.178276E+001   0.000000E+000
   0.930000E+000        0.185670E+001   0.000000E+000
   0.940000E+000        0.197190E+001   0.000000E+000
   0.950000E+000        0.197766E+001   0.000000E+000
   0.960000E+000        0.195354E+001   0.000000E+000
   0.970000E+000        0.208043E+001   0.000000E+000
   0.980000E+000        0.225583E+001   0.000000E+000
   0.990000E+000        0.230929E+001   0.000000E+000
   0.100000E+001        0.227824E+001   0.000000E+000
   0.101000E+001        0.213873E+001   0.000000E+000
   0.102000E+001        0.211760E+001   0.000000E+000
   0.103000E+001        0.219017E+001   0.000000E+000
   0.104000E+001        0.214511E+001   0.000000E+000
   0.105000E+001        0.223109E+001   0.000000E+000
   0.106000E+001        0.234691E+001   0.000000E+000
   0.107000E+001        0.226242E+001   0.000000E+000
   0.108000E+001        0.214512E+001   0.000000E+000
   0.109000E+001        0.215872E+001   0.000000E+000
   0.110000E+001        0.211118E+001   0.000000E+000
   0.111000E+001        0.200336E+001   0.000000E+000
   0.112000E+001        0.197017E+001   0.000000E+000
   0.113000E+001        0.200972E+001   0.000000E+000
   0.114000E+001        0.206213E+001   0.000000E+000
   0.115000E+001        0.208449E+001   0.000000E+000
   0.116000E+001        0.208058E+001   0.000000E+000
   0.117000E+001        0.212146E+001   0.000000E+000
   0.118000E+001        0.218421E+001   0.000000E+000
   0.119000E+001        0.225664E+001   0.000000E+000
   0.120000E+001        0.234721E+001   0.000000E+000
   0.121000E+001        0.228187E+001   0.000000E+000
   0.122000E+001        0.206561E+001   0.000000E+000
   0.123000E+001        0.196251E+001   0.000000E+000
   0.124000E+001        0.203021E+001   0.000000E+000
   0.125000E+001        0.204727E+001   0.000000E+000
   0.126000E+001        0.213405E+001   0.000000E+000
   0.127000E+001        0.227982E+001   0.000000E+000
   0.128000E+001        0.231783E+001   0.000000E+000
   0.129000E+001        0.235747E+001   0.000000E+000
   0.130000E+001        0.243636E+001   0.000000E+000
   0.131000E+001        0.233853E+001   0.000000E+000
   0.132000E+001        0.202574E+001   0.000000E+000
   0.133000E+001        0.183840E+001   0.000000E+000
   0.134000E+001        0.193918E+001   0.000000E+000
   0.135000E+001        0.205832E+001   0.000000E+000
   0.136000E+001        0.203201E+001   0.000000E+000
   0.137000E+001        0.202951E+001   0.000000E+000
   0.138000E+001        0.210464E+001   0.000000E+000
   0.139000E+001        0.214828E+001   0.000000E+000
   0.140000E+001        0.208189E+001   0.000000E+000
   0.141000E+001        0.202149E+001   0.000000E+000
   0.142000E+001        0.203761E+001   0.000000E+000
   0.143000E+001        0.197779E+001   0.000000E+000
   0.144000E+001        0.189059E+001   0.000000E+000
   0.145000E+001        0.188251E+001   0.000000E+000
   0.146000E+001        0.193007E+001   0.000000E+000
   0.147000E+001        0.203269E+001   0.000000E+000
   0.148000E+001        0.215556E+001   0.000000E+000
   0.149000E+001        0.217333E+001   0.000000E+000
   0.150000E+001        0.217887E+001   0.000000E+000
   0.151000E+001        0.229461E+001   0.000000E+000
   0.152000E+001        0.237983E+001   0.000000E+000
   0.153000E+001        0.231288E+001   0.000000E+000
   0.154000E+001        0.221529E+001   0.000000E+000
   0.155000E+001        0.214702E+001   0.000000E+000
   0.156000E+001        0.208951E+001   0.000000E+000
   0.157000E+001        0.211205E+001   0.000000E+000
   0.158000E+001        0.217551E+001   0.000000E+000
   0.159000E+001        0.217800E+001   0.000000E+000
   0.160000E+001        0.215921E+001   0.000000E+000
   0.161000E+001        0.226391E+001   0.000000E+000
   0.162000E+001        0.235358E+001   0.000000E+000
   0.163000E+001        0.228052E+001   0.000000E+000
   0.164000E+001        0.223831E+001   0.000000E+000
   0.165000E+001        0.234809E+001   0.000000E+000
   0.166000E+001        0.242084E+001   0.000000E+000
   0.167000E+001        0.239230E+001   0.000000E+000
   0.168000E+001        0.226004E+001   0.000000E+000
   0.169000E+001        0.215903E+001   0.000000E+000
   0.170000E+001        0.213983E+001   0.000000E+000
   0.171000E+001        0.206356E+001   0.000000E+000
   0.172000E+001        0.210733E+001   0.000000E+000
   0.173000E+001        0.227377E+001   0.000000E+000
   0.174000E+001        0.235841E+001   0.000000E+000
   0.175000E+001        0.241119E+001   0.000000E+000
   0.176000E+001        0.249265E+001   0.000000E+000
   0.177000E+001        0.252567E+001   0.000000E+000
   0.178000E+001        0.245710E+001   0.000000E+000
   0.179000E+001        0.232013E+001   0.000000E+000
   0.180000E+001        0.218172E+001   0.000000E+000
   0.181000E+001        0.220101E+001   0.000000E+000
   0.182000E+001        0.237928E+001   0.000000E+000
   0.183000E+001        0.244974E+001   0.000000E+000
   0.184000E+001        0.231664E+001   0.000000E+000
   0.185000E+001        0.225570E+001   0.000000E+000
   0.186000E+001        0.235253E+001   0.000000E+000
   0.187000E+001        0.239899E+001   0.000000E+000
   0.188000E+001        0.233367E+001   0.000000E+000
   0.189000E+001        0.229481E+001   0.000000E+000
   0.190000E+001        0.244983E+001   0.000000E+000
   0.191000E+001        0.258686E+001   0.000000E+000
   0.192000E+001        0.248022E+001   0.000000E+000
   0.193000E+001        0.228641E+001   0.000000E+000
   0.194000E+001        0.217354E+001   0.000000E+000
   0.195000E+001        0.222188E+001   0.000000E+000
   0.196000E+001        0.233101E+001   0.000000E+000
   0.197000E+001        0.246787E+001   0.000000E+000
   0.198000E+001        0.260441E+001   0.000000E+000
   0.199000E+001        0.266109E+001   0.000000E+000
   0.200000E+001        0.260265E+001   0.000000E+000
Friction component for    1   2
   0.000000E+000       -0.287142E-002   0.000000E+000
   0.100000E-001        0.131495E-001  -0.878410E-003
   0.200000E-001        0.408424E-001   0.728230E-002
   0.300000E-001        0.639617E-001   0.209871E-001
   0.400000E-001        0.107238E+000   0.160215E-001
   0.500000E-001        0.124545E+000   0.214861E-002
   0.600000E-001        0.740237E-001   0.114432E-001
   0.700000E-001        0.102803E+000   0.301335E-001
   0.800000E-001        0.117127E+000   0.234052E-001
   0.900000E-001       -0.783410E-001   0.316808E-002
   0.100000E+000       -0.235705E+000  -0.949518E-002
   0.110000E+000       -0.184561E+000  -0.245709E-001
   0.120000E+000       -0.106726E+000  -0.196342E-001
   0.130000E+000        0.736396E-002  -0.146038E-002
   0.140000E+000        0.187785E+000   0.275847E-001
   0.150000E+000        0.117695E+000   0.599040E-001
   0.160000E+000       -0.470957E-001   0.572037E-001
   0.170000E+000        0.316097E-001   0.518384E-001
   0.180000E+000        0.111578E+000   0.707944E-001
   0.190000E+000        0.201686E-001   0.523660E-001
   0.200000E+000       -0.102020E+000   0.245778E-002
   0.210000E+000       -0.785019E-001  -0.319712E-001
   0.220000E+000       -0.108426E+000  -0.192688E-001
   0.230000E+000       -0.204371E+000  -0.108949E-001
   0.240000E+000       -0.143812E+000  -0.164622E-002
   0.250000E+000       -0.719385E-001   0.368403E-001
   0.260000E+000       -0.641938E-001   0.302621E-001
   0.270000E+000       -0.581775E-001   0.251477E-002
   0.280000E+000       -0.280661E-001   0.167989E-001
   0.290000E+000        0.356470E-001   0.352335E-001
   0.300000E+000       -0.434425E-001   0.314246E-001
   0.310000E+000       -0.166763E+000   0.114091E-001
   0.320000E+000       -0.109220E+000  -0.655179E-002
   0.330000E+000       -0.297292E-001  -0.106916E-001
   0.340000E+000        0.475563E-001  -0.820362E-003
   0.350000E+000        0.148887E+000   0.567396E-002
   0.360000E+000        0.472876E-001  -0.449752E-002
   0.370000E+000       -0.209853E+000  -0.321243E-001
   0.380000E+000       -0.267433E+000  -0.586087E-001
   0.390000E+000       -0.158695E+000  -0.588771E-001
   0.400000E+000        0.326794E-001  -0.304824E-001
   0.410000E+000        0.171207E+000  -0.267166E-001
   0.420000E+000        0.336496E-001  -0.285864E-001
   0.430000E+000       -0.288673E+000  -0.211692E-002
   0.440000E+000       -0.398622E+000   0.247470E-001
   0.450000E+000       -0.264387E+000   0.342661E-001
   0.460000E+000       -0.190522E+000   0.382107E-001
   0.470000E+000       -0.328124E+000   0.429237E-001
   0.480000E+000       -0.374616E+000   0.357394E-001
   0.490000E+000       -0.404965E+000   0.138336E-001
   0.500000E+000       -0.439371E+000  -0.505670E-002
   0.510000E+000       -0.256659E+000  -0.122744E-001
   0.520000E+000       -0.121010E+000  -0.726349E-002
   0.530000E+000       -0.107233E+000   0.110451E-001
   0.540000E+000       -0.302706E-001   0.213486E-001
   0.550000E+000        0.231946E-001   0.964881E-003
   0.560000E+000        0.109689E+000  -0.138197E-001
   0.570000E+000        0.309775E+000   0.192854E-002
   0.580000E+000        0.221447E+000   0.716507E-002
   0.590000E+000       -0.636366E-001  -0.591824E-002
   0.600000E+000       -0.162386E+000   0.108865E-003
   0.610000E+000       -0.224202E+000   0.206206E-001
   0.620000E+000       -0.407645E+000   0.158803E-001
   0.630000E+000       -0.392384E+000  -0.548121E-002
   0.640000E+000       -0.620999E-001   0.962183E-002
   0.650000E+000        0.167583E+000   0.595137E-001
   0.660000E+000        0.102211E+000   0.723884E-001
   0.670000E+000       -0.238677E-001   0.500138E-001
   0.680000E+000        0.132524E-001   0.250469E-001
   0.690000E+000        0.117066E+000   0.946519E-002
   0.700000E+000        0.818464E-001   0.599026E-002
   0.710000E+000       -0.260061E-001  -0.439441E-002
   0.720000E+000       -0.475721E-001  -0.663883E-003
   0.730000E+000       -0.313215E-001   0.271746E-001
   0.740000E+000       -0.646714E-001   0.441987E-001
   0.750000E+000       -0.293566E-001   0.358899E-001
   0.760000E+000        0.136626E-001   0.286712E-001
   0.770000E+000       -0.232780E-001   0.343762E-001
   0.780000E+000       -0.705925E-001   0.219144E-001
   0.790000E+000       -0.623238E-002   0.153743E-001
   0.800000E+000        0.273709E-001   0.293168E-001
   0.810000E+000       -0.107744E-001   0.378277E-001
   0.820000E+000       -0.751643E-001   0.307543E-001
   0.830000E+000       -0.127934E+000   0.134845E-001
   0.840000E+000       -0.788035E-001  -0.151869E-001
   0.850000E+000        0.830660E-001  -0.117790E-001
   0.860000E+000        0.137524E+000   0.477497E-002
   0.870000E+000        0.494610E-001  -0.181779E-001
   0.880000E+000        0.203183E-001  -0.253713E-001
   0.890000E+000       -0.367537E-002  -0.111510E-002
   0.900000E+000       -0.512166E-001   0.677913E-002
   0.910000E+000       -0.111128E+000   0.478777E-002
   0.920000E+000       -0.148329E+000   0.890538E-002
   0.930000E+000       -0.834359E-001   0.481149E-002
   0.940000E+000       -0.179550E-001  -0.712960E-002
   0.950000E+000       -0.128961E+000   0.280472E-002
   0.960000E+000       -0.233878E+000   0.235438E-001
   0.970000E+000       -0.165042E+000   0.643557E-002
   0.980000E+000       -0.173419E-001  -0.139676E-001
   0.990000E+000        0.720246E-001   0.198551E-003
   0.100000E+001        0.920838E-001   0.235952E-001
   0.101000E+001        0.418777E-001   0.365115E-001
   0.102000E+001        0.160134E-001   0.296234E-001
   0.103000E+001        0.910517E-001   0.699368E-002
   0.104000E+001        0.183826E+000  -0.771068E-002
   0.105000E+001        0.165747E+000  -0.306823E-002
   0.106000E+001        0.105773E+000   0.109877E-001
   0.107000E+001        0.113413E+000   0.152277E-001
   0.108000E+001        0.135648E+000   0.210250E-001
   0.109000E+001        0.997170E-001   0.336577E-001
   0.110000E+001       -0.210875E-001   0.329883E-001
   0.111000E+001       -0.559670E-002   0.280830E-001
   0.112000E+001        0.875852E-001   0.294422E-001
   0.113000E+001        0.938210E-001   0.305726E-001
   0.114000E+001        0.974736E-001   0.264698E-001
   0.115000E+001        0.101294E+000   0.247680E-001
   0.116000E+001        0.108479E+000   0.264159E-001
   0.117000E+001        0.183168E+000   0.216289E-001
   0.118000E+001        0.218941E+000   0.712145E-002
   0.119000E+001        0.177176E+000  -0.160671E-003
   0.120000E+001        0.859125E-001   0.572129E-002
   0.121000E+001       -0.763943E-001   0.135898E-001
   0.122000E+001       -0.246259E+000   0.267849E-001
   0.123000E+001       -0.206512E+000   0.385097E-001
   0.124000E+001       -0.565956E-002   0.319481E-001
   0.125000E+001        0.131027E+000   0.600662E-002
   0.126000E+001        0.197399E+000  -0.833797E-002
   0.127000E+001        0.167268E+000   0.524185E-002
   0.128000E+001        0.731680E-001   0.131675E-001
   0.129000E+001        0.168107E-001   0.902213E-002
   0.130000E+001        0.329555E-001   0.422368E-002
   0.131000E+001        0.623974E-002   0.669553E-002
   0.132000E+001       -0.645528E-001   0.155968E-001
   0.133000E+001       -0.353785E-001   0.190758E-001
   0.134000E+001        0.910050E-001   0.163171E-001
   0.135000E+001        0.164846E+000   0.135808E-001
   0.136000E+001        0.934135E-001   0.125774E-001
   0.137000E+001       -0.169876E-001   0.110195E-001
   0.138000E+001       -0.572924E-001   0.127312E-001
   0.139000E+001       -0.126302E-001   0.495210E-002
   0.140000E+001        0.608195E-001   0.670818E-003
   0.141000E+001        0.140704E+000   0.227306E-001
   0.142000E+001        0.141904E+000   0.404365E-001
   0.143000E+001        0.263447E-001   0.334754E-001
   0.144000E+001       -0.566193E-001   0.115324E-001
   0.145000E+001       -0.337278E-001  -0.400383E-002
   0.146000E+001        0.319565E-001   0.225261E-002
   0.147000E+001        0.704943E-001   0.571693E-002
   0.148000E+001        0.465728E-001   0.440218E-002
   0.149000E+001       -0.373640E-001   0.154086E-001
   0.150000E+001       -0.808757E-001   0.185905E-001
   0.151000E+001       -0.595119E-001   0.199492E-001
   0.152000E+001        0.373598E-002   0.294231E-001
   0.153000E+001        0.115193E+000   0.328295E-001
   0.154000E+001        0.187217E+000   0.331960E-001
   0.155000E+001        0.109511E+000   0.343434E-001
   0.156000E+001        0.248735E-001   0.341676E-001
   0.157000E+001        0.555634E-001   0.267011E-001
   0.158000E+001        0.452783E-001   0.111540E-001
   0.159000E+001        0.315447E-001   0.433875E-002
   0.160000E+001        0.557990E-001  -0.545846E-002
   0.161000E+001       -0.274831E-001  -0.682353E-002
   0.162000E+001       -0.105244E+000   0.208019E-001
   0.163000E+001       -0.711366E-002   0.429661E-001
   0.164000E+001        0.193917E-001   0.285133E-001
   0.165000E+001       -0.921413E-001  -0.760531E-003
   0.166000E+001       -0.189730E+000  -0.154792E-001
   0.167000E+001       -0.201003E+000  -0.110984E-001
   0.168000E+001       -0.124656E+000   0.786028E-002
   0.169000E+001       -0.374725E-001   0.357163E-001
   0.170000E+001       -0.223719E-001   0.415287E-001
   0.171000E+001       -0.670476E-001   0.183740E-001
   0.172000E+001       -0.762057E-001   0.968870E-002
   0.173000E+001       -0.672445E-001   0.190772E-001
   0.174000E+001       -0.389324E-001   0.167391E-001
   0.175000E+001        0.266648E-001   0.858248E-002
   0.176000E+001        0.570265E-001   0.907079E-002
   0.177000E+001        0.299505E-001   0.238017E-001
   0.178000E+001       -0.586828E-001   0.321502E-001
   0.179000E+001       -0.139860E+000   0.192025E-001
   0.180000E+001       -0.225284E+000   0.773920E-002
   0.181000E+001       -0.310135E+000   0.146807E-001
   0.182000E+001       -0.305065E+000   0.262525E-001
   0.183000E+001       -0.255945E+000   0.324510E-001
   0.184000E+001       -0.234162E+000   0.339952E-001
   0.185000E+001       -0.238947E+000   0.309611E-001
   0.186000E+001       -0.315185E+000   0.268372E-001
   0.187000E+001       -0.409189E+000   0.192256E-001
   0.188000E+001       -0.382787E+000   0.458138E-002
   0.189000E+001       -0.250562E+000   0.171378E-002
   0.190000E+001       -0.187690E+000   0.157874E-001
   0.191000E+001       -0.208691E+000   0.209456E-001
   0.192000E+001       -0.233047E+000   0.652887E-002
   0.193000E+001       -0.279433E+000  -0.916676E-002
   0.194000E+001       -0.362543E+000  -0.101479E-001
   0.195000E+001       -0.381804E+000   0.319105E-002
   0.196000E+001       -0.320543E+000   0.300517E-001
   0.197000E+001       -0.244450E+000   0.594655E-001
   0.198000E+001       -0.212124E+000   0.623974E-001
   0.199000E+001       -0.219288E+000   0.285299E-001
   0.200000E+001       -0.255293E+000  -0.125475E-002
Friction component for    1   3
   0.000000E+000        0.106558E-002   0.000000E+000
   0.100000E-001        0.585560E-002   0.102823E-001
   0.200000E-001        0.311001E-001   0.538841E-001
   0.300000E-001        0.598940E-001   0.115395E+000
   0.400000E-001       -0.588907E-002   0.109408E+000
   0.500000E-001       -0.117274E+000   0.110621E+000
   0.600000E-001       -0.113542E+000   0.164272E+000
   0.700000E-001       -0.489747E-001   0.172241E+000
   0.800000E-001       -0.732966E-002   0.124147E+000
   0.900000E-001        0.113407E-001   0.514162E-001
   0.100000E+000        0.165177E-001   0.807902E-001
   0.110000E+000        0.115825E-001   0.144631E+000
   0.120000E+000        0.174061E-001   0.906472E-001
   0.130000E+000        0.345639E-001   0.268956E+000
   0.140000E+000        0.470574E-001   0.676922E+000
   0.150000E+000        0.283373E-001   0.776024E+000
   0.160000E+000       -0.122857E-001   0.527939E+000
   0.170000E+000       -0.302556E-001   0.254625E+000
   0.180000E+000       -0.393027E-001   0.103315E+000
   0.190000E+000       -0.390935E-001   0.797755E-001
   0.200000E+000       -0.221695E-001   0.477569E-001
   0.210000E+000        0.518441E-002  -0.384738E-001
   0.220000E+000        0.218084E-001  -0.277660E-001
   0.230000E+000        0.361238E-001  -0.525588E-001
   0.240000E+000        0.767256E-001  -0.184069E+000
   0.250000E+000        0.100402E+000  -0.671907E-001
   0.260000E+000        0.649534E-001   0.206094E+000
   0.270000E+000        0.292966E-001   0.323961E+000
   0.280000E+000        0.295734E-001   0.181966E+000
   0.290000E+000        0.255051E-001  -0.902566E-001
   0.300000E+000        0.279174E-001  -0.228373E+000
   0.310000E+000        0.396955E-001  -0.221605E+000
   0.320000E+000        0.220364E-001  -0.168765E+000
   0.330000E+000        0.833713E-002  -0.149693E+000
   0.340000E+000        0.224870E-001  -0.111015E+000
   0.350000E+000        0.254073E-001   0.436899E-001
   0.360000E+000        0.163116E-001   0.277820E+000
   0.370000E+000        0.162078E-001   0.434069E+000
   0.380000E+000        0.315372E-001   0.303525E+000
   0.390000E+000        0.285739E-001   0.633709E-002
   0.400000E+000        0.514206E-003  -0.663029E-001
   0.410000E+000       -0.186127E-001   0.848264E-001
   0.420000E+000       -0.204122E-001   0.144023E+000
   0.430000E+000       -0.485625E-002  -0.107774E-001
   0.440000E+000        0.168415E-001  -0.264509E+000
   0.450000E+000        0.423405E-001  -0.410543E+000
   0.460000E+000        0.433110E-001  -0.201765E+000
   0.470000E+000        0.264717E-001   0.192465E+000
   0.480000E+000        0.449702E-001   0.204476E+000
   0.490000E+000        0.792862E-001  -0.147879E+000
   0.500000E+000        0.102643E+000  -0.266653E+000
   0.510000E+000        0.849263E-001   0.336394E-001
   0.520000E+000        0.182845E-001   0.295127E+000
   0.530000E+000       -0.268474E-001   0.225042E+000
   0.540000E+000       -0.497552E-001   0.272973E-001
   0.550000E+000       -0.514576E-001  -0.870926E-001
   0.560000E+000        0.535829E-002  -0.138564E+000
   0.570000E+000        0.659406E-001  -0.649705E-001
   0.580000E+000        0.610129E-001   0.154287E-002
   0.590000E+000        0.411659E-001  -0.105541E-001
   0.600000E+000        0.405401E-001   0.789250E-001
   0.610000E+000        0.293869E-001   0.137780E+000
   0.620000E+000        0.627069E-002   0.138233E+000
   0.630000E+000       -0.166568E-001   0.192760E+000
   0.640000E+000       -0.313742E-001   0.191737E+000
   0.650000E+000        0.258146E-002   0.218146E-001
   0.660000E+000        0.531265E-001  -0.898764E-001
   0.670000E+000        0.631197E-001  -0.518485E-001
   0.680000E+000        0.465230E-001   0.190477E-001
   0.690000E+000        0.245801E-001  -0.561536E-002
   0.700000E+000        0.181172E-001  -0.999778E-001
   0.710000E+000        0.194495E-001  -0.163125E+000
   0.720000E+000        0.122621E-001  -0.142399E+000
   0.730000E+000        0.124395E-001  -0.159293E+000
   0.740000E+000        0.202756E-001  -0.142256E+000
   0.750000E+000        0.146603E-001   0.466505E-002
   0.760000E+000        0.141405E-001   0.865055E-001
   0.770000E+000        0.189560E-001   0.994674E-001
   0.780000E+000        0.283349E-002   0.360715E-001
   0.790000E+000       -0.191021E-001   0.483368E-002
   0.800000E+000       -0.176069E-001   0.688784E-001
   0.810000E+000       -0.204348E-001   0.103868E+000
   0.820000E+000       -0.243670E-001   0.839150E-001
   0.830000E+000        0.102824E-001  -0.790440E-002
   0.840000E+000        0.353063E-001  -0.138994E+000
   0.850000E+000        0.138001E-001  -0.147262E+000
   0.860000E+000        0.239767E-002  -0.113724E+000
   0.870000E+000        0.142652E-001  -0.137011E+000
   0.880000E+000        0.195975E-001  -0.775209E-001
   0.890000E+000        0.293847E-001  -0.262550E-001
   0.900000E+000        0.438151E-001  -0.910027E-001
   0.910000E+000        0.407133E-001  -0.135815E+000
   0.920000E+000        0.351682E-001  -0.125741E+000
   0.930000E+000        0.280539E-001  -0.122364E+000
   0.940000E+000        0.111182E-001  -0.157937E+000
   0.950000E+000       -0.422393E-002  -0.112468E+000
   0.960000E+000       -0.314285E-002   0.378785E-002
   0.970000E+000        0.152610E-001   0.460358E-001
   0.980000E+000        0.322617E-001   0.462208E-001
   0.990000E+000        0.121691E-001   0.125058E-001
   0.100000E+001        0.576087E-002  -0.768526E-001
   0.101000E+001        0.279356E-001  -0.875083E-001
   0.102000E+001        0.642457E-002  -0.812857E-001
   0.103000E+001       -0.161530E-001  -0.597686E-001
   0.104000E+001        0.912937E-002  -0.207194E-001
   0.105000E+001        0.500024E-001  -0.199935E-001
   0.106000E+001        0.541057E-001  -0.344059E-001
   0.107000E+001        0.798865E-002  -0.259483E-001
   0.108000E+001       -0.156281E-001  -0.124768E-001
   0.109000E+001        0.249195E-001  -0.487286E-002
   0.110000E+001        0.685447E-001   0.726682E-002
   0.111000E+001        0.899965E-001   0.890261E-002
   0.112000E+001        0.879958E-001   0.302672E-001
   0.113000E+001        0.516280E-001   0.584050E-001
   0.114000E+001        0.290234E-001   0.470750E-001
   0.115000E+001        0.257352E-001   0.423340E-001
   0.116000E+001        0.120465E-001   0.626397E-001
   0.117000E+001        0.123932E-001   0.857043E-001
   0.118000E+001        0.259161E-001   0.112093E+000
   0.119000E+001        0.255717E-001   0.134749E+000
   0.120000E+001        0.313430E-001   0.158878E+000
   0.121000E+001        0.346278E-001   0.113576E+000
   0.122000E+001        0.158760E-001   0.444326E-001
   0.123000E+001        0.146870E-001   0.780412E-001
   0.124000E+001        0.297251E-001   0.157420E+000
   0.125000E+001        0.173648E-001   0.119653E+000
   0.126000E+001        0.214202E-002   0.254526E-001
   0.127000E+001        0.268237E-001  -0.182627E-001
   0.128000E+001        0.538049E-001  -0.715464E-001
   0.129000E+001        0.485335E-001  -0.120709E+000
   0.130000E+001        0.236765E-001  -0.415847E-001
   0.131000E+001       -0.133522E-001   0.803531E-001
   0.132000E+001       -0.217638E-001   0.688362E-001
   0.133000E+001       -0.206581E-002  -0.294035E-001
   0.134000E+001        0.204015E-001  -0.767383E-001
   0.135000E+001        0.451530E-001  -0.287460E-001
   0.136000E+001        0.523940E-001   0.118052E-001
   0.137000E+001        0.403876E-001  -0.181745E-002
   0.138000E+001        0.231777E-001   0.130128E-001
   0.139000E+001        0.587275E-002   0.266493E-001
   0.140000E+001        0.531818E-003  -0.348077E-002
   0.141000E+001        0.304799E-002  -0.166454E-001
   0.142000E+001        0.318018E-003  -0.287901E-001
   0.143000E+001       -0.324548E-002  -0.465659E-001
   0.144000E+001        0.304306E-002  -0.758388E-001
   0.145000E+001        0.234960E-001  -0.126278E+000
   0.146000E+001        0.404783E-001  -0.131010E+000
   0.147000E+001        0.364818E-001  -0.875093E-001
   0.148000E+001        0.271717E-001  -0.401451E-001
   0.149000E+001        0.332933E-001  -0.218089E-001
   0.150000E+001        0.270502E-001  -0.151829E-001
   0.151000E+001        0.109395E-001   0.348067E-001
   0.152000E+001        0.534237E-002   0.535709E-001
   0.153000E+001        0.596431E-002  -0.143590E-002
   0.154000E+001        0.290074E-003  -0.808739E-001
   0.155000E+001        0.476732E-002  -0.108546E+000
   0.156000E+001        0.292848E-001  -0.607360E-001
   0.157000E+001        0.434590E-001  -0.155502E-001
   0.158000E+001        0.323801E-001   0.468644E-002
   0.159000E+001        0.171848E-001   0.286927E-001
   0.160000E+001        0.463132E-001   0.538485E-002
   0.161000E+001        0.100266E+000  -0.119119E+000
   0.162000E+001        0.782883E-001  -0.193444E+000
   0.163000E+001        0.226955E-001  -0.121314E+000
   0.164000E+001        0.246028E-001  -0.650268E-001
   0.165000E+001        0.335887E-001  -0.112853E+000
   0.166000E+001        0.142595E-001  -0.113798E+000
   0.167000E+001        0.400388E-003  -0.533057E-001
   0.168000E+001        0.164701E-001  -0.309941E-001
   0.169000E+001        0.419231E-001  -0.312698E-001
   0.170000E+001        0.465756E-001  -0.402154E-001
   0.171000E+001        0.300234E-001  -0.600647E-001
   0.172000E+001       -0.384947E-002  -0.696249E-001
   0.173000E+001       -0.345964E-001  -0.528230E-001
   0.174000E+001       -0.266971E-001  -0.213639E-001
   0.175000E+001       -0.109947E-002  -0.115834E-001
   0.176000E+001        0.187581E-001  -0.290930E-001
   0.177000E+001        0.321469E-001  -0.239173E-001
   0.178000E+001        0.412602E-001  -0.503810E-001
   0.179000E+001        0.506472E-001  -0.855803E-001
   0.180000E+001        0.513976E-001  -0.954807E-001
   0.181000E+001        0.440945E-001  -0.727294E-001
   0.182000E+001        0.379641E-001  -0.645803E-001
   0.183000E+001        0.245714E-001  -0.882769E-001
   0.184000E+001        0.155068E-001  -0.796920E-001
   0.185000E+001        0.257685E-001  -0.538587E-001
   0.186000E+001        0.343309E-001  -0.698153E-001
   0.187000E+001        0.245439E-001  -0.868389E-001
   0.188000E+001        0.141477E-001  -0.393171E-001
   0.189000E+001        0.744292E-002   0.249830E-001
   0.190000E+001        0.136596E-001   0.526114E-001
   0.191000E+001        0.216748E-001   0.726464E-002
   0.192000E+001        0.838934E-002  -0.761723E-001
   0.193000E+001       -0.379862E-002  -0.123189E+000
   0.194000E+001        0.638266E-003  -0.119145E+000
   0.195000E+001        0.110934E-001  -0.546334E-001
   0.196000E+001        0.582600E-002  -0.283079E-001
   0.197000E+001        0.555397E-003  -0.830493E-001
   0.198000E+001        0.787792E-002  -0.149414E+000
   0.199000E+001        0.345956E-002  -0.175581E+000
   0.200000E+001       -0.616800E-002  -0.129362E+000
Friction component for    2   2
   0.000000E+000        0.947763E-001   0.000000E+000
   0.100000E-001        0.147666E+000   0.000000E+000
   0.200000E-001        0.331661E+000   0.000000E+000
   0.300000E-001        0.572009E+000   0.000000E+000
   0.400000E-001        0.673770E+000   0.000000E+000
   0.500000E-001        0.814366E+000   0.000000E+000
   0.600000E-001        0.103070E+001   0.000000E+000
   0.700000E-001        0.118176E+001   0.000000E+000
   0.800000E-001        0.150246E+001   0.000000E+000
   0.900000E-001        0.217018E+001   0.000000E+000
   0.100000E+000        0.274938E+001   0.000000E+000
   0.110000E+000        0.269342E+001   0.000000E+000
   0.120000E+000        0.232696E+001   0.000000E+000
   0.130000E+000        0.216432E+001   0.000000E+000
   0.140000E+000        0.218894E+001   0.000000E+000
   0.150000E+000        0.230267E+001   0.000000E+000
   0.160000E+000        0.237868E+001   0.000000E+000
   0.170000E+000        0.216638E+001   0.000000E+000
   0.180000E+000        0.184785E+001   0.000000E+000
   0.190000E+000        0.185055E+001   0.000000E+000
   0.200000E+000        0.229130E+001   0.000000E+000
   0.210000E+000        0.234270E+001   0.000000E+000
   0.220000E+000        0.197178E+001   0.000000E+000
   0.230000E+000        0.191999E+001   0.000000E+000
   0.240000E+000        0.199457E+001   0.000000E+000
   0.250000E+000        0.201311E+001   0.000000E+000
   0.260000E+000        0.217218E+001   0.000000E+000
   0.270000E+000        0.230097E+001   0.000000E+000
   0.280000E+000        0.225116E+001   0.000000E+000
   0.290000E+000        0.219433E+001   0.000000E+000
   0.300000E+000        0.235639E+001   0.000000E+000
   0.310000E+000        0.240000E+001   0.000000E+000
   0.320000E+000        0.204543E+001   0.000000E+000
   0.330000E+000        0.178111E+001   0.000000E+000
   0.340000E+000        0.166858E+001   0.000000E+000
   0.350000E+000        0.179589E+001   0.000000E+000
   0.360000E+000        0.244620E+001   0.000000E+000
   0.370000E+000        0.333124E+001   0.000000E+000
   0.380000E+000        0.354575E+001   0.000000E+000
   0.390000E+000        0.291569E+001   0.000000E+000
   0.400000E+000        0.246585E+001   0.000000E+000
   0.410000E+000        0.237873E+001   0.000000E+000
   0.420000E+000        0.238149E+001   0.000000E+000
   0.430000E+000        0.286190E+001   0.000000E+000
   0.440000E+000        0.343051E+001   0.000000E+000
   0.450000E+000        0.339783E+001   0.000000E+000
   0.460000E+000        0.310767E+001   0.000000E+000
   0.470000E+000        0.305306E+001   0.000000E+000
   0.480000E+000        0.295598E+001   0.000000E+000
   0.490000E+000        0.296299E+001   0.000000E+000
   0.500000E+000        0.300206E+001   0.000000E+000
   0.510000E+000        0.256240E+001   0.000000E+000
   0.520000E+000        0.228941E+001   0.000000E+000
   0.530000E+000        0.241797E+001   0.000000E+000
   0.540000E+000        0.231290E+001   0.000000E+000
   0.550000E+000        0.232168E+001   0.000000E+000
   0.560000E+000        0.293806E+001   0.000000E+000
   0.570000E+000        0.319884E+001   0.000000E+000
   0.580000E+000        0.270955E+001   0.000000E+000
   0.590000E+000        0.239416E+001   0.000000E+000
   0.600000E+000        0.223636E+001   0.000000E+000
   0.610000E+000        0.241054E+001   0.000000E+000
   0.620000E+000        0.293686E+001   0.000000E+000
   0.630000E+000        0.326441E+001   0.000000E+000
   0.640000E+000        0.313543E+001   0.000000E+000
   0.650000E+000        0.278490E+001   0.000000E+000
   0.660000E+000        0.274923E+001   0.000000E+000
   0.670000E+000        0.297240E+001   0.000000E+000
   0.680000E+000        0.283607E+001   0.000000E+000
   0.690000E+000        0.248832E+001   0.000000E+000
   0.700000E+000        0.238376E+001   0.000000E+000
   0.710000E+000        0.243406E+001   0.000000E+000
   0.720000E+000        0.233981E+001   0.000000E+000
   0.730000E+000        0.231004E+001   0.000000E+000
   0.740000E+000        0.245628E+001   0.000000E+000
   0.750000E+000        0.238297E+001   0.000000E+000
   0.760000E+000        0.230560E+001   0.000000E+000
   0.770000E+000        0.254206E+001   0.000000E+000
   0.780000E+000        0.283463E+001   0.000000E+000
   0.790000E+000        0.271028E+001   0.000000E+000
   0.800000E+000        0.240626E+001   0.000000E+000
   0.810000E+000        0.241543E+001   0.000000E+000
   0.820000E+000        0.263469E+001   0.000000E+000
   0.830000E+000        0.282135E+001   0.000000E+000
   0.840000E+000        0.292388E+001   0.000000E+000
   0.850000E+000        0.263053E+001   0.000000E+000
   0.860000E+000        0.218368E+001   0.000000E+000
   0.870000E+000        0.208210E+001   0.000000E+000
   0.880000E+000        0.209592E+001   0.000000E+000
   0.890000E+000        0.202961E+001   0.000000E+000
   0.900000E+000        0.198708E+001   0.000000E+000
   0.910000E+000        0.198187E+001   0.000000E+000
   0.920000E+000        0.195738E+001   0.000000E+000
   0.930000E+000        0.195496E+001   0.000000E+000
   0.940000E+000        0.199133E+001   0.000000E+000
   0.950000E+000        0.212612E+001   0.000000E+000
   0.960000E+000        0.222318E+001   0.000000E+000
   0.970000E+000        0.226747E+001   0.000000E+000
   0.980000E+000        0.227293E+001   0.000000E+000
   0.990000E+000        0.222659E+001   0.000000E+000
   0.100000E+001        0.217336E+001   0.000000E+000
   0.101000E+001        0.209282E+001   0.000000E+000
   0.102000E+001        0.209912E+001   0.000000E+000
   0.103000E+001        0.208119E+001   0.000000E+000
   0.104000E+001        0.193062E+001   0.000000E+000
   0.105000E+001        0.203901E+001   0.000000E+000
   0.106000E+001        0.222316E+001   0.000000E+000
   0.107000E+001        0.212803E+001   0.000000E+000
   0.108000E+001        0.198554E+001   0.000000E+000
   0.109000E+001        0.204479E+001   0.000000E+000
   0.110000E+001        0.213952E+001   0.000000E+000
   0.111000E+001        0.201186E+001   0.000000E+000
   0.112000E+001        0.186949E+001   0.000000E+000
   0.113000E+001        0.190261E+001   0.000000E+000
   0.114000E+001        0.195151E+001   0.000000E+000
   0.115000E+001        0.196591E+001   0.000000E+000
   0.116000E+001        0.195169E+001   0.000000E+000
   0.117000E+001        0.190946E+001   0.000000E+000
   0.118000E+001        0.193320E+001   0.000000E+000
   0.119000E+001        0.205230E+001   0.000000E+000
   0.120000E+001        0.224638E+001   0.000000E+000
   0.121000E+001        0.236855E+001   0.000000E+000
   0.122000E+001        0.234930E+001   0.000000E+000
   0.123000E+001        0.220001E+001   0.000000E+000
   0.124000E+001        0.203706E+001   0.000000E+000
   0.125000E+001        0.189659E+001   0.000000E+000
   0.126000E+001        0.190656E+001   0.000000E+000
   0.127000E+001        0.208814E+001   0.000000E+000
   0.128000E+001        0.223475E+001   0.000000E+000
   0.129000E+001        0.233866E+001   0.000000E+000
   0.130000E+001        0.239966E+001   0.000000E+000
   0.131000E+001        0.233123E+001   0.000000E+000
   0.132000E+001        0.209727E+001   0.000000E+000
   0.133000E+001        0.187825E+001   0.000000E+000
   0.134000E+001        0.183484E+001   0.000000E+000
   0.135000E+001        0.186746E+001   0.000000E+000
   0.136000E+001        0.192206E+001   0.000000E+000
   0.137000E+001        0.204806E+001   0.000000E+000
   0.138000E+001        0.217235E+001   0.000000E+000
   0.139000E+001        0.216315E+001   0.000000E+000
   0.140000E+001        0.201054E+001   0.000000E+000
   0.141000E+001        0.185908E+001   0.000000E+000
   0.142000E+001        0.187443E+001   0.000000E+000
   0.143000E+001        0.194807E+001   0.000000E+000
   0.144000E+001        0.195479E+001   0.000000E+000
   0.145000E+001        0.191915E+001   0.000000E+000
   0.146000E+001        0.189293E+001   0.000000E+000
   0.147000E+001        0.195262E+001   0.000000E+000
   0.148000E+001        0.210087E+001   0.000000E+000
   0.149000E+001        0.221408E+001   0.000000E+000
   0.150000E+001        0.227226E+001   0.000000E+000
   0.151000E+001        0.236729E+001   0.000000E+000
   0.152000E+001        0.237792E+001   0.000000E+000
   0.153000E+001        0.218038E+001   0.000000E+000
   0.154000E+001        0.199971E+001   0.000000E+000
   0.155000E+001        0.202072E+001   0.000000E+000
   0.156000E+001        0.205946E+001   0.000000E+000
   0.157000E+001        0.204680E+001   0.000000E+000
   0.158000E+001        0.212301E+001   0.000000E+000
   0.159000E+001        0.214038E+001   0.000000E+000
   0.160000E+001        0.209211E+001   0.000000E+000
   0.161000E+001        0.229537E+001   0.000000E+000
   0.162000E+001        0.247620E+001   0.000000E+000
   0.163000E+001        0.228945E+001   0.000000E+000
   0.164000E+001        0.221899E+001   0.000000E+000
   0.165000E+001        0.245740E+001   0.000000E+000
   0.166000E+001        0.263983E+001   0.000000E+000
   0.167000E+001        0.262253E+001   0.000000E+000
   0.168000E+001        0.240163E+001   0.000000E+000
   0.169000E+001        0.220002E+001   0.000000E+000
   0.170000E+001        0.216446E+001   0.000000E+000
   0.171000E+001        0.214219E+001   0.000000E+000
   0.172000E+001        0.219643E+001   0.000000E+000
   0.173000E+001        0.235159E+001   0.000000E+000
   0.174000E+001        0.240507E+001   0.000000E+000
   0.175000E+001        0.238133E+001   0.000000E+000
   0.176000E+001        0.242696E+001   0.000000E+000
   0.177000E+001        0.249095E+001   0.000000E+000
   0.178000E+001        0.252339E+001   0.000000E+000
   0.179000E+001        0.247995E+001   0.000000E+000
   0.180000E+001        0.244198E+001   0.000000E+000
   0.181000E+001        0.256225E+001   0.000000E+000
   0.182000E+001        0.273551E+001   0.000000E+000
   0.183000E+001        0.274477E+001   0.000000E+000
   0.184000E+001        0.258454E+001   0.000000E+000
   0.185000E+001        0.253334E+001   0.000000E+000
   0.186000E+001        0.271890E+001   0.000000E+000
   0.187000E+001        0.286970E+001   0.000000E+000
   0.188000E+001        0.277436E+001   0.000000E+000
   0.189000E+001        0.258493E+001   0.000000E+000
   0.190000E+001        0.266571E+001   0.000000E+000
   0.191000E+001        0.282720E+001   0.000000E+000
   0.192000E+001        0.275163E+001   0.000000E+000
   0.193000E+001        0.261167E+001   0.000000E+000
   0.194000E+001        0.259219E+001   0.000000E+000
   0.195000E+001        0.266064E+001   0.000000E+000
   0.196000E+001        0.269999E+001   0.000000E+000
   0.197000E+001        0.275157E+001   0.000000E+000
   0.198000E+001        0.285151E+001   0.000000E+000
   0.199000E+001        0.291688E+001   0.000000E+000
   0.200000E+001        0.290081E+001   0.000000E+000
Friction component for    2   3
   0.000000E+000        0.646249E-003   0.000000E+000
   0.100000E-001        0.327776E-002  -0.499462E-002
   0.200000E-001        0.176834E-001  -0.206158E-001
   0.300000E-001        0.342316E-001  -0.184131E-001
   0.400000E-001       -0.379292E-002   0.564264E-001
   0.500000E-001       -0.683140E-001   0.129984E+000
   0.600000E-001       -0.670038E-001   0.126947E+000
   0.700000E-001       -0.301817E-001   0.165714E+000
   0.800000E-001       -0.547013E-002   0.239454E+000
   0.900000E-001        0.550330E-002   0.456440E+000
   0.100000E+000        0.787364E-002   0.751421E+000
   0.110000E+000        0.504715E-002   0.747199E+000
   0.120000E+000        0.907503E-002   0.483440E+000
   0.130000E+000        0.190252E-001   0.251321E+000
   0.140000E+000        0.258346E-001   0.140061E+000
   0.150000E+000        0.145601E-001  -0.464908E-001
   0.160000E+000       -0.953579E-002  -0.118172E+000
   0.170000E+000       -0.198273E-001  -0.116888E-002
   0.180000E+000       -0.241888E-001  -0.569486E-004
   0.190000E+000       -0.237793E-001  -0.452043E-001
   0.200000E+000       -0.153103E-001   0.687863E-001
   0.210000E+000       -0.363056E-003   0.260423E+000
   0.220000E+000        0.935853E-002   0.171288E+000
   0.230000E+000        0.172748E-001  -0.211076E-001
   0.240000E+000        0.407109E-001  -0.772662E-002
   0.250000E+000        0.551037E-001   0.369583E-001
   0.260000E+000        0.358070E-001   0.111814E+000
   0.270000E+000        0.165107E-001   0.183663E+000
   0.280000E+000        0.170234E-001   0.323110E-001
   0.290000E+000        0.142050E-001  -0.961139E-001
   0.300000E+000        0.146790E-001  -0.787096E-001
   0.310000E+000        0.205841E-001  -0.544476E-001
   0.320000E+000        0.103999E-001  -0.286914E-001
   0.330000E+000        0.311279E-002   0.165226E-001
   0.340000E+000        0.113088E-001   0.134889E+000
   0.350000E+000        0.123291E-001   0.106131E+000
   0.360000E+000        0.582353E-002   0.102251E-001
   0.370000E+000        0.431474E-002   0.208495E+000
   0.380000E+000        0.131733E-001   0.535522E+000
   0.390000E+000        0.129907E-001   0.570679E+000
   0.400000E+000       -0.192702E-002   0.542679E+000
   0.410000E+000       -0.128048E-001   0.467350E+000
   0.420000E+000       -0.132919E-001   0.190606E+000
   0.430000E+000       -0.357949E-002   0.655529E-001
   0.440000E+000        0.853780E-002   0.127040E+000
   0.450000E+000        0.227147E-001   0.370482E-001
   0.460000E+000        0.232009E-001  -0.211282E+000
   0.470000E+000        0.121104E-001  -0.374150E+000
   0.480000E+000        0.211444E-001  -0.272026E+000
   0.490000E+000        0.413520E-001  -0.248495E-001
   0.500000E+000        0.553470E-001   0.732720E-001
   0.510000E+000        0.456402E-001   0.504624E-001
   0.520000E+000        0.752914E-002   0.173586E+000
   0.530000E+000       -0.187163E-001   0.435592E+000
   0.540000E+000       -0.318065E-001   0.487072E+000
   0.550000E+000       -0.330926E-001   0.396328E+000
   0.560000E+000       -0.402158E-003   0.421144E+000
   0.570000E+000        0.350670E-001   0.307760E+000
   0.580000E+000        0.321693E-001   0.113687E+000
   0.590000E+000        0.200910E-001   0.110471E+000
   0.600000E+000        0.193710E-001   0.541493E-001
   0.610000E+000        0.137529E-001  -0.675945E-001
   0.620000E+000        0.559628E-003  -0.116671E+000
   0.630000E+000       -0.141321E-001  -0.187849E+000
   0.640000E+000       -0.228422E-001  -0.220023E+000
   0.650000E+000       -0.143958E-002  -0.131173E+000
   0.660000E+000        0.290377E-001   0.301253E-001
   0.670000E+000        0.342251E-001   0.246162E+000
   0.680000E+000        0.237607E-001   0.265766E+000
   0.690000E+000        0.111515E-001   0.191903E+000
   0.700000E+000        0.770659E-002   0.188020E+000
   0.710000E+000        0.832425E-002   0.156486E+000
   0.720000E+000        0.397490E-002   0.938819E-001
   0.730000E+000        0.343419E-002   0.387438E-001
   0.740000E+000        0.767116E-002   0.575119E-001
   0.750000E+000        0.539763E-002   0.124881E+000
   0.760000E+000        0.546371E-002   0.138366E+000
   0.770000E+000        0.758467E-002   0.104611E-001
   0.780000E+000       -0.187117E-002  -0.936331E-001
   0.790000E+000       -0.138531E-001  -0.476611E-001
   0.800000E+000       -0.125245E-001  -0.524689E-001
   0.810000E+000       -0.141623E-001  -0.129226E+000
   0.820000E+000       -0.165471E-001  -0.136791E+000
   0.830000E+000        0.301204E-002   0.186794E-001
   0.840000E+000        0.168078E-001   0.242397E+000
   0.850000E+000        0.487110E-002   0.260446E+000
   0.860000E+000       -0.470060E-003   0.145050E+000
   0.870000E+000        0.690299E-002   0.988448E-001
   0.880000E+000        0.960602E-002   0.955638E-001
   0.890000E+000        0.145972E-001   0.600861E-001
   0.900000E+000        0.227589E-001  -0.137140E-001
   0.910000E+000        0.213832E-001  -0.584467E-002
   0.920000E+000        0.185967E-001   0.478339E-001
   0.930000E+000        0.146133E-001   0.301389E-001
   0.940000E+000        0.490065E-002  -0.598179E-001
   0.950000E+000       -0.386893E-002  -0.849602E-001
   0.960000E+000       -0.334905E-002  -0.475623E-001
   0.970000E+000        0.712927E-002   0.667560E-002
   0.980000E+000        0.170153E-001  -0.324197E-001
   0.990000E+000        0.550121E-002  -0.123620E+000
   0.100000E+001        0.146747E-002  -0.134187E+000
   0.101000E+001        0.139651E-001  -0.783640E-001
   0.102000E+001        0.182109E-002  -0.437833E-002
   0.103000E+001       -0.109807E-001   0.683588E-001
   0.104000E+001        0.326559E-002   0.658045E-001
   0.105000E+001        0.266452E-001   0.427595E-001
   0.106000E+001        0.288623E-001   0.852055E-001
   0.107000E+001        0.185142E-002   0.119579E+000
   0.108000E+001       -0.120331E-001   0.124788E+000
   0.109000E+001        0.110116E-001   0.140512E+000
   0.110000E+001        0.360665E-001   0.154783E+000
   0.111000E+001        0.487562E-001   0.122957E+000
   0.112000E+001        0.475978E-001   0.634323E-001
   0.113000E+001        0.268907E-001   0.317719E-001
   0.114000E+001        0.144852E-001   0.130600E-002
   0.115000E+001        0.124696E-001  -0.737808E-001
   0.116000E+001        0.413821E-002  -0.897690E-001
   0.117000E+001        0.456400E-002  -0.265109E-001
   0.118000E+001        0.126324E-001   0.133704E-001
   0.119000E+001        0.120081E-001  -0.385058E-001
   0.120000E+001        0.150284E-001  -0.246554E-001
   0.121000E+001        0.170514E-001   0.807180E-001
   0.122000E+001        0.650867E-002   0.132131E+000
   0.123000E+001        0.598529E-002   0.723118E-001
   0.124000E+001        0.148736E-001  -0.348884E-001
   0.125000E+001        0.805689E-002  -0.547376E-001
   0.126000E+001       -0.412116E-003  -0.133154E-001
   0.127000E+001        0.137789E-001   0.409800E-001
   0.128000E+001        0.289611E-001   0.126576E+000
   0.129000E+001        0.256877E-001   0.186768E+000
   0.130000E+001        0.118174E-001   0.175377E+000
   0.131000E+001       -0.903827E-002   0.695434E-001
   0.132000E+001       -0.141851E-001  -0.359730E-001
   0.133000E+001       -0.302623E-002  -0.326883E-001
   0.134000E+001        0.101568E-001  -0.515020E-003
   0.135000E+001        0.244341E-001   0.202537E-001
   0.136000E+001        0.281803E-001   0.753948E-002
   0.137000E+001        0.207927E-001  -0.196101E-001
   0.138000E+001        0.109498E-001   0.163312E-001
   0.139000E+001        0.122365E-002   0.104453E+000
   0.140000E+001       -0.152074E-002   0.147473E+000
   0.141000E+001        0.208464E-003   0.124905E+000
   0.142000E+001       -0.191497E-002   0.868262E-001
   0.143000E+001       -0.463742E-002   0.244091E-001
   0.144000E+001       -0.942894E-003   0.280755E-001
   0.145000E+001        0.111599E-001   0.112833E+000
   0.146000E+001        0.210497E-001   0.952385E-001
   0.147000E+001        0.188366E-001   0.709996E-001
   0.148000E+001        0.135681E-001   0.100923E+000
   0.149000E+001        0.170408E-001   0.688323E-001
   0.150000E+001        0.132486E-001   0.227650E-001
   0.151000E+001        0.377370E-002   0.334055E-001
   0.152000E+001        0.704349E-003   0.974551E-001
   0.153000E+001        0.160537E-002   0.104285E+000
   0.154000E+001       -0.119319E-002   0.406625E-001
   0.155000E+001        0.139720E-002  -0.176026E-001
   0.156000E+001        0.153590E-001  -0.635188E-001
   0.157000E+001        0.234436E-001  -0.621085E-001
   0.158000E+001        0.170755E-001   0.877848E-002
   0.159000E+001        0.813450E-002   0.389285E-001
   0.160000E+001        0.246211E-001   0.369890E-001
   0.161000E+001        0.553908E-001   0.126289E+000
   0.162000E+001        0.425460E-001   0.179058E+000
   0.163000E+001        0.106748E-001   0.859806E-001
   0.164000E+001        0.119862E-001  -0.849764E-002
   0.165000E+001        0.172826E-001  -0.510445E-002
   0.166000E+001        0.619034E-002   0.751699E-001
   0.167000E+001       -0.146571E-002   0.137497E+000
   0.168000E+001        0.804602E-002   0.126726E+000
   0.169000E+001        0.228439E-001   0.610124E-001
   0.170000E+001        0.255653E-001  -0.407922E-002
   0.171000E+001        0.156936E-001  -0.350023E-001
   0.172000E+001       -0.392760E-002  -0.200251E-001
   0.173000E+001       -0.214978E-001   0.535083E-002
   0.174000E+001       -0.169276E-001  -0.161300E-001
   0.175000E+001       -0.217991E-002  -0.624384E-001
   0.176000E+001        0.941114E-002  -0.474177E-001
   0.177000E+001        0.173468E-001   0.130917E-001
   0.178000E+001        0.226724E-001   0.326191E-001
   0.179000E+001        0.279051E-001   0.240904E-001
   0.180000E+001        0.281824E-001   0.239308E-001
   0.181000E+001        0.240253E-001   0.286531E-001
   0.182000E+001        0.204714E-001   0.303085E-001
   0.183000E+001        0.129364E-001   0.102233E-001
   0.184000E+001        0.818020E-002  -0.213883E-001
   0.185000E+001        0.141607E-001  -0.284545E-001
   0.186000E+001        0.185263E-001  -0.636791E-003
   0.187000E+001        0.123836E-001   0.158832E-001
   0.188000E+001        0.667130E-002   0.252347E-001
   0.189000E+001        0.307478E-002   0.591463E-002
   0.190000E+001        0.636404E-002  -0.399304E-001
   0.191000E+001        0.108275E-001  -0.325837E-001
   0.192000E+001        0.341708E-002   0.143955E-002
   0.193000E+001       -0.343009E-002  -0.347795E-001
   0.194000E+001       -0.994158E-003  -0.281358E-001
   0.195000E+001        0.480129E-002   0.292625E-001
   0.196000E+001        0.154271E-002   0.101686E-001
   0.197000E+001       -0.129211E-002  -0.222308E-001
   0.198000E+001        0.334584E-002   0.243275E-001
   0.199000E+001        0.910669E-003   0.652435E-001
   0.200000E+001       -0.459796E-002   0.212683E-001
Friction component for    3   3
   0.000000E+000        0.697212E-001   0.000000E+000
   0.100000E-001        0.118974E+000   0.000000E+000
   0.200000E-001        0.278840E+000   0.000000E+000
   0.300000E-001        0.505233E+000   0.000000E+000
   0.400000E-001        0.628258E+000   0.000000E+000
   0.500000E-001        0.694521E+000   0.000000E+000
   0.600000E-001        0.778984E+000   0.000000E+000
   0.700000E-001        0.975500E+000   0.000000E+000
   0.800000E-001        0.129073E+001   0.000000E+000
   0.900000E-001        0.150095E+001   0.000000E+000
   0.100000E+000        0.172810E+001   0.000000E+000
   0.110000E+000        0.180942E+001   0.000000E+000
   0.120000E+000        0.154583E+001   0.000000E+000
   0.130000E+000        0.140574E+001   0.000000E+000
   0.140000E+000        0.156936E+001   0.000000E+000
   0.150000E+000        0.166484E+001   0.000000E+000
   0.160000E+000        0.144933E+001   0.000000E+000
   0.170000E+000        0.112578E+001   0.000000E+000
   0.180000E+000        0.105495E+001   0.000000E+000
   0.190000E+000        0.127582E+001   0.000000E+000
   0.200000E+000        0.169541E+001   0.000000E+000
   0.210000E+000        0.199411E+001   0.000000E+000
   0.220000E+000        0.183307E+001   0.000000E+000
   0.230000E+000        0.196098E+001   0.000000E+000
   0.240000E+000        0.265830E+001   0.000000E+000
   0.250000E+000        0.304378E+001   0.000000E+000
   0.260000E+000        0.274552E+001   0.000000E+000
   0.270000E+000        0.231466E+001   0.000000E+000
   0.280000E+000        0.202025E+001   0.000000E+000
   0.290000E+000        0.172744E+001   0.000000E+000
   0.300000E+000        0.177280E+001   0.000000E+000
   0.310000E+000        0.208584E+001   0.000000E+000
   0.320000E+000        0.186801E+001   0.000000E+000
   0.330000E+000        0.146000E+001   0.000000E+000
   0.340000E+000        0.129933E+001   0.000000E+000
   0.350000E+000        0.124783E+001   0.000000E+000
   0.360000E+000        0.177637E+001   0.000000E+000
   0.370000E+000        0.281684E+001   0.000000E+000
   0.380000E+000        0.312053E+001   0.000000E+000
   0.390000E+000        0.270423E+001   0.000000E+000
   0.400000E+000        0.252124E+001   0.000000E+000
   0.410000E+000        0.223768E+001   0.000000E+000
   0.420000E+000        0.159550E+001   0.000000E+000
   0.430000E+000        0.136724E+001   0.000000E+000
   0.440000E+000        0.180648E+001   0.000000E+000
   0.450000E+000        0.222704E+001   0.000000E+000
   0.460000E+000        0.220712E+001   0.000000E+000
   0.470000E+000        0.245091E+001   0.000000E+000
   0.480000E+000        0.284574E+001   0.000000E+000
   0.490000E+000        0.287351E+001   0.000000E+000
   0.500000E+000        0.281270E+001   0.000000E+000
   0.510000E+000        0.250418E+001   0.000000E+000
   0.520000E+000        0.232749E+001   0.000000E+000
   0.530000E+000        0.246929E+001   0.000000E+000
   0.540000E+000        0.236350E+001   0.000000E+000
   0.550000E+000        0.219890E+001   0.000000E+000
   0.560000E+000        0.243803E+001   0.000000E+000
   0.570000E+000        0.266584E+001   0.000000E+000
   0.580000E+000        0.229856E+001   0.000000E+000
   0.590000E+000        0.185740E+001   0.000000E+000
   0.600000E+000        0.179974E+001   0.000000E+000
   0.610000E+000        0.176409E+001   0.000000E+000
   0.620000E+000        0.178360E+001   0.000000E+000
   0.630000E+000        0.219180E+001   0.000000E+000
   0.640000E+000        0.254122E+001   0.000000E+000
   0.650000E+000        0.231284E+001   0.000000E+000
   0.660000E+000        0.213699E+001   0.000000E+000
   0.670000E+000        0.232729E+001   0.000000E+000
   0.680000E+000        0.218397E+001   0.000000E+000
   0.690000E+000        0.189391E+001   0.000000E+000
   0.700000E+000        0.188349E+001   0.000000E+000
   0.710000E+000        0.191477E+001   0.000000E+000
   0.720000E+000        0.183635E+001   0.000000E+000
   0.730000E+000        0.187755E+001   0.000000E+000
   0.740000E+000        0.192324E+001   0.000000E+000
   0.750000E+000        0.174904E+001   0.000000E+000
   0.760000E+000        0.165034E+001   0.000000E+000
   0.770000E+000        0.168506E+001   0.000000E+000
   0.780000E+000        0.167096E+001   0.000000E+000
   0.790000E+000        0.160660E+001   0.000000E+000
   0.800000E+000        0.162089E+001   0.000000E+000
   0.810000E+000        0.175507E+001   0.000000E+000
   0.820000E+000        0.194381E+001   0.000000E+000
   0.830000E+000        0.216337E+001   0.000000E+000
   0.840000E+000        0.236288E+001   0.000000E+000
   0.850000E+000        0.215806E+001   0.000000E+000
   0.860000E+000        0.171898E+001   0.000000E+000
   0.870000E+000        0.165894E+001   0.000000E+000
   0.880000E+000        0.178376E+001   0.000000E+000
   0.890000E+000        0.180313E+001   0.000000E+000
   0.900000E+000        0.176615E+001   0.000000E+000
   0.910000E+000        0.168574E+001   0.000000E+000
   0.920000E+000        0.163829E+001   0.000000E+000
   0.930000E+000        0.164984E+001   0.000000E+000
   0.940000E+000        0.159307E+001   0.000000E+000
   0.950000E+000        0.146529E+001   0.000000E+000
   0.960000E+000        0.146682E+001   0.000000E+000
   0.970000E+000        0.167088E+001   0.000000E+000
   0.980000E+000        0.174136E+001   0.000000E+000
   0.990000E+000        0.168640E+001   0.000000E+000
   0.100000E+001        0.184392E+001   0.000000E+000
   0.101000E+001        0.194867E+001   0.000000E+000
   0.102000E+001        0.177175E+001   0.000000E+000
   0.103000E+001        0.160378E+001   0.000000E+000
   0.104000E+001        0.155208E+001   0.000000E+000
   0.105000E+001        0.167183E+001   0.000000E+000
   0.106000E+001        0.179410E+001   0.000000E+000
   0.107000E+001        0.177444E+001   0.000000E+000
   0.108000E+001        0.189702E+001   0.000000E+000
   0.109000E+001        0.226935E+001   0.000000E+000
   0.110000E+001        0.228627E+001   0.000000E+000
   0.111000E+001        0.214384E+001   0.000000E+000
   0.112000E+001        0.224541E+001   0.000000E+000
   0.113000E+001        0.211885E+001   0.000000E+000
   0.114000E+001        0.176257E+001   0.000000E+000
   0.115000E+001        0.160408E+001   0.000000E+000
   0.116000E+001        0.167356E+001   0.000000E+000
   0.117000E+001        0.178272E+001   0.000000E+000
   0.118000E+001        0.186997E+001   0.000000E+000
   0.119000E+001        0.202166E+001   0.000000E+000
   0.120000E+001        0.220338E+001   0.000000E+000
   0.121000E+001        0.216349E+001   0.000000E+000
   0.122000E+001        0.209352E+001   0.000000E+000
   0.123000E+001        0.231515E+001   0.000000E+000
   0.124000E+001        0.238328E+001   0.000000E+000
   0.125000E+001        0.191339E+001   0.000000E+000
   0.126000E+001        0.154482E+001   0.000000E+000
   0.127000E+001        0.152008E+001   0.000000E+000
   0.128000E+001        0.161740E+001   0.000000E+000
   0.129000E+001        0.166696E+001   0.000000E+000
   0.130000E+001        0.156954E+001   0.000000E+000
   0.131000E+001        0.147281E+001   0.000000E+000
   0.132000E+001        0.149857E+001   0.000000E+000
   0.133000E+001        0.150838E+001   0.000000E+000
   0.134000E+001        0.149841E+001   0.000000E+000
   0.135000E+001        0.162034E+001   0.000000E+000
   0.136000E+001        0.180313E+001   0.000000E+000
   0.137000E+001        0.180528E+001   0.000000E+000
   0.138000E+001        0.155454E+001   0.000000E+000
   0.139000E+001        0.136352E+001   0.000000E+000
   0.140000E+001        0.129575E+001   0.000000E+000
   0.141000E+001        0.125976E+001   0.000000E+000
   0.142000E+001        0.138818E+001   0.000000E+000
   0.143000E+001        0.157702E+001   0.000000E+000
   0.144000E+001        0.168955E+001   0.000000E+000
   0.145000E+001        0.174776E+001   0.000000E+000
   0.146000E+001        0.166185E+001   0.000000E+000
   0.147000E+001        0.148078E+001   0.000000E+000
   0.148000E+001        0.147281E+001   0.000000E+000
   0.149000E+001        0.156995E+001   0.000000E+000
   0.150000E+001        0.165473E+001   0.000000E+000
   0.151000E+001        0.171655E+001   0.000000E+000
   0.152000E+001        0.168684E+001   0.000000E+000
   0.153000E+001        0.155195E+001   0.000000E+000
   0.154000E+001        0.149020E+001   0.000000E+000
   0.155000E+001        0.154966E+001   0.000000E+000
   0.156000E+001        0.156742E+001   0.000000E+000
   0.157000E+001        0.159354E+001   0.000000E+000
   0.158000E+001        0.164469E+001   0.000000E+000
   0.159000E+001        0.163437E+001   0.000000E+000
   0.160000E+001        0.161912E+001   0.000000E+000
   0.161000E+001        0.169119E+001   0.000000E+000
   0.162000E+001        0.171719E+001   0.000000E+000
   0.163000E+001        0.166599E+001   0.000000E+000
   0.164000E+001        0.163434E+001   0.000000E+000
   0.165000E+001        0.160982E+001   0.000000E+000
   0.166000E+001        0.157216E+001   0.000000E+000
   0.167000E+001        0.162494E+001   0.000000E+000
   0.168000E+001        0.163215E+001   0.000000E+000
   0.169000E+001        0.152071E+001   0.000000E+000
   0.170000E+001        0.145252E+001   0.000000E+000
   0.171000E+001        0.141135E+001   0.000000E+000
   0.172000E+001        0.144096E+001   0.000000E+000
   0.173000E+001        0.150326E+001   0.000000E+000
   0.174000E+001        0.148439E+001   0.000000E+000
   0.175000E+001        0.146327E+001   0.000000E+000
   0.176000E+001        0.150911E+001   0.000000E+000
   0.177000E+001        0.159454E+001   0.000000E+000
   0.178000E+001        0.160187E+001   0.000000E+000
   0.179000E+001        0.152443E+001   0.000000E+000
   0.180000E+001        0.146395E+001   0.000000E+000
   0.181000E+001        0.146224E+001   0.000000E+000
   0.182000E+001        0.150057E+001   0.000000E+000
   0.183000E+001        0.147754E+001   0.000000E+000
   0.184000E+001        0.135655E+001   0.000000E+000
   0.185000E+001        0.127295E+001   0.000000E+000
   0.186000E+001        0.136990E+001   0.000000E+000
   0.187000E+001        0.155739E+001   0.000000E+000
   0.188000E+001        0.162717E+001   0.000000E+000
   0.189000E+001        0.159189E+001   0.000000E+000
   0.190000E+001        0.167195E+001   0.000000E+000
   0.191000E+001        0.179664E+001   0.000000E+000
   0.192000E+001        0.171363E+001   0.000000E+000
   0.193000E+001        0.156326E+001   0.000000E+000
   0.194000E+001        0.153094E+001   0.000000E+000
   0.195000E+001        0.159114E+001   0.000000E+000
   0.196000E+001        0.167580E+001   0.000000E+000
   0.197000E+001        0.170232E+001   0.000000E+000
   0.198000E+001        0.169208E+001   0.000000E+000
   0.199000E+001        0.164435E+001   0.000000E+000
   0.200000E+001        0.159264E+001   0.000000E+000
