No of components        3
Discretization length in eV   0.0100
Number of Bins      201
Excitation energy in eV   Re(Coupling element)   Im(Coupling element) in 1/ps
============================================================================
Friction component for    1   1
   0.000000E+000        0.547742E-001   0.000000E+000
   0.100000E-001        0.103716E+000   0.000000E+000
   0.200000E-001        0.239065E+000   0.000000E+000
   0.300000E-001        0.419381E+000   0.000000E+000
   0.400000E-001        0.612632E+000   0.000000E+000
   0.500000E-001        0.859741E+000   0.000000E+000
   0.600000E-001        0.112637E+001   0.000000E+000
   0.700000E-001        0.133893E+001   0.000000E+000
   0.800000E-001        0.163487E+001   0.000000E+000
   0.900000E-001        0.224702E+001   0.000000E+000
   0.100000E+000        0.280256E+001   0.000000E+000
   0.110000E+000        0.285548E+001   0.000000E+000
   0.120000E+000        0.259279E+001   0.000000E+000
   0.130000E+000        0.229374E+001   0.000000E+000
   0.140000E+000        0.219526E+001   0.000000E+000
   0.150000E+000        0.231982E+001   0.000000E+000
   0.160000E+000        0.243110E+001   0.000000E+000
   0.170000E+000        0.236789E+001   0.000000E+000
   0.180000E+000        0.235563E+001   0.000000E+000
   0.190000E+000        0.232526E+001   0.000000E+000
   0.200000E+000        0.221705E+001   0.000000E+000
   0.210000E+000        0.210488E+001   0.000000E+000
   0.220000E+000        0.196885E+001   0.000000E+000
   0.230000E+000        0.190740E+001   0.000000E+000
   0.240000E+000        0.197648E+001   0.000000E+000
   0.250000E+000        0.219418E+001   0.000000E+000
   0.260000E+000        0.250514E+001   0.000000E+000
   0.270000E+000        0.279127E+001   0.000000E+000
   0.280000E+000        0.272331E+001   0.000000E+000
   0.290000E+000        0.249259E+001   0.000000E+000
   0.300000E+000        0.239241E+001   0.000000E+000
   0.310000E+000        0.236891E+001   0.000000E+000
   0.320000E+000        0.251112E+001   0.000000E+000
   0.330000E+000        0.260085E+001   0.000000E+000
   0.340000E+000        0.235911E+001   0.000000E+000
   0.350000E+000        0.217740E+001   0.000000E+000
   0.360000E+000        0.244086E+001   0.000000E+000
   0.370000E+000        0.285595E+001   0.000000E+000
   0.380000E+000        0.312349E+001   0.000000E+000
   0.390000E+000        0.317829E+001   0.000000E+000
   0.400000E+000        0.302395E+001   0.000000E+000
   0.410000E+000        0.268786E+001   0.000000E+000
   0.420000E+000        0.244036E+001   0.000000E+000
   0.430000E+000        0.236154E+001   0.000000E+000
   0.440000E+000        0.246715E+001   0.000000E+000
   0.450000E+000        0.272409E+001   0.000000E+000
   0.460000E+000        0.311288E+001   0.000000E+000
   0.470000E+000        0.320938E+001   0.000000E+000
   0.480000E+000        0.295849E+001   0.000000E+000
   0.490000E+000        0.277159E+001   0.000000E+000
   0.500000E+000        0.248929E+001   0.000000E+000
   0.510000E+000        0.238657E+001   0.000000E+000
   0.520000E+000        0.282909E+001   0.000000E+000
   0.530000E+000        0.336579E+001   0.000000E+000
   0.540000E+000        0.318595E+001   0.000000E+000
   0.550000E+000        0.275178E+001   0.000000E+000
   0.560000E+000        0.275487E+001   0.000000E+000
   0.570000E+000        0.283312E+001   0.000000E+000
   0.580000E+000        0.265392E+001   0.000000E+000
   0.590000E+000        0.243943E+001   0.000000E+000
   0.600000E+000        0.237729E+001   0.000000E+000
   0.610000E+000        0.233287E+001   0.000000E+000
   0.620000E+000        0.221005E+001   0.000000E+000
   0.630000E+000        0.234529E+001   0.000000E+000
   0.640000E+000        0.304608E+001   0.000000E+000
   0.650000E+000        0.379700E+001   0.000000E+000
   0.660000E+000        0.361707E+001   0.000000E+000
   0.670000E+000        0.292972E+001   0.000000E+000
   0.680000E+000        0.264119E+001   0.000000E+000
   0.690000E+000        0.253394E+001   0.000000E+000
   0.700000E+000        0.243228E+001   0.000000E+000
   0.710000E+000        0.238098E+001   0.000000E+000
   0.720000E+000        0.233676E+001   0.000000E+000
   0.730000E+000        0.233985E+001   0.000000E+000
   0.740000E+000        0.235700E+001   0.000000E+000
   0.750000E+000        0.249028E+001   0.000000E+000
   0.760000E+000        0.276183E+001   0.000000E+000
   0.770000E+000        0.285333E+001   0.000000E+000
   0.780000E+000        0.268691E+001   0.000000E+000
   0.790000E+000        0.250486E+001   0.000000E+000
   0.800000E+000        0.235206E+001   0.000000E+000
   0.810000E+000        0.228105E+001   0.000000E+000
   0.820000E+000        0.240637E+001   0.000000E+000
   0.830000E+000        0.267113E+001   0.000000E+000
   0.840000E+000        0.289121E+001   0.000000E+000
   0.850000E+000        0.296370E+001   0.000000E+000
   0.860000E+000        0.279869E+001   0.000000E+000
   0.870000E+000        0.247729E+001   0.000000E+000
   0.880000E+000        0.219606E+001   0.000000E+000
   0.890000E+000        0.209657E+001   0.000000E+000
   0.900000E+000        0.206202E+001   0.000000E+000
   0.910000E+000        0.200068E+001   0.000000E+000
   0.920000E+000        0.193000E+001   0.000000E+000
   0.930000E+000        0.184855E+001   0.000000E+000
   0.940000E+000        0.186068E+001   0.000000E+000
   0.950000E+000        0.208026E+001   0.000000E+000
   0.960000E+000        0.229533E+001   0.000000E+000
   0.970000E+000        0.230155E+001   0.000000E+000
   0.980000E+000        0.224413E+001   0.000000E+000
   0.990000E+000        0.224171E+001   0.000000E+000
   0.100000E+001        0.226469E+001   0.000000E+000
   0.101000E+001        0.233816E+001   0.000000E+000
   0.102000E+001        0.243126E+001   0.000000E+000
   0.103000E+001        0.241226E+001   0.000000E+000
   0.104000E+001        0.233719E+001   0.000000E+000
   0.105000E+001        0.232683E+001   0.000000E+000
   0.106000E+001        0.228420E+001   0.000000E+000
   0.107000E+001        0.223114E+001   0.000000E+000
   0.108000E+001        0.224256E+001   0.000000E+000
   0.109000E+001        0.221636E+001   0.000000E+000
   0.110000E+001        0.215087E+001   0.000000E+000
   0.111000E+001        0.210804E+001   0.000000E+000
   0.112000E+001        0.213348E+001   0.000000E+000
   0.113000E+001        0.221697E+001   0.000000E+000
   0.114000E+001        0.227328E+001   0.000000E+000
   0.115000E+001        0.219181E+001   0.000000E+000
   0.116000E+001        0.206027E+001   0.000000E+000
   0.117000E+001        0.204839E+001   0.000000E+000
   0.118000E+001        0.206390E+001   0.000000E+000
   0.119000E+001        0.211847E+001   0.000000E+000
   0.120000E+001        0.223962E+001   0.000000E+000
   0.121000E+001        0.231826E+001   0.000000E+000
   0.122000E+001        0.224818E+001   0.000000E+000
   0.123000E+001        0.217373E+001   0.000000E+000
   0.124000E+001        0.209703E+001   0.000000E+000
   0.125000E+001        0.198609E+001   0.000000E+000
   0.126000E+001        0.215167E+001   0.000000E+000
   0.127000E+001        0.248315E+001   0.000000E+000
   0.128000E+001        0.259657E+001   0.000000E+000
   0.129000E+001        0.259585E+001   0.000000E+000
   0.130000E+001        0.251046E+001   0.000000E+000
   0.131000E+001        0.223271E+001   0.000000E+000
   0.132000E+001        0.203616E+001   0.000000E+000
   0.133000E+001        0.203650E+001   0.000000E+000
   0.134000E+001        0.206055E+001   0.000000E+000
   0.135000E+001        0.203774E+001   0.000000E+000
   0.136000E+001        0.205541E+001   0.000000E+000
   0.137000E+001        0.209561E+001   0.000000E+000
   0.138000E+001        0.209505E+001   0.000000E+000
   0.139000E+001        0.203763E+001   0.000000E+000
   0.140000E+001        0.193954E+001   0.000000E+000
   0.141000E+001        0.189348E+001   0.000000E+000
   0.142000E+001        0.197808E+001   0.000000E+000
   0.143000E+001        0.204404E+001   0.000000E+000
   0.144000E+001        0.195371E+001   0.000000E+000
   0.145000E+001        0.190987E+001   0.000000E+000
   0.146000E+001        0.200936E+001   0.000000E+000
   0.147000E+001        0.206407E+001   0.000000E+000
   0.148000E+001        0.205508E+001   0.000000E+000
   0.149000E+001        0.218699E+001   0.000000E+000
   0.150000E+001        0.233408E+001   0.000000E+000
   0.151000E+001        0.233857E+001   0.000000E+000
   0.152000E+001        0.228120E+001   0.000000E+000
   0.153000E+001        0.214224E+001   0.000000E+000
   0.154000E+001        0.212958E+001   0.000000E+000
   0.155000E+001        0.226582E+001   0.000000E+000
   0.156000E+001        0.219379E+001   0.000000E+000
   0.157000E+001        0.211198E+001   0.000000E+000
   0.158000E+001        0.230720E+001   0.000000E+000
   0.159000E+001        0.248861E+001   0.000000E+000
   0.160000E+001        0.240454E+001   0.000000E+000
   0.161000E+001        0.226261E+001   0.000000E+000
   0.162000E+001        0.223820E+001   0.000000E+000
   0.163000E+001        0.226239E+001   0.000000E+000
   0.164000E+001        0.235227E+001   0.000000E+000
   0.165000E+001        0.241670E+001   0.000000E+000
   0.166000E+001        0.238176E+001   0.000000E+000
   0.167000E+001        0.233255E+001   0.000000E+000
   0.168000E+001        0.230113E+001   0.000000E+000
   0.169000E+001        0.224925E+001   0.000000E+000
   0.170000E+001        0.222030E+001   0.000000E+000
   0.171000E+001        0.223671E+001   0.000000E+000
   0.172000E+001        0.224094E+001   0.000000E+000
   0.173000E+001        0.227820E+001   0.000000E+000
   0.174000E+001        0.231983E+001   0.000000E+000
   0.175000E+001        0.239586E+001   0.000000E+000
   0.176000E+001        0.262722E+001   0.000000E+000
   0.177000E+001        0.277053E+001   0.000000E+000
   0.178000E+001        0.269720E+001   0.000000E+000
   0.179000E+001        0.260308E+001   0.000000E+000
   0.180000E+001        0.252022E+001   0.000000E+000
   0.181000E+001        0.252647E+001   0.000000E+000
   0.182000E+001        0.256490E+001   0.000000E+000
   0.183000E+001        0.250991E+001   0.000000E+000
   0.184000E+001        0.239672E+001   0.000000E+000
   0.185000E+001        0.239334E+001   0.000000E+000
   0.186000E+001        0.252121E+001   0.000000E+000
   0.187000E+001        0.267932E+001   0.000000E+000
   0.188000E+001        0.278618E+001   0.000000E+000
   0.189000E+001        0.271122E+001   0.000000E+000
   0.190000E+001        0.254931E+001   0.000000E+000
   0.191000E+001        0.251362E+001   0.000000E+000
   0.192000E+001        0.263154E+001   0.000000E+000
   0.193000E+001        0.266045E+001   0.000000E+000
   0.194000E+001        0.256758E+001   0.000000E+000
   0.195000E+001        0.257349E+001   0.000000E+000
   0.196000E+001        0.264827E+001   0.000000E+000
   0.197000E+001        0.270379E+001   0.000000E+000
   0.198000E+001        0.273342E+001   0.000000E+000
   0.199000E+001        0.278244E+001   0.000000E+000
   0.200000E+001        0.276196E+001   0.000000E+000
Friction component for    1   2
   0.000000E+000       -0.281023E-001   0.000000E+000
   0.100000E-001       -0.436337E-001  -0.104563E-001
   0.200000E-001       -0.957499E-001  -0.377847E-001
   0.300000E-001       -0.150680E+000  -0.748796E-001
   0.400000E-001       -0.124898E+000  -0.793061E-001
   0.500000E-001       -0.105565E+000  -0.916746E-001
   0.600000E-001       -0.170890E+000  -0.930814E-001
   0.700000E-001       -0.212380E+000  -0.495035E-001
   0.800000E-001       -0.144019E+000  -0.566651E-001
   0.900000E-001       -0.899971E-001  -0.107532E+000
   0.100000E+000       -0.122446E+000  -0.765918E-001
   0.110000E+000       -0.460896E-001  -0.142035E-001
   0.120000E+000        0.100024E+000  -0.351475E-001
   0.130000E+000        0.131667E+000  -0.674349E-001
   0.140000E+000        0.110342E+000  -0.706257E-001
   0.150000E+000        0.104986E+000  -0.707771E-001
   0.160000E+000        0.670502E-001  -0.132927E+000
   0.170000E+000        0.333360E-002  -0.219714E+000
   0.180000E+000       -0.327768E-002  -0.235701E+000
   0.190000E+000       -0.114620E-001  -0.150661E+000
   0.200000E+000       -0.102641E+000  -0.143900E-001
   0.210000E+000       -0.188633E+000   0.546132E-001
   0.220000E+000       -0.183754E+000   0.281571E-001
   0.230000E+000       -0.548885E-001  -0.900657E-002
   0.240000E+000        0.600513E-001  -0.449285E-001
   0.250000E+000        0.709397E-001  -0.975280E-001
   0.260000E+000       -0.378977E-001  -0.108027E+000
   0.270000E+000       -0.216361E+000  -0.101626E+000
   0.280000E+000       -0.252884E+000  -0.959269E-001
   0.290000E+000       -0.101152E+000  -0.551448E-001
   0.300000E+000        0.102073E+000  -0.569547E-001
   0.310000E+000        0.256623E+000  -0.146852E+000
   0.320000E+000        0.344802E+000  -0.238163E+000
   0.330000E+000        0.348669E+000  -0.187270E+000
   0.340000E+000        0.171491E+000  -0.488994E-001
   0.350000E+000        0.372718E-001   0.893774E-002
   0.360000E+000       -0.496435E-001   0.646630E-001
   0.370000E+000       -0.257844E+000   0.873077E-001
   0.380000E+000       -0.282050E+000   0.576606E-001
   0.390000E+000        0.128923E+000   0.330967E-001
   0.400000E+000        0.392820E+000   0.444381E-001
   0.410000E+000        0.217346E+000   0.634987E-001
   0.420000E+000       -0.123294E+000   0.360591E-001
   0.430000E+000       -0.474187E+000   0.181196E-001
   0.440000E+000       -0.566820E+000   0.136056E-001
   0.450000E+000       -0.234917E+000  -0.113724E-001
   0.460000E+000        0.199255E+000  -0.745993E-002
   0.470000E+000        0.286775E+000  -0.170274E-001
   0.480000E+000        0.993892E-001  -0.107160E+000
   0.490000E+000       -0.977271E-001  -0.155268E+000
   0.500000E+000       -0.131713E+000  -0.710329E-001
   0.510000E+000       -0.883971E-001   0.198269E-001
   0.520000E+000        0.716104E-001   0.124260E-001
   0.530000E+000        0.332526E+000  -0.583403E-002
   0.540000E+000        0.363136E+000  -0.312548E-002
   0.550000E+000        0.220888E+000  -0.679570E-001
   0.560000E+000        0.776959E-001  -0.120978E+000
   0.570000E+000        0.948698E-002  -0.774347E-001
   0.580000E+000       -0.143600E-001  -0.222994E-001
   0.590000E+000       -0.165789E+000  -0.149470E-001
   0.600000E+000       -0.345172E+000  -0.102655E-001
   0.610000E+000       -0.431118E+000  -0.746065E-001
   0.620000E+000       -0.281703E+000  -0.176688E+000
   0.630000E+000        0.490987E-001  -0.183876E+000
   0.640000E+000        0.322048E+000  -0.128314E+000
   0.650000E+000        0.371230E+000  -0.124716E+000
   0.660000E+000        0.135596E+000  -0.147766E+000
   0.670000E+000        0.289516E-001  -0.143884E+000
   0.680000E+000        0.597425E-001  -0.129766E+000
   0.690000E+000       -0.440085E-002  -0.733779E-001
   0.700000E+000       -0.531732E-001  -0.150236E-001
   0.710000E+000       -0.105856E+000  -0.997312E-002
   0.720000E+000       -0.141587E+000  -0.311487E-001
   0.730000E+000       -0.115903E+000  -0.662975E-001
   0.740000E+000       -0.105827E+000  -0.949455E-001
   0.750000E+000       -0.383173E-001  -0.104576E+000
   0.760000E+000        0.143051E+000  -0.135806E+000
   0.770000E+000        0.158841E+000  -0.163374E+000
   0.780000E+000        0.327105E-001  -0.139079E+000
   0.790000E+000       -0.579946E-001  -0.116008E+000
   0.800000E+000       -0.122117E+000  -0.140829E+000
   0.810000E+000       -0.933185E-001  -0.116706E+000
   0.820000E+000       -0.912310E-001  -0.435081E-001
   0.830000E+000       -0.665080E-001  -0.136725E-001
   0.840000E+000        0.155900E+000  -0.794933E-002
   0.850000E+000        0.308364E+000   0.282247E-001
   0.860000E+000        0.158185E+000   0.461870E-001
   0.870000E+000       -0.217327E-001   0.180122E-001
   0.880000E+000       -0.404828E-001  -0.199787E-001
   0.890000E+000        0.215682E-001  -0.145245E-001
   0.900000E+000        0.484458E-001   0.299663E-001
   0.910000E+000        0.396107E-001   0.359788E-001
   0.920000E+000        0.259249E-001  -0.426472E-002
   0.930000E+000       -0.116968E-001  -0.170597E-001
   0.940000E+000       -0.935680E-001   0.105101E-001
   0.950000E+000       -0.139764E+000   0.432190E-001
   0.960000E+000       -0.804143E-001   0.591288E-001
   0.970000E+000       -0.939491E-002   0.271179E-001
   0.980000E+000       -0.598698E-002  -0.184297E-001
   0.990000E+000       -0.451173E-001  -0.482713E-001
   0.100000E+001       -0.116164E-001  -0.612457E-001
   0.101000E+001        0.663360E-001  -0.299483E-001
   0.102000E+001        0.612285E-001   0.395293E-001
   0.103000E+001        0.606984E-001   0.638643E-001
   0.104000E+001        0.104754E+000   0.455970E-001
   0.105000E+001        0.743175E-001   0.741282E-002
   0.106000E+001        0.139802E-001  -0.282363E-001
   0.107000E+001       -0.148708E-001  -0.264204E-001
   0.108000E+001       -0.151326E-001  -0.182778E-001
   0.109000E+001       -0.227509E-001  -0.281471E-001
   0.110000E+001       -0.597439E-001  -0.733974E-001
   0.111000E+001       -0.555415E-001  -0.116590E+000
   0.112000E+001       -0.283962E-001  -0.125647E+000
   0.113000E+001       -0.918510E-002  -0.111019E+000
   0.114000E+001        0.240673E-001  -0.853039E-001
   0.115000E+001        0.629919E-001  -0.733030E-001
   0.116000E+001        0.551373E-001  -0.418169E-001
   0.117000E+001        0.256525E-001   0.431450E-002
   0.118000E+001       -0.493013E-001   0.162783E-001
   0.119000E+001       -0.125227E+000  -0.112178E-001
   0.120000E+001       -0.101116E+000  -0.427083E-001
   0.121000E+001       -0.793615E-001  -0.420728E-001
   0.122000E+001       -0.975319E-001  -0.876975E-002
   0.123000E+001       -0.966002E-001   0.178455E-002
   0.124000E+001       -0.530025E-001  -0.853888E-003
   0.125000E+001        0.134173E-001   0.226018E-002
   0.126000E+001        0.112913E+000   0.368197E-002
   0.127000E+001        0.232755E+000  -0.568668E-002
   0.128000E+001        0.241374E+000  -0.191667E-001
   0.129000E+001        0.185155E+000  -0.290551E-001
   0.130000E+001        0.977144E-001  -0.231942E-001
   0.131000E+001       -0.534163E-001  -0.161032E-001
   0.132000E+001       -0.988782E-001  -0.395223E-001
   0.133000E+001        0.317012E-004  -0.594580E-001
   0.134000E+001        0.501599E-001  -0.541942E-001
   0.135000E+001       -0.633030E-002  -0.405162E-001
   0.136000E+001       -0.725446E-001  -0.233599E-001
   0.137000E+001       -0.109743E+000  -0.219727E-001
   0.138000E+001       -0.855506E-001  -0.309515E-001
   0.139000E+001       -0.482094E-001  -0.303498E-001
   0.140000E+001       -0.154083E-001  -0.299098E-001
   0.141000E+001        0.283037E-001  -0.588167E-001
   0.142000E+001        0.570890E-001  -0.694876E-001
   0.143000E+001        0.141242E-001  -0.522425E-001
   0.144000E+001       -0.627222E-001  -0.519265E-001
   0.145000E+001       -0.781512E-001  -0.629044E-001
   0.146000E+001       -0.460448E-001  -0.621665E-001
   0.147000E+001       -0.607045E-002  -0.420617E-001
   0.148000E+001        0.245442E-001  -0.155563E-002
   0.149000E+001        0.210737E-001   0.160563E-001
   0.150000E+001       -0.123791E-001  -0.413574E-001
   0.151000E+001       -0.717647E-001  -0.102899E+000
   0.152000E+001       -0.100600E+000  -0.944783E-001
   0.153000E+001       -0.356035E-001  -0.580347E-001
   0.154000E+001        0.100318E+000  -0.553559E-001
   0.155000E+001        0.160607E+000  -0.836269E-001
   0.156000E+001        0.705824E-001  -0.719153E-001
   0.157000E+001        0.205057E-001  -0.324767E-001
   0.158000E+001        0.562220E-001  -0.257200E-001
   0.159000E+001        0.602428E-001  -0.302886E-001
   0.160000E+001        0.315135E-002  -0.248609E-001
   0.161000E+001       -0.198366E-001  -0.333272E-001
   0.162000E+001        0.243077E-001  -0.589860E-001
   0.163000E+001        0.330744E-001  -0.596884E-001
   0.164000E+001        0.109047E-001  -0.520901E-001
   0.165000E+001       -0.138096E-001  -0.536590E-001
   0.166000E+001       -0.630307E-001  -0.329587E-001
   0.167000E+001       -0.960710E-001  -0.129473E-001
   0.168000E+001       -0.899384E-001  -0.186772E-001
   0.169000E+001       -0.976458E-001  -0.171223E-001
   0.170000E+001       -0.103068E+000  -0.537173E-002
   0.171000E+001       -0.849285E-001  -0.258611E-001
   0.172000E+001       -0.438165E-001  -0.573971E-001
   0.173000E+001        0.372333E-001  -0.367225E-001
   0.174000E+001        0.996878E-001  -0.264453E-002
   0.175000E+001        0.118771E+000  -0.175986E-001
   0.176000E+001        0.152023E+000  -0.654476E-001
   0.177000E+001        0.195715E+000  -0.860312E-001
   0.178000E+001        0.151430E+000  -0.723315E-001
   0.179000E+001        0.183421E-001  -0.526255E-001
   0.180000E+001       -0.686831E-001  -0.364343E-001
   0.181000E+001       -0.704380E-001  -0.310451E-001
   0.182000E+001       -0.268729E-001  -0.588176E-001
   0.183000E+001        0.327670E-001  -0.938147E-001
   0.184000E+001       -0.147561E-001  -0.915543E-001
   0.185000E+001       -0.112601E+000  -0.774553E-001
   0.186000E+001       -0.138443E+000  -0.478460E-001
   0.187000E+001       -0.990269E-001  -0.143050E-001
   0.188000E+001       -0.528245E-001  -0.221706E-001
   0.189000E+001       -0.176212E-001  -0.394620E-001
   0.190000E+001        0.213694E-001  -0.415067E-001
   0.191000E+001        0.108952E-001  -0.350150E-001
   0.192000E+001       -0.399339E-001  -0.250096E-001
   0.193000E+001       -0.417080E-001  -0.240511E-001
   0.194000E+001       -0.156955E-001  -0.531044E-001
   0.195000E+001        0.205122E-001  -0.572007E-001
   0.196000E+001        0.647528E-001  -0.266442E-001
   0.197000E+001        0.372516E-001  -0.132846E-001
   0.198000E+001       -0.180435E-002  -0.273740E-001
   0.199000E+001        0.569892E-001  -0.564681E-001
   0.200000E+001        0.958300E-001  -0.809412E-001
Friction component for    1   3
   0.000000E+000        0.232351E-002   0.000000E+000
   0.100000E-001        0.866221E-002   0.140320E-002
   0.200000E-001        0.294343E-001   0.472408E-002
   0.300000E-001        0.350685E-001   0.306714E-002
   0.400000E-001       -0.867730E-003  -0.222521E-001
   0.500000E-001       -0.195486E-001   0.957317E-002
   0.600000E-001        0.222138E-001   0.144855E+000
   0.700000E-001        0.619934E-001   0.244336E+000
   0.800000E-001        0.387279E-001   0.229167E+000
   0.900000E-001        0.462987E-001   0.147638E+000
   0.100000E+000        0.628710E-001   0.228680E+000
   0.110000E+000        0.311463E-001   0.330672E+000
   0.120000E+000        0.148198E-001   0.295736E+000
   0.130000E+000        0.309168E-001   0.358397E+000
   0.140000E+000        0.597530E-001   0.498896E+000
   0.150000E+000        0.653212E-001   0.553145E+000
   0.160000E+000        0.751554E-001   0.545897E+000
   0.170000E+000        0.105809E+000   0.405827E+000
   0.180000E+000        0.109233E+000   0.218642E+000
   0.190000E+000        0.108884E+000   0.151974E+000
   0.200000E+000        0.533792E-001   0.939532E-001
   0.210000E+000       -0.498274E-001   0.124729E-001
   0.220000E+000       -0.662589E-001  -0.110878E+000
   0.230000E+000        0.137533E-001  -0.300081E+000
   0.240000E+000        0.515847E-001  -0.205074E+000
   0.250000E+000        0.180135E-001   0.197193E+000
   0.260000E+000       -0.201927E-001   0.343123E+000
   0.270000E+000       -0.102170E+000   0.395550E-001
   0.280000E+000       -0.137944E+000  -0.238213E+000
   0.290000E+000       -0.697890E-001  -0.277280E+000
   0.300000E+000       -0.236090E-001  -0.155619E+000
   0.310000E+000       -0.964416E-002  -0.446749E-001
   0.320000E+000        0.168888E-001  -0.144671E-001
   0.330000E+000        0.483052E-001   0.750508E-001
   0.340000E+000        0.592725E-001   0.174196E+000
   0.350000E+000        0.686297E-001   0.226137E+000
   0.360000E+000        0.319364E-001   0.211511E+000
   0.370000E+000       -0.358359E-001   0.345856E+000
   0.380000E+000       -0.827707E-001   0.469067E+000
   0.390000E+000       -0.642238E-001   0.310953E+000
   0.400000E+000       -0.225438E-001   0.174430E+000
   0.410000E+000       -0.331950E-002   0.100598E-001
   0.420000E+000       -0.512301E-002  -0.182185E+000
   0.430000E+000        0.309690E-002  -0.251628E+000
   0.440000E+000        0.194442E-001  -0.169225E+000
   0.450000E+000        0.147348E-001  -0.699645E-001
   0.460000E+000        0.151519E-001   0.848117E-004
   0.470000E+000       -0.316635E-002   0.136449E-001
   0.480000E+000       -0.604037E-001  -0.115634E+000
   0.490000E+000       -0.953538E-001  -0.168790E+000
   0.500000E+000       -0.554071E-001  -0.505086E-001
   0.510000E+000        0.181638E-001   0.143377E+000
   0.520000E+000        0.551216E-001   0.214352E+000
   0.530000E+000        0.522240E-001   0.528531E-001
   0.540000E+000        0.728266E-001  -0.123776E+000
   0.550000E+000        0.964708E-001  -0.155473E+000
   0.560000E+000        0.110893E+000  -0.106173E+000
   0.570000E+000        0.438525E-001  -0.397130E-001
   0.580000E+000       -0.730730E-001   0.295429E-001
   0.590000E+000       -0.124957E+000   0.686763E-001
   0.600000E+000       -0.820588E-001   0.129210E+000
   0.610000E+000        0.755666E-002   0.214807E+000
   0.620000E+000        0.480371E-001   0.150046E+000
   0.630000E+000        0.390282E-001   0.423665E-001
   0.640000E+000        0.570824E-001  -0.682698E-001
   0.650000E+000        0.340769E-001  -0.954506E-001
   0.660000E+000       -0.490411E-001   0.145556E+000
   0.670000E+000       -0.527986E-001   0.339101E+000
   0.680000E+000       -0.455831E-001   0.214488E+000
   0.690000E+000       -0.213504E-001  -0.392231E-001
   0.700000E+000        0.349854E-001  -0.170456E+000
   0.710000E+000        0.314985E-001  -0.181491E+000
   0.720000E+000       -0.310222E-001  -0.103819E+000
   0.730000E+000       -0.841818E-001  -0.330156E-001
   0.740000E+000       -0.478836E-001  -0.367498E-001
   0.750000E+000        0.727333E-002  -0.335873E-001
   0.760000E+000        0.152530E-001   0.274057E-001
   0.770000E+000       -0.201900E-002   0.123132E+000
   0.780000E+000        0.440529E-002   0.157744E+000
   0.790000E+000        0.351809E-001   0.112314E+000
   0.800000E+000        0.612119E-001   0.677263E-002
   0.810000E+000        0.953985E-001  -0.523127E-001
   0.820000E+000        0.780591E-001  -0.367178E-001
   0.830000E+000        0.341977E-001  -0.679339E-001
   0.840000E+000       -0.342815E-002  -0.859840E-001
   0.850000E+000       -0.321262E-001  -0.337624E-001
   0.860000E+000       -0.319918E-001  -0.435656E-001
   0.870000E+000       -0.457223E-001  -0.956502E-001
   0.880000E+000       -0.899228E-001  -0.871679E-001
   0.890000E+000       -0.811428E-001  -0.300052E-001
   0.900000E+000       -0.251219E-001  -0.224125E-002
   0.910000E+000       -0.740468E-002  -0.777508E-001
   0.920000E+000        0.222309E-001  -0.207368E+000
   0.930000E+000        0.371962E-001  -0.222311E+000
   0.940000E+000        0.181927E-001  -0.104305E+000
   0.950000E+000        0.193215E-001  -0.111672E-001
   0.960000E+000        0.189798E-001  -0.562540E-002
   0.970000E+000        0.177421E-002  -0.548854E-001
   0.980000E+000       -0.200742E-001  -0.209346E-001
   0.990000E+000       -0.479707E-002   0.520258E-001
   0.100000E+001        0.224417E-001   0.283195E-001
   0.101000E+001        0.189143E-001  -0.396900E-001
   0.102000E+001        0.112747E-001  -0.867140E-001
   0.103000E+001       -0.530332E-002  -0.690219E-001
   0.104000E+001       -0.305411E-001  -0.642723E-001
   0.105000E+001       -0.371772E-001  -0.756966E-001
   0.106000E+001        0.408107E-002  -0.320140E-001
   0.107000E+001        0.797783E-001   0.330566E-001
   0.108000E+001        0.108297E+000   0.499326E-001
   0.109000E+001        0.566648E-001   0.387231E-001
   0.110000E+001       -0.809269E-002   0.582863E-001
   0.111000E+001       -0.560414E-001   0.843219E-001
   0.112000E+001       -0.863515E-001   0.627120E-001
   0.113000E+001       -0.789331E-001   0.452245E-001
   0.114000E+001       -0.369130E-001   0.437093E-001
   0.115000E+001       -0.275370E-003   0.488459E-001
   0.116000E+001        0.262303E-001   0.750026E-001
   0.117000E+001        0.324184E-001   0.101969E+000
   0.118000E+001       -0.680478E-003   0.773125E-001
   0.119000E+001       -0.421872E-002   0.410795E-001
   0.120000E+001        0.235572E-001   0.794735E-001
   0.121000E+001        0.177424E-001   0.117824E+000
   0.122000E+001        0.946171E-002   0.844014E-001
   0.123000E+001        0.375538E-001   0.710748E-001
   0.124000E+001        0.471797E-001   0.906272E-001
   0.125000E+001        0.129171E-001   0.576333E-001
   0.126000E+001       -0.236928E-001   0.149145E-001
   0.127000E+001       -0.249597E-001   0.192749E-001
   0.128000E+001       -0.259170E-001  -0.610262E-002
   0.129000E+001       -0.461446E-001  -0.227899E-001
   0.130000E+001       -0.497397E-001   0.186224E-001
   0.131000E+001       -0.221785E-001   0.371291E-001
   0.132000E+001        0.341084E-002   0.354848E-001
   0.133000E+001        0.522347E-002   0.117144E-001
   0.134000E+001        0.910651E-002  -0.326705E-001
   0.135000E+001        0.124221E-001  -0.418840E-001
   0.136000E+001       -0.551729E-002  -0.412690E-001
   0.137000E+001       -0.282047E-001  -0.179997E-001
   0.138000E+001       -0.315995E-001   0.277802E-001
   0.139000E+001       -0.102551E-001   0.221808E-001
   0.140000E+001        0.183978E-001  -0.144018E-001
   0.141000E+001        0.324820E-001  -0.132091E-001
   0.142000E+001        0.313826E-001   0.103217E-003
   0.143000E+001        0.640463E-002  -0.451423E-001
   0.144000E+001       -0.118451E-001  -0.887185E-001
   0.145000E+001        0.288337E-001  -0.796380E-001
   0.146000E+001        0.553252E-001  -0.506582E-001
   0.147000E+001        0.104566E-001  -0.240367E-001
   0.148000E+001       -0.397755E-001  -0.327362E-001
   0.149000E+001       -0.364388E-001  -0.358450E-001
   0.150000E+001        0.169311E-001   0.129784E-001
   0.151000E+001        0.625007E-001   0.583037E-001
   0.152000E+001        0.520191E-001   0.641571E-001
   0.153000E+001        0.157488E-001   0.180239E-001
   0.154000E+001        0.119061E-001  -0.486601E-001
   0.155000E+001        0.390675E-001  -0.367546E-001
   0.156000E+001        0.361177E-001   0.211350E-001
   0.157000E+001       -0.143233E-001  -0.178443E-001
   0.158000E+001       -0.574778E-001  -0.604226E-001
   0.159000E+001       -0.616002E-001  -0.586090E-001
   0.160000E+001       -0.334328E-001  -0.652172E-001
   0.161000E+001       -0.279662E-001  -0.694887E-001
   0.162000E+001       -0.401769E-001  -0.957282E-001
   0.163000E+001       -0.379611E-001  -0.154337E+000
   0.164000E+001       -0.484894E-001  -0.182939E+000
   0.165000E+001       -0.428306E-001  -0.122486E+000
   0.166000E+001        0.524657E-002  -0.840338E-001
   0.167000E+001        0.412692E-001  -0.927753E-001
   0.168000E+001        0.261530E-001  -0.653744E-001
   0.169000E+001        0.303905E-003  -0.382625E-001
   0.170000E+001        0.735263E-002  -0.667218E-001
   0.171000E+001        0.125826E-001  -0.750446E-001
   0.172000E+001        0.172743E-001  -0.534705E-001
   0.173000E+001        0.442679E-001  -0.406537E-001
   0.174000E+001        0.774195E-001  -0.413226E-001
   0.175000E+001        0.680637E-001  -0.308984E-001
   0.176000E+001        0.213358E-001  -0.298147E-001
   0.177000E+001       -0.641997E-002  -0.226532E-001
   0.178000E+001       -0.225579E-001  -0.123122E-001
   0.179000E+001       -0.514108E-001  -0.561914E-001
   0.180000E+001       -0.563120E-001  -0.123334E+000
   0.181000E+001       -0.432440E-001  -0.133916E+000
   0.182000E+001       -0.214437E-001  -0.849266E-001
   0.183000E+001        0.166335E-001  -0.551539E-001
   0.184000E+001        0.246599E-001  -0.499908E-001
   0.185000E+001       -0.225606E-002  -0.502536E-001
   0.186000E+001       -0.726062E-002  -0.463865E-001
   0.187000E+001       -0.891132E-002  -0.301303E-001
   0.188000E+001       -0.160747E-001  -0.203118E-002
   0.189000E+001       -0.688488E-002   0.921517E-002
   0.190000E+001        0.785757E-002  -0.812335E-002
   0.191000E+001        0.218921E-001  -0.594318E-001
   0.192000E+001        0.823128E-002  -0.717405E-001
   0.193000E+001       -0.199727E-001  -0.353061E-001
   0.194000E+001       -0.214434E-001  -0.338377E-001
   0.195000E+001        0.829268E-002  -0.689729E-001
   0.196000E+001        0.304585E-001  -0.869378E-001
   0.197000E+001        0.248883E-001  -0.777810E-001
   0.198000E+001        0.579392E-002  -0.734047E-001
   0.199000E+001       -0.129664E-001  -0.746973E-001
   0.200000E+001       -0.126944E-001  -0.519565E-001
Friction component for    2   2
   0.000000E+000        0.872189E-001   0.000000E+000
   0.100000E-001        0.153981E+000   0.000000E+000
   0.200000E-001        0.349346E+000   0.000000E+000
   0.300000E-001        0.593548E+000   0.000000E+000
   0.400000E-001        0.757105E+000   0.000000E+000
   0.500000E-001        0.980870E+000   0.000000E+000
   0.600000E-001        0.132246E+001   0.000000E+000
   0.700000E-001        0.158472E+001   0.000000E+000
   0.800000E-001        0.180542E+001   0.000000E+000
   0.900000E-001        0.235904E+001   0.000000E+000
   0.100000E+000        0.295430E+001   0.000000E+000
   0.110000E+000        0.291580E+001   0.000000E+000
   0.120000E+000        0.248382E+001   0.000000E+000
   0.130000E+000        0.214835E+001   0.000000E+000
   0.140000E+000        0.206784E+001   0.000000E+000
   0.150000E+000        0.219384E+001   0.000000E+000
   0.160000E+000        0.234972E+001   0.000000E+000
   0.170000E+000        0.236168E+001   0.000000E+000
   0.180000E+000        0.236340E+001   0.000000E+000
   0.190000E+000        0.234765E+001   0.000000E+000
   0.200000E+000        0.234240E+001   0.000000E+000
   0.210000E+000        0.232536E+001   0.000000E+000
   0.220000E+000        0.218083E+001   0.000000E+000
   0.230000E+000        0.197173E+001   0.000000E+000
   0.240000E+000        0.191049E+001   0.000000E+000
   0.250000E+000        0.211251E+001   0.000000E+000
   0.260000E+000        0.254587E+001   0.000000E+000
   0.270000E+000        0.304159E+001   0.000000E+000
   0.280000E+000        0.302272E+001   0.000000E+000
   0.290000E+000        0.261783E+001   0.000000E+000
   0.300000E+000        0.227482E+001   0.000000E+000
   0.310000E+000        0.207171E+001   0.000000E+000
   0.320000E+000        0.211762E+001   0.000000E+000
   0.330000E+000        0.220594E+001   0.000000E+000
   0.340000E+000        0.216336E+001   0.000000E+000
   0.350000E+000        0.213984E+001   0.000000E+000
   0.360000E+000        0.250509E+001   0.000000E+000
   0.370000E+000        0.315222E+001   0.000000E+000
   0.380000E+000        0.343946E+001   0.000000E+000
   0.390000E+000        0.301674E+001   0.000000E+000
   0.400000E+000        0.256580E+001   0.000000E+000
   0.410000E+000        0.244137E+001   0.000000E+000
   0.420000E+000        0.258506E+001   0.000000E+000
   0.430000E+000        0.290824E+001   0.000000E+000
   0.440000E+000        0.312690E+001   0.000000E+000
   0.450000E+000        0.300267E+001   0.000000E+000
   0.460000E+000        0.288708E+001   0.000000E+000
   0.470000E+000        0.287803E+001   0.000000E+000
   0.480000E+000        0.284447E+001   0.000000E+000
   0.490000E+000        0.289174E+001   0.000000E+000
   0.500000E+000        0.264695E+001   0.000000E+000
   0.510000E+000        0.248887E+001   0.000000E+000
   0.520000E+000        0.275043E+001   0.000000E+000
   0.530000E+000        0.299062E+001   0.000000E+000
   0.540000E+000        0.276724E+001   0.000000E+000
   0.550000E+000        0.248773E+001   0.000000E+000
   0.560000E+000        0.265988E+001   0.000000E+000
   0.570000E+000        0.282483E+001   0.000000E+000
   0.580000E+000        0.267716E+001   0.000000E+000
   0.590000E+000        0.263173E+001   0.000000E+000
   0.600000E+000        0.277264E+001   0.000000E+000
   0.610000E+000        0.282722E+001   0.000000E+000
   0.620000E+000        0.253403E+001   0.000000E+000
   0.630000E+000        0.229345E+001   0.000000E+000
   0.640000E+000        0.268185E+001   0.000000E+000
   0.650000E+000        0.337349E+001   0.000000E+000
   0.660000E+000        0.345629E+001   0.000000E+000
   0.670000E+000        0.289026E+001   0.000000E+000
   0.680000E+000        0.257014E+001   0.000000E+000
   0.690000E+000        0.253786E+001   0.000000E+000
   0.700000E+000        0.249492E+001   0.000000E+000
   0.710000E+000        0.250668E+001   0.000000E+000
   0.720000E+000        0.250317E+001   0.000000E+000
   0.730000E+000        0.247396E+001   0.000000E+000
   0.740000E+000        0.247738E+001   0.000000E+000
   0.750000E+000        0.253558E+001   0.000000E+000
   0.760000E+000        0.260000E+001   0.000000E+000
   0.770000E+000        0.267277E+001   0.000000E+000
   0.780000E+000        0.265157E+001   0.000000E+000
   0.790000E+000        0.257582E+001   0.000000E+000
   0.800000E+000        0.249791E+001   0.000000E+000
   0.810000E+000        0.239141E+001   0.000000E+000
   0.820000E+000        0.251089E+001   0.000000E+000
   0.830000E+000        0.274919E+001   0.000000E+000
   0.840000E+000        0.271568E+001   0.000000E+000
   0.850000E+000        0.260944E+001   0.000000E+000
   0.860000E+000        0.261358E+001   0.000000E+000
   0.870000E+000        0.250148E+001   0.000000E+000
   0.880000E+000        0.224380E+001   0.000000E+000
   0.890000E+000        0.207298E+001   0.000000E+000
   0.900000E+000        0.201039E+001   0.000000E+000
   0.910000E+000        0.196042E+001   0.000000E+000
   0.920000E+000        0.190261E+001   0.000000E+000
   0.930000E+000        0.186120E+001   0.000000E+000
   0.940000E+000        0.196789E+001   0.000000E+000
   0.950000E+000        0.224465E+001   0.000000E+000
   0.960000E+000        0.239025E+001   0.000000E+000
   0.970000E+000        0.231135E+001   0.000000E+000
   0.980000E+000        0.225170E+001   0.000000E+000
   0.990000E+000        0.229651E+001   0.000000E+000
   0.100000E+001        0.228284E+001   0.000000E+000
   0.101000E+001        0.226954E+001   0.000000E+000
   0.102000E+001        0.236615E+001   0.000000E+000
   0.103000E+001        0.234253E+001   0.000000E+000
   0.104000E+001        0.221566E+001   0.000000E+000
   0.105000E+001        0.223999E+001   0.000000E+000
   0.106000E+001        0.226639E+001   0.000000E+000
   0.107000E+001        0.224863E+001   0.000000E+000
   0.108000E+001        0.226231E+001   0.000000E+000
   0.109000E+001        0.224546E+001   0.000000E+000
   0.110000E+001        0.222471E+001   0.000000E+000
   0.111000E+001        0.217665E+001   0.000000E+000
   0.112000E+001        0.216685E+001   0.000000E+000
   0.113000E+001        0.222850E+001   0.000000E+000
   0.114000E+001        0.224762E+001   0.000000E+000
   0.115000E+001        0.211991E+001   0.000000E+000
   0.116000E+001        0.199803E+001   0.000000E+000
   0.117000E+001        0.202270E+001   0.000000E+000
   0.118000E+001        0.212359E+001   0.000000E+000
   0.119000E+001        0.226190E+001   0.000000E+000
   0.120000E+001        0.235533E+001   0.000000E+000
   0.121000E+001        0.241050E+001   0.000000E+000
   0.122000E+001        0.236174E+001   0.000000E+000
   0.123000E+001        0.228744E+001   0.000000E+000
   0.124000E+001        0.215928E+001   0.000000E+000
   0.125000E+001        0.197105E+001   0.000000E+000
   0.126000E+001        0.202386E+001   0.000000E+000
   0.127000E+001        0.221591E+001   0.000000E+000
   0.128000E+001        0.231610E+001   0.000000E+000
   0.129000E+001        0.238046E+001   0.000000E+000
   0.130000E+001        0.239890E+001   0.000000E+000
   0.131000E+001        0.229611E+001   0.000000E+000
   0.132000E+001        0.215144E+001   0.000000E+000
   0.133000E+001        0.203621E+001   0.000000E+000
   0.134000E+001        0.200053E+001   0.000000E+000
   0.135000E+001        0.204447E+001   0.000000E+000
   0.136000E+001        0.214037E+001   0.000000E+000
   0.137000E+001        0.222317E+001   0.000000E+000
   0.138000E+001        0.219555E+001   0.000000E+000
   0.139000E+001        0.209622E+001   0.000000E+000
   0.140000E+001        0.195963E+001   0.000000E+000
   0.141000E+001        0.186353E+001   0.000000E+000
   0.142000E+001        0.191629E+001   0.000000E+000
   0.143000E+001        0.202904E+001   0.000000E+000
   0.144000E+001        0.202468E+001   0.000000E+000
   0.145000E+001        0.199941E+001   0.000000E+000
   0.146000E+001        0.206243E+001   0.000000E+000
   0.147000E+001        0.207191E+001   0.000000E+000
   0.148000E+001        0.202925E+001   0.000000E+000
   0.149000E+001        0.216683E+001   0.000000E+000
   0.150000E+001        0.235160E+001   0.000000E+000
   0.151000E+001        0.242290E+001   0.000000E+000
   0.152000E+001        0.239940E+001   0.000000E+000
   0.153000E+001        0.218654E+001   0.000000E+000
   0.154000E+001        0.201703E+001   0.000000E+000
   0.155000E+001        0.208164E+001   0.000000E+000
   0.156000E+001        0.211183E+001   0.000000E+000
   0.157000E+001        0.208932E+001   0.000000E+000
   0.158000E+001        0.224278E+001   0.000000E+000
   0.159000E+001        0.241900E+001   0.000000E+000
   0.160000E+001        0.240260E+001   0.000000E+000
   0.161000E+001        0.228927E+001   0.000000E+000
   0.162000E+001        0.221292E+001   0.000000E+000
   0.163000E+001        0.222481E+001   0.000000E+000
   0.164000E+001        0.234119E+001   0.000000E+000
   0.165000E+001        0.243539E+001   0.000000E+000
   0.166000E+001        0.245762E+001   0.000000E+000
   0.167000E+001        0.244480E+001   0.000000E+000
   0.168000E+001        0.240552E+001   0.000000E+000
   0.169000E+001        0.236160E+001   0.000000E+000
   0.170000E+001        0.233990E+001   0.000000E+000
   0.171000E+001        0.233671E+001   0.000000E+000
   0.172000E+001        0.229499E+001   0.000000E+000
   0.173000E+001        0.223680E+001   0.000000E+000
   0.174000E+001        0.220506E+001   0.000000E+000
   0.175000E+001        0.226194E+001   0.000000E+000
   0.176000E+001        0.245482E+001   0.000000E+000
   0.177000E+001        0.254475E+001   0.000000E+000
   0.178000E+001        0.252331E+001   0.000000E+000
   0.179000E+001        0.258412E+001   0.000000E+000
   0.180000E+001        0.260125E+001   0.000000E+000
   0.181000E+001        0.261189E+001   0.000000E+000
   0.182000E+001        0.259989E+001   0.000000E+000
   0.183000E+001        0.247396E+001   0.000000E+000
   0.184000E+001        0.241410E+001   0.000000E+000
   0.185000E+001        0.252596E+001   0.000000E+000
   0.186000E+001        0.268564E+001   0.000000E+000
   0.187000E+001        0.279657E+001   0.000000E+000
   0.188000E+001        0.284872E+001   0.000000E+000
   0.189000E+001        0.273117E+001   0.000000E+000
   0.190000E+001        0.252380E+001   0.000000E+000
   0.191000E+001        0.250394E+001   0.000000E+000
   0.192000E+001        0.268416E+001   0.000000E+000
   0.193000E+001        0.271074E+001   0.000000E+000
   0.194000E+001        0.258448E+001   0.000000E+000
   0.195000E+001        0.254924E+001   0.000000E+000
   0.196000E+001        0.257297E+001   0.000000E+000
   0.197000E+001        0.266073E+001   0.000000E+000
   0.198000E+001        0.273843E+001   0.000000E+000
   0.199000E+001        0.272159E+001   0.000000E+000
   0.200000E+001        0.265472E+001   0.000000E+000
Friction component for    2   3
   0.000000E+000        0.138131E-002   0.000000E+000
   0.100000E-001        0.536618E-002   0.119220E-003
   0.200000E-001        0.177600E-001  -0.145199E-001
   0.300000E-001        0.207482E-001  -0.255834E-001
   0.400000E-001       -0.168704E-003   0.298933E-001
   0.500000E-001       -0.108030E-001   0.107122E+000
   0.600000E-001        0.134610E-001   0.123635E+000
   0.700000E-001        0.364967E-001   0.133405E+000
   0.800000E-001        0.216997E-001   0.213408E+000
   0.900000E-001        0.243234E-001   0.452864E+000
   0.100000E+000        0.341014E-001   0.715851E+000
   0.110000E+000        0.177022E-001   0.735750E+000
   0.120000E+000        0.942669E-002   0.576366E+000
   0.130000E+000        0.182969E-001   0.383108E+000
   0.140000E+000        0.346549E-001   0.207421E+000
   0.150000E+000        0.378099E-001   0.643684E-001
   0.160000E+000        0.435232E-001  -0.542955E-001
   0.170000E+000        0.608800E-001  -0.753029E-001
   0.180000E+000        0.618260E-001   0.667573E-001
   0.190000E+000        0.615361E-001   0.171893E+000
   0.200000E+000        0.304364E-001   0.211445E+000
   0.210000E+000       -0.281292E-001   0.185437E+000
   0.220000E+000       -0.363361E-001   0.572495E-001
   0.230000E+000        0.921543E-002  -0.139265E-001
   0.240000E+000        0.303007E-001   0.561080E-001
   0.250000E+000        0.125302E-001   0.127428E+000
   0.260000E+000       -0.860954E-002   0.199987E+000
   0.270000E+000       -0.560039E-001   0.125354E+000
   0.280000E+000       -0.769981E-001  -0.892570E-001
   0.290000E+000       -0.394675E-001  -0.631377E-001
   0.300000E+000       -0.135461E-001   0.729573E-001
   0.310000E+000       -0.442155E-002   0.148009E+000
   0.320000E+000        0.113683E-001   0.130116E+000
   0.330000E+000        0.287407E-001   0.169139E-001
   0.340000E+000        0.342300E-001  -0.189556E-001
   0.350000E+000        0.395481E-001   0.175068E+000
   0.360000E+000        0.181847E-001   0.473957E+000
   0.370000E+000       -0.209775E-001   0.562171E+000
   0.380000E+000       -0.483788E-001   0.584177E+000
   0.390000E+000       -0.373368E-001   0.468737E+000
   0.400000E+000       -0.126157E-001   0.168467E+000
   0.410000E+000       -0.145341E-002  -0.332160E-001
   0.420000E+000       -0.267318E-002  -0.929118E-001
   0.430000E+000        0.231612E-002  -0.298614E-001
   0.440000E+000        0.111551E-001   0.343394E-001
   0.450000E+000        0.908349E-002  -0.988025E-001
   0.460000E+000        0.100426E-001  -0.150497E+000
   0.470000E+000       -0.174354E-002  -0.933695E-001
   0.480000E+000       -0.351166E-001  -0.686450E-001
   0.490000E+000       -0.534581E-001  -0.161455E-001
   0.500000E+000       -0.298159E-001   0.286397E-001
   0.510000E+000        0.109270E-001   0.136660E+000
   0.520000E+000        0.311394E-001   0.316990E+000
   0.530000E+000        0.297159E-001   0.381008E+000
   0.540000E+000        0.417003E-001   0.336507E+000
   0.550000E+000        0.556559E-001   0.281869E+000
   0.560000E+000        0.636996E-001   0.253990E+000
   0.570000E+000        0.235651E-001   0.161597E+000
   0.580000E+000       -0.449220E-001  -0.167148E-001
   0.590000E+000       -0.746513E-001  -0.855427E-001
   0.600000E+000       -0.497227E-001  -0.447435E-002
   0.610000E+000        0.159466E-002   0.136112E+000
   0.620000E+000        0.249012E-001   0.149300E+000
   0.630000E+000        0.197060E-001  -0.191156E-001
   0.640000E+000        0.310416E-001  -0.930359E-001
   0.650000E+000        0.186211E-001   0.633126E-001
   0.660000E+000       -0.295664E-001   0.151339E+000
   0.670000E+000       -0.330031E-001   0.153414E+000
   0.680000E+000       -0.287159E-001   0.115667E+000
   0.690000E+000       -0.137651E-001   0.280493E-001
   0.700000E+000        0.182433E-001   0.408310E-001
   0.710000E+000        0.156233E-001   0.108527E+000
   0.720000E+000       -0.199981E-001   0.121647E+000
   0.730000E+000       -0.493871E-001   0.132374E+000
   0.740000E+000       -0.282114E-001   0.129957E+000
   0.750000E+000        0.284355E-002   0.255911E-001
   0.760000E+000        0.726068E-002  -0.105755E+000
   0.770000E+000       -0.264233E-002  -0.107972E+000
   0.780000E+000        0.118508E-002  -0.178072E-001
   0.790000E+000        0.188081E-001  -0.281637E-001
   0.800000E+000        0.336912E-001  -0.779266E-001
   0.810000E+000        0.532484E-001  -0.102114E+000
   0.820000E+000        0.436505E-001  -0.129606E+000
   0.830000E+000        0.185860E-001  -0.412396E-001
   0.840000E+000       -0.329443E-002   0.158768E+000
   0.850000E+000       -0.195816E-001   0.246438E+000
   0.860000E+000       -0.192607E-001   0.954215E-001
   0.870000E+000       -0.273107E-001  -0.679264E-002
   0.880000E+000       -0.524557E-001  -0.327818E-001
   0.890000E+000       -0.473422E-001  -0.220693E-001
   0.900000E+000       -0.158849E-001   0.240629E-001
   0.910000E+000       -0.557269E-002   0.556026E-001
   0.920000E+000        0.121918E-001   0.709470E-001
   0.930000E+000        0.210100E-001   0.702840E-001
   0.940000E+000        0.103741E-001  -0.450480E-002
   0.950000E+000        0.111940E-001  -0.679790E-001
   0.960000E+000        0.113163E-001  -0.357580E-001
   0.970000E+000        0.159377E-002  -0.194873E-001
   0.980000E+000       -0.111828E-001  -0.693852E-001
   0.990000E+000       -0.253448E-002  -0.123325E+000
   0.100000E+001        0.128486E-001  -0.112088E+000
   0.101000E+001        0.103548E-001  -0.856221E-001
   0.102000E+001        0.616077E-002  -0.547651E-001
   0.103000E+001       -0.286375E-002   0.119291E-002
   0.104000E+001       -0.177109E-001   0.560608E-001
   0.105000E+001       -0.219961E-001   0.700368E-001
   0.106000E+001        0.152766E-002   0.567107E-001
   0.107000E+001        0.447838E-001   0.788840E-001
   0.108000E+001        0.607347E-001   0.783892E-001
   0.109000E+001        0.308545E-001   0.603715E-001
   0.110000E+001       -0.608551E-002   0.787037E-001
   0.111000E+001       -0.339669E-001   0.782705E-001
   0.112000E+001       -0.516210E-001   0.453198E-001
   0.113000E+001       -0.467380E-001   0.192889E-001
   0.114000E+001       -0.225608E-001   0.555247E-002
   0.115000E+001       -0.119974E-002  -0.215682E-001
   0.116000E+001        0.148275E-001  -0.485781E-001
   0.117000E+001        0.182738E-001  -0.272055E-001
   0.118000E+001       -0.130957E-002  -0.637771E-003
   0.119000E+001       -0.299196E-002  -0.476190E-001
   0.120000E+001        0.129648E-001  -0.284553E-001
   0.121000E+001        0.850194E-002   0.907170E-001
   0.122000E+001        0.364085E-002   0.102388E+000
   0.123000E+001        0.202333E-001  -0.332727E-001
   0.124000E+001        0.255272E-001  -0.978625E-001
   0.125000E+001        0.585938E-002  -0.971701E-002
   0.126000E+001       -0.146848E-001   0.104400E+000
   0.127000E+001       -0.152703E-001   0.896263E-001
   0.128000E+001       -0.165299E-001   0.100310E-001
   0.129000E+001       -0.286257E-001   0.152573E-001
   0.130000E+001       -0.300802E-001   0.153154E-001
   0.131000E+001       -0.137096E-001  -0.593947E-001
   0.132000E+001        0.762350E-003  -0.212035E-001
   0.133000E+001        0.127664E-002   0.998866E-001
   0.134000E+001        0.356232E-002   0.109851E+000
   0.135000E+001        0.555199E-002   0.340793E-001
   0.136000E+001       -0.486078E-002  -0.609158E-002
   0.137000E+001       -0.176223E-001   0.525523E-001
   0.138000E+001       -0.191308E-001   0.855235E-001
   0.139000E+001       -0.666125E-002   0.523373E-001
   0.140000E+001        0.964192E-002   0.483752E-001
   0.141000E+001        0.173297E-001   0.693420E-001
   0.142000E+001        0.165499E-001   0.875928E-001
   0.143000E+001        0.194049E-002   0.868461E-001
   0.144000E+001       -0.892423E-002   0.744572E-001
   0.145000E+001        0.141717E-001   0.630333E-001
   0.146000E+001        0.296263E-001   0.520591E-001
   0.147000E+001        0.408342E-002   0.470259E-001
   0.148000E+001       -0.251884E-001   0.579591E-001
   0.149000E+001       -0.230968E-001   0.681588E-001
   0.150000E+001        0.844206E-002   0.222168E-001
   0.151000E+001        0.343647E-001   0.715550E-002
   0.152000E+001        0.279117E-001   0.753644E-001
   0.153000E+001        0.728147E-002   0.103242E+000
   0.154000E+001        0.526334E-002   0.352061E-001
   0.155000E+001        0.208482E-001  -0.379940E-001
   0.156000E+001        0.192145E-001  -0.931074E-001
   0.157000E+001       -0.967006E-002  -0.904820E-001
   0.158000E+001       -0.345674E-001  -0.436551E-001
   0.159000E+001       -0.375672E-001  -0.258987E-001
   0.160000E+001       -0.214984E-001  -0.104063E-001
   0.161000E+001       -0.176356E-001   0.908810E-002
   0.162000E+001       -0.244501E-001   0.113082E-001
   0.163000E+001       -0.234834E-001   0.356090E-001
   0.164000E+001       -0.296235E-001   0.479744E-001
   0.165000E+001       -0.261231E-001   0.577087E-001
   0.166000E+001        0.137222E-002   0.926051E-001
   0.167000E+001        0.221657E-001   0.118726E+000
   0.168000E+001        0.136238E-001   0.117952E+000
   0.169000E+001       -0.147915E-002   0.820934E-001
   0.170000E+001        0.217287E-002   0.236468E-001
   0.171000E+001        0.557823E-002  -0.213219E-001
   0.172000E+001        0.894843E-002  -0.358528E-001
   0.173000E+001        0.249196E-001  -0.403713E-001
   0.174000E+001        0.442410E-001  -0.531215E-001
   0.175000E+001        0.386896E-001  -0.706246E-001
   0.176000E+001        0.113744E-001  -0.976601E-001
   0.177000E+001       -0.517409E-002  -0.560923E-001
   0.178000E+001       -0.146693E-001  -0.281092E-002
   0.179000E+001       -0.308583E-001  -0.571186E-004
   0.180000E+001       -0.333984E-001  -0.194788E-001
   0.181000E+001       -0.260170E-001  -0.493550E-001
   0.182000E+001       -0.133082E-001  -0.397013E-001
   0.183000E+001        0.873378E-002  -0.351948E-001
   0.184000E+001        0.130573E-001  -0.484323E-001
   0.185000E+001       -0.262333E-002  -0.212320E-001
   0.186000E+001       -0.558346E-002  -0.147273E-001
   0.187000E+001       -0.630968E-002  -0.470172E-001
   0.188000E+001       -0.990017E-002  -0.447065E-001
   0.189000E+001       -0.426785E-002  -0.154182E-003
   0.190000E+001        0.382614E-002   0.274345E-001
   0.191000E+001        0.112808E-001   0.855778E-002
   0.192000E+001        0.331750E-002  -0.579551E-001
   0.193000E+001       -0.125796E-001  -0.833701E-001
   0.194000E+001       -0.134416E-001  -0.530963E-001
   0.195000E+001        0.354678E-002  -0.411282E-001
   0.196000E+001        0.163771E-001  -0.340771E-001
   0.197000E+001        0.132589E-001  -0.972277E-003
   0.198000E+001        0.223610E-002   0.468627E-001
   0.199000E+001       -0.849881E-002   0.827712E-001
   0.200000E+001       -0.795276E-002   0.536089E-001
Friction component for    3   3
   0.000000E+000        0.625847E-001   0.000000E+000
   0.100000E-001        0.153573E+000   0.000000E+000
   0.200000E-001        0.403979E+000   0.000000E+000
   0.300000E-001        0.568114E+000   0.000000E+000
   0.400000E-001        0.576881E+000   0.000000E+000
   0.500000E-001        0.740870E+000   0.000000E+000
   0.600000E-001        0.122862E+001   0.000000E+000
   0.700000E-001        0.168473E+001   0.000000E+000
   0.800000E-001        0.156989E+001   0.000000E+000
   0.900000E-001        0.158746E+001   0.000000E+000
   0.100000E+000        0.192221E+001   0.000000E+000
   0.110000E+000        0.192731E+001   0.000000E+000
   0.120000E+000        0.163261E+001   0.000000E+000
   0.130000E+000        0.142899E+001   0.000000E+000
   0.140000E+000        0.148336E+001   0.000000E+000
   0.150000E+000        0.168168E+001   0.000000E+000
   0.160000E+000        0.182183E+001   0.000000E+000
   0.170000E+000        0.176672E+001   0.000000E+000
   0.180000E+000        0.179626E+001   0.000000E+000
   0.190000E+000        0.192860E+001   0.000000E+000
   0.200000E+000        0.200493E+001   0.000000E+000
   0.210000E+000        0.209839E+001   0.000000E+000
   0.220000E+000        0.237338E+001   0.000000E+000
   0.230000E+000        0.286080E+001   0.000000E+000
   0.240000E+000        0.288838E+001   0.000000E+000
   0.250000E+000        0.262155E+001   0.000000E+000
   0.260000E+000        0.256016E+001   0.000000E+000
   0.270000E+000        0.276137E+001   0.000000E+000
   0.280000E+000        0.266470E+001   0.000000E+000
   0.290000E+000        0.207373E+001   0.000000E+000
   0.300000E+000        0.177811E+001   0.000000E+000
   0.310000E+000        0.191888E+001   0.000000E+000
   0.320000E+000        0.202496E+001   0.000000E+000
   0.330000E+000        0.179613E+001   0.000000E+000
   0.340000E+000        0.148331E+001   0.000000E+000
   0.350000E+000        0.161010E+001   0.000000E+000
   0.360000E+000        0.242068E+001   0.000000E+000
   0.370000E+000        0.344907E+001   0.000000E+000
   0.380000E+000        0.388089E+001   0.000000E+000
   0.390000E+000        0.324696E+001   0.000000E+000
   0.400000E+000        0.231889E+001   0.000000E+000
   0.410000E+000        0.175158E+001   0.000000E+000
   0.420000E+000        0.182620E+001   0.000000E+000
   0.430000E+000        0.208616E+001   0.000000E+000
   0.440000E+000        0.215124E+001   0.000000E+000
   0.450000E+000        0.219296E+001   0.000000E+000
   0.460000E+000        0.208791E+001   0.000000E+000
   0.470000E+000        0.209245E+001   0.000000E+000
   0.480000E+000        0.257661E+001   0.000000E+000
   0.490000E+000        0.302367E+001   0.000000E+000
   0.500000E+000        0.271708E+001   0.000000E+000
   0.510000E+000        0.266052E+001   0.000000E+000
   0.520000E+000        0.313473E+001   0.000000E+000
   0.530000E+000        0.298889E+001   0.000000E+000
   0.540000E+000        0.234088E+001   0.000000E+000
   0.550000E+000        0.205784E+001   0.000000E+000
   0.560000E+000        0.219640E+001   0.000000E+000
   0.570000E+000        0.250205E+001   0.000000E+000
   0.580000E+000        0.260514E+001   0.000000E+000
   0.590000E+000        0.221057E+001   0.000000E+000
   0.600000E+000        0.197722E+001   0.000000E+000
   0.610000E+000        0.210360E+001   0.000000E+000
   0.620000E+000        0.209051E+001   0.000000E+000
   0.630000E+000        0.202966E+001   0.000000E+000
   0.640000E+000        0.233299E+001   0.000000E+000
   0.650000E+000        0.277606E+001   0.000000E+000
   0.660000E+000        0.273087E+001   0.000000E+000
   0.670000E+000        0.233990E+001   0.000000E+000
   0.680000E+000        0.215849E+001   0.000000E+000
   0.690000E+000        0.213673E+001   0.000000E+000
   0.700000E+000        0.196251E+001   0.000000E+000
   0.710000E+000        0.179651E+001   0.000000E+000
   0.720000E+000        0.174235E+001   0.000000E+000
   0.730000E+000        0.170510E+001   0.000000E+000
   0.740000E+000        0.178230E+001   0.000000E+000
   0.750000E+000        0.196372E+001   0.000000E+000
   0.760000E+000        0.212841E+001   0.000000E+000
   0.770000E+000        0.217534E+001   0.000000E+000
   0.780000E+000        0.193986E+001   0.000000E+000
   0.790000E+000        0.162120E+001   0.000000E+000
   0.800000E+000        0.150919E+001   0.000000E+000
   0.810000E+000        0.159834E+001   0.000000E+000
   0.820000E+000        0.178372E+001   0.000000E+000
   0.830000E+000        0.211335E+001   0.000000E+000
   0.840000E+000        0.241290E+001   0.000000E+000
   0.850000E+000        0.235411E+001   0.000000E+000
   0.860000E+000        0.201454E+001   0.000000E+000
   0.870000E+000        0.180444E+001   0.000000E+000
   0.880000E+000        0.182993E+001   0.000000E+000
   0.890000E+000        0.176486E+001   0.000000E+000
   0.900000E+000        0.155109E+001   0.000000E+000
   0.910000E+000        0.151984E+001   0.000000E+000
   0.920000E+000        0.160037E+001   0.000000E+000
   0.930000E+000        0.169968E+001   0.000000E+000
   0.940000E+000        0.175541E+001   0.000000E+000
   0.950000E+000        0.175020E+001   0.000000E+000
   0.960000E+000        0.174216E+001   0.000000E+000
   0.970000E+000        0.172688E+001   0.000000E+000
   0.980000E+000        0.172234E+001   0.000000E+000
   0.990000E+000        0.177845E+001   0.000000E+000
   0.100000E+001        0.183991E+001   0.000000E+000
   0.101000E+001        0.184165E+001   0.000000E+000
   0.102000E+001        0.186519E+001   0.000000E+000
   0.103000E+001        0.180320E+001   0.000000E+000
   0.104000E+001        0.174251E+001   0.000000E+000
   0.105000E+001        0.185641E+001   0.000000E+000
   0.106000E+001        0.195613E+001   0.000000E+000
   0.107000E+001        0.213294E+001   0.000000E+000
   0.108000E+001        0.238459E+001   0.000000E+000
   0.109000E+001        0.227396E+001   0.000000E+000
   0.110000E+001        0.214098E+001   0.000000E+000
   0.111000E+001        0.218514E+001   0.000000E+000
   0.112000E+001        0.210316E+001   0.000000E+000
   0.113000E+001        0.195832E+001   0.000000E+000
   0.114000E+001        0.181327E+001   0.000000E+000
   0.115000E+001        0.157604E+001   0.000000E+000
   0.116000E+001        0.151718E+001   0.000000E+000
   0.117000E+001        0.174328E+001   0.000000E+000
   0.118000E+001        0.195526E+001   0.000000E+000
   0.119000E+001        0.201096E+001   0.000000E+000
   0.120000E+001        0.223373E+001   0.000000E+000
   0.121000E+001        0.243686E+001   0.000000E+000
   0.122000E+001        0.232000E+001   0.000000E+000
   0.123000E+001        0.211069E+001   0.000000E+000
   0.124000E+001        0.192268E+001   0.000000E+000
   0.125000E+001        0.185853E+001   0.000000E+000
   0.126000E+001        0.188078E+001   0.000000E+000
   0.127000E+001        0.182506E+001   0.000000E+000
   0.128000E+001        0.182231E+001   0.000000E+000
   0.129000E+001        0.182206E+001   0.000000E+000
   0.130000E+001        0.164318E+001   0.000000E+000
   0.131000E+001        0.144486E+001   0.000000E+000
   0.132000E+001        0.146635E+001   0.000000E+000
   0.133000E+001        0.148923E+001   0.000000E+000
   0.134000E+001        0.146958E+001   0.000000E+000
   0.135000E+001        0.158886E+001   0.000000E+000
   0.136000E+001        0.178226E+001   0.000000E+000
   0.137000E+001        0.181780E+001   0.000000E+000
   0.138000E+001        0.167277E+001   0.000000E+000
   0.139000E+001        0.148165E+001   0.000000E+000
   0.140000E+001        0.135526E+001   0.000000E+000
   0.141000E+001        0.132805E+001   0.000000E+000
   0.142000E+001        0.143753E+001   0.000000E+000
   0.143000E+001        0.163273E+001   0.000000E+000
   0.144000E+001        0.178481E+001   0.000000E+000
   0.145000E+001        0.178393E+001   0.000000E+000
   0.146000E+001        0.157921E+001   0.000000E+000
   0.147000E+001        0.142617E+001   0.000000E+000
   0.148000E+001        0.153039E+001   0.000000E+000
   0.149000E+001        0.174080E+001   0.000000E+000
   0.150000E+001        0.176938E+001   0.000000E+000
   0.151000E+001        0.164884E+001   0.000000E+000
   0.152000E+001        0.160937E+001   0.000000E+000
   0.153000E+001        0.158610E+001   0.000000E+000
   0.154000E+001        0.157706E+001   0.000000E+000
   0.155000E+001        0.160516E+001   0.000000E+000
   0.156000E+001        0.154135E+001   0.000000E+000
   0.157000E+001        0.151708E+001   0.000000E+000
   0.158000E+001        0.162751E+001   0.000000E+000
   0.159000E+001        0.173582E+001   0.000000E+000
   0.160000E+001        0.170180E+001   0.000000E+000
   0.161000E+001        0.152617E+001   0.000000E+000
   0.162000E+001        0.150006E+001   0.000000E+000
   0.163000E+001        0.159811E+001   0.000000E+000
   0.164000E+001        0.164922E+001   0.000000E+000
   0.165000E+001        0.165519E+001   0.000000E+000
   0.166000E+001        0.156658E+001   0.000000E+000
   0.167000E+001        0.141579E+001   0.000000E+000
   0.168000E+001        0.140195E+001   0.000000E+000
   0.169000E+001        0.157028E+001   0.000000E+000
   0.170000E+001        0.165439E+001   0.000000E+000
   0.171000E+001        0.150768E+001   0.000000E+000
   0.172000E+001        0.134951E+001   0.000000E+000
   0.173000E+001        0.139451E+001   0.000000E+000
   0.174000E+001        0.154540E+001   0.000000E+000
   0.175000E+001        0.165351E+001   0.000000E+000
   0.176000E+001        0.174699E+001   0.000000E+000
   0.177000E+001        0.168504E+001   0.000000E+000
   0.178000E+001        0.146144E+001   0.000000E+000
   0.179000E+001        0.141220E+001   0.000000E+000
   0.180000E+001        0.140069E+001   0.000000E+000
   0.181000E+001        0.137036E+001   0.000000E+000
   0.182000E+001        0.141108E+001   0.000000E+000
   0.183000E+001        0.140756E+001   0.000000E+000
   0.184000E+001        0.139980E+001   0.000000E+000
   0.185000E+001        0.143812E+001   0.000000E+000
   0.186000E+001        0.144669E+001   0.000000E+000
   0.187000E+001        0.144216E+001   0.000000E+000
   0.188000E+001        0.148822E+001   0.000000E+000
   0.189000E+001        0.148434E+001   0.000000E+000
   0.190000E+001        0.142712E+001   0.000000E+000
   0.191000E+001        0.147208E+001   0.000000E+000
   0.192000E+001        0.160757E+001   0.000000E+000
   0.193000E+001        0.165269E+001   0.000000E+000
   0.194000E+001        0.161127E+001   0.000000E+000
   0.195000E+001        0.162584E+001   0.000000E+000
   0.196000E+001        0.165898E+001   0.000000E+000
   0.197000E+001        0.165478E+001   0.000000E+000
   0.198000E+001        0.163318E+001   0.000000E+000
   0.199000E+001        0.165080E+001   0.000000E+000
   0.200000E+001        0.162128E+001   0.000000E+000
