No of components        3
Discretization length in eV   0.0100
Number of Bins      201
Excitation energy in eV   Re(Coupling element)   Im(Coupling element) in 1/ps
============================================================================
Friction component for    1   1
   0.000000E+000        0.654827E-001   0.000000E+000
   0.100000E-001        0.107313E+000   0.000000E+000
   0.200000E-001        0.233257E+000   0.000000E+000
   0.300000E-001        0.413305E+000   0.000000E+000
   0.400000E-001        0.576519E+000   0.000000E+000
   0.500000E-001        0.786029E+000   0.000000E+000
   0.600000E-001        0.105918E+001   0.000000E+000
   0.700000E-001        0.127078E+001   0.000000E+000
   0.800000E-001        0.155888E+001   0.000000E+000
   0.900000E-001        0.216306E+001   0.000000E+000
   0.100000E+000        0.274846E+001   0.000000E+000
   0.110000E+000        0.269270E+001   0.000000E+000
   0.120000E+000        0.233748E+001   0.000000E+000
   0.130000E+000        0.218863E+001   0.000000E+000
   0.140000E+000        0.217263E+001   0.000000E+000
   0.150000E+000        0.228729E+001   0.000000E+000
   0.160000E+000        0.246038E+001   0.000000E+000
   0.170000E+000        0.231579E+001   0.000000E+000
   0.180000E+000        0.216754E+001   0.000000E+000
   0.190000E+000        0.217436E+001   0.000000E+000
   0.200000E+000        0.216456E+001   0.000000E+000
   0.210000E+000        0.203675E+001   0.000000E+000
   0.220000E+000        0.188158E+001   0.000000E+000
   0.230000E+000        0.183283E+001   0.000000E+000
   0.240000E+000        0.188072E+001   0.000000E+000
   0.250000E+000        0.202902E+001   0.000000E+000
   0.260000E+000        0.229102E+001   0.000000E+000
   0.270000E+000        0.248187E+001   0.000000E+000
   0.280000E+000        0.245699E+001   0.000000E+000
   0.290000E+000        0.249843E+001   0.000000E+000
   0.300000E+000        0.249783E+001   0.000000E+000
   0.310000E+000        0.222011E+001   0.000000E+000
   0.320000E+000        0.201968E+001   0.000000E+000
   0.330000E+000        0.217255E+001   0.000000E+000
   0.340000E+000        0.237879E+001   0.000000E+000
   0.350000E+000        0.226310E+001   0.000000E+000
   0.360000E+000        0.241679E+001   0.000000E+000
   0.370000E+000        0.289266E+001   0.000000E+000
   0.380000E+000        0.304554E+001   0.000000E+000
   0.390000E+000        0.303372E+001   0.000000E+000
   0.400000E+000        0.290226E+001   0.000000E+000
   0.410000E+000        0.245193E+001   0.000000E+000
   0.420000E+000        0.228226E+001   0.000000E+000
   0.430000E+000        0.252839E+001   0.000000E+000
   0.440000E+000        0.276050E+001   0.000000E+000
   0.450000E+000        0.283100E+001   0.000000E+000
   0.460000E+000        0.292145E+001   0.000000E+000
   0.470000E+000        0.292499E+001   0.000000E+000
   0.480000E+000        0.279148E+001   0.000000E+000
   0.490000E+000        0.262553E+001   0.000000E+000
   0.500000E+000        0.241643E+001   0.000000E+000
   0.510000E+000        0.224729E+001   0.000000E+000
   0.520000E+000        0.235441E+001   0.000000E+000
   0.530000E+000        0.262450E+001   0.000000E+000
   0.540000E+000        0.303741E+001   0.000000E+000
   0.550000E+000        0.314390E+001   0.000000E+000
   0.560000E+000        0.288922E+001   0.000000E+000
   0.570000E+000        0.282634E+001   0.000000E+000
   0.580000E+000        0.258869E+001   0.000000E+000
   0.590000E+000        0.226640E+001   0.000000E+000
   0.600000E+000        0.218646E+001   0.000000E+000
   0.610000E+000        0.225480E+001   0.000000E+000
   0.620000E+000        0.226043E+001   0.000000E+000
   0.630000E+000        0.234524E+001   0.000000E+000
   0.640000E+000        0.292862E+001   0.000000E+000
   0.650000E+000        0.347053E+001   0.000000E+000
   0.660000E+000        0.338495E+001   0.000000E+000
   0.670000E+000        0.296917E+001   0.000000E+000
   0.680000E+000        0.275381E+001   0.000000E+000
   0.690000E+000        0.253108E+001   0.000000E+000
   0.700000E+000        0.233802E+001   0.000000E+000
   0.710000E+000        0.227733E+001   0.000000E+000
   0.720000E+000        0.221027E+001   0.000000E+000
   0.730000E+000        0.222173E+001   0.000000E+000
   0.740000E+000        0.232492E+001   0.000000E+000
   0.750000E+000        0.246904E+001   0.000000E+000
   0.760000E+000        0.259018E+001   0.000000E+000
   0.770000E+000        0.270795E+001   0.000000E+000
   0.780000E+000        0.271837E+001   0.000000E+000
   0.790000E+000        0.254701E+001   0.000000E+000
   0.800000E+000        0.229869E+001   0.000000E+000
   0.810000E+000        0.220127E+001   0.000000E+000
   0.820000E+000        0.241447E+001   0.000000E+000
   0.830000E+000        0.270694E+001   0.000000E+000
   0.840000E+000        0.288976E+001   0.000000E+000
   0.850000E+000        0.281534E+001   0.000000E+000
   0.860000E+000        0.253025E+001   0.000000E+000
   0.870000E+000        0.228886E+001   0.000000E+000
   0.880000E+000        0.210248E+001   0.000000E+000
   0.890000E+000        0.204462E+001   0.000000E+000
   0.900000E+000        0.197358E+001   0.000000E+000
   0.910000E+000        0.185949E+001   0.000000E+000
   0.920000E+000        0.185311E+001   0.000000E+000
   0.930000E+000        0.183529E+001   0.000000E+000
   0.940000E+000        0.175638E+001   0.000000E+000
   0.950000E+000        0.187404E+001   0.000000E+000
   0.960000E+000        0.218371E+001   0.000000E+000
   0.970000E+000        0.228355E+001   0.000000E+000
   0.980000E+000        0.214475E+001   0.000000E+000
   0.990000E+000        0.212630E+001   0.000000E+000
   0.100000E+001        0.223280E+001   0.000000E+000
   0.101000E+001        0.226756E+001   0.000000E+000
   0.102000E+001        0.224634E+001   0.000000E+000
   0.103000E+001        0.226447E+001   0.000000E+000
   0.104000E+001        0.228518E+001   0.000000E+000
   0.105000E+001        0.231149E+001   0.000000E+000
   0.106000E+001        0.231713E+001   0.000000E+000
   0.107000E+001        0.224822E+001   0.000000E+000
   0.108000E+001        0.215519E+001   0.000000E+000
   0.109000E+001        0.208290E+001   0.000000E+000
   0.110000E+001        0.204407E+001   0.000000E+000
   0.111000E+001        0.200388E+001   0.000000E+000
   0.112000E+001        0.205838E+001   0.000000E+000
   0.113000E+001        0.215159E+001   0.000000E+000
   0.114000E+001        0.221178E+001   0.000000E+000
   0.115000E+001        0.213830E+001   0.000000E+000
   0.116000E+001        0.201355E+001   0.000000E+000
   0.117000E+001        0.200156E+001   0.000000E+000
   0.118000E+001        0.200787E+001   0.000000E+000
   0.119000E+001        0.206114E+001   0.000000E+000
   0.120000E+001        0.219643E+001   0.000000E+000
   0.121000E+001        0.227898E+001   0.000000E+000
   0.122000E+001        0.215954E+001   0.000000E+000
   0.123000E+001        0.204255E+001   0.000000E+000
   0.124000E+001        0.202275E+001   0.000000E+000
   0.125000E+001        0.196930E+001   0.000000E+000
   0.126000E+001        0.207360E+001   0.000000E+000
   0.127000E+001        0.235685E+001   0.000000E+000
   0.128000E+001        0.252285E+001   0.000000E+000
   0.129000E+001        0.254428E+001   0.000000E+000
   0.130000E+001        0.244016E+001   0.000000E+000
   0.131000E+001        0.219596E+001   0.000000E+000
   0.132000E+001        0.195517E+001   0.000000E+000
   0.133000E+001        0.189470E+001   0.000000E+000
   0.134000E+001        0.198853E+001   0.000000E+000
   0.135000E+001        0.199440E+001   0.000000E+000
   0.136000E+001        0.197084E+001   0.000000E+000
   0.137000E+001        0.204392E+001   0.000000E+000
   0.138000E+001        0.209611E+001   0.000000E+000
   0.139000E+001        0.204584E+001   0.000000E+000
   0.140000E+001        0.193638E+001   0.000000E+000
   0.141000E+001        0.191560E+001   0.000000E+000
   0.142000E+001        0.199526E+001   0.000000E+000
   0.143000E+001        0.201263E+001   0.000000E+000
   0.144000E+001        0.186886E+001   0.000000E+000
   0.145000E+001        0.180428E+001   0.000000E+000
   0.146000E+001        0.190809E+001   0.000000E+000
   0.147000E+001        0.200911E+001   0.000000E+000
   0.148000E+001        0.205348E+001   0.000000E+000
   0.149000E+001        0.210033E+001   0.000000E+000
   0.150000E+001        0.218692E+001   0.000000E+000
   0.151000E+001        0.233951E+001   0.000000E+000
   0.152000E+001        0.237142E+001   0.000000E+000
   0.153000E+001        0.218217E+001   0.000000E+000
   0.154000E+001        0.212399E+001   0.000000E+000
   0.155000E+001        0.220421E+001   0.000000E+000
   0.156000E+001        0.210717E+001   0.000000E+000
   0.157000E+001        0.201697E+001   0.000000E+000
   0.158000E+001        0.214065E+001   0.000000E+000
   0.159000E+001        0.231332E+001   0.000000E+000
   0.160000E+001        0.231786E+001   0.000000E+000
   0.161000E+001        0.220945E+001   0.000000E+000
   0.162000E+001        0.220714E+001   0.000000E+000
   0.163000E+001        0.224511E+001   0.000000E+000
   0.164000E+001        0.225411E+001   0.000000E+000
   0.165000E+001        0.233725E+001   0.000000E+000
   0.166000E+001        0.239063E+001   0.000000E+000
   0.167000E+001        0.238267E+001   0.000000E+000
   0.168000E+001        0.231868E+001   0.000000E+000
   0.169000E+001        0.218785E+001   0.000000E+000
   0.170000E+001        0.206908E+001   0.000000E+000
   0.171000E+001        0.207760E+001   0.000000E+000
   0.172000E+001        0.218632E+001   0.000000E+000
   0.173000E+001        0.226030E+001   0.000000E+000
   0.174000E+001        0.227051E+001   0.000000E+000
   0.175000E+001        0.233184E+001   0.000000E+000
   0.176000E+001        0.254974E+001   0.000000E+000
   0.177000E+001        0.266468E+001   0.000000E+000
   0.178000E+001        0.255575E+001   0.000000E+000
   0.179000E+001        0.247656E+001   0.000000E+000
   0.180000E+001        0.245382E+001   0.000000E+000
   0.181000E+001        0.247319E+001   0.000000E+000
   0.182000E+001        0.244165E+001   0.000000E+000
   0.183000E+001        0.239670E+001   0.000000E+000
   0.184000E+001        0.240624E+001   0.000000E+000
   0.185000E+001        0.238903E+001   0.000000E+000
   0.186000E+001        0.239541E+001   0.000000E+000
   0.187000E+001        0.246800E+001   0.000000E+000
   0.188000E+001        0.255216E+001   0.000000E+000
   0.189000E+001        0.253823E+001   0.000000E+000
   0.190000E+001        0.246234E+001   0.000000E+000
   0.191000E+001        0.245464E+001   0.000000E+000
   0.192000E+001        0.251153E+001   0.000000E+000
   0.193000E+001        0.246039E+001   0.000000E+000
   0.194000E+001        0.234592E+001   0.000000E+000
   0.195000E+001        0.237239E+001   0.000000E+000
   0.196000E+001        0.253909E+001   0.000000E+000
   0.197000E+001        0.268834E+001   0.000000E+000
   0.198000E+001        0.270522E+001   0.000000E+000
   0.199000E+001        0.266342E+001   0.000000E+000
   0.200000E+001        0.259641E+001   0.000000E+000
Friction component for    1   2
   0.000000E+000       -0.417265E-001   0.000000E+000
   0.100000E-001       -0.491191E-001   0.763536E-002
   0.200000E-001       -0.856466E-001   0.284983E-001
   0.300000E-001       -0.132965E+000   0.608700E-001
   0.400000E-001       -0.111211E+000   0.590651E-001
   0.500000E-001       -0.857309E-001   0.494604E-001
   0.600000E-001       -0.113759E+000   0.552864E-001
   0.700000E-001       -0.142437E+000   0.410656E-001
   0.800000E-001       -0.124680E+000   0.629899E-001
   0.900000E-001       -0.840809E-001   0.103790E+000
   0.100000E+000       -0.963437E-001   0.727143E-001
   0.110000E+000       -0.566006E-001   0.835896E-002
   0.120000E+000        0.518268E-001  -0.833349E-002
   0.130000E+000        0.160461E+000   0.223306E-001
   0.140000E+000        0.154630E+000   0.549758E-001
   0.150000E+000        0.955244E-001   0.737035E-001
   0.160000E+000        0.679249E-001   0.140147E+000
   0.170000E+000        0.468935E-001   0.218322E+000
   0.180000E+000        0.482177E-001   0.234346E+000
   0.190000E+000       -0.778285E-002   0.171494E+000
   0.200000E+000       -0.904363E-001   0.563419E-001
   0.210000E+000       -0.115545E+000  -0.389217E-001
   0.220000E+000       -0.143776E+000  -0.527377E-001
   0.230000E+000       -0.999720E-001  -0.249754E-001
   0.240000E+000       -0.335983E-002   0.300336E-001
   0.250000E+000        0.110013E-001   0.955951E-001
   0.260000E+000        0.868857E-002   0.106727E+000
   0.270000E+000       -0.249289E-001   0.105518E+000
   0.280000E+000       -0.202951E+000   0.104351E+000
   0.290000E+000       -0.254815E+000   0.729184E-001
   0.300000E+000        0.224590E-001   0.518175E-001
   0.310000E+000        0.200217E+000   0.603636E-001
   0.320000E+000        0.165078E+000   0.594207E-001
   0.330000E+000        0.241264E+000   0.639420E-001
   0.340000E+000        0.323413E+000   0.631955E-001
   0.350000E+000        0.119966E+000   0.246133E-001
   0.360000E+000       -0.803381E-001  -0.275505E-001
   0.370000E+000       -0.232649E+000  -0.648368E-001
   0.380000E+000       -0.298358E+000  -0.360888E-001
   0.390000E+000       -0.204393E-002  -0.105173E-001
   0.400000E+000        0.348904E+000  -0.315070E-001
   0.410000E+000        0.216407E+000  -0.464573E-001
   0.420000E+000       -0.123815E+000  -0.481172E-001
   0.430000E+000       -0.386818E+000  -0.339306E-001
   0.440000E+000       -0.428056E+000   0.126188E-001
   0.450000E+000       -0.144901E+000   0.587742E-001
   0.460000E+000        0.234155E-001   0.428073E-001
   0.470000E+000        0.620598E-001   0.572722E-001
   0.480000E+000        0.188476E-001   0.111291E+000
   0.490000E+000       -0.148090E+000   0.114497E+000
   0.500000E+000       -0.175464E+000   0.476733E-001
   0.510000E+000       -0.106900E+000  -0.209460E-001
   0.520000E+000       -0.867436E-001   0.113753E-001
   0.530000E+000        0.460513E-001   0.333759E-001
   0.540000E+000        0.367982E+000  -0.105699E-001
   0.550000E+000        0.444009E+000  -0.305010E-002
   0.560000E+000        0.181200E+000   0.554874E-001
   0.570000E+000       -0.435290E-002   0.800429E-001
   0.580000E+000       -0.255683E-002   0.532405E-001
   0.590000E+000       -0.120637E+000   0.120581E-001
   0.600000E+000       -0.295890E+000  -0.722510E-002
   0.610000E+000       -0.368467E+000   0.488574E-001
   0.620000E+000       -0.259371E+000   0.126728E+000
   0.630000E+000        0.229943E-001   0.117344E+000
   0.640000E+000        0.229958E+000   0.967675E-001
   0.650000E+000        0.210811E+000   0.114668E+000
   0.660000E+000        0.130666E+000   0.129512E+000
   0.670000E+000        0.106823E+000   0.124881E+000
   0.680000E+000        0.133609E+000   0.106839E+000
   0.690000E+000        0.921120E-001   0.572901E-001
   0.700000E+000       -0.872745E-002   0.163243E-001
   0.710000E+000       -0.736592E-001   0.109807E-001
   0.720000E+000       -0.109558E+000   0.366288E-001
   0.730000E+000       -0.911398E-001   0.711551E-001
   0.740000E+000       -0.292846E-001   0.965617E-001
   0.750000E+000        0.335579E-002   0.100175E+000
   0.760000E+000        0.402328E-001   0.102585E+000
   0.770000E+000        0.103358E+000   0.116209E+000
   0.780000E+000        0.628991E-001   0.102477E+000
   0.790000E+000       -0.136160E-001   0.977685E-001
   0.800000E+000       -0.284100E-001   0.126245E+000
   0.810000E+000       -0.233371E-001   0.104724E+000
   0.820000E+000       -0.500170E-001   0.425336E-001
   0.830000E+000       -0.211812E-001   0.343298E-001
   0.840000E+000        0.162570E+000   0.927119E-002
   0.850000E+000        0.229118E+000  -0.411345E-001
   0.860000E+000        0.117663E+000  -0.503310E-001
   0.870000E+000        0.458704E-001  -0.463576E-001
   0.880000E+000        0.222590E-001  -0.540885E-002
   0.890000E+000        0.407032E-001   0.412507E-001
   0.900000E+000        0.404252E-001   0.177970E-001
   0.910000E+000       -0.292717E-002  -0.158719E-001
   0.920000E+000       -0.116327E-001   0.667369E-002
   0.930000E+000       -0.120116E-001   0.296371E-001
   0.940000E+000       -0.698822E-001   0.815041E-002
   0.950000E+000       -0.132727E+000  -0.156808E-001
   0.960000E+000       -0.120512E+000  -0.168270E-001
   0.970000E+000       -0.229049E-001  -0.671694E-002
   0.980000E+000       -0.156065E-001   0.692672E-002
   0.990000E+000       -0.444753E-001   0.305865E-001
   0.100000E+001        0.438468E-001   0.396540E-001
   0.101000E+001        0.991620E-001   0.314058E-001
   0.102000E+001        0.687769E-001   0.161819E-001
   0.103000E+001        0.127315E+000  -0.100932E-001
   0.104000E+001        0.214382E+000  -0.375850E-001
   0.105000E+001        0.166836E+000  -0.853824E-002
   0.106000E+001        0.362867E-001   0.355415E-001
   0.107000E+001        0.156998E-001   0.543786E-001
   0.108000E+001        0.577260E-001   0.861105E-001
   0.109000E+001        0.141044E-001   0.103461E+000
   0.110000E+001       -0.480351E-001   0.966758E-001
   0.111000E+001       -0.979861E-002   0.904404E-001
   0.112000E+001        0.534940E-001   0.806859E-001
   0.113000E+001        0.741073E-001   0.937158E-001
   0.114000E+001        0.742233E-001   0.100942E+000
   0.115000E+001        0.877757E-001   0.840760E-001
   0.116000E+001        0.108766E+000   0.586319E-001
   0.117000E+001        0.121502E+000   0.223638E-001
   0.118000E+001        0.751445E-001   0.562125E-002
   0.119000E+001       -0.136943E-002   0.203603E-001
   0.120000E+001       -0.528293E-001   0.419997E-001
   0.121000E+001       -0.119550E+000   0.480798E-001
   0.122000E+001       -0.168206E+000   0.491227E-001
   0.123000E+001       -0.108224E+000   0.522078E-001
   0.124000E+001       -0.152890E-001   0.424932E-001
   0.125000E+001        0.585994E-001   0.108008E-001
   0.126000E+001        0.142680E+000   0.580553E-002
   0.127000E+001        0.210532E+000   0.162019E-001
   0.128000E+001        0.215958E+000   0.315711E-001
   0.129000E+001        0.168442E+000   0.371780E-001
   0.130000E+001        0.116023E+000   0.252557E-001
   0.131000E+001        0.224678E-002   0.265332E-001
   0.132000E+001       -0.768935E-001   0.516884E-001
   0.133000E+001        0.407784E-003   0.707529E-001
   0.134000E+001        0.837871E-001   0.632572E-001
   0.135000E+001        0.558543E-001   0.500205E-001
   0.136000E+001        0.142684E-002   0.388375E-001
   0.137000E+001       -0.369565E-001   0.276296E-001
   0.138000E+001       -0.523269E-001   0.342009E-001
   0.139000E+001       -0.157950E-001   0.292698E-001
   0.140000E+001        0.289831E-001   0.247516E-001
   0.141000E+001        0.784171E-001   0.692960E-001
   0.142000E+001        0.104778E+000   0.106772E+000
   0.143000E+001        0.536658E-001   0.987052E-001
   0.144000E+001       -0.359278E-001   0.611220E-001
   0.145000E+001       -0.591362E-001   0.269229E-001
   0.146000E+001       -0.159561E-001   0.313955E-001
   0.147000E+001        0.314409E-001   0.439876E-001
   0.148000E+001        0.684555E-001   0.337704E-001
   0.149000E+001        0.525386E-001   0.217733E-001
   0.150000E+001       -0.120803E-001   0.339450E-001
   0.151000E+001       -0.536439E-001   0.694985E-001
   0.152000E+001       -0.613564E-001   0.790640E-001
   0.153000E+001        0.136470E-001   0.648980E-001
   0.154000E+001        0.139588E+000   0.851022E-001
   0.155000E+001        0.174847E+000   0.114975E+000
   0.156000E+001        0.959927E-001   0.868764E-001
   0.157000E+001        0.561403E-001   0.389760E-001
   0.158000E+001        0.649486E-001   0.329468E-001
   0.159000E+001        0.884678E-001   0.391024E-001
   0.160000E+001        0.744532E-001   0.291479E-001
   0.161000E+001       -0.149460E-001   0.376122E-001
   0.162000E+001       -0.490248E-001   0.638301E-001
   0.163000E+001        0.613202E-002   0.637408E-001
   0.164000E+001        0.178017E-001   0.512442E-001
   0.165000E+001       -0.186617E-001   0.552214E-001
   0.166000E+001       -0.587557E-001   0.394696E-001
   0.167000E+001       -0.765495E-001   0.181386E-001
   0.168000E+001       -0.341892E-001   0.212672E-001
   0.169000E+001       -0.199455E-001   0.283107E-001
   0.170000E+001       -0.606967E-001   0.384728E-001
   0.171000E+001       -0.972061E-001   0.566649E-001
   0.172000E+001       -0.697707E-001   0.606064E-001
   0.173000E+001        0.116168E-001   0.262173E-001
   0.174000E+001        0.103989E+000  -0.798916E-003
   0.175000E+001        0.151843E+000   0.235963E-001
   0.176000E+001        0.198224E+000   0.701080E-001
   0.177000E+001        0.210748E+000   0.928030E-001
   0.178000E+001        0.111873E+000   0.882136E-001
   0.179000E+001        0.975567E-002   0.596232E-001
   0.180000E+001       -0.358530E-001   0.333178E-001
   0.181000E+001       -0.999871E-001   0.319691E-001
   0.182000E+001       -0.130197E+000   0.681058E-001
   0.183000E+001       -0.408760E-001   0.104731E+000
   0.184000E+001        0.831518E-002   0.114718E+000
   0.185000E+001       -0.621400E-001   0.961203E-001
   0.186000E+001       -0.129397E+000   0.561094E-001
   0.187000E+001       -0.149346E+000   0.346546E-001
   0.188000E+001       -0.124797E+000   0.390139E-001
   0.189000E+001       -0.772259E-001   0.524577E-001
   0.190000E+001       -0.266754E-001   0.620772E-001
   0.191000E+001        0.101714E-001   0.633045E-001
   0.192000E+001       -0.444174E-001   0.386204E-001
   0.193000E+001       -0.118009E+000   0.114847E-001
   0.194000E+001       -0.127792E+000   0.204957E-001
   0.195000E+001       -0.654567E-001   0.326000E-001
   0.196000E+001        0.347181E-001   0.422194E-001
   0.197000E+001        0.406648E-001   0.617245E-001
   0.198000E+001       -0.143253E-001   0.707194E-001
   0.199000E+001       -0.902033E-002   0.659685E-001
   0.200000E+001        0.768661E-002   0.767230E-001
Friction component for    1   3
   0.000000E+000        0.162436E-002   0.000000E+000
   0.100000E-001       -0.865179E-003   0.365293E-002
   0.200000E-001       -0.150744E-001   0.163837E-001
   0.300000E-001       -0.301524E-001   0.234306E-001
   0.400000E-001       -0.157090E-001  -0.116807E-001
   0.500000E-001       -0.256879E-002   0.913325E-003
   0.600000E-001       -0.506225E-001   0.134623E+000
   0.700000E-001       -0.937981E-001   0.231397E+000
   0.800000E-001       -0.400514E-001   0.204117E+000
   0.900000E-001       -0.197477E-001   0.116386E+000
   0.100000E+000       -0.387067E-001   0.159806E+000
   0.110000E+000       -0.213001E-001   0.214681E+000
   0.120000E+000        0.681553E-002   0.183489E+000
   0.130000E+000       -0.107399E-001   0.328252E+000
   0.140000E+000       -0.505436E-001   0.517976E+000
   0.150000E+000       -0.324383E-001   0.582685E+000
   0.160000E+000       -0.229136E-001   0.568096E+000
   0.170000E+000       -0.930708E-001   0.375456E+000
   0.180000E+000       -0.154257E+000   0.143901E+000
   0.190000E+000       -0.130586E+000   0.941435E-001
   0.200000E+000       -0.512247E-001   0.326109E-001
   0.210000E+000        0.154122E-001  -0.282230E-001
   0.220000E+000        0.320895E-001  -0.358688E-001
   0.230000E+000       -0.387569E-002  -0.200399E+000
   0.240000E+000       -0.375242E-002  -0.263808E+000
   0.250000E+000        0.549646E-001   0.696970E-001
   0.260000E+000        0.476136E-001   0.338824E+000
   0.270000E+000        0.169967E-001   0.235920E+000
   0.280000E+000        0.653470E-001  -0.730195E-001
   0.290000E+000        0.985782E-001  -0.348102E+000
   0.300000E+000        0.628354E-001  -0.295736E+000
   0.310000E+000        0.386847E-002  -0.800274E-001
   0.320000E+000       -0.291896E-001  -0.485597E-001
   0.330000E+000       -0.212384E-001  -0.308104E-001
   0.340000E+000       -0.180738E-001   0.647157E-001
   0.350000E+000       -0.755826E-001   0.162877E+000
   0.360000E+000       -0.997702E-001   0.281034E+000
   0.370000E+000       -0.623535E-003   0.336190E+000
   0.380000E+000        0.838269E-001   0.307586E+000
   0.390000E+000        0.349660E-001   0.238276E+000
   0.400000E+000       -0.431885E-001   0.177494E+000
   0.410000E+000       -0.551237E-001   0.601799E-001
   0.420000E+000       -0.422284E-001  -0.928231E-001
   0.430000E+000       -0.151071E-001  -0.223771E+000
   0.440000E+000        0.236349E-001  -0.329567E+000
   0.450000E+000        0.197344E-001  -0.256287E+000
   0.460000E+000       -0.375578E-001   0.180353E-001
   0.470000E+000       -0.194085E-001   0.149389E+000
   0.480000E+000        0.807060E-001  -0.483782E-001
   0.490000E+000        0.119050E+000  -0.238577E+000
   0.500000E+000        0.917943E-001  -0.126389E+000
   0.510000E+000        0.338137E-001   0.168595E+000
   0.520000E+000       -0.384895E-001   0.298195E+000
   0.530000E+000       -0.102502E+000   0.133737E+000
   0.540000E+000       -0.124782E+000  -0.100027E+000
   0.550000E+000       -0.130916E+000  -0.182676E+000
   0.560000E+000       -0.103716E+000  -0.154647E+000
   0.570000E+000        0.252266E-002  -0.750276E-001
   0.580000E+000        0.112660E+000   0.157686E-001
   0.590000E+000        0.125330E+000   0.711433E-001
   0.600000E+000        0.681621E-001   0.102058E+000
   0.610000E+000       -0.173606E-001   0.136680E+000
   0.620000E+000       -0.780115E-001   0.175922E+000
   0.630000E+000       -0.781819E-001   0.120041E+000
   0.640000E+000       -0.914673E-001  -0.760247E-002
   0.650000E+000       -0.519254E-001  -0.548594E-001
   0.660000E+000        0.456132E-001   0.364137E-001
   0.670000E+000        0.976622E-001   0.171930E+000
   0.680000E+000        0.818026E-001   0.169694E+000
   0.690000E+000       -0.388092E-002  -0.143291E-002
   0.700000E+000       -0.636285E-001  -0.148730E+000
   0.710000E+000       -0.535093E-001  -0.173495E+000
   0.720000E+000        0.243208E-002  -0.126488E+000
   0.730000E+000        0.668828E-001  -0.753874E-001
   0.740000E+000        0.481387E-001  -0.682381E-001
   0.750000E+000       -0.164126E-002  -0.791891E-001
   0.760000E+000       -0.201824E-001  -0.114552E-001
   0.770000E+000       -0.188560E-001   0.107139E+000
   0.780000E+000       -0.195308E-001   0.153590E+000
   0.790000E+000       -0.382709E-001   0.106718E+000
   0.800000E+000       -0.536658E-001   0.415971E-001
   0.810000E+000       -0.936587E-001   0.810595E-003
   0.820000E+000       -0.118584E+000  -0.163767E-001
   0.830000E+000       -0.565674E-001  -0.868985E-001
   0.840000E+000        0.197719E-001  -0.137262E+000
   0.850000E+000        0.178822E-001  -0.765160E-001
   0.860000E+000        0.541757E-002  -0.728316E-001
   0.870000E+000        0.472591E-001  -0.959648E-001
   0.880000E+000        0.883575E-001  -0.775914E-001
   0.890000E+000        0.851648E-001  -0.584086E-001
   0.900000E+000        0.511051E-001  -0.324554E-001
   0.910000E+000        0.165560E-001  -0.745959E-001
   0.920000E+000       -0.533484E-002  -0.167750E+000
   0.930000E+000       -0.119972E-001  -0.189500E+000
   0.940000E+000       -0.266299E-001  -0.809881E-001
   0.950000E+000       -0.215290E-001  -0.196552E-001
   0.960000E+000        0.270790E-002  -0.841820E-001
   0.970000E+000        0.142281E-001  -0.861911E-001
   0.980000E+000        0.220925E-001   0.160931E-001
   0.990000E+000        0.934719E-002   0.541621E-001
   0.100000E+001       -0.280418E-001   0.489205E-002
   0.101000E+001       -0.315189E-001  -0.583518E-001
   0.102000E+001       -0.246739E-001  -0.830061E-001
   0.103000E+001       -0.230267E-001  -0.564324E-001
   0.104000E+001        0.276643E-002  -0.628996E-001
   0.105000E+001        0.521998E-001  -0.624556E-001
   0.106000E+001        0.523901E-001  -0.489255E-001
   0.107000E+001       -0.340834E-001  -0.213440E-001
   0.108000E+001       -0.774776E-001   0.952324E-002
   0.109000E+001       -0.122030E-001   0.254794E-001
   0.110000E+001        0.537928E-001   0.445580E-001
   0.111000E+001        0.764952E-001   0.565287E-001
   0.112000E+001        0.786283E-001   0.600797E-001
   0.113000E+001        0.632091E-001   0.490990E-001
   0.114000E+001        0.563205E-001   0.423447E-001
   0.115000E+001        0.342341E-001   0.490062E-001
   0.116000E+001       -0.248273E-001   0.609271E-001
   0.117000E+001       -0.597355E-001   0.837643E-001
   0.118000E+001       -0.149215E-001   0.690374E-001
   0.119000E+001       -0.129028E-002   0.426637E-001
   0.120000E+001       -0.187284E-001   0.881258E-001
   0.121000E+001       -0.129657E-001   0.109934E+000
   0.122000E+001       -0.159279E-001   0.609052E-001
   0.123000E+001       -0.262739E-001   0.627752E-001
   0.124000E+001       -0.203553E-001   0.102822E+000
   0.125000E+001       -0.492671E-002   0.774168E-001
   0.126000E+001        0.189604E-002   0.174976E-001
   0.127000E+001       -0.439440E-002  -0.187061E-001
   0.128000E+001        0.172542E-001  -0.506877E-001
   0.129000E+001        0.364647E-001  -0.551781E-001
   0.130000E+001        0.287064E-001   0.568317E-003
   0.131000E+001        0.247194E-001   0.545999E-001
   0.132000E+001        0.179787E-001   0.599903E-001
   0.133000E+001        0.153680E-002  -0.330103E-002
   0.134000E+001       -0.215634E-001  -0.555419E-001
   0.135000E+001       -0.293583E-001  -0.426046E-001
   0.136000E+001        0.144934E-001  -0.340555E-001
   0.137000E+001        0.466023E-001  -0.498313E-001
   0.138000E+001        0.360631E-001  -0.102085E-001
   0.139000E+001        0.901538E-002   0.226583E-001
   0.140000E+001       -0.232577E-001  -0.247472E-002
   0.141000E+001       -0.400895E-001  -0.156043E-001
   0.142000E+001       -0.386387E-001  -0.897051E-002
   0.143000E+001       -0.154015E-001  -0.400949E-001
   0.144000E+001        0.647663E-002  -0.866008E-001
   0.145000E+001        0.484589E-002  -0.103115E+000
   0.146000E+001       -0.936448E-002  -0.574135E-001
   0.147000E+001       -0.174452E-002  -0.234206E-001
   0.148000E+001        0.233796E-001  -0.489321E-001
   0.149000E+001        0.140293E-001  -0.561410E-001
   0.150000E+001       -0.128126E-001  -0.239562E-001
   0.151000E+001       -0.481152E-001   0.329036E-001
   0.152000E+001       -0.476783E-001   0.853658E-001
   0.153000E+001       -0.163779E-001   0.336723E-001
   0.154000E+001       -0.201142E-001  -0.870919E-001
   0.155000E+001       -0.502249E-001  -0.100153E+000
   0.156000E+001       -0.474814E-001   0.881744E-002
   0.157000E+001       -0.638915E-002   0.205072E-001
   0.158000E+001        0.420498E-001  -0.323097E-001
   0.159000E+001        0.667455E-001  -0.362504E-001
   0.160000E+001        0.551725E-001  -0.779472E-001
   0.161000E+001        0.556733E-001  -0.115646E+000
   0.162000E+001        0.612477E-001  -0.126986E+000
   0.163000E+001        0.300060E-001  -0.148903E+000
   0.164000E+001        0.278483E-001  -0.153215E+000
   0.165000E+001        0.367532E-001  -0.125653E+000
   0.166000E+001       -0.113255E-001  -0.901036E-001
   0.167000E+001       -0.431738E-001  -0.848518E-001
   0.168000E+001       -0.134086E-001  -0.590087E-001
   0.169000E+001        0.141217E-001  -0.223089E-001
   0.170000E+001       -0.303671E-002  -0.365686E-001
   0.171000E+001       -0.787275E-002  -0.628632E-001
   0.172000E+001       -0.125799E-001  -0.789311E-001
   0.173000E+001       -0.432832E-001  -0.679129E-001
   0.174000E+001       -0.666756E-001  -0.337403E-001
   0.175000E+001       -0.762478E-001  -0.129886E-001
   0.176000E+001       -0.561108E-001  -0.210320E-001
   0.177000E+001       -0.116253E-001  -0.379001E-001
   0.178000E+001        0.368380E-001  -0.424282E-001
   0.179000E+001        0.689488E-001  -0.785948E-001
   0.180000E+001        0.735218E-001  -0.147230E+000
   0.181000E+001        0.714492E-001  -0.138762E+000
   0.182000E+001        0.520746E-001  -0.669420E-001
   0.183000E+001        0.615851E-002  -0.343478E-001
   0.184000E+001       -0.252917E-001  -0.406557E-001
   0.185000E+001       -0.213115E-001  -0.611859E-001
   0.186000E+001       -0.312629E-002  -0.725336E-001
   0.187000E+001        0.138761E-001  -0.566159E-001
   0.188000E+001        0.316113E-001  -0.244478E-001
   0.189000E+001        0.308320E-001   0.202001E-001
   0.190000E+001       -0.606942E-002   0.173582E-001
   0.191000E+001       -0.464335E-001  -0.389291E-001
   0.192000E+001       -0.513674E-001  -0.976131E-001
   0.193000E+001       -0.153084E-001  -0.108157E+000
   0.194000E+001        0.224312E-001  -0.756224E-001
   0.195000E+001        0.896628E-002  -0.499489E-001
   0.196000E+001       -0.221326E-001  -0.569794E-001
   0.197000E+001       -0.312927E-001  -0.912699E-001
   0.198000E+001       -0.275231E-001  -0.130365E+000
   0.199000E+001       -0.308716E-001  -0.129735E+000
   0.200000E+001       -0.335172E-001  -0.721682E-001
Friction component for    2   2
   0.000000E+000        0.113275E+000   0.000000E+000
   0.100000E-001        0.163678E+000   0.000000E+000
   0.200000E-001        0.331303E+000   0.000000E+000
   0.300000E-001        0.565357E+000   0.000000E+000
   0.400000E-001        0.702610E+000   0.000000E+000
   0.500000E-001        0.880963E+000   0.000000E+000
   0.600000E-001        0.118603E+001   0.000000E+000
   0.700000E-001        0.143150E+001   0.000000E+000
   0.800000E-001        0.170175E+001   0.000000E+000
   0.900000E-001        0.226190E+001   0.000000E+000
   0.100000E+000        0.286111E+001   0.000000E+000
   0.110000E+000        0.275505E+001   0.000000E+000
   0.120000E+000        0.227538E+001   0.000000E+000
   0.130000E+000        0.200362E+001   0.000000E+000
   0.140000E+000        0.198877E+001   0.000000E+000
   0.150000E+000        0.216698E+001   0.000000E+000
   0.160000E+000        0.237020E+001   0.000000E+000
   0.170000E+000        0.225551E+001   0.000000E+000
   0.180000E+000        0.211331E+001   0.000000E+000
   0.190000E+000        0.218479E+001   0.000000E+000
   0.200000E+000        0.226907E+001   0.000000E+000
   0.210000E+000        0.217000E+001   0.000000E+000
   0.220000E+000        0.204197E+001   0.000000E+000
   0.230000E+000        0.194256E+001   0.000000E+000
   0.240000E+000        0.188130E+001   0.000000E+000
   0.250000E+000        0.200970E+001   0.000000E+000
   0.260000E+000        0.227072E+001   0.000000E+000
   0.270000E+000        0.250069E+001   0.000000E+000
   0.280000E+000        0.268890E+001   0.000000E+000
   0.290000E+000        0.279602E+001   0.000000E+000
   0.300000E+000        0.247214E+001   0.000000E+000
   0.310000E+000        0.198335E+001   0.000000E+000
   0.320000E+000        0.182544E+001   0.000000E+000
   0.330000E+000        0.189924E+001   0.000000E+000
   0.340000E+000        0.200801E+001   0.000000E+000
   0.350000E+000        0.212051E+001   0.000000E+000
   0.360000E+000        0.250940E+001   0.000000E+000
   0.370000E+000        0.315871E+001   0.000000E+000
   0.380000E+000        0.337993E+001   0.000000E+000
   0.390000E+000        0.301802E+001   0.000000E+000
   0.400000E+000        0.248352E+001   0.000000E+000
   0.410000E+000        0.219729E+001   0.000000E+000
   0.420000E+000        0.242361E+001   0.000000E+000
   0.430000E+000        0.296692E+001   0.000000E+000
   0.440000E+000        0.324957E+001   0.000000E+000
   0.450000E+000        0.299956E+001   0.000000E+000
   0.460000E+000        0.289395E+001   0.000000E+000
   0.470000E+000        0.284793E+001   0.000000E+000
   0.480000E+000        0.276211E+001   0.000000E+000
   0.490000E+000        0.279224E+001   0.000000E+000
   0.500000E+000        0.261799E+001   0.000000E+000
   0.510000E+000        0.236808E+001   0.000000E+000
   0.520000E+000        0.245175E+001   0.000000E+000
   0.530000E+000        0.257561E+001   0.000000E+000
   0.540000E+000        0.261773E+001   0.000000E+000
   0.550000E+000        0.261779E+001   0.000000E+000
   0.560000E+000        0.266285E+001   0.000000E+000
   0.570000E+000        0.282747E+001   0.000000E+000
   0.580000E+000        0.259328E+001   0.000000E+000
   0.590000E+000        0.240196E+001   0.000000E+000
   0.600000E+000        0.252214E+001   0.000000E+000
   0.610000E+000        0.267439E+001   0.000000E+000
   0.620000E+000        0.255533E+001   0.000000E+000
   0.630000E+000        0.231716E+001   0.000000E+000
   0.640000E+000        0.266243E+001   0.000000E+000
   0.650000E+000        0.322847E+001   0.000000E+000
   0.660000E+000        0.323091E+001   0.000000E+000
   0.670000E+000        0.283510E+001   0.000000E+000
   0.680000E+000        0.259045E+001   0.000000E+000
   0.690000E+000        0.241962E+001   0.000000E+000
   0.700000E+000        0.234456E+001   0.000000E+000
   0.710000E+000        0.236110E+001   0.000000E+000
   0.720000E+000        0.233497E+001   0.000000E+000
   0.730000E+000        0.232281E+001   0.000000E+000
   0.740000E+000        0.235348E+001   0.000000E+000
   0.750000E+000        0.246107E+001   0.000000E+000
   0.760000E+000        0.254084E+001   0.000000E+000
   0.770000E+000        0.258449E+001   0.000000E+000
   0.780000E+000        0.263991E+001   0.000000E+000
   0.790000E+000        0.255839E+001   0.000000E+000
   0.800000E+000        0.232832E+001   0.000000E+000
   0.810000E+000        0.222456E+001   0.000000E+000
   0.820000E+000        0.246636E+001   0.000000E+000
   0.830000E+000        0.272617E+001   0.000000E+000
   0.840000E+000        0.269883E+001   0.000000E+000
   0.850000E+000        0.254610E+001   0.000000E+000
   0.860000E+000        0.238914E+001   0.000000E+000
   0.870000E+000        0.223065E+001   0.000000E+000
   0.880000E+000        0.207139E+001   0.000000E+000
   0.890000E+000        0.199323E+001   0.000000E+000
   0.900000E+000        0.192535E+001   0.000000E+000
   0.910000E+000        0.186330E+001   0.000000E+000
   0.920000E+000        0.186553E+001   0.000000E+000
   0.930000E+000        0.184477E+001   0.000000E+000
   0.940000E+000        0.183210E+001   0.000000E+000
   0.950000E+000        0.202573E+001   0.000000E+000
   0.960000E+000        0.232027E+001   0.000000E+000
   0.970000E+000        0.230336E+001   0.000000E+000
   0.980000E+000        0.215790E+001   0.000000E+000
   0.990000E+000        0.217629E+001   0.000000E+000
   0.100000E+001        0.218249E+001   0.000000E+000
   0.101000E+001        0.215444E+001   0.000000E+000
   0.102000E+001        0.216482E+001   0.000000E+000
   0.103000E+001        0.211279E+001   0.000000E+000
   0.104000E+001        0.203556E+001   0.000000E+000
   0.105000E+001        0.211727E+001   0.000000E+000
   0.106000E+001        0.226973E+001   0.000000E+000
   0.107000E+001        0.222385E+001   0.000000E+000
   0.108000E+001        0.208472E+001   0.000000E+000
   0.109000E+001        0.206477E+001   0.000000E+000
   0.110000E+001        0.209957E+001   0.000000E+000
   0.111000E+001        0.201478E+001   0.000000E+000
   0.112000E+001        0.199362E+001   0.000000E+000
   0.113000E+001        0.206346E+001   0.000000E+000
   0.114000E+001        0.212451E+001   0.000000E+000
   0.115000E+001        0.203333E+001   0.000000E+000
   0.116000E+001        0.188556E+001   0.000000E+000
   0.117000E+001        0.186198E+001   0.000000E+000
   0.118000E+001        0.192045E+001   0.000000E+000
   0.119000E+001        0.205918E+001   0.000000E+000
   0.120000E+001        0.225350E+001   0.000000E+000
   0.121000E+001        0.241436E+001   0.000000E+000
   0.122000E+001        0.235064E+001   0.000000E+000
   0.123000E+001        0.216380E+001   0.000000E+000
   0.124000E+001        0.203687E+001   0.000000E+000
   0.125000E+001        0.189903E+001   0.000000E+000
   0.126000E+001        0.190829E+001   0.000000E+000
   0.127000E+001        0.211394E+001   0.000000E+000
   0.128000E+001        0.227108E+001   0.000000E+000
   0.129000E+001        0.234599E+001   0.000000E+000
   0.130000E+001        0.230495E+001   0.000000E+000
   0.131000E+001        0.219179E+001   0.000000E+000
   0.132000E+001        0.204052E+001   0.000000E+000
   0.133000E+001        0.189132E+001   0.000000E+000
   0.134000E+001        0.188852E+001   0.000000E+000
   0.135000E+001        0.192581E+001   0.000000E+000
   0.136000E+001        0.196524E+001   0.000000E+000
   0.137000E+001        0.208392E+001   0.000000E+000
   0.138000E+001        0.215447E+001   0.000000E+000
   0.139000E+001        0.206149E+001   0.000000E+000
   0.140000E+001        0.190097E+001   0.000000E+000
   0.141000E+001        0.182493E+001   0.000000E+000
   0.142000E+001        0.187444E+001   0.000000E+000
   0.143000E+001        0.194881E+001   0.000000E+000
   0.144000E+001        0.190662E+001   0.000000E+000
   0.145000E+001        0.186939E+001   0.000000E+000
   0.146000E+001        0.192351E+001   0.000000E+000
   0.147000E+001        0.196956E+001   0.000000E+000
   0.148000E+001        0.197262E+001   0.000000E+000
   0.149000E+001        0.203889E+001   0.000000E+000
   0.150000E+001        0.220058E+001   0.000000E+000
   0.151000E+001        0.240177E+001   0.000000E+000
   0.152000E+001        0.243970E+001   0.000000E+000
   0.153000E+001        0.216269E+001   0.000000E+000
   0.154000E+001        0.196126E+001   0.000000E+000
   0.155000E+001        0.200166E+001   0.000000E+000
   0.156000E+001        0.199389E+001   0.000000E+000
   0.157000E+001        0.194838E+001   0.000000E+000
   0.158000E+001        0.206127E+001   0.000000E+000
   0.159000E+001        0.220868E+001   0.000000E+000
   0.160000E+001        0.223078E+001   0.000000E+000
   0.161000E+001        0.222532E+001   0.000000E+000
   0.162000E+001        0.226205E+001   0.000000E+000
   0.163000E+001        0.223647E+001   0.000000E+000
   0.164000E+001        0.223324E+001   0.000000E+000
   0.165000E+001        0.235882E+001   0.000000E+000
   0.166000E+001        0.245597E+001   0.000000E+000
   0.167000E+001        0.246786E+001   0.000000E+000
   0.168000E+001        0.235577E+001   0.000000E+000
   0.169000E+001        0.220795E+001   0.000000E+000
   0.170000E+001        0.213666E+001   0.000000E+000
   0.171000E+001        0.218934E+001   0.000000E+000
   0.172000E+001        0.226743E+001   0.000000E+000
   0.173000E+001        0.224596E+001   0.000000E+000
   0.174000E+001        0.214808E+001   0.000000E+000
   0.175000E+001        0.215441E+001   0.000000E+000
   0.176000E+001        0.231898E+001   0.000000E+000
   0.177000E+001        0.241766E+001   0.000000E+000
   0.178000E+001        0.242256E+001   0.000000E+000
   0.179000E+001        0.246321E+001   0.000000E+000
   0.180000E+001        0.249502E+001   0.000000E+000
   0.181000E+001        0.258805E+001   0.000000E+000
   0.182000E+001        0.258960E+001   0.000000E+000
   0.183000E+001        0.244050E+001   0.000000E+000
   0.184000E+001        0.239414E+001   0.000000E+000
   0.185000E+001        0.245906E+001   0.000000E+000
   0.186000E+001        0.254314E+001   0.000000E+000
   0.187000E+001        0.263850E+001   0.000000E+000
   0.188000E+001        0.269523E+001   0.000000E+000
   0.189000E+001        0.262645E+001   0.000000E+000
   0.190000E+001        0.249067E+001   0.000000E+000
   0.191000E+001        0.244175E+001   0.000000E+000
   0.192000E+001        0.256440E+001   0.000000E+000
   0.193000E+001        0.259551E+001   0.000000E+000
   0.194000E+001        0.248898E+001   0.000000E+000
   0.195000E+001        0.244332E+001   0.000000E+000
   0.196000E+001        0.249561E+001   0.000000E+000
   0.197000E+001        0.263992E+001   0.000000E+000
   0.198000E+001        0.272122E+001   0.000000E+000
   0.199000E+001        0.267433E+001   0.000000E+000
   0.200000E+001        0.258733E+001   0.000000E+000
Friction component for    2   3
   0.000000E+000        0.833902E-003   0.000000E+000
   0.100000E-001       -0.960774E-003  -0.426041E-003
   0.200000E-001       -0.981665E-002  -0.129603E-001
   0.300000E-001       -0.187030E-001  -0.234226E-001
   0.400000E-001       -0.103255E-001   0.276377E-001
   0.500000E-001       -0.295283E-002   0.101259E+000
   0.600000E-001       -0.310741E-001   0.133556E+000
   0.700000E-001       -0.563514E-001   0.176866E+000
   0.800000E-001       -0.243803E-001   0.227438E+000
   0.900000E-001       -0.108031E-001   0.428154E+000
   0.100000E+000       -0.209813E-001   0.699671E+000
   0.110000E+000       -0.118931E-001   0.674387E+000
   0.120000E+000        0.357024E-002   0.469513E+000
   0.130000E+000       -0.694869E-002   0.315494E+000
   0.140000E+000       -0.299967E-001   0.181939E+000
   0.150000E+000       -0.190731E-001   0.446087E-001
   0.160000E+000       -0.134837E-001  -0.705254E-001
   0.170000E+000       -0.535464E-001  -0.596095E-001
   0.180000E+000       -0.879166E-001   0.340370E-001
   0.190000E+000       -0.741990E-001   0.910645E-001
   0.200000E+000       -0.289350E-001   0.176180E+000
   0.210000E+000        0.908016E-002   0.231634E+000
   0.220000E+000        0.177528E-001   0.103207E+000
   0.230000E+000       -0.270429E-002  -0.465717E-001
   0.240000E+000       -0.191735E-002  -0.417899E-001
   0.250000E+000        0.303083E-001   0.575745E-001
   0.260000E+000        0.253181E-001   0.214688E+000
   0.270000E+000        0.845450E-002   0.219414E+000
   0.280000E+000        0.366922E-001  -0.519070E-001
   0.290000E+000        0.560423E-001  -0.148948E+000
   0.300000E+000        0.348844E-001   0.130683E-001
   0.310000E+000        0.491992E-003   0.924358E-001
   0.320000E+000       -0.187444E-001   0.980337E-001
   0.330000E+000       -0.131569E-001   0.729948E-001
   0.340000E+000       -0.978489E-002   0.166213E-001
   0.350000E+000       -0.432191E-001   0.100390E+000
   0.360000E+000       -0.582017E-001   0.335137E+000
   0.370000E+000       -0.147996E-002   0.385834E+000
   0.380000E+000        0.482171E-001   0.494457E+000
   0.390000E+000        0.190870E-001   0.634231E+000
   0.400000E+000       -0.268973E-001   0.363966E+000
   0.410000E+000       -0.325942E-001   0.108941E+000
   0.420000E+000       -0.250425E-001  -0.298315E-001
   0.430000E+000       -0.990674E-002  -0.261046E-001
   0.440000E+000        0.133368E-001   0.102736E+000
   0.450000E+000        0.120766E-001  -0.839411E-001
   0.460000E+000       -0.220968E-001  -0.293195E+000
   0.470000E+000       -0.123636E-001  -0.193065E+000
   0.480000E+000        0.456793E-001  -0.970674E-001
   0.490000E+000        0.669104E-001  -0.143458E-001
   0.500000E+000        0.502069E-001   0.536337E-002
   0.510000E+000        0.174359E-001   0.461302E-001
   0.520000E+000       -0.231813E-001   0.280020E+000
   0.530000E+000       -0.600699E-001   0.442406E+000
   0.540000E+000       -0.733822E-001   0.446839E+000
   0.550000E+000       -0.771533E-001   0.377111E+000
   0.560000E+000       -0.611142E-001   0.268231E+000
   0.570000E+000        0.140926E-002   0.165822E+000
   0.580000E+000        0.658716E-001   0.324122E-001
   0.590000E+000        0.718317E-001  -0.543042E-001
   0.600000E+000        0.379927E-001  -0.599873E-001
   0.610000E+000       -0.101847E-001   0.742895E-001
   0.620000E+000       -0.442805E-001   0.133183E+000
   0.630000E+000       -0.448955E-001  -0.521300E-001
   0.640000E+000       -0.534878E-001  -0.208709E+000
   0.650000E+000       -0.309087E-001  -0.389757E-001
   0.660000E+000        0.257596E-001   0.212514E+000
   0.670000E+000        0.566631E-001   0.182074E+000
   0.680000E+000        0.474835E-001   0.107250E+000
   0.690000E+000       -0.283957E-002   0.952402E-001
   0.700000E+000       -0.367863E-001   0.797233E-001
   0.710000E+000       -0.304446E-001   0.107852E+000
   0.720000E+000        0.161326E-002   0.120945E+000
   0.730000E+000        0.382896E-001   0.108392E+000
   0.740000E+000        0.271199E-001   0.110101E+000
   0.750000E+000       -0.990306E-003   0.390058E-001
   0.760000E+000       -0.109261E-001  -0.583148E-001
   0.770000E+000       -0.103671E-001  -0.723849E-001
   0.780000E+000       -0.113278E-001  -0.984895E-002
   0.790000E+000       -0.218630E-001   0.624722E-002
   0.800000E+000       -0.301788E-001  -0.689537E-001
   0.810000E+000       -0.527936E-001  -0.138414E+000
   0.820000E+000       -0.667798E-001  -0.157964E+000
   0.830000E+000       -0.312885E-001  -0.201208E-001
   0.840000E+000        0.118125E-001   0.217451E+000
   0.850000E+000        0.100573E-001   0.202009E+000
   0.860000E+000        0.304383E-002   0.738345E-001
   0.870000E+000        0.277698E-001   0.746167E-001
   0.880000E+000        0.513750E-001   0.244738E-001
   0.890000E+000        0.490163E-001  -0.121687E-001
   0.900000E+000        0.296756E-001  -0.655099E-002
   0.910000E+000        0.100730E-001   0.238461E-001
   0.920000E+000       -0.288983E-002   0.630850E-001
   0.930000E+000       -0.714537E-002   0.497131E-001
   0.940000E+000       -0.158974E-001  -0.102836E-001
   0.950000E+000       -0.131206E-001  -0.612916E-001
   0.960000E+000        0.526848E-003  -0.421645E-001
   0.970000E+000        0.729348E-002  -0.132818E-002
   0.980000E+000        0.121628E-001  -0.438638E-001
   0.990000E+000        0.467183E-002  -0.115970E+000
   0.100000E+001       -0.169379E-001  -0.123933E+000
   0.101000E+001       -0.186104E-001  -0.115142E+000
   0.102000E+001       -0.147803E-001  -0.619994E-001
   0.103000E+001       -0.140886E-001   0.206315E-001
   0.104000E+001        0.102418E-002   0.384704E-001
   0.105000E+001        0.297353E-001   0.311731E-001
   0.106000E+001        0.297993E-001   0.686740E-001
   0.107000E+001       -0.197767E-001   0.121711E+000
   0.108000E+001       -0.447570E-001   0.114803E+000
   0.109000E+001       -0.746540E-002   0.767875E-001
   0.110000E+001        0.303376E-001   0.785057E-001
   0.111000E+001        0.436965E-001   0.928934E-001
   0.112000E+001        0.455653E-001   0.581237E-001
   0.113000E+001        0.367058E-001   0.714806E-003
   0.114000E+001        0.329064E-001  -0.282586E-001
   0.115000E+001        0.201188E-001  -0.455897E-001
   0.116000E+001       -0.143927E-001  -0.636310E-001
   0.117000E+001       -0.346344E-001  -0.307152E-001
   0.118000E+001       -0.920606E-002   0.220731E-001
   0.119000E+001       -0.173789E-002  -0.340324E-001
   0.120000E+001       -0.114665E-001  -0.570320E-001
   0.121000E+001       -0.688973E-002   0.776736E-001
   0.122000E+001       -0.826453E-002   0.131692E+000
   0.123000E+001       -0.146252E-001   0.196539E-001
   0.124000E+001       -0.112292E-001  -0.671527E-001
   0.125000E+001       -0.239218E-002  -0.304720E-001
   0.126000E+001        0.101734E-002   0.569277E-001
   0.127000E+001       -0.278614E-002   0.880416E-001
   0.128000E+001        0.102613E-001   0.513086E-001
   0.129000E+001        0.215826E-001   0.526500E-001
   0.130000E+001        0.170452E-001   0.405879E-001
   0.131000E+001        0.145400E-001  -0.208083E-001
   0.132000E+001        0.106500E-001   0.912813E-002
   0.133000E+001        0.131002E-002   0.578193E-001
   0.134000E+001       -0.123907E-001   0.511282E-001
   0.135000E+001       -0.166319E-001   0.111503E-001
   0.136000E+001        0.937969E-002  -0.242225E-001
   0.137000E+001        0.276515E-001   0.183821E-001
   0.138000E+001        0.209106E-001   0.765114E-001
   0.139000E+001        0.508305E-002   0.873980E-001
   0.140000E+001       -0.130841E-001   0.875384E-001
   0.141000E+001       -0.224188E-001   0.747151E-001
   0.142000E+001       -0.217423E-001   0.579181E-001
   0.143000E+001       -0.827705E-002   0.501826E-001
   0.144000E+001        0.463691E-002   0.594880E-001
   0.145000E+001        0.404841E-002   0.709390E-001
   0.146000E+001       -0.430065E-002   0.790526E-001
   0.147000E+001       -0.375222E-003   0.777587E-001
   0.148000E+001        0.139523E-001   0.658124E-001
   0.149000E+001        0.860134E-002   0.534921E-001
   0.150000E+001       -0.696960E-002   0.313517E-001
   0.151000E+001       -0.274295E-001   0.276477E-001
   0.152000E+001       -0.268536E-001   0.681088E-001
   0.153000E+001       -0.868691E-002   0.904674E-001
   0.154000E+001       -0.109362E-001   0.391497E-001
   0.155000E+001       -0.281575E-001  -0.500100E-001
   0.156000E+001       -0.268490E-001  -0.800301E-001
   0.157000E+001       -0.333867E-002  -0.329973E-001
   0.158000E+001        0.248760E-001   0.441375E-002
   0.159000E+001        0.392319E-001  -0.300413E-001
   0.160000E+001        0.326960E-001  -0.412931E-001
   0.161000E+001        0.328999E-001   0.413327E-001
   0.162000E+001        0.356995E-001   0.911141E-001
   0.163000E+001        0.176322E-001   0.849726E-001
   0.164000E+001        0.166944E-001   0.372030E-001
   0.165000E+001        0.219110E-001   0.409162E-002
   0.166000E+001       -0.570576E-002   0.688321E-001
   0.167000E+001       -0.239453E-001   0.134826E+000
   0.168000E+001       -0.680061E-002   0.112934E+000
   0.169000E+001        0.912241E-002   0.603046E-001
   0.170000E+001       -0.109403E-002   0.304174E-001
   0.171000E+001       -0.405481E-002   0.181843E-002
   0.172000E+001       -0.681034E-002  -0.108756E-001
   0.173000E+001       -0.247179E-001  -0.109770E-001
   0.174000E+001       -0.385123E-001  -0.357190E-001
   0.175000E+001       -0.442172E-001  -0.752633E-001
   0.176000E+001       -0.323106E-001  -0.998974E-001
   0.177000E+001       -0.598881E-002  -0.527931E-001
   0.178000E+001        0.223008E-001  -0.437307E-002
   0.179000E+001        0.406636E-001   0.226303E-003
   0.180000E+001        0.428628E-001  -0.238971E-002
   0.181000E+001        0.417281E-001  -0.162879E-001
   0.182000E+001        0.307827E-001  -0.756342E-002
   0.183000E+001        0.411774E-002  -0.154734E-001
   0.184000E+001       -0.139816E-001  -0.537211E-001
   0.185000E+001       -0.114603E-001  -0.350448E-001
   0.186000E+001       -0.819338E-003  -0.130371E-002
   0.187000E+001        0.888923E-002  -0.203330E-002
   0.188000E+001        0.184634E-001   0.590994E-002
   0.189000E+001        0.174668E-001  -0.671589E-002
   0.190000E+001       -0.369905E-002  -0.469755E-001
   0.191000E+001       -0.266975E-001  -0.556612E-001
   0.192000E+001       -0.292131E-001  -0.155303E-001
   0.193000E+001       -0.835841E-002   0.129257E-001
   0.194000E+001        0.131680E-001  -0.230336E-002
   0.195000E+001        0.522693E-002  -0.482268E-001
   0.196000E+001       -0.124118E-001  -0.582589E-001
   0.197000E+001       -0.178355E-001  -0.216231E-001
   0.198000E+001       -0.160312E-001   0.264565E-001
   0.199000E+001       -0.179045E-001   0.596995E-001
   0.200000E+001       -0.196229E-001   0.541259E-001
Friction component for    3   3
   0.000000E+000        0.507362E-001   0.000000E+000
   0.100000E-001        0.119755E+000   0.000000E+000
   0.200000E-001        0.337530E+000   0.000000E+000
   0.300000E-001        0.536993E+000   0.000000E+000
   0.400000E-001        0.585926E+000   0.000000E+000
   0.500000E-001        0.714229E+000   0.000000E+000
   0.600000E-001        0.106564E+001   0.000000E+000
   0.700000E-001        0.144558E+001   0.000000E+000
   0.800000E-001        0.152551E+001   0.000000E+000
   0.900000E-001        0.155197E+001   0.000000E+000
   0.100000E+000        0.188764E+001   0.000000E+000
   0.110000E+000        0.192432E+001   0.000000E+000
   0.120000E+000        0.154507E+001   0.000000E+000
   0.130000E+000        0.136958E+001   0.000000E+000
   0.140000E+000        0.145550E+001   0.000000E+000
   0.150000E+000        0.159574E+001   0.000000E+000
   0.160000E+000        0.165864E+001   0.000000E+000
   0.170000E+000        0.150124E+001   0.000000E+000
   0.180000E+000        0.147286E+001   0.000000E+000
   0.190000E+000        0.177340E+001   0.000000E+000
   0.200000E+000        0.202787E+001   0.000000E+000
   0.210000E+000        0.199217E+001   0.000000E+000
   0.220000E+000        0.200000E+001   0.000000E+000
   0.230000E+000        0.251659E+001   0.000000E+000
   0.240000E+000        0.291346E+001   0.000000E+000
   0.250000E+000        0.266380E+001   0.000000E+000
   0.260000E+000        0.246084E+001   0.000000E+000
   0.270000E+000        0.252929E+001   0.000000E+000
   0.280000E+000        0.257063E+001   0.000000E+000
   0.290000E+000        0.225101E+001   0.000000E+000
   0.300000E+000        0.184096E+001   0.000000E+000
   0.310000E+000        0.180531E+001   0.000000E+000
   0.320000E+000        0.195347E+001   0.000000E+000
   0.330000E+000        0.171374E+001   0.000000E+000
   0.340000E+000        0.129398E+001   0.000000E+000
   0.350000E+000        0.136129E+001   0.000000E+000
   0.360000E+000        0.217555E+001   0.000000E+000
   0.370000E+000        0.323523E+001   0.000000E+000
   0.380000E+000        0.370244E+001   0.000000E+000
   0.390000E+000        0.342123E+001   0.000000E+000
   0.400000E+000        0.250169E+001   0.000000E+000
   0.410000E+000        0.162363E+001   0.000000E+000
   0.420000E+000        0.147581E+001   0.000000E+000
   0.430000E+000        0.192365E+001   0.000000E+000
   0.440000E+000        0.221934E+001   0.000000E+000
   0.450000E+000        0.217999E+001   0.000000E+000
   0.460000E+000        0.212994E+001   0.000000E+000
   0.470000E+000        0.227676E+001   0.000000E+000
   0.480000E+000        0.275969E+001   0.000000E+000
   0.490000E+000        0.295219E+001   0.000000E+000
   0.500000E+000        0.253529E+001   0.000000E+000
   0.510000E+000        0.242908E+001   0.000000E+000
   0.520000E+000        0.294097E+001   0.000000E+000
   0.530000E+000        0.290557E+001   0.000000E+000
   0.540000E+000        0.231137E+001   0.000000E+000
   0.550000E+000        0.207335E+001   0.000000E+000
   0.560000E+000        0.221866E+001   0.000000E+000
   0.570000E+000        0.258909E+001   0.000000E+000
   0.580000E+000        0.251387E+001   0.000000E+000
   0.590000E+000        0.196960E+001   0.000000E+000
   0.600000E+000        0.184567E+001   0.000000E+000
   0.610000E+000        0.207451E+001   0.000000E+000
   0.620000E+000        0.211818E+001   0.000000E+000
   0.630000E+000        0.210361E+001   0.000000E+000
   0.640000E+000        0.236464E+001   0.000000E+000
   0.650000E+000        0.263243E+001   0.000000E+000
   0.660000E+000        0.256367E+001   0.000000E+000
   0.670000E+000        0.226652E+001   0.000000E+000
   0.680000E+000        0.211136E+001   0.000000E+000
   0.690000E+000        0.210871E+001   0.000000E+000
   0.700000E+000        0.194220E+001   0.000000E+000
   0.710000E+000        0.166477E+001   0.000000E+000
   0.720000E+000        0.166451E+001   0.000000E+000
   0.730000E+000        0.186654E+001   0.000000E+000
   0.740000E+000        0.194956E+001   0.000000E+000
   0.750000E+000        0.188313E+001   0.000000E+000
   0.760000E+000        0.189140E+001   0.000000E+000
   0.770000E+000        0.199198E+001   0.000000E+000
   0.780000E+000        0.188353E+001   0.000000E+000
   0.790000E+000        0.162190E+001   0.000000E+000
   0.800000E+000        0.150963E+001   0.000000E+000
   0.810000E+000        0.156941E+001   0.000000E+000
   0.820000E+000        0.185619E+001   0.000000E+000
   0.830000E+000        0.223234E+001   0.000000E+000
   0.840000E+000        0.242915E+001   0.000000E+000
   0.850000E+000        0.224922E+001   0.000000E+000
   0.860000E+000        0.184700E+001   0.000000E+000
   0.870000E+000        0.169294E+001   0.000000E+000
   0.880000E+000        0.177713E+001   0.000000E+000
   0.890000E+000        0.178581E+001   0.000000E+000
   0.900000E+000        0.159800E+001   0.000000E+000
   0.910000E+000        0.149128E+001   0.000000E+000
   0.920000E+000        0.156538E+001   0.000000E+000
   0.930000E+000        0.170923E+001   0.000000E+000
   0.940000E+000        0.165325E+001   0.000000E+000
   0.950000E+000        0.155126E+001   0.000000E+000
   0.960000E+000        0.166652E+001   0.000000E+000
   0.970000E+000        0.173637E+001   0.000000E+000
   0.980000E+000        0.163299E+001   0.000000E+000
   0.990000E+000        0.166906E+001   0.000000E+000
   0.100000E+001        0.181919E+001   0.000000E+000
   0.101000E+001        0.185372E+001   0.000000E+000
   0.102000E+001        0.177681E+001   0.000000E+000
   0.103000E+001        0.168683E+001   0.000000E+000
   0.104000E+001        0.163968E+001   0.000000E+000
   0.105000E+001        0.177302E+001   0.000000E+000
   0.106000E+001        0.195104E+001   0.000000E+000
   0.107000E+001        0.205304E+001   0.000000E+000
   0.108000E+001        0.225043E+001   0.000000E+000
   0.109000E+001        0.226181E+001   0.000000E+000
   0.110000E+001        0.211172E+001   0.000000E+000
   0.111000E+001        0.216197E+001   0.000000E+000
   0.112000E+001        0.215550E+001   0.000000E+000
   0.113000E+001        0.194767E+001   0.000000E+000
   0.114000E+001        0.180917E+001   0.000000E+000
   0.115000E+001        0.165060E+001   0.000000E+000
   0.116000E+001        0.153625E+001   0.000000E+000
   0.117000E+001        0.166679E+001   0.000000E+000
   0.118000E+001        0.184089E+001   0.000000E+000
   0.119000E+001        0.198473E+001   0.000000E+000
   0.120000E+001        0.225805E+001   0.000000E+000
   0.121000E+001        0.242788E+001   0.000000E+000
   0.122000E+001        0.230432E+001   0.000000E+000
   0.123000E+001        0.215424E+001   0.000000E+000
   0.124000E+001        0.204133E+001   0.000000E+000
   0.125000E+001        0.194325E+001   0.000000E+000
   0.126000E+001        0.182801E+001   0.000000E+000
   0.127000E+001        0.172897E+001   0.000000E+000
   0.128000E+001        0.177170E+001   0.000000E+000
   0.129000E+001        0.177010E+001   0.000000E+000
   0.130000E+001        0.164636E+001   0.000000E+000
   0.131000E+001        0.153340E+001   0.000000E+000
   0.132000E+001        0.144985E+001   0.000000E+000
   0.133000E+001        0.143208E+001   0.000000E+000
   0.134000E+001        0.144174E+001   0.000000E+000
   0.135000E+001        0.151589E+001   0.000000E+000
   0.136000E+001        0.176947E+001   0.000000E+000
   0.137000E+001        0.189504E+001   0.000000E+000
   0.138000E+001        0.168187E+001   0.000000E+000
   0.139000E+001        0.144524E+001   0.000000E+000
   0.140000E+001        0.130689E+001   0.000000E+000
   0.141000E+001        0.132066E+001   0.000000E+000
   0.142000E+001        0.146493E+001   0.000000E+000
   0.143000E+001        0.161334E+001   0.000000E+000
   0.144000E+001        0.167847E+001   0.000000E+000
   0.145000E+001        0.170240E+001   0.000000E+000
   0.146000E+001        0.156771E+001   0.000000E+000
   0.147000E+001        0.141085E+001   0.000000E+000
   0.148000E+001        0.148089E+001   0.000000E+000
   0.149000E+001        0.163490E+001   0.000000E+000
   0.150000E+001        0.174896E+001   0.000000E+000
   0.151000E+001        0.179063E+001   0.000000E+000
   0.152000E+001        0.169399E+001   0.000000E+000
   0.153000E+001        0.151407E+001   0.000000E+000
   0.154000E+001        0.148612E+001   0.000000E+000
   0.155000E+001        0.160524E+001   0.000000E+000
   0.156000E+001        0.159265E+001   0.000000E+000
   0.157000E+001        0.154585E+001   0.000000E+000
   0.158000E+001        0.167546E+001   0.000000E+000
   0.159000E+001        0.175155E+001   0.000000E+000
   0.160000E+001        0.164276E+001   0.000000E+000
   0.161000E+001        0.152601E+001   0.000000E+000
   0.162000E+001        0.162833E+001   0.000000E+000
   0.163000E+001        0.174013E+001   0.000000E+000
   0.164000E+001        0.170577E+001   0.000000E+000
   0.165000E+001        0.162629E+001   0.000000E+000
   0.166000E+001        0.152200E+001   0.000000E+000
   0.167000E+001        0.148019E+001   0.000000E+000
   0.168000E+001        0.152400E+001   0.000000E+000
   0.169000E+001        0.162290E+001   0.000000E+000
   0.170000E+001        0.160060E+001   0.000000E+000
   0.171000E+001        0.148057E+001   0.000000E+000
   0.172000E+001        0.137272E+001   0.000000E+000
   0.173000E+001        0.139119E+001   0.000000E+000
   0.174000E+001        0.148917E+001   0.000000E+000
   0.175000E+001        0.158110E+001   0.000000E+000
   0.176000E+001        0.170543E+001   0.000000E+000
   0.177000E+001        0.168029E+001   0.000000E+000
   0.178000E+001        0.152301E+001   0.000000E+000
   0.179000E+001        0.147801E+001   0.000000E+000
   0.180000E+001        0.143701E+001   0.000000E+000
   0.181000E+001        0.142847E+001   0.000000E+000
   0.182000E+001        0.146876E+001   0.000000E+000
   0.183000E+001        0.146474E+001   0.000000E+000
   0.184000E+001        0.144516E+001   0.000000E+000
   0.185000E+001        0.146041E+001   0.000000E+000
   0.186000E+001        0.147395E+001   0.000000E+000
   0.187000E+001        0.147705E+001   0.000000E+000
   0.188000E+001        0.153767E+001   0.000000E+000
   0.189000E+001        0.158796E+001   0.000000E+000
   0.190000E+001        0.155428E+001   0.000000E+000
   0.191000E+001        0.154749E+001   0.000000E+000
   0.192000E+001        0.163510E+001   0.000000E+000
   0.193000E+001        0.165150E+001   0.000000E+000
   0.194000E+001        0.162973E+001   0.000000E+000
   0.195000E+001        0.170352E+001   0.000000E+000
   0.196000E+001        0.179210E+001   0.000000E+000
   0.197000E+001        0.178576E+001   0.000000E+000
   0.198000E+001        0.167291E+001   0.000000E+000
   0.199000E+001        0.161923E+001   0.000000E+000
   0.200000E+001        0.160144E+001   0.000000E+000
