No of components        3
Discretization length in eV   0.0100
Number of Bins      201
Excitation energy in eV   Re(Coupling element)   Im(Coupling element) in 1/ps
============================================================================
Friction component for    1   1
   0.000000E+000        0.202705E+000   0.000000E+000
   0.100000E-001        0.291017E+000   0.000000E+000
   0.200000E-001        0.540090E+000   0.000000E+000
   0.300000E-001        0.779186E+000   0.000000E+000
   0.400000E-001        0.897267E+000   0.000000E+000
   0.500000E-001        0.101341E+001   0.000000E+000
   0.600000E-001        0.112286E+001   0.000000E+000
   0.700000E-001        0.135497E+001   0.000000E+000
   0.800000E-001        0.164550E+001   0.000000E+000
   0.900000E-001        0.203290E+001   0.000000E+000
   0.100000E+000        0.243531E+001   0.000000E+000
   0.110000E+000        0.247107E+001   0.000000E+000
   0.120000E+000        0.225733E+001   0.000000E+000
   0.130000E+000        0.224850E+001   0.000000E+000
   0.140000E+000        0.243723E+001   0.000000E+000
   0.150000E+000        0.243314E+001   0.000000E+000
   0.160000E+000        0.233306E+001   0.000000E+000
   0.170000E+000        0.221815E+001   0.000000E+000
   0.180000E+000        0.196686E+001   0.000000E+000
   0.190000E+000        0.184595E+001   0.000000E+000
   0.200000E+000        0.219124E+001   0.000000E+000
   0.210000E+000        0.230195E+001   0.000000E+000
   0.220000E+000        0.186804E+001   0.000000E+000
   0.230000E+000        0.167275E+001   0.000000E+000
   0.240000E+000        0.181246E+001   0.000000E+000
   0.250000E+000        0.194261E+001   0.000000E+000
   0.260000E+000        0.212265E+001   0.000000E+000
   0.270000E+000        0.222869E+001   0.000000E+000
   0.280000E+000        0.222516E+001   0.000000E+000
   0.290000E+000        0.223080E+001   0.000000E+000
   0.300000E+000        0.226659E+001   0.000000E+000
   0.310000E+000        0.219508E+001   0.000000E+000
   0.320000E+000        0.194414E+001   0.000000E+000
   0.330000E+000        0.176125E+001   0.000000E+000
   0.340000E+000        0.170835E+001   0.000000E+000
   0.350000E+000        0.193519E+001   0.000000E+000
   0.360000E+000        0.248647E+001   0.000000E+000
   0.370000E+000        0.309204E+001   0.000000E+000
   0.380000E+000        0.324785E+001   0.000000E+000
   0.390000E+000        0.273838E+001   0.000000E+000
   0.400000E+000        0.247296E+001   0.000000E+000
   0.410000E+000        0.258296E+001   0.000000E+000
   0.420000E+000        0.247466E+001   0.000000E+000
   0.430000E+000        0.255928E+001   0.000000E+000
   0.440000E+000        0.295426E+001   0.000000E+000
   0.450000E+000        0.306884E+001   0.000000E+000
   0.460000E+000        0.288306E+001   0.000000E+000
   0.470000E+000        0.267322E+001   0.000000E+000
   0.480000E+000        0.253829E+001   0.000000E+000
   0.490000E+000        0.250879E+001   0.000000E+000
   0.500000E+000        0.248611E+001   0.000000E+000
   0.510000E+000        0.226523E+001   0.000000E+000
   0.520000E+000        0.213736E+001   0.000000E+000
   0.530000E+000        0.230115E+001   0.000000E+000
   0.540000E+000        0.232326E+001   0.000000E+000
   0.550000E+000        0.234966E+001   0.000000E+000
   0.560000E+000        0.299479E+001   0.000000E+000
   0.570000E+000        0.353108E+001   0.000000E+000
   0.580000E+000        0.300731E+001   0.000000E+000
   0.590000E+000        0.236336E+001   0.000000E+000
   0.600000E+000        0.206804E+001   0.000000E+000
   0.610000E+000        0.215200E+001   0.000000E+000
   0.620000E+000        0.248266E+001   0.000000E+000
   0.630000E+000        0.287227E+001   0.000000E+000
   0.640000E+000        0.311014E+001   0.000000E+000
   0.650000E+000        0.297970E+001   0.000000E+000
   0.660000E+000        0.286132E+001   0.000000E+000
   0.670000E+000        0.292722E+001   0.000000E+000
   0.680000E+000        0.283249E+001   0.000000E+000
   0.690000E+000        0.262272E+001   0.000000E+000
   0.700000E+000        0.251090E+001   0.000000E+000
   0.710000E+000        0.244717E+001   0.000000E+000
   0.720000E+000        0.231920E+001   0.000000E+000
   0.730000E+000        0.229969E+001   0.000000E+000
   0.740000E+000        0.239083E+001   0.000000E+000
   0.750000E+000        0.233554E+001   0.000000E+000
   0.760000E+000        0.231810E+001   0.000000E+000
   0.770000E+000        0.251933E+001   0.000000E+000
   0.780000E+000        0.275031E+001   0.000000E+000
   0.790000E+000        0.270281E+001   0.000000E+000
   0.800000E+000        0.246419E+001   0.000000E+000
   0.810000E+000        0.245565E+001   0.000000E+000
   0.820000E+000        0.257940E+001   0.000000E+000
   0.830000E+000        0.266847E+001   0.000000E+000
   0.840000E+000        0.282713E+001   0.000000E+000
   0.850000E+000        0.273195E+001   0.000000E+000
   0.860000E+000        0.234474E+001   0.000000E+000
   0.870000E+000        0.214143E+001   0.000000E+000
   0.880000E+000        0.213780E+001   0.000000E+000
   0.890000E+000        0.203975E+001   0.000000E+000
   0.900000E+000        0.194440E+001   0.000000E+000
   0.910000E+000        0.186812E+001   0.000000E+000
   0.920000E+000        0.177464E+001   0.000000E+000
   0.930000E+000        0.184933E+001   0.000000E+000
   0.940000E+000        0.199507E+001   0.000000E+000
   0.950000E+000        0.201701E+001   0.000000E+000
   0.960000E+000        0.198445E+001   0.000000E+000
   0.970000E+000        0.209592E+001   0.000000E+000
   0.980000E+000        0.228974E+001   0.000000E+000
   0.990000E+000        0.234178E+001   0.000000E+000
   0.100000E+001        0.226181E+001   0.000000E+000
   0.101000E+001        0.211724E+001   0.000000E+000
   0.102000E+001        0.212979E+001   0.000000E+000
   0.103000E+001        0.219688E+001   0.000000E+000
   0.104000E+001        0.213631E+001   0.000000E+000
   0.105000E+001        0.223349E+001   0.000000E+000
   0.106000E+001        0.236272E+001   0.000000E+000
   0.107000E+001        0.227487E+001   0.000000E+000
   0.108000E+001        0.215493E+001   0.000000E+000
   0.109000E+001        0.217973E+001   0.000000E+000
   0.110000E+001        0.213525E+001   0.000000E+000
   0.111000E+001        0.202092E+001   0.000000E+000
   0.112000E+001        0.197571E+001   0.000000E+000
   0.113000E+001        0.200965E+001   0.000000E+000
   0.114000E+001        0.204749E+001   0.000000E+000
   0.115000E+001        0.209433E+001   0.000000E+000
   0.116000E+001        0.210579E+001   0.000000E+000
   0.117000E+001        0.213590E+001   0.000000E+000
   0.118000E+001        0.220601E+001   0.000000E+000
   0.119000E+001        0.229211E+001   0.000000E+000
   0.120000E+001        0.237486E+001   0.000000E+000
   0.121000E+001        0.229813E+001   0.000000E+000
   0.122000E+001        0.208561E+001   0.000000E+000
   0.123000E+001        0.196877E+001   0.000000E+000
   0.124000E+001        0.203102E+001   0.000000E+000
   0.125000E+001        0.206260E+001   0.000000E+000
   0.126000E+001        0.214372E+001   0.000000E+000
   0.127000E+001        0.227790E+001   0.000000E+000
   0.128000E+001        0.230480E+001   0.000000E+000
   0.129000E+001        0.235086E+001   0.000000E+000
   0.130000E+001        0.244359E+001   0.000000E+000
   0.131000E+001        0.236049E+001   0.000000E+000
   0.132000E+001        0.205231E+001   0.000000E+000
   0.133000E+001        0.185001E+001   0.000000E+000
   0.134000E+001        0.195508E+001   0.000000E+000
   0.135000E+001        0.208001E+001   0.000000E+000
   0.136000E+001        0.203810E+001   0.000000E+000
   0.137000E+001        0.203509E+001   0.000000E+000
   0.138000E+001        0.212061E+001   0.000000E+000
   0.139000E+001        0.215303E+001   0.000000E+000
   0.140000E+001        0.208132E+001   0.000000E+000
   0.141000E+001        0.204131E+001   0.000000E+000
   0.142000E+001        0.204370E+001   0.000000E+000
   0.143000E+001        0.197132E+001   0.000000E+000
   0.144000E+001        0.190936E+001   0.000000E+000
   0.145000E+001        0.191807E+001   0.000000E+000
   0.146000E+001        0.195175E+001   0.000000E+000
   0.147000E+001        0.203867E+001   0.000000E+000
   0.148000E+001        0.215792E+001   0.000000E+000
   0.149000E+001        0.218299E+001   0.000000E+000
   0.150000E+001        0.219485E+001   0.000000E+000
   0.151000E+001        0.229638E+001   0.000000E+000
   0.152000E+001        0.236982E+001   0.000000E+000
   0.153000E+001        0.231274E+001   0.000000E+000
   0.154000E+001        0.221818E+001   0.000000E+000
   0.155000E+001        0.213594E+001   0.000000E+000
   0.156000E+001        0.209325E+001   0.000000E+000
   0.157000E+001        0.213923E+001   0.000000E+000
   0.158000E+001        0.218931E+001   0.000000E+000
   0.159000E+001        0.217245E+001   0.000000E+000
   0.160000E+001        0.214866E+001   0.000000E+000
   0.161000E+001        0.226013E+001   0.000000E+000
   0.162000E+001        0.237468E+001   0.000000E+000
   0.163000E+001        0.230428E+001   0.000000E+000
   0.164000E+001        0.224238E+001   0.000000E+000
   0.165000E+001        0.232539E+001   0.000000E+000
   0.166000E+001        0.240041E+001   0.000000E+000
   0.167000E+001        0.239082E+001   0.000000E+000
   0.168000E+001        0.225924E+001   0.000000E+000
   0.169000E+001        0.215133E+001   0.000000E+000
   0.170000E+001        0.212183E+001   0.000000E+000
   0.171000E+001        0.206668E+001   0.000000E+000
   0.172000E+001        0.214647E+001   0.000000E+000
   0.173000E+001        0.229378E+001   0.000000E+000
   0.174000E+001        0.235144E+001   0.000000E+000
   0.175000E+001        0.239969E+001   0.000000E+000
   0.176000E+001        0.246477E+001   0.000000E+000
   0.177000E+001        0.249884E+001   0.000000E+000
   0.178000E+001        0.244412E+001   0.000000E+000
   0.179000E+001        0.231018E+001   0.000000E+000
   0.180000E+001        0.217565E+001   0.000000E+000
   0.181000E+001        0.219012E+001   0.000000E+000
   0.182000E+001        0.234950E+001   0.000000E+000
   0.183000E+001        0.243191E+001   0.000000E+000
   0.184000E+001        0.230799E+001   0.000000E+000
   0.185000E+001        0.223253E+001   0.000000E+000
   0.186000E+001        0.234323E+001   0.000000E+000
   0.187000E+001        0.239561E+001   0.000000E+000
   0.188000E+001        0.232126E+001   0.000000E+000
   0.189000E+001        0.228393E+001   0.000000E+000
   0.190000E+001        0.243749E+001   0.000000E+000
   0.191000E+001        0.258374E+001   0.000000E+000
   0.192000E+001        0.248205E+001   0.000000E+000
   0.193000E+001        0.229049E+001   0.000000E+000
   0.194000E+001        0.216729E+001   0.000000E+000
   0.195000E+001        0.219782E+001   0.000000E+000
   0.196000E+001        0.230541E+001   0.000000E+000
   0.197000E+001        0.244489E+001   0.000000E+000
   0.198000E+001        0.258689E+001   0.000000E+000
   0.199000E+001        0.266803E+001   0.000000E+000
   0.200000E+001        0.262534E+001   0.000000E+000
Friction component for    1   2
   0.000000E+000        0.673706E-001   0.000000E+000
   0.100000E-001        0.937808E-001  -0.489970E-002
   0.200000E-001        0.140587E+000  -0.200265E-002
   0.300000E-001        0.149344E+000   0.257659E-002
   0.400000E-001        0.175259E+000  -0.844630E-003
   0.500000E-001        0.165435E+000  -0.807824E-002
   0.600000E-001        0.833988E-001  -0.126345E-001
   0.700000E-001        0.138753E+000  -0.182758E-001
   0.800000E-001        0.131575E+000  -0.223344E-001
   0.900000E-001       -0.987114E-001  -0.204846E-001
   0.100000E+000       -0.259810E+000  -0.196859E-001
   0.110000E+000       -0.202586E+000  -0.168679E-001
   0.120000E+000       -0.105352E+000  -0.488371E-002
   0.130000E+000        0.164407E-001   0.673294E-003
   0.140000E+000        0.175709E+000   0.143336E-001
   0.150000E+000        0.972703E-001   0.339033E-001
   0.160000E+000       -0.461410E-001   0.196566E-001
   0.170000E+000        0.328424E-001  -0.701963E-002
   0.180000E+000        0.106277E+000  -0.903046E-002
   0.190000E+000        0.244233E-001  -0.530379E-002
   0.200000E+000       -0.935493E-001  -0.191545E-001
   0.210000E+000       -0.977770E-001  -0.330508E-001
   0.220000E+000       -0.141425E+000  -0.207835E-001
   0.230000E+000       -0.222222E+000  -0.122179E-001
   0.240000E+000       -0.141643E+000  -0.119738E-001
   0.250000E+000       -0.797833E-001   0.295213E-002
   0.260000E+000       -0.745053E-001  -0.989016E-002
   0.270000E+000       -0.595137E-001  -0.250027E-001
   0.280000E+000       -0.310550E-001  -0.265165E-002
   0.290000E+000        0.408419E-001   0.545980E-002
   0.300000E+000       -0.364449E-001  -0.811184E-002
   0.310000E+000       -0.185632E+000  -0.127172E-001
   0.320000E+000       -0.145436E+000  -0.130923E-001
   0.330000E+000       -0.413145E-001  -0.182758E-001
   0.340000E+000        0.477005E-001  -0.245681E-001
   0.350000E+000        0.141082E+000  -0.313765E-001
   0.360000E+000        0.436215E-001  -0.296278E-001
   0.370000E+000       -0.217744E+000  -0.121592E-001
   0.380000E+000       -0.283008E+000  -0.107109E-001
   0.390000E+000       -0.172401E+000  -0.174934E-001
   0.400000E+000        0.165315E-001  -0.121767E-001
   0.410000E+000        0.157069E+000  -0.127446E-001
   0.420000E+000        0.507460E-001  -0.100949E-001
   0.430000E+000       -0.263733E+000  -0.392158E-003
   0.440000E+000       -0.420007E+000   0.639415E-002
   0.450000E+000       -0.317537E+000   0.480672E-002
   0.460000E+000       -0.228401E+000   0.328334E-002
   0.470000E+000       -0.328813E+000   0.137420E-001
   0.480000E+000       -0.392636E+000   0.162907E-001
   0.490000E+000       -0.425617E+000  -0.407893E-003
   0.500000E+000       -0.469482E+000  -0.106436E-001
   0.510000E+000       -0.300579E+000   0.474835E-004
   0.520000E+000       -0.133927E+000   0.549111E-002
   0.530000E+000       -0.102415E+000   0.435275E-003
   0.540000E+000       -0.347053E-001  -0.158662E-002
   0.550000E+000        0.147393E-002  -0.809523E-002
   0.560000E+000        0.646712E-001  -0.161420E-001
   0.570000E+000        0.281953E+000  -0.133208E-001
   0.580000E+000        0.232041E+000  -0.565481E-002
   0.590000E+000       -0.529305E-001  -0.677096E-002
   0.600000E+000       -0.156502E+000  -0.114463E-001
   0.610000E+000       -0.207942E+000  -0.839427E-002
   0.620000E+000       -0.420266E+000  -0.609921E-002
   0.630000E+000       -0.440056E+000  -0.108744E-001
   0.640000E+000       -0.944734E-001  -0.107465E-001
   0.650000E+000        0.170365E+000   0.625159E-002
   0.660000E+000        0.121772E+000   0.101927E-001
   0.670000E+000       -0.453669E-001  -0.240659E-002
   0.680000E+000       -0.343347E-001  -0.161478E-002
   0.690000E+000        0.108023E+000   0.103493E-001
   0.700000E+000        0.972701E-001   0.111553E-001
   0.710000E+000       -0.144297E-001   0.175145E-002
   0.720000E+000       -0.387533E-001  -0.413352E-003
   0.730000E+000       -0.335854E-001   0.456813E-002
   0.740000E+000       -0.856216E-001   0.437485E-002
   0.750000E+000       -0.535086E-001   0.321989E-002
   0.760000E+000        0.134704E-001   0.306269E-002
   0.770000E+000       -0.147669E-001  -0.502014E-002
   0.780000E+000       -0.826895E-001  -0.161907E-001
   0.790000E+000       -0.223214E-001  -0.145613E-001
   0.800000E+000        0.223975E-001  -0.267843E-002
   0.810000E+000       -0.194142E-001   0.913833E-002
   0.820000E+000       -0.947103E-001   0.107762E-001
   0.830000E+000       -0.149070E+000   0.397440E-002
   0.840000E+000       -0.968577E-001  -0.235720E-002
   0.850000E+000        0.744650E-001   0.413238E-002
   0.860000E+000        0.136007E+000   0.536349E-002
   0.870000E+000        0.478754E-001  -0.163668E-002
   0.880000E+000        0.665488E-002   0.154985E-002
   0.890000E+000       -0.248047E-001   0.543798E-002
   0.900000E+000       -0.664610E-001   0.450332E-002
   0.910000E+000       -0.116056E+000   0.241280E-002
   0.920000E+000       -0.158118E+000  -0.850650E-003
   0.930000E+000       -0.943135E-001  -0.316982E-002
   0.940000E+000       -0.201140E-001   0.163257E-002
   0.950000E+000       -0.127809E+000   0.202698E-001
   0.960000E+000       -0.244142E+000   0.276773E-001
   0.970000E+000       -0.171376E+000   0.912605E-002
   0.980000E+000       -0.882169E-003  -0.677266E-002
   0.990000E+000        0.918649E-001   0.463959E-003
   0.100000E+001        0.848312E-001   0.181666E-001
   0.101000E+001        0.241101E-001   0.290950E-001
   0.102000E+001        0.101192E-001   0.254880E-001
   0.103000E+001        0.824309E-001   0.885365E-002
   0.104000E+001        0.165885E+000  -0.273927E-002
   0.105000E+001        0.149786E+000  -0.209823E-002
   0.106000E+001        0.117274E+000   0.409899E-002
   0.107000E+001        0.139953E+000   0.778611E-002
   0.108000E+001        0.141340E+000   0.119662E-001
   0.109000E+001        0.805724E-001   0.169929E-001
   0.110000E+001       -0.219788E-001   0.877684E-002
   0.111000E+001        0.515507E-002  -0.584040E-003
   0.112000E+001        0.867424E-001   0.117706E-004
   0.113000E+001        0.943394E-001   0.215647E-002
   0.114000E+001        0.965521E-001   0.124692E-002
   0.115000E+001        0.989308E-001   0.321596E-004
   0.116000E+001        0.104852E+000   0.156321E-002
   0.117000E+001        0.189821E+000   0.622682E-002
   0.118000E+001        0.223372E+000   0.637051E-002
   0.119000E+001        0.174333E+000   0.258215E-002
   0.120000E+001        0.826650E-001   0.534004E-002
   0.121000E+001       -0.678739E-001   0.129944E-001
   0.122000E+001       -0.234579E+000   0.171193E-001
   0.123000E+001       -0.207534E+000   0.171565E-001
   0.124000E+001       -0.948907E-002   0.158583E-001
   0.125000E+001        0.132530E+000   0.140451E-001
   0.126000E+001        0.197539E+000   0.837626E-002
   0.127000E+001        0.163171E+000   0.285899E-002
   0.128000E+001        0.586785E-001   0.111858E-002
   0.129000E+001       -0.234731E-002   0.149913E-002
   0.130000E+001        0.175383E-001   0.415235E-003
   0.131000E+001        0.645705E-002  -0.123644E-002
   0.132000E+001       -0.552568E-001  -0.323268E-004
   0.133000E+001       -0.371422E-001  -0.151165E-002
   0.134000E+001        0.943582E-001  -0.159646E-002
   0.135000E+001        0.173544E+000   0.103615E-002
   0.136000E+001        0.903514E-001  -0.211399E-003
   0.137000E+001       -0.201936E-001  -0.199688E-002
   0.138000E+001       -0.562216E-001  -0.179336E-002
   0.139000E+001       -0.231006E-001  -0.179634E-002
   0.140000E+001        0.456814E-001   0.126797E-002
   0.141000E+001        0.138043E+000   0.349689E-002
   0.142000E+001        0.143562E+000   0.800579E-004
   0.143000E+001        0.254669E-001  -0.129191E-002
   0.144000E+001       -0.632872E-001  -0.292152E-002
   0.145000E+001       -0.327500E-001  -0.303814E-002
   0.146000E+001        0.407288E-001   0.284919E-002
   0.147000E+001        0.611070E-001   0.606773E-003
   0.148000E+001        0.268227E-001  -0.692710E-002
   0.149000E+001       -0.471684E-001  -0.328230E-002
   0.150000E+001       -0.879163E-001   0.647605E-002
   0.151000E+001       -0.670836E-001   0.117698E-001
   0.152000E+001       -0.301468E-003   0.992564E-002
   0.153000E+001        0.114189E+000   0.373921E-002
   0.154000E+001        0.193625E+000   0.385418E-002
   0.155000E+001        0.105188E+000   0.689275E-002
   0.156000E+001        0.463367E-002   0.814042E-002
   0.157000E+001        0.447654E-001   0.949096E-002
   0.158000E+001        0.391695E-001   0.413909E-002
   0.159000E+001        0.232375E-001  -0.953676E-003
   0.160000E+001        0.416801E-001  -0.542953E-002
   0.161000E+001       -0.465621E-001  -0.112532E-001
   0.162000E+001       -0.982665E-001  -0.794185E-002
   0.163000E+001        0.767117E-003   0.296362E-002
   0.164000E+001        0.742590E-002   0.637351E-002
   0.165000E+001       -0.110566E+000   0.107167E-002
   0.166000E+001       -0.216480E+000  -0.228826E-002
   0.167000E+001       -0.226266E+000   0.601149E-003
   0.168000E+001       -0.145522E+000   0.972325E-002
   0.169000E+001       -0.545486E-001   0.177359E-001
   0.170000E+001       -0.374123E-001   0.152516E-001
   0.171000E+001       -0.741175E-001   0.346870E-002
   0.172000E+001       -0.718439E-001  -0.342913E-002
   0.173000E+001       -0.663552E-001   0.323798E-002
   0.174000E+001       -0.554015E-001   0.632229E-002
   0.175000E+001       -0.814062E-002  -0.218859E-002
   0.176000E+001        0.150490E-001  -0.116955E-001
   0.177000E+001       -0.472939E-002  -0.454313E-002
   0.178000E+001       -0.917314E-001   0.829631E-002
   0.179000E+001       -0.170373E+000   0.420755E-002
   0.180000E+001       -0.247735E+000  -0.581820E-003
   0.181000E+001       -0.331932E+000   0.701045E-002
   0.182000E+001       -0.336810E+000   0.110157E-001
   0.183000E+001       -0.290447E+000   0.187991E-002
   0.184000E+001       -0.276723E+000  -0.203519E-002
   0.185000E+001       -0.287396E+000   0.361586E-002
   0.186000E+001       -0.352526E+000   0.650233E-002
   0.187000E+001       -0.449317E+000   0.652054E-002
   0.188000E+001       -0.418802E+000   0.480901E-002
   0.189000E+001       -0.273299E+000   0.199765E-002
   0.190000E+001       -0.214170E+000  -0.364537E-002
   0.191000E+001       -0.245020E+000  -0.107895E-001
   0.192000E+001       -0.274947E+000  -0.134956E-001
   0.193000E+001       -0.312603E+000  -0.176365E-001
   0.194000E+001       -0.383957E+000  -0.110485E-001
   0.195000E+001       -0.411885E+000   0.708555E-002
   0.196000E+001       -0.370950E+000   0.260398E-001
   0.197000E+001       -0.295122E+000   0.335869E-001
   0.198000E+001       -0.247193E+000   0.170448E-001
   0.199000E+001       -0.254418E+000  -0.669490E-002
   0.200000E+001       -0.296405E+000  -0.104086E-001
Friction component for    1   3
   0.000000E+000        0.838952E-002   0.000000E+000
   0.100000E-001        0.232151E-001   0.238378E-001
   0.200000E-001        0.554775E-001   0.973340E-001
   0.300000E-001        0.593360E-001   0.157310E+000
   0.400000E-001        0.123534E-001   0.131839E+000
   0.500000E-001       -0.191755E-001   0.113768E+000
   0.600000E-001       -0.126723E-001   0.149606E+000
   0.700000E-001       -0.713409E-003   0.166277E+000
   0.800000E-001        0.129477E-001   0.122273E+000
   0.900000E-001        0.279423E-001   0.451531E-001
   0.100000E+000        0.272713E-001   0.683326E-001
   0.110000E+000        0.139974E-001   0.145647E+000
   0.120000E+000        0.278438E-001   0.111597E+000
   0.130000E+000        0.529006E-001   0.285342E+000
   0.140000E+000        0.532580E-001   0.678263E+000
   0.150000E+000        0.334877E-001   0.773232E+000
   0.160000E+000        0.307758E-001   0.522646E+000
   0.170000E+000        0.476340E-001   0.249217E+000
   0.180000E+000        0.395769E-001   0.107880E+000
   0.190000E+000        0.152854E-001   0.839810E-001
   0.200000E+000        0.120205E-001   0.517770E-001
   0.210000E+000        0.229150E-001  -0.347714E-001
   0.220000E+000        0.215527E-001  -0.295308E-001
   0.230000E+000        0.271324E-001  -0.524384E-001
   0.240000E+000        0.651406E-001  -0.186780E+000
   0.250000E+000        0.887960E-001  -0.664269E-001
   0.260000E+000        0.524126E-001   0.208073E+000
   0.270000E+000        0.224641E-001   0.320149E+000
   0.280000E+000        0.333843E-001   0.187339E+000
   0.290000E+000        0.372212E-001  -0.677948E-001
   0.300000E+000        0.405475E-001  -0.205493E+000
   0.310000E+000        0.439404E-001  -0.222257E+000
   0.320000E+000        0.282541E-001  -0.183460E+000
   0.330000E+000        0.165048E-001  -0.152331E+000
   0.340000E+000        0.240731E-001  -0.114068E+000
   0.350000E+000        0.278820E-001   0.386381E-001
   0.360000E+000        0.276092E-001   0.283617E+000
   0.370000E+000        0.327029E-001   0.438203E+000
   0.380000E+000        0.361047E-001   0.308592E+000
   0.390000E+000        0.293026E-001   0.145330E-002
   0.400000E+000        0.263245E-001  -0.935306E-001
   0.410000E+000        0.275342E-001   0.679436E-001
   0.420000E+000        0.215620E-001   0.153388E+000
   0.430000E+000        0.198597E-001   0.288878E-002
   0.440000E+000        0.226380E-001  -0.242786E+000
   0.450000E+000        0.291911E-001  -0.396490E+000
   0.460000E+000        0.333793E-001  -0.212014E+000
   0.470000E+000        0.428406E-001   0.181859E+000
   0.480000E+000        0.557578E-001   0.217231E+000
   0.490000E+000        0.528267E-001  -0.125156E+000
   0.500000E+000        0.508280E-001  -0.258390E+000
   0.510000E+000        0.479874E-001   0.237371E-001
   0.520000E+000        0.319197E-001   0.277791E+000
   0.530000E+000        0.263477E-001   0.215112E+000
   0.540000E+000        0.251516E-001   0.338551E-001
   0.550000E+000        0.219719E-001  -0.720913E-001
   0.560000E+000        0.360130E-001  -0.119035E+000
   0.570000E+000        0.496246E-001  -0.514885E-001
   0.580000E+000        0.375188E-001   0.496005E-002
   0.590000E+000        0.252672E-001  -0.820915E-002
   0.600000E+000        0.273570E-001   0.752868E-001
   0.610000E+000        0.308069E-001   0.131768E+000
   0.620000E+000        0.232955E-001   0.135481E+000
   0.630000E+000        0.183779E-001   0.195367E+000
   0.640000E+000        0.196606E-001   0.199581E+000
   0.650000E+000        0.289342E-001   0.221788E-001
   0.660000E+000        0.379528E-001  -0.894408E-001
   0.670000E+000        0.337990E-001  -0.550201E-001
   0.680000E+000        0.248526E-001   0.890272E-002
   0.690000E+000        0.230831E-001  -0.960860E-002
   0.700000E+000        0.363583E-001  -0.989639E-001
   0.710000E+000        0.398721E-001  -0.164965E+000
   0.720000E+000        0.197265E-001  -0.148715E+000
   0.730000E+000        0.938173E-002  -0.164314E+000
   0.740000E+000        0.144567E-001  -0.137045E+000
   0.750000E+000        0.168034E-001   0.138209E-001
   0.760000E+000        0.210109E-001   0.910744E-001
   0.770000E+000        0.203572E-001   0.991258E-001
   0.780000E+000        0.929365E-002   0.313613E-001
   0.790000E+000        0.370205E-002   0.220894E-002
   0.800000E+000        0.159627E-001   0.741943E-001
   0.810000E+000        0.229132E-001   0.108266E+000
   0.820000E+000        0.186479E-001   0.821349E-001
   0.830000E+000        0.208636E-001  -0.199212E-002
   0.840000E+000        0.270145E-001  -0.131663E+000
   0.850000E+000        0.243226E-001  -0.146528E+000
   0.860000E+000        0.137673E-001  -0.107264E+000
   0.870000E+000        0.851585E-002  -0.128543E+000
   0.880000E+000        0.241191E-002  -0.807878E-001
   0.890000E+000       -0.108530E-002  -0.346168E-001
   0.900000E+000        0.119152E-001  -0.101870E+000
   0.910000E+000        0.213259E-001  -0.147407E+000
   0.920000E+000        0.273527E-001  -0.126867E+000
   0.930000E+000        0.327772E-001  -0.122287E+000
   0.940000E+000        0.312489E-001  -0.156112E+000
   0.950000E+000        0.289266E-001  -0.103399E+000
   0.960000E+000        0.239907E-001   0.915706E-002
   0.970000E+000        0.214482E-001   0.508871E-001
   0.980000E+000        0.268011E-001   0.476646E-001
   0.990000E+000        0.254828E-001   0.653634E-002
   0.100000E+001        0.227982E-001  -0.782186E-001
   0.101000E+001        0.201994E-001  -0.831832E-001
   0.102000E+001        0.436205E-002  -0.769805E-001
   0.103000E+001       -0.271934E-002  -0.575935E-001
   0.104000E+001        0.133011E-001  -0.157716E-001
   0.105000E+001        0.289695E-001  -0.115802E-001
   0.106000E+001        0.361992E-001  -0.316656E-001
   0.107000E+001        0.210432E-001  -0.309849E-001
   0.108000E+001        0.119857E-001  -0.171730E-001
   0.109000E+001        0.339879E-001   0.109466E-002
   0.110000E+001        0.508818E-001   0.139090E-001
   0.111000E+001        0.557420E-001   0.430333E-002
   0.112000E+001        0.539588E-001   0.140756E-001
   0.113000E+001        0.358296E-001   0.534803E-001
   0.114000E+001        0.213543E-001   0.576183E-001
   0.115000E+001        0.177080E-001   0.481019E-001
   0.116000E+001        0.174086E-001   0.654658E-001
   0.117000E+001        0.284979E-001   0.794506E-001
   0.118000E+001        0.419280E-001   0.113313E+000
   0.119000E+001        0.422746E-001   0.147807E+000
   0.120000E+001        0.428727E-001   0.169029E+000
   0.121000E+001        0.457273E-001   0.120020E+000
   0.122000E+001        0.433584E-001   0.527916E-001
   0.123000E+001        0.460889E-001   0.829850E-001
   0.124000E+001        0.499520E-001   0.158381E+000
   0.125000E+001        0.300612E-001   0.118262E+000
   0.126000E+001        0.174928E-001   0.269408E-001
   0.127000E+001        0.375472E-001  -0.171466E-001
   0.128000E+001        0.444189E-001  -0.690878E-001
   0.129000E+001        0.276688E-001  -0.121506E+000
   0.130000E+001        0.101624E-001  -0.505938E-001
   0.131000E+001       -0.237224E-002   0.804162E-001
   0.132000E+001       -0.236300E-002   0.753922E-001
   0.133000E+001        0.139513E-001  -0.311283E-001
   0.134000E+001        0.401007E-001  -0.885722E-001
   0.135000E+001        0.526285E-001  -0.375451E-001
   0.136000E+001        0.409124E-001   0.267224E-001
   0.137000E+001        0.309534E-001   0.202202E-001
   0.138000E+001        0.258504E-001   0.234414E-001
   0.139000E+001        0.191519E-001   0.228798E-001
   0.140000E+001        0.134513E-001  -0.895885E-002
   0.141000E+001        0.226828E-001  -0.159296E-001
   0.142000E+001        0.291386E-001  -0.263186E-001
   0.143000E+001        0.105752E-001  -0.481029E-001
   0.144000E+001        0.181078E-002  -0.824252E-001
   0.145000E+001        0.182880E-001  -0.131823E+000
   0.146000E+001        0.324336E-001  -0.137860E+000
   0.147000E+001        0.337740E-001  -0.916562E-001
   0.148000E+001        0.353253E-001  -0.341261E-001
   0.149000E+001        0.326099E-001  -0.112830E-001
   0.150000E+001        0.243200E-001  -0.785266E-002
   0.151000E+001        0.261768E-001   0.316729E-001
   0.152000E+001        0.298598E-001   0.453233E-001
   0.153000E+001        0.229064E-001  -0.547592E-002
   0.154000E+001        0.175593E-001  -0.809698E-001
   0.155000E+001        0.259618E-001  -0.105880E+000
   0.156000E+001        0.419259E-001  -0.620893E-001
   0.157000E+001        0.481796E-001  -0.245557E-001
   0.158000E+001        0.363199E-001   0.307591E-002
   0.159000E+001        0.214764E-001   0.361072E-001
   0.160000E+001        0.325588E-001   0.139262E-001
   0.161000E+001        0.541651E-001  -0.109597E+000
   0.162000E+001        0.483611E-001  -0.178674E+000
   0.163000E+001        0.288542E-001  -0.113904E+000
   0.164000E+001        0.254666E-001  -0.672215E-001
   0.165000E+001        0.276773E-001  -0.114760E+000
   0.166000E+001        0.248276E-001  -0.114696E+000
   0.167000E+001        0.233605E-001  -0.577784E-001
   0.168000E+001        0.277010E-001  -0.370056E-001
   0.169000E+001        0.338985E-001  -0.336210E-001
   0.170000E+001        0.322971E-001  -0.373851E-001
   0.171000E+001        0.259296E-001  -0.580408E-001
   0.172000E+001        0.187342E-001  -0.691810E-001
   0.173000E+001        0.121753E-001  -0.543407E-001
   0.174000E+001        0.957722E-002  -0.210227E-001
   0.175000E+001        0.139482E-001  -0.119547E-001
   0.176000E+001        0.243076E-001  -0.229088E-001
   0.177000E+001        0.288310E-001  -0.153200E-001
   0.178000E+001        0.286707E-001  -0.451583E-001
   0.179000E+001        0.343471E-001  -0.819326E-001
   0.180000E+001        0.337478E-001  -0.962888E-001
   0.181000E+001        0.257377E-001  -0.726309E-001
   0.182000E+001        0.234173E-001  -0.656424E-001
   0.183000E+001        0.243273E-001  -0.953944E-001
   0.184000E+001        0.239881E-001  -0.780382E-001
   0.185000E+001        0.282605E-001  -0.503781E-001
   0.186000E+001        0.314781E-001  -0.794210E-001
   0.187000E+001        0.267418E-001  -0.892901E-001
   0.188000E+001        0.201387E-001  -0.283067E-001
   0.189000E+001        0.125369E-001   0.276886E-001
   0.190000E+001        0.111997E-001   0.434728E-001
   0.191000E+001        0.137906E-001   0.445753E-002
   0.192000E+001        0.139071E-001  -0.668399E-001
   0.193000E+001        0.115954E-001  -0.113864E+000
   0.194000E+001        0.127055E-001  -0.112933E+000
   0.195000E+001        0.167952E-001  -0.510811E-001
   0.196000E+001        0.876553E-002  -0.296526E-001
   0.197000E+001        0.141379E-003  -0.881816E-001
   0.198000E+001        0.402454E-002  -0.151708E+000
   0.199000E+001        0.126008E-001  -0.175031E+000
   0.200000E+001        0.203145E-001  -0.127694E+000
Friction component for    2   2
   0.000000E+000        0.125376E+000   0.000000E+000
   0.100000E-001        0.182778E+000   0.000000E+000
   0.200000E-001        0.377200E+000   0.000000E+000
   0.300000E-001        0.606625E+000   0.000000E+000
   0.400000E-001        0.695201E+000   0.000000E+000
   0.500000E-001        0.821300E+000   0.000000E+000
   0.600000E-001        0.102350E+001   0.000000E+000
   0.700000E-001        0.119130E+001   0.000000E+000
   0.800000E-001        0.149476E+001   0.000000E+000
   0.900000E-001        0.215434E+001   0.000000E+000
   0.100000E+000        0.273843E+001   0.000000E+000
   0.110000E+000        0.269944E+001   0.000000E+000
   0.120000E+000        0.237765E+001   0.000000E+000
   0.130000E+000        0.223836E+001   0.000000E+000
   0.140000E+000        0.223904E+001   0.000000E+000
   0.150000E+000        0.231186E+001   0.000000E+000
   0.160000E+000        0.237471E+001   0.000000E+000
   0.170000E+000        0.217664E+001   0.000000E+000
   0.180000E+000        0.184810E+001   0.000000E+000
   0.190000E+000        0.182275E+001   0.000000E+000
   0.200000E+000        0.230093E+001   0.000000E+000
   0.210000E+000        0.241233E+001   0.000000E+000
   0.220000E+000        0.203000E+001   0.000000E+000
   0.230000E+000        0.193272E+001   0.000000E+000
   0.240000E+000        0.197729E+001   0.000000E+000
   0.250000E+000        0.203048E+001   0.000000E+000
   0.260000E+000        0.220177E+001   0.000000E+000
   0.270000E+000        0.229317E+001   0.000000E+000
   0.280000E+000        0.226061E+001   0.000000E+000
   0.290000E+000        0.218581E+001   0.000000E+000
   0.300000E+000        0.231832E+001   0.000000E+000
   0.310000E+000        0.241786E+001   0.000000E+000
   0.320000E+000        0.211236E+001   0.000000E+000
   0.330000E+000        0.181209E+001   0.000000E+000
   0.340000E+000        0.165910E+001   0.000000E+000
   0.350000E+000        0.177661E+001   0.000000E+000
   0.360000E+000        0.243878E+001   0.000000E+000
   0.370000E+000        0.334446E+001   0.000000E+000
   0.380000E+000        0.357292E+001   0.000000E+000
   0.390000E+000        0.293433E+001   0.000000E+000
   0.400000E+000        0.244992E+001   0.000000E+000
   0.410000E+000        0.239732E+001   0.000000E+000
   0.420000E+000        0.241556E+001   0.000000E+000
   0.430000E+000        0.286704E+001   0.000000E+000
   0.440000E+000        0.344390E+001   0.000000E+000
   0.450000E+000        0.343926E+001   0.000000E+000
   0.460000E+000        0.315310E+001   0.000000E+000
   0.470000E+000        0.306016E+001   0.000000E+000
   0.480000E+000        0.299291E+001   0.000000E+000
   0.490000E+000        0.299600E+001   0.000000E+000
   0.500000E+000        0.302586E+001   0.000000E+000
   0.510000E+000        0.261427E+001   0.000000E+000
   0.520000E+000        0.229796E+001   0.000000E+000
   0.530000E+000        0.242512E+001   0.000000E+000
   0.540000E+000        0.236524E+001   0.000000E+000
   0.550000E+000        0.235090E+001   0.000000E+000
   0.560000E+000        0.292406E+001   0.000000E+000
   0.570000E+000        0.320533E+001   0.000000E+000
   0.580000E+000        0.273960E+001   0.000000E+000
   0.590000E+000        0.242461E+001   0.000000E+000
   0.600000E+000        0.224857E+001   0.000000E+000
   0.610000E+000        0.239427E+001   0.000000E+000
   0.620000E+000        0.296865E+001   0.000000E+000
   0.630000E+000        0.337876E+001   0.000000E+000
   0.640000E+000        0.322237E+001   0.000000E+000
   0.650000E+000        0.278846E+001   0.000000E+000
   0.660000E+000        0.272585E+001   0.000000E+000
   0.670000E+000        0.298263E+001   0.000000E+000
   0.680000E+000        0.286733E+001   0.000000E+000
   0.690000E+000        0.249484E+001   0.000000E+000
   0.700000E+000        0.240036E+001   0.000000E+000
   0.710000E+000        0.246968E+001   0.000000E+000
   0.720000E+000        0.236890E+001   0.000000E+000
   0.730000E+000        0.233612E+001   0.000000E+000
   0.740000E+000        0.248755E+001   0.000000E+000
   0.750000E+000        0.239920E+001   0.000000E+000
   0.760000E+000        0.230415E+001   0.000000E+000
   0.770000E+000        0.253533E+001   0.000000E+000
   0.780000E+000        0.284441E+001   0.000000E+000
   0.790000E+000        0.272874E+001   0.000000E+000
   0.800000E+000        0.243784E+001   0.000000E+000
   0.810000E+000        0.247570E+001   0.000000E+000
   0.820000E+000        0.268679E+001   0.000000E+000
   0.830000E+000        0.283860E+001   0.000000E+000
   0.840000E+000        0.293747E+001   0.000000E+000
   0.850000E+000        0.264858E+001   0.000000E+000
   0.860000E+000        0.219128E+001   0.000000E+000
   0.870000E+000        0.208877E+001   0.000000E+000
   0.880000E+000        0.212968E+001   0.000000E+000
   0.890000E+000        0.206734E+001   0.000000E+000
   0.900000E+000        0.202225E+001   0.000000E+000
   0.910000E+000        0.200387E+001   0.000000E+000
   0.920000E+000        0.196075E+001   0.000000E+000
   0.930000E+000        0.196147E+001   0.000000E+000
   0.940000E+000        0.201876E+001   0.000000E+000
   0.950000E+000        0.216557E+001   0.000000E+000
   0.960000E+000        0.226694E+001   0.000000E+000
   0.970000E+000        0.229075E+001   0.000000E+000
   0.980000E+000        0.228840E+001   0.000000E+000
   0.990000E+000        0.223693E+001   0.000000E+000
   0.100000E+001        0.216645E+001   0.000000E+000
   0.101000E+001        0.209343E+001   0.000000E+000
   0.102000E+001        0.212018E+001   0.000000E+000
   0.103000E+001        0.210001E+001   0.000000E+000
   0.104000E+001        0.194414E+001   0.000000E+000
   0.105000E+001        0.206193E+001   0.000000E+000
   0.106000E+001        0.222783E+001   0.000000E+000
   0.107000E+001        0.211124E+001   0.000000E+000
   0.108000E+001        0.198997E+001   0.000000E+000
   0.109000E+001        0.208960E+001   0.000000E+000
   0.110000E+001        0.216620E+001   0.000000E+000
   0.111000E+001        0.201835E+001   0.000000E+000
   0.112000E+001        0.187790E+001   0.000000E+000
   0.113000E+001        0.190413E+001   0.000000E+000
   0.114000E+001        0.193978E+001   0.000000E+000
   0.115000E+001        0.197973E+001   0.000000E+000
   0.116000E+001        0.198264E+001   0.000000E+000
   0.117000E+001        0.191778E+001   0.000000E+000
   0.118000E+001        0.195142E+001   0.000000E+000
   0.119000E+001        0.209330E+001   0.000000E+000
   0.120000E+001        0.227979E+001   0.000000E+000
   0.121000E+001        0.237675E+001   0.000000E+000
   0.122000E+001        0.235732E+001   0.000000E+000
   0.123000E+001        0.220845E+001   0.000000E+000
   0.124000E+001        0.204352E+001   0.000000E+000
   0.125000E+001        0.191195E+001   0.000000E+000
   0.126000E+001        0.191830E+001   0.000000E+000
   0.127000E+001        0.209304E+001   0.000000E+000
   0.128000E+001        0.224062E+001   0.000000E+000
   0.129000E+001        0.235656E+001   0.000000E+000
   0.130000E+001        0.242654E+001   0.000000E+000
   0.131000E+001        0.235440E+001   0.000000E+000
   0.132000E+001        0.211477E+001   0.000000E+000
   0.133000E+001        0.189325E+001   0.000000E+000
   0.134000E+001        0.184796E+001   0.000000E+000
   0.135000E+001        0.188084E+001   0.000000E+000
   0.136000E+001        0.193356E+001   0.000000E+000
   0.137000E+001        0.205851E+001   0.000000E+000
   0.138000E+001        0.218769E+001   0.000000E+000
   0.139000E+001        0.218077E+001   0.000000E+000
   0.140000E+001        0.202845E+001   0.000000E+000
   0.141000E+001        0.188294E+001   0.000000E+000
   0.142000E+001        0.187959E+001   0.000000E+000
   0.143000E+001        0.194392E+001   0.000000E+000
   0.144000E+001        0.198258E+001   0.000000E+000
   0.145000E+001        0.195504E+001   0.000000E+000
   0.146000E+001        0.190676E+001   0.000000E+000
   0.147000E+001        0.197155E+001   0.000000E+000
   0.148000E+001        0.212753E+001   0.000000E+000
   0.149000E+001        0.223684E+001   0.000000E+000
   0.150000E+001        0.229868E+001   0.000000E+000
   0.151000E+001        0.237995E+001   0.000000E+000
   0.152000E+001        0.237446E+001   0.000000E+000
   0.153000E+001        0.218334E+001   0.000000E+000
   0.154000E+001        0.199721E+001   0.000000E+000
   0.155000E+001        0.201678E+001   0.000000E+000
   0.156000E+001        0.208905E+001   0.000000E+000
   0.157000E+001        0.208904E+001   0.000000E+000
   0.158000E+001        0.214640E+001   0.000000E+000
   0.159000E+001        0.214590E+001   0.000000E+000
   0.160000E+001        0.209890E+001   0.000000E+000
   0.161000E+001        0.231546E+001   0.000000E+000
   0.162000E+001        0.249185E+001   0.000000E+000
   0.163000E+001        0.230639E+001   0.000000E+000
   0.164000E+001        0.223888E+001   0.000000E+000
   0.165000E+001        0.245802E+001   0.000000E+000
   0.166000E+001        0.265251E+001   0.000000E+000
   0.167000E+001        0.265247E+001   0.000000E+000
   0.168000E+001        0.242688E+001   0.000000E+000
   0.169000E+001        0.221405E+001   0.000000E+000
   0.170000E+001        0.216612E+001   0.000000E+000
   0.171000E+001        0.215585E+001   0.000000E+000
   0.172000E+001        0.223247E+001   0.000000E+000
   0.173000E+001        0.237215E+001   0.000000E+000
   0.174000E+001        0.241870E+001   0.000000E+000
   0.175000E+001        0.241213E+001   0.000000E+000
   0.176000E+001        0.245004E+001   0.000000E+000
   0.177000E+001        0.250701E+001   0.000000E+000
   0.178000E+001        0.255163E+001   0.000000E+000
   0.179000E+001        0.250748E+001   0.000000E+000
   0.180000E+001        0.246342E+001   0.000000E+000
   0.181000E+001        0.257761E+001   0.000000E+000
   0.182000E+001        0.274393E+001   0.000000E+000
   0.183000E+001        0.276910E+001   0.000000E+000
   0.184000E+001        0.262705E+001   0.000000E+000
   0.185000E+001        0.256801E+001   0.000000E+000
   0.186000E+001        0.275490E+001   0.000000E+000
   0.187000E+001        0.291517E+001   0.000000E+000
   0.188000E+001        0.280569E+001   0.000000E+000
   0.189000E+001        0.260237E+001   0.000000E+000
   0.190000E+001        0.268576E+001   0.000000E+000
   0.191000E+001        0.286798E+001   0.000000E+000
   0.192000E+001        0.280397E+001   0.000000E+000
   0.193000E+001        0.265624E+001   0.000000E+000
   0.194000E+001        0.261275E+001   0.000000E+000
   0.195000E+001        0.267278E+001   0.000000E+000
   0.196000E+001        0.273387E+001   0.000000E+000
   0.197000E+001        0.278902E+001   0.000000E+000
   0.198000E+001        0.287691E+001   0.000000E+000
   0.199000E+001        0.296662E+001   0.000000E+000
   0.200000E+001        0.297366E+001   0.000000E+000
Friction component for    2   3
   0.000000E+000        0.467931E-002   0.000000E+000
   0.100000E-001        0.131789E-001   0.773010E-002
   0.200000E-001        0.316151E-001   0.739628E-002
   0.300000E-001        0.335921E-001   0.369211E-002
   0.400000E-001        0.662931E-002   0.651969E-001
   0.500000E-001       -0.112613E-001   0.127389E+000
   0.600000E-001       -0.762775E-002   0.113121E+000
   0.700000E-001       -0.107793E-002   0.156881E+000
   0.800000E-001        0.673799E-002   0.237689E+000
   0.900000E-001        0.158409E-001   0.462353E+000
   0.100000E+000        0.161584E-001   0.757693E+000
   0.110000E+000        0.881447E-002   0.765212E+000
   0.120000E+000        0.163230E-001   0.513065E+000
   0.130000E+000        0.302077E-001   0.261661E+000
   0.140000E+000        0.302972E-001   0.129554E+000
   0.150000E+000        0.190741E-001  -0.721283E-001
   0.160000E+000        0.174139E-001  -0.132145E+000
   0.170000E+000        0.270319E-001  -0.558928E-003
   0.180000E+000        0.225744E-001   0.678757E-002
   0.190000E+000        0.886039E-002  -0.406104E-001
   0.200000E+000        0.727219E-002   0.568582E-001
   0.210000E+000        0.136515E-001   0.250048E+000
   0.220000E+000        0.123390E-001   0.175586E+000
   0.230000E+000        0.150064E-001  -0.146828E-001
   0.240000E+000        0.371263E-001   0.794332E-002
   0.250000E+000        0.512443E-001   0.442010E-001
   0.260000E+000        0.303898E-001   0.984765E-001
   0.270000E+000        0.134311E-001   0.171013E+000
   0.280000E+000        0.198558E-001   0.250196E-001
   0.290000E+000        0.217501E-001  -0.968635E-001
   0.300000E+000        0.236448E-001  -0.716069E-001
   0.310000E+000        0.255113E-001  -0.555353E-001
   0.320000E+000        0.159354E-001  -0.385986E-001
   0.330000E+000        0.883551E-002   0.404993E-002
   0.340000E+000        0.130527E-001   0.133303E+000
   0.350000E+000        0.152647E-001   0.117953E+000
   0.360000E+000        0.160086E-001   0.341479E-002
   0.370000E+000        0.197075E-001   0.193432E+000
   0.380000E+000        0.214314E-001   0.547240E+000
   0.390000E+000        0.171269E-001   0.589594E+000
   0.400000E+000        0.151495E-001   0.541109E+000
   0.410000E+000        0.156796E-001   0.469985E+000
   0.420000E+000        0.119872E-001   0.204878E+000
   0.430000E+000        0.108871E-001   0.790840E-001
   0.440000E+000        0.125258E-001   0.133306E+000
   0.450000E+000        0.163352E-001   0.382763E-001
   0.460000E+000        0.186112E-001  -0.197599E+000
   0.470000E+000        0.241391E-001  -0.356463E+000
   0.480000E+000        0.318609E-001  -0.285683E+000
   0.490000E+000        0.301272E-001  -0.422773E-001
   0.500000E+000        0.288272E-001   0.802127E-001
   0.510000E+000        0.272887E-001   0.659486E-001
   0.520000E+000        0.179609E-001   0.178231E+000
   0.530000E+000        0.147501E-001   0.432943E+000
   0.540000E+000        0.142159E-001   0.483133E+000
   0.550000E+000        0.124831E-001   0.389040E+000
   0.560000E+000        0.211048E-001   0.426510E+000
   0.570000E+000        0.296854E-001   0.330405E+000
   0.580000E+000        0.226299E-001   0.124736E+000
   0.590000E+000        0.151485E-001   0.113568E+000
   0.600000E+000        0.163194E-001   0.622131E-001
   0.610000E+000        0.183019E-001  -0.691909E-001
   0.620000E+000        0.139218E-001  -0.131275E+000
   0.630000E+000        0.112185E-001  -0.196120E+000
   0.640000E+000        0.119518E-001  -0.219273E+000
   0.650000E+000        0.172052E-001  -0.130717E+000
   0.660000E+000        0.225542E-001   0.141381E-001
   0.670000E+000        0.203267E-001   0.232955E+000
   0.680000E+000        0.146969E-001   0.278630E+000
   0.690000E+000        0.134113E-001   0.205937E+000
   0.700000E+000        0.213335E-001   0.199394E+000
   0.710000E+000        0.233448E-001   0.158019E+000
   0.720000E+000        0.116770E-001   0.899003E-001
   0.730000E+000        0.582204E-002   0.367093E-001
   0.740000E+000        0.873582E-002   0.589876E-001
   0.750000E+000        0.101629E-001   0.133144E+000
   0.760000E+000        0.127434E-001   0.145744E+000
   0.770000E+000        0.123847E-001   0.146853E-001
   0.780000E+000        0.581627E-002  -0.924273E-001
   0.790000E+000        0.233107E-002  -0.556942E-001
   0.800000E+000        0.939785E-002  -0.603735E-001
   0.810000E+000        0.134227E-001  -0.127900E+000
   0.820000E+000        0.109566E-001  -0.130821E+000
   0.830000E+000        0.126613E-001   0.258358E-001
   0.840000E+000        0.165072E-001   0.249884E+000
   0.850000E+000        0.145535E-001   0.266380E+000
   0.860000E+000        0.800373E-002   0.145189E+000
   0.870000E+000        0.478113E-002   0.985439E-001
   0.880000E+000        0.117294E-002   0.108634E+000
   0.890000E+000       -0.102854E-002   0.672795E-001
   0.900000E+000        0.619536E-002  -0.198511E-001
   0.910000E+000        0.116368E-001  -0.970539E-002
   0.920000E+000        0.154279E-001   0.566670E-001
   0.930000E+000        0.185601E-001   0.361035E-001
   0.940000E+000        0.173685E-001  -0.610134E-001
   0.950000E+000        0.157615E-001  -0.863510E-001
   0.960000E+000        0.129629E-001  -0.480677E-001
   0.970000E+000        0.118180E-001   0.808061E-002
   0.980000E+000        0.152303E-001  -0.400724E-001
   0.990000E+000        0.147325E-001  -0.131281E+000
   0.100000E+001        0.132948E-001  -0.125821E+000
   0.101000E+001        0.119449E-001  -0.653220E-001
   0.102000E+001        0.271243E-002   0.622518E-003
   0.103000E+001       -0.163901E-002   0.712248E-001
   0.104000E+001        0.749205E-002   0.674692E-001
   0.105000E+001        0.166218E-001   0.476793E-001
   0.106000E+001        0.209882E-001   0.915999E-001
   0.107000E+001        0.123184E-001   0.120044E+000
   0.108000E+001        0.717093E-002   0.125847E+000
   0.109000E+001        0.200166E-001   0.152841E+000
   0.110000E+001        0.297302E-001   0.163432E+000
   0.111000E+001        0.325574E-001   0.124438E+000
   0.112000E+001        0.315503E-001   0.596686E-001
   0.113000E+001        0.210200E-001   0.315747E-001
   0.114000E+001        0.126300E-001   0.104092E-001
   0.115000E+001        0.104822E-001  -0.695585E-001
   0.116000E+001        0.103935E-001  -0.851734E-001
   0.117000E+001        0.168353E-001  -0.221119E-001
   0.118000E+001        0.244822E-001   0.535594E-002
   0.119000E+001        0.247425E-001  -0.408714E-001
   0.120000E+001        0.254082E-001  -0.185700E-001
   0.121000E+001        0.272591E-001   0.758164E-001
   0.122000E+001        0.259777E-001   0.131231E+000
   0.123000E+001        0.277180E-001   0.764834E-001
   0.124000E+001        0.298582E-001  -0.407051E-001
   0.125000E+001        0.177094E-001  -0.611102E-001
   0.126000E+001        0.100927E-001  -0.797362E-002
   0.127000E+001        0.218115E-001   0.470252E-001
   0.128000E+001        0.259556E-001   0.126547E+000
   0.129000E+001        0.163393E-001   0.196285E+000
   0.130000E+001        0.620929E-002   0.189338E+000
   0.131000E+001       -0.100264E-002   0.737475E-001
   0.132000E+001       -0.103226E-002  -0.418890E-001
   0.133000E+001        0.818135E-002  -0.392327E-001
   0.134000E+001        0.232024E-001  -0.165819E-002
   0.135000E+001        0.305097E-001   0.219033E-001
   0.136000E+001        0.238515E-001   0.138839E-001
   0.137000E+001        0.181888E-001  -0.134359E-001
   0.138000E+001        0.152895E-001   0.157307E-001
   0.139000E+001        0.113907E-001   0.977809E-001
   0.140000E+001        0.809509E-002   0.143693E+000
   0.141000E+001        0.135229E-001   0.130290E+000
   0.142000E+001        0.171735E-001   0.937797E-001
   0.143000E+001        0.635303E-002   0.262696E-001
   0.144000E+001        0.168382E-002   0.319419E-001
   0.145000E+001        0.115891E-001   0.116250E+000
   0.146000E+001        0.196904E-001   0.907749E-001
   0.147000E+001        0.202015E-001   0.666325E-001
   0.148000E+001        0.208696E-001   0.101647E+000
   0.149000E+001        0.192115E-001   0.716195E-001
   0.150000E+001        0.144388E-001   0.314321E-001
   0.151000E+001        0.156702E-001   0.433174E-001
   0.152000E+001        0.179658E-001   0.966951E-001
   0.153000E+001        0.139491E-001   0.989808E-001
   0.154000E+001        0.107841E-001   0.397275E-001
   0.155000E+001        0.154616E-001  -0.109226E-001
   0.156000E+001        0.247226E-001  -0.605485E-001
   0.157000E+001        0.285879E-001  -0.673219E-001
   0.158000E+001        0.218726E-001   0.346815E-002
   0.159000E+001        0.132538E-001   0.379227E-001
   0.160000E+001        0.194971E-001   0.460968E-001
   0.161000E+001        0.318284E-001   0.140937E+000
   0.162000E+001        0.283289E-001   0.181281E+000
   0.163000E+001        0.170630E-001   0.700490E-001
   0.164000E+001        0.151329E-001  -0.164281E-001
   0.165000E+001        0.164308E-001   0.783534E-002
   0.166000E+001        0.148674E-001   0.878996E-001
   0.167000E+001        0.142338E-001   0.140488E+000
   0.168000E+001        0.166989E-001   0.127305E+000
   0.169000E+001        0.199932E-001   0.606359E-001
   0.170000E+001        0.190372E-001  -0.103574E-001
   0.171000E+001        0.153486E-001  -0.360062E-001
   0.172000E+001        0.111582E-001  -0.193651E-001
   0.173000E+001        0.738242E-002  -0.248303E-002
   0.174000E+001        0.585950E-002  -0.211656E-001
   0.175000E+001        0.828797E-002  -0.579289E-001
   0.176000E+001        0.142210E-001  -0.381968E-001
   0.177000E+001        0.168916E-001   0.193807E-001
   0.178000E+001        0.169140E-001   0.364538E-001
   0.179000E+001        0.201731E-001   0.285977E-001
   0.180000E+001        0.198603E-001   0.291704E-001
   0.181000E+001        0.154715E-001   0.381360E-001
   0.182000E+001        0.141349E-001   0.366990E-001
   0.183000E+001        0.144511E-001   0.983315E-002
   0.184000E+001        0.141148E-001  -0.218618E-001
   0.185000E+001        0.166344E-001  -0.315389E-001
   0.186000E+001        0.184685E-001  -0.289717E-002
   0.187000E+001        0.155543E-001   0.166214E-001
   0.188000E+001        0.117419E-001   0.258900E-001
   0.189000E+001        0.744532E-002   0.633660E-002
   0.190000E+001        0.666487E-002  -0.248500E-001
   0.191000E+001        0.819944E-002  -0.117369E-001
   0.192000E+001        0.832507E-002  -0.278891E-002
   0.193000E+001        0.695442E-002  -0.542043E-001
   0.194000E+001        0.752922E-002  -0.404728E-001
   0.195000E+001        0.978816E-002   0.281877E-001
   0.196000E+001        0.493267E-002   0.160014E-001
   0.197000E+001       -0.489358E-004  -0.175914E-001
   0.198000E+001        0.245107E-002   0.281420E-001
   0.199000E+001        0.747632E-002   0.649303E-001
   0.200000E+001        0.119670E-001   0.167261E-001
Friction component for    3   3
   0.000000E+000        0.966853E-001   0.000000E+000
   0.100000E-001        0.128789E+000   0.000000E+000
   0.200000E-001        0.263670E+000   0.000000E+000
   0.300000E-001        0.460265E+000   0.000000E+000
   0.400000E-001        0.559772E+000   0.000000E+000
   0.500000E-001        0.615076E+000   0.000000E+000
   0.600000E-001        0.725932E+000   0.000000E+000
   0.700000E-001        0.970862E+000   0.000000E+000
   0.800000E-001        0.129553E+001   0.000000E+000
   0.900000E-001        0.149173E+001   0.000000E+000
   0.100000E+000        0.172162E+001   0.000000E+000
   0.110000E+000        0.181336E+001   0.000000E+000
   0.120000E+000        0.155470E+001   0.000000E+000
   0.130000E+000        0.141482E+001   0.000000E+000
   0.140000E+000        0.157524E+001   0.000000E+000
   0.150000E+000        0.167951E+001   0.000000E+000
   0.160000E+000        0.144982E+001   0.000000E+000
   0.170000E+000        0.110716E+001   0.000000E+000
   0.180000E+000        0.101220E+001   0.000000E+000
   0.190000E+000        0.123676E+001   0.000000E+000
   0.200000E+000        0.168093E+001   0.000000E+000
   0.210000E+000        0.199454E+001   0.000000E+000
   0.220000E+000        0.185468E+001   0.000000E+000
   0.230000E+000        0.196823E+001   0.000000E+000
   0.240000E+000        0.263297E+001   0.000000E+000
   0.250000E+000        0.307082E+001   0.000000E+000
   0.260000E+000        0.280493E+001   0.000000E+000
   0.270000E+000        0.230649E+001   0.000000E+000
   0.280000E+000        0.198821E+001   0.000000E+000
   0.290000E+000        0.169226E+001   0.000000E+000
   0.300000E+000        0.174250E+001   0.000000E+000
   0.310000E+000        0.208915E+001   0.000000E+000
   0.320000E+000        0.188342E+001   0.000000E+000
   0.330000E+000        0.145001E+001   0.000000E+000
   0.340000E+000        0.129786E+001   0.000000E+000
   0.350000E+000        0.126598E+001   0.000000E+000
   0.360000E+000        0.177779E+001   0.000000E+000
   0.370000E+000        0.279032E+001   0.000000E+000
   0.380000E+000        0.309099E+001   0.000000E+000
   0.390000E+000        0.268372E+001   0.000000E+000
   0.400000E+000        0.248879E+001   0.000000E+000
   0.410000E+000        0.224353E+001   0.000000E+000
   0.420000E+000        0.163516E+001   0.000000E+000
   0.430000E+000        0.136769E+001   0.000000E+000
   0.440000E+000        0.175927E+001   0.000000E+000
   0.450000E+000        0.220691E+001   0.000000E+000
   0.460000E+000        0.223435E+001   0.000000E+000
   0.470000E+000        0.246866E+001   0.000000E+000
   0.480000E+000        0.286511E+001   0.000000E+000
   0.490000E+000        0.287768E+001   0.000000E+000
   0.500000E+000        0.283123E+001   0.000000E+000
   0.510000E+000        0.254251E+001   0.000000E+000
   0.520000E+000        0.229488E+001   0.000000E+000
   0.530000E+000        0.242216E+001   0.000000E+000
   0.540000E+000        0.238149E+001   0.000000E+000
   0.550000E+000        0.221387E+001   0.000000E+000
   0.560000E+000        0.242982E+001   0.000000E+000
   0.570000E+000        0.269407E+001   0.000000E+000
   0.580000E+000        0.233002E+001   0.000000E+000
   0.590000E+000        0.186103E+001   0.000000E+000
   0.600000E+000        0.178473E+001   0.000000E+000
   0.610000E+000        0.172494E+001   0.000000E+000
   0.620000E+000        0.177170E+001   0.000000E+000
   0.630000E+000        0.219633E+001   0.000000E+000
   0.640000E+000        0.253980E+001   0.000000E+000
   0.650000E+000        0.231882E+001   0.000000E+000
   0.660000E+000        0.212389E+001   0.000000E+000
   0.670000E+000        0.230266E+001   0.000000E+000
   0.680000E+000        0.219093E+001   0.000000E+000
   0.690000E+000        0.190760E+001   0.000000E+000
   0.700000E+000        0.188200E+001   0.000000E+000
   0.710000E+000        0.193787E+001   0.000000E+000
   0.720000E+000        0.187499E+001   0.000000E+000
   0.730000E+000        0.187936E+001   0.000000E+000
   0.740000E+000        0.189486E+001   0.000000E+000
   0.750000E+000        0.172990E+001   0.000000E+000
   0.760000E+000        0.165224E+001   0.000000E+000
   0.770000E+000        0.167398E+001   0.000000E+000
   0.780000E+000        0.166094E+001   0.000000E+000
   0.790000E+000        0.161208E+001   0.000000E+000
   0.800000E+000        0.162882E+001   0.000000E+000
   0.810000E+000        0.177162E+001   0.000000E+000
   0.820000E+000        0.195305E+001   0.000000E+000
   0.830000E+000        0.214901E+001   0.000000E+000
   0.840000E+000        0.234254E+001   0.000000E+000
   0.850000E+000        0.215823E+001   0.000000E+000
   0.860000E+000        0.173153E+001   0.000000E+000
   0.870000E+000        0.165578E+001   0.000000E+000
   0.880000E+000        0.177846E+001   0.000000E+000
   0.890000E+000        0.180901E+001   0.000000E+000
   0.900000E+000        0.180363E+001   0.000000E+000
   0.910000E+000        0.172109E+001   0.000000E+000
   0.920000E+000        0.165041E+001   0.000000E+000
   0.930000E+000        0.165145E+001   0.000000E+000
   0.940000E+000        0.159095E+001   0.000000E+000
   0.950000E+000        0.145716E+001   0.000000E+000
   0.960000E+000        0.146247E+001   0.000000E+000
   0.970000E+000        0.167734E+001   0.000000E+000
   0.980000E+000        0.176175E+001   0.000000E+000
   0.990000E+000        0.169282E+001   0.000000E+000
   0.100000E+001        0.182591E+001   0.000000E+000
   0.101000E+001        0.196249E+001   0.000000E+000
   0.102000E+001        0.182108E+001   0.000000E+000
   0.103000E+001        0.161697E+001   0.000000E+000
   0.104000E+001        0.154930E+001   0.000000E+000
   0.105000E+001        0.166079E+001   0.000000E+000
   0.106000E+001        0.177145E+001   0.000000E+000
   0.107000E+001        0.175222E+001   0.000000E+000
   0.108000E+001        0.188110E+001   0.000000E+000
   0.109000E+001        0.226915E+001   0.000000E+000
   0.110000E+001        0.229028E+001   0.000000E+000
   0.111000E+001        0.215270E+001   0.000000E+000
   0.112000E+001        0.226669E+001   0.000000E+000
   0.113000E+001        0.212956E+001   0.000000E+000
   0.114000E+001        0.177798E+001   0.000000E+000
   0.115000E+001        0.164296E+001   0.000000E+000
   0.116000E+001        0.169406E+001   0.000000E+000
   0.117000E+001        0.176636E+001   0.000000E+000
   0.118000E+001        0.188642E+001   0.000000E+000
   0.119000E+001        0.205859E+001   0.000000E+000
   0.120000E+001        0.218548E+001   0.000000E+000
   0.121000E+001        0.211619E+001   0.000000E+000
   0.122000E+001        0.210621E+001   0.000000E+000
   0.123000E+001        0.234799E+001   0.000000E+000
   0.124000E+001        0.236159E+001   0.000000E+000
   0.125000E+001        0.188090E+001   0.000000E+000
   0.126000E+001        0.154875E+001   0.000000E+000
   0.127000E+001        0.152536E+001   0.000000E+000
   0.128000E+001        0.159660E+001   0.000000E+000
   0.129000E+001        0.165308E+001   0.000000E+000
   0.130000E+001        0.156203E+001   0.000000E+000
   0.131000E+001        0.147471E+001   0.000000E+000
   0.132000E+001        0.151470E+001   0.000000E+000
   0.133000E+001        0.152603E+001   0.000000E+000
   0.134000E+001        0.151989E+001   0.000000E+000
   0.135000E+001        0.163215E+001   0.000000E+000
   0.136000E+001        0.180711E+001   0.000000E+000
   0.137000E+001        0.180037E+001   0.000000E+000
   0.138000E+001        0.154580E+001   0.000000E+000
   0.139000E+001        0.134948E+001   0.000000E+000
   0.140000E+001        0.127487E+001   0.000000E+000
   0.141000E+001        0.125180E+001   0.000000E+000
   0.142000E+001        0.138490E+001   0.000000E+000
   0.143000E+001        0.157913E+001   0.000000E+000
   0.144000E+001        0.170931E+001   0.000000E+000
   0.145000E+001        0.177627E+001   0.000000E+000
   0.146000E+001        0.167970E+001   0.000000E+000
   0.147000E+001        0.147821E+001   0.000000E+000
   0.148000E+001        0.147095E+001   0.000000E+000
   0.149000E+001        0.158413E+001   0.000000E+000
   0.150000E+001        0.166518E+001   0.000000E+000
   0.151000E+001        0.171034E+001   0.000000E+000
   0.152000E+001        0.168008E+001   0.000000E+000
   0.153000E+001        0.155461E+001   0.000000E+000
   0.154000E+001        0.148750E+001   0.000000E+000
   0.155000E+001        0.155667E+001   0.000000E+000
   0.156000E+001        0.157874E+001   0.000000E+000
   0.157000E+001        0.160072E+001   0.000000E+000
   0.158000E+001        0.163309E+001   0.000000E+000
   0.159000E+001        0.161784E+001   0.000000E+000
   0.160000E+001        0.163191E+001   0.000000E+000
   0.161000E+001        0.171670E+001   0.000000E+000
   0.162000E+001        0.172233E+001   0.000000E+000
   0.163000E+001        0.166355E+001   0.000000E+000
   0.164000E+001        0.163473E+001   0.000000E+000
   0.165000E+001        0.160659E+001   0.000000E+000
   0.166000E+001        0.158360E+001   0.000000E+000
   0.167000E+001        0.162893E+001   0.000000E+000
   0.168000E+001        0.162732E+001   0.000000E+000
   0.169000E+001        0.151179E+001   0.000000E+000
   0.170000E+001        0.142832E+001   0.000000E+000
   0.171000E+001        0.142797E+001   0.000000E+000
   0.172000E+001        0.150707E+001   0.000000E+000
   0.173000E+001        0.150438E+001   0.000000E+000
   0.174000E+001        0.145068E+001   0.000000E+000
   0.175000E+001        0.145413E+001   0.000000E+000
   0.176000E+001        0.151090E+001   0.000000E+000
   0.177000E+001        0.160332E+001   0.000000E+000
   0.178000E+001        0.160677E+001   0.000000E+000
   0.179000E+001        0.153352E+001   0.000000E+000
   0.180000E+001        0.148658E+001   0.000000E+000
   0.181000E+001        0.147073E+001   0.000000E+000
   0.182000E+001        0.147719E+001   0.000000E+000
   0.183000E+001        0.145355E+001   0.000000E+000
   0.184000E+001        0.134156E+001   0.000000E+000
   0.185000E+001        0.126785E+001   0.000000E+000
   0.186000E+001        0.138363E+001   0.000000E+000
   0.187000E+001        0.156547E+001   0.000000E+000
   0.188000E+001        0.162422E+001   0.000000E+000
   0.189000E+001        0.158530E+001   0.000000E+000
   0.190000E+001        0.167369E+001   0.000000E+000
   0.191000E+001        0.183025E+001   0.000000E+000
   0.192000E+001        0.174675E+001   0.000000E+000
   0.193000E+001        0.156118E+001   0.000000E+000
   0.194000E+001        0.149033E+001   0.000000E+000
   0.195000E+001        0.154794E+001   0.000000E+000
   0.196000E+001        0.165954E+001   0.000000E+000
   0.197000E+001        0.171087E+001   0.000000E+000
   0.198000E+001        0.170120E+001   0.000000E+000
   0.199000E+001        0.165133E+001   0.000000E+000
   0.200000E+001        0.160420E+001   0.000000E+000
