No of components        3
Discretization length in eV   0.0100
Number of Bins      201
Excitation energy in eV   Re(Coupling element)   Im(Coupling element) in 1/ps
============================================================================
Friction component for    1   1
   0.000000E+000        0.507794E-001   0.000000E+000
   0.100000E-001        0.968123E-001   0.000000E+000
   0.200000E-001        0.235371E+000   0.000000E+000
   0.300000E-001        0.421266E+000   0.000000E+000
   0.400000E-001        0.598408E+000   0.000000E+000
   0.500000E-001        0.854719E+000   0.000000E+000
   0.600000E-001        0.112737E+001   0.000000E+000
   0.700000E-001        0.130020E+001   0.000000E+000
   0.800000E-001        0.166144E+001   0.000000E+000
   0.900000E-001        0.232429E+001   0.000000E+000
   0.100000E+000        0.283412E+001   0.000000E+000
   0.110000E+000        0.278097E+001   0.000000E+000
   0.120000E+000        0.243003E+001   0.000000E+000
   0.130000E+000        0.225061E+001   0.000000E+000
   0.140000E+000        0.226617E+001   0.000000E+000
   0.150000E+000        0.241906E+001   0.000000E+000
   0.160000E+000        0.252121E+001   0.000000E+000
   0.170000E+000        0.236218E+001   0.000000E+000
   0.180000E+000        0.225720E+001   0.000000E+000
   0.190000E+000        0.224753E+001   0.000000E+000
   0.200000E+000        0.218555E+001   0.000000E+000
   0.210000E+000        0.210272E+001   0.000000E+000
   0.220000E+000        0.201902E+001   0.000000E+000
   0.230000E+000        0.194149E+001   0.000000E+000
   0.240000E+000        0.194318E+001   0.000000E+000
   0.250000E+000        0.208874E+001   0.000000E+000
   0.260000E+000        0.242267E+001   0.000000E+000
   0.270000E+000        0.268321E+001   0.000000E+000
   0.280000E+000        0.260380E+001   0.000000E+000
   0.290000E+000        0.249134E+001   0.000000E+000
   0.300000E+000        0.246925E+001   0.000000E+000
   0.310000E+000        0.234269E+001   0.000000E+000
   0.320000E+000        0.234529E+001   0.000000E+000
   0.330000E+000        0.254910E+001   0.000000E+000
   0.340000E+000        0.241300E+001   0.000000E+000
   0.350000E+000        0.218429E+001   0.000000E+000
   0.360000E+000        0.243226E+001   0.000000E+000
   0.370000E+000        0.289583E+001   0.000000E+000
   0.380000E+000        0.310469E+001   0.000000E+000
   0.390000E+000        0.310361E+001   0.000000E+000
   0.400000E+000        0.296078E+001   0.000000E+000
   0.410000E+000        0.259966E+001   0.000000E+000
   0.420000E+000        0.239411E+001   0.000000E+000
   0.430000E+000        0.252963E+001   0.000000E+000
   0.440000E+000        0.268291E+001   0.000000E+000
   0.450000E+000        0.279195E+001   0.000000E+000
   0.460000E+000        0.306953E+001   0.000000E+000
   0.470000E+000        0.313162E+001   0.000000E+000
   0.480000E+000        0.290185E+001   0.000000E+000
   0.490000E+000        0.270387E+001   0.000000E+000
   0.500000E+000        0.248711E+001   0.000000E+000
   0.510000E+000        0.232416E+001   0.000000E+000
   0.520000E+000        0.250918E+001   0.000000E+000
   0.530000E+000        0.299170E+001   0.000000E+000
   0.540000E+000        0.329672E+001   0.000000E+000
   0.550000E+000        0.304135E+001   0.000000E+000
   0.560000E+000        0.284415E+001   0.000000E+000
   0.570000E+000        0.289985E+001   0.000000E+000
   0.580000E+000        0.269319E+001   0.000000E+000
   0.590000E+000        0.239605E+001   0.000000E+000
   0.600000E+000        0.235032E+001   0.000000E+000
   0.610000E+000        0.235767E+001   0.000000E+000
   0.620000E+000        0.225087E+001   0.000000E+000
   0.630000E+000        0.237446E+001   0.000000E+000
   0.640000E+000        0.302531E+001   0.000000E+000
   0.650000E+000        0.368490E+001   0.000000E+000
   0.660000E+000        0.360173E+001   0.000000E+000
   0.670000E+000        0.302755E+001   0.000000E+000
   0.680000E+000        0.274907E+001   0.000000E+000
   0.690000E+000        0.258739E+001   0.000000E+000
   0.700000E+000        0.244019E+001   0.000000E+000
   0.710000E+000        0.240154E+001   0.000000E+000
   0.720000E+000        0.234102E+001   0.000000E+000
   0.730000E+000        0.230316E+001   0.000000E+000
   0.740000E+000        0.234873E+001   0.000000E+000
   0.750000E+000        0.252879E+001   0.000000E+000
   0.760000E+000        0.272480E+001   0.000000E+000
   0.770000E+000        0.282232E+001   0.000000E+000
   0.780000E+000        0.277336E+001   0.000000E+000
   0.790000E+000        0.261247E+001   0.000000E+000
   0.800000E+000        0.239528E+001   0.000000E+000
   0.810000E+000        0.230527E+001   0.000000E+000
   0.820000E+000        0.246448E+001   0.000000E+000
   0.830000E+000        0.271930E+001   0.000000E+000
   0.840000E+000        0.290975E+001   0.000000E+000
   0.850000E+000        0.295227E+001   0.000000E+000
   0.860000E+000        0.274378E+001   0.000000E+000
   0.870000E+000        0.239921E+001   0.000000E+000
   0.880000E+000        0.215853E+001   0.000000E+000
   0.890000E+000        0.211644E+001   0.000000E+000
   0.900000E+000        0.206997E+001   0.000000E+000
   0.910000E+000        0.200164E+001   0.000000E+000
   0.920000E+000        0.194956E+001   0.000000E+000
   0.930000E+000        0.185973E+001   0.000000E+000
   0.940000E+000        0.184059E+001   0.000000E+000
   0.950000E+000        0.207201E+001   0.000000E+000
   0.960000E+000        0.237708E+001   0.000000E+000
   0.970000E+000        0.239091E+001   0.000000E+000
   0.980000E+000        0.223540E+001   0.000000E+000
   0.990000E+000        0.220521E+001   0.000000E+000
   0.100000E+001        0.226701E+001   0.000000E+000
   0.101000E+001        0.233528E+001   0.000000E+000
   0.102000E+001        0.240719E+001   0.000000E+000
   0.103000E+001        0.243615E+001   0.000000E+000
   0.104000E+001        0.237666E+001   0.000000E+000
   0.105000E+001        0.237260E+001   0.000000E+000
   0.106000E+001        0.237143E+001   0.000000E+000
   0.107000E+001        0.227709E+001   0.000000E+000
   0.108000E+001        0.221382E+001   0.000000E+000
   0.109000E+001        0.216399E+001   0.000000E+000
   0.110000E+001        0.214353E+001   0.000000E+000
   0.111000E+001        0.216088E+001   0.000000E+000
   0.112000E+001        0.217688E+001   0.000000E+000
   0.113000E+001        0.220840E+001   0.000000E+000
   0.114000E+001        0.228517E+001   0.000000E+000
   0.115000E+001        0.222529E+001   0.000000E+000
   0.116000E+001        0.209691E+001   0.000000E+000
   0.117000E+001        0.210497E+001   0.000000E+000
   0.118000E+001        0.213232E+001   0.000000E+000
   0.119000E+001        0.218899E+001   0.000000E+000
   0.120000E+001        0.229925E+001   0.000000E+000
   0.121000E+001        0.232495E+001   0.000000E+000
   0.122000E+001        0.220668E+001   0.000000E+000
   0.123000E+001        0.213178E+001   0.000000E+000
   0.124000E+001        0.211406E+001   0.000000E+000
   0.125000E+001        0.203759E+001   0.000000E+000
   0.126000E+001        0.217890E+001   0.000000E+000
   0.127000E+001        0.250175E+001   0.000000E+000
   0.128000E+001        0.262121E+001   0.000000E+000
   0.129000E+001        0.257692E+001   0.000000E+000
   0.130000E+001        0.248649E+001   0.000000E+000
   0.131000E+001        0.227326E+001   0.000000E+000
   0.132000E+001        0.206782E+001   0.000000E+000
   0.133000E+001        0.202875E+001   0.000000E+000
   0.134000E+001        0.208334E+001   0.000000E+000
   0.135000E+001        0.206022E+001   0.000000E+000
   0.136000E+001        0.205547E+001   0.000000E+000
   0.137000E+001        0.211188E+001   0.000000E+000
   0.138000E+001        0.213388E+001   0.000000E+000
   0.139000E+001        0.207802E+001   0.000000E+000
   0.140000E+001        0.198759E+001   0.000000E+000
   0.141000E+001        0.194740E+001   0.000000E+000
   0.142000E+001        0.201020E+001   0.000000E+000
   0.143000E+001        0.206406E+001   0.000000E+000
   0.144000E+001        0.198958E+001   0.000000E+000
   0.145000E+001        0.194199E+001   0.000000E+000
   0.146000E+001        0.201828E+001   0.000000E+000
   0.147000E+001        0.207632E+001   0.000000E+000
   0.148000E+001        0.206959E+001   0.000000E+000
   0.149000E+001        0.217638E+001   0.000000E+000
   0.150000E+001        0.231874E+001   0.000000E+000
   0.151000E+001        0.238582E+001   0.000000E+000
   0.152000E+001        0.239092E+001   0.000000E+000
   0.153000E+001        0.220274E+001   0.000000E+000
   0.154000E+001        0.212883E+001   0.000000E+000
   0.155000E+001        0.225962E+001   0.000000E+000
   0.156000E+001        0.220927E+001   0.000000E+000
   0.157000E+001        0.214970E+001   0.000000E+000
   0.158000E+001        0.231587E+001   0.000000E+000
   0.159000E+001        0.244300E+001   0.000000E+000
   0.160000E+001        0.238037E+001   0.000000E+000
   0.161000E+001        0.229392E+001   0.000000E+000
   0.162000E+001        0.229271E+001   0.000000E+000
   0.163000E+001        0.229578E+001   0.000000E+000
   0.164000E+001        0.234026E+001   0.000000E+000
   0.165000E+001        0.240043E+001   0.000000E+000
   0.166000E+001        0.241191E+001   0.000000E+000
   0.167000E+001        0.241410E+001   0.000000E+000
   0.168000E+001        0.234156E+001   0.000000E+000
   0.169000E+001        0.224122E+001   0.000000E+000
   0.170000E+001        0.218172E+001   0.000000E+000
   0.171000E+001        0.220699E+001   0.000000E+000
   0.172000E+001        0.223157E+001   0.000000E+000
   0.173000E+001        0.227851E+001   0.000000E+000
   0.174000E+001        0.232196E+001   0.000000E+000
   0.175000E+001        0.241335E+001   0.000000E+000
   0.176000E+001        0.266201E+001   0.000000E+000
   0.177000E+001        0.278448E+001   0.000000E+000
   0.178000E+001        0.264973E+001   0.000000E+000
   0.179000E+001        0.250053E+001   0.000000E+000
   0.180000E+001        0.244886E+001   0.000000E+000
   0.181000E+001        0.249117E+001   0.000000E+000
   0.182000E+001        0.251538E+001   0.000000E+000
   0.183000E+001        0.248639E+001   0.000000E+000
   0.184000E+001        0.242781E+001   0.000000E+000
   0.185000E+001        0.241318E+001   0.000000E+000
   0.186000E+001        0.248795E+001   0.000000E+000
   0.187000E+001        0.258226E+001   0.000000E+000
   0.188000E+001        0.266851E+001   0.000000E+000
   0.189000E+001        0.265822E+001   0.000000E+000
   0.190000E+001        0.255482E+001   0.000000E+000
   0.191000E+001        0.252201E+001   0.000000E+000
   0.192000E+001        0.260314E+001   0.000000E+000
   0.193000E+001        0.258645E+001   0.000000E+000
   0.194000E+001        0.248005E+001   0.000000E+000
   0.195000E+001        0.249612E+001   0.000000E+000
   0.196000E+001        0.261705E+001   0.000000E+000
   0.197000E+001        0.271140E+001   0.000000E+000
   0.198000E+001        0.269006E+001   0.000000E+000
   0.199000E+001        0.269700E+001   0.000000E+000
   0.200000E+001        0.273933E+001   0.000000E+000
Friction component for    1   2
   0.000000E+000       -0.251953E-001   0.000000E+000
   0.100000E-001       -0.354836E-001  -0.997503E-002
   0.200000E-001       -0.775142E-001  -0.378157E-001
   0.300000E-001       -0.122339E+000  -0.763308E-001
   0.400000E-001       -0.820609E-001  -0.787277E-001
   0.500000E-001       -0.338717E-001  -0.811450E-001
   0.600000E-001       -0.727718E-001  -0.844586E-001
   0.700000E-001       -0.137559E+000  -0.635266E-001
   0.800000E-001       -0.108456E+000  -0.969351E-001
   0.900000E-001       -0.577673E-001  -0.121648E+000
   0.100000E+000       -0.968657E-001  -0.495741E-001
   0.110000E+000       -0.581775E-001  -0.131585E-002
   0.120000E+000        0.413412E-001  -0.973182E-002
   0.130000E+000        0.119889E+000  -0.301593E-001
   0.140000E+000        0.155586E+000  -0.531867E-001
   0.150000E+000        0.149679E+000  -0.716556E-001
   0.160000E+000        0.681691E-001  -0.129850E+000
   0.170000E+000       -0.111925E-001  -0.211970E+000
   0.180000E+000        0.261557E-001  -0.238076E+000
   0.190000E+000       -0.149794E-002  -0.162797E+000
   0.200000E+000       -0.121556E+000  -0.394588E-001
   0.210000E+000       -0.195065E+000   0.409420E-001
   0.220000E+000       -0.182967E+000   0.334155E-001
   0.230000E+000       -0.678463E-001   0.203413E-002
   0.240000E+000        0.219451E-001  -0.477428E-001
   0.250000E+000        0.147636E-001  -0.118652E+000
   0.260000E+000        0.140694E-002  -0.138152E+000
   0.270000E+000       -0.873250E-001  -0.122307E+000
   0.280000E+000       -0.290621E+000  -0.872457E-001
   0.290000E+000       -0.255042E+000  -0.408069E-001
   0.300000E+000        0.695842E-001  -0.394654E-001
   0.310000E+000        0.244799E+000  -0.112370E+000
   0.320000E+000        0.263999E+000  -0.185109E+000
   0.330000E+000        0.354496E+000  -0.193853E+000
   0.340000E+000        0.273068E+000  -0.106433E+000
   0.350000E+000        0.502097E-001  -0.213706E-001
   0.360000E+000       -0.776920E-001   0.600246E-001
   0.370000E+000       -0.262008E+000   0.973096E-001
   0.380000E+000       -0.337514E+000   0.531892E-001
   0.390000E+000       -0.587038E-002   0.235797E-001
   0.400000E+000        0.335076E+000   0.400778E-001
   0.410000E+000        0.213223E+000   0.636946E-001
   0.420000E+000       -0.108855E+000   0.518780E-001
   0.430000E+000       -0.393792E+000   0.207518E-001
   0.440000E+000       -0.513043E+000  -0.118839E-001
   0.450000E+000       -0.271829E+000  -0.342175E-001
   0.460000E+000        0.595684E-001  -0.129780E-001
   0.470000E+000        0.136524E+000  -0.185306E-001
   0.480000E+000        0.113131E-001  -0.952739E-001
   0.490000E+000       -0.146646E+000  -0.123287E+000
   0.500000E+000       -0.159332E+000  -0.501330E-001
   0.510000E+000       -0.127237E+000   0.311906E-001
   0.520000E+000       -0.904890E-001   0.112473E-001
   0.530000E+000        0.130988E+000  -0.252479E-001
   0.540000E+000        0.414822E+000  -0.108950E-001
   0.550000E+000        0.343924E+000  -0.353418E-001
   0.560000E+000        0.935952E-001  -0.779256E-001
   0.570000E+000       -0.676822E-003  -0.840783E-001
   0.580000E+000        0.237668E-001  -0.610676E-001
   0.590000E+000       -0.146395E+000  -0.274625E-001
   0.600000E+000       -0.375977E+000   0.160900E-001
   0.610000E+000       -0.440319E+000  -0.416979E-001
   0.620000E+000       -0.232656E+000  -0.159927E+000
   0.630000E+000        0.828013E-001  -0.168084E+000
   0.640000E+000        0.254041E+000  -0.136241E+000
   0.650000E+000        0.255344E+000  -0.151556E+000
   0.660000E+000        0.159707E+000  -0.159114E+000
   0.670000E+000        0.720818E-001  -0.139983E+000
   0.680000E+000        0.945344E-001  -0.115696E+000
   0.690000E+000        0.854839E-001  -0.436750E-001
   0.700000E+000        0.165710E-001   0.137718E-001
   0.710000E+000       -0.498468E-001   0.142385E-002
   0.720000E+000       -0.116987E+000  -0.330331E-001
   0.730000E+000       -0.130182E+000  -0.608024E-001
   0.740000E+000       -0.812824E-001  -0.794951E-001
   0.750000E+000       -0.197916E-001  -0.968958E-001
   0.760000E+000        0.797857E-001  -0.123405E+000
   0.770000E+000        0.123435E+000  -0.141951E+000
   0.780000E+000        0.633123E-001  -0.121782E+000
   0.790000E+000       -0.116955E-001  -0.113836E+000
   0.800000E+000       -0.584379E-001  -0.141451E+000
   0.810000E+000       -0.411253E-001  -0.118157E+000
   0.820000E+000       -0.651737E-001  -0.544046E-001
   0.830000E+000       -0.698364E-001  -0.304115E-001
   0.840000E+000        0.144616E+000  -0.108145E-001
   0.850000E+000        0.288928E+000   0.352592E-001
   0.860000E+000        0.161310E+000   0.412762E-001
   0.870000E+000       -0.251298E-002   0.312549E-001
   0.880000E+000       -0.452028E-001   0.105389E-001
   0.890000E+000        0.249210E-001  -0.546422E-002
   0.900000E+000        0.543736E-001   0.230751E-001
   0.910000E+000        0.299880E-001   0.272073E-001
   0.920000E+000        0.153263E-001  -0.160071E-001
   0.930000E+000       -0.408480E-003  -0.188770E-001
   0.940000E+000       -0.686144E-001   0.208920E-001
   0.950000E+000       -0.124921E+000   0.474331E-001
   0.960000E+000       -0.839210E-001   0.527608E-001
   0.970000E+000       -0.768835E-002   0.341812E-001
   0.980000E+000        0.413612E-003  -0.114896E-001
   0.990000E+000       -0.329629E-001  -0.528260E-001
   0.100000E+001        0.226507E-001  -0.541731E-001
   0.101000E+001        0.965910E-001  -0.214314E-001
   0.102000E+001        0.969167E-001   0.276276E-001
   0.103000E+001        0.122102E+000   0.622810E-001
   0.104000E+001        0.166695E+000   0.529593E-001
   0.105000E+001        0.125771E+000  -0.231153E-003
   0.106000E+001        0.521078E-001  -0.374028E-001
   0.107000E+001        0.180735E-001  -0.288600E-001
   0.108000E+001        0.305960E-001  -0.194971E-001
   0.109000E+001        0.228419E-001  -0.342941E-001
   0.110000E+001       -0.216813E-001  -0.716359E-001
   0.111000E+001        0.141932E-002  -0.102089E+000
   0.112000E+001        0.162129E-001  -0.111648E+000
   0.113000E+001        0.244559E-001  -0.106598E+000
   0.114000E+001        0.867398E-001  -0.839602E-001
   0.115000E+001        0.120078E+000  -0.660981E-001
   0.116000E+001        0.103959E+000  -0.406123E-001
   0.117000E+001        0.106572E+000  -0.337095E-002
   0.118000E+001        0.535913E-001   0.752387E-002
   0.119000E+001       -0.458324E-001  -0.661579E-002
   0.120000E+001       -0.552640E-001  -0.205993E-001
   0.121000E+001       -0.780130E-001  -0.261411E-001
   0.122000E+001       -0.132084E+000  -0.231237E-001
   0.123000E+001       -0.900984E-001  -0.132851E-001
   0.124000E+001       -0.118355E-001  -0.146736E-002
   0.125000E+001        0.519824E-001   0.159517E-001
   0.126000E+001        0.138984E+000   0.152077E-001
   0.127000E+001        0.232942E+000  -0.781046E-002
   0.128000E+001        0.244600E+000  -0.238302E-001
   0.129000E+001        0.181950E+000  -0.218280E-001
   0.130000E+001        0.105844E+000  -0.176764E-001
   0.131000E+001       -0.298108E-001  -0.214776E-001
   0.132000E+001       -0.854031E-001  -0.399836E-001
   0.133000E+001        0.302766E-001  -0.583928E-001
   0.134000E+001        0.111677E+000  -0.494404E-001
   0.135000E+001        0.496035E-001  -0.368226E-001
   0.136000E+001       -0.315331E-001  -0.255115E-001
   0.137000E+001       -0.778866E-001  -0.248551E-001
   0.138000E+001       -0.657465E-001  -0.364595E-001
   0.139000E+001       -0.273675E-001  -0.310855E-001
   0.140000E+001        0.246318E-001  -0.259336E-001
   0.141000E+001        0.778759E-001  -0.587206E-001
   0.142000E+001        0.983295E-001  -0.793421E-001
   0.143000E+001        0.440839E-001  -0.623312E-001
   0.144000E+001       -0.413571E-001  -0.400010E-001
   0.145000E+001       -0.441492E-001  -0.313886E-001
   0.146000E+001       -0.723436E-002  -0.474002E-001
   0.147000E+001        0.145601E-001  -0.505009E-001
   0.148000E+001        0.370450E-001  -0.252141E-001
   0.149000E+001        0.236475E-001   0.945706E-003
   0.150000E+001       -0.129646E-001  -0.224988E-001
   0.151000E+001       -0.552967E-001  -0.730756E-001
   0.152000E+001       -0.650191E-001  -0.828108E-001
   0.153000E+001        0.157389E-001  -0.607835E-001
   0.154000E+001        0.131827E+000  -0.664577E-001
   0.155000E+001        0.169363E+000  -0.978792E-001
   0.156000E+001        0.100145E+000  -0.712334E-001
   0.157000E+001        0.602493E-001  -0.198263E-001
   0.158000E+001        0.736681E-001  -0.123134E-001
   0.159000E+001        0.727077E-001  -0.206906E-001
   0.160000E+001        0.307811E-001  -0.154270E-001
   0.161000E+001       -0.636490E-002  -0.309991E-001
   0.162000E+001        0.114230E-001  -0.675570E-001
   0.163000E+001        0.131637E-001  -0.723296E-001
   0.164000E+001        0.211284E-002  -0.550469E-001
   0.165000E+001       -0.958140E-002  -0.495580E-001
   0.166000E+001       -0.500384E-001  -0.284477E-001
   0.167000E+001       -0.759806E-001   0.815186E-002
   0.168000E+001       -0.742569E-001   0.312637E-002
   0.169000E+001       -0.867411E-001  -0.104431E-001
   0.170000E+001       -0.941588E-001  -0.126779E-001
   0.171000E+001       -0.104397E+000  -0.380706E-001
   0.172000E+001       -0.924752E-001  -0.621045E-001
   0.173000E+001       -0.895156E-003  -0.380261E-001
   0.174000E+001        0.945896E-001  -0.444255E-002
   0.175000E+001        0.134674E+000  -0.205878E-001
   0.176000E+001        0.175410E+000  -0.678882E-001
   0.177000E+001        0.189862E+000  -0.885759E-001
   0.178000E+001        0.837101E-001  -0.761064E-001
   0.179000E+001       -0.602822E-001  -0.465757E-001
   0.180000E+001       -0.133560E+000  -0.208857E-001
   0.181000E+001       -0.151144E+000  -0.121272E-001
   0.182000E+001       -0.105911E+000  -0.436492E-001
   0.183000E+001       -0.120251E-001  -0.945154E-001
   0.184000E+001       -0.406717E-001  -0.108697E+000
   0.185000E+001       -0.165331E+000  -0.888364E-001
   0.186000E+001       -0.201766E+000  -0.477472E-001
   0.187000E+001       -0.162962E+000  -0.891201E-002
   0.188000E+001       -0.133626E+000  -0.141225E-001
   0.189000E+001       -0.989310E-001  -0.420182E-001
   0.190000E+001       -0.409760E-001  -0.523628E-001
   0.191000E+001       -0.425703E-001  -0.364113E-001
   0.192000E+001       -0.117726E+000  -0.197299E-001
   0.193000E+001       -0.127340E+000  -0.257340E-001
   0.194000E+001       -0.987832E-001  -0.487138E-001
   0.195000E+001       -0.613532E-001  -0.511400E-001
   0.196000E+001       -0.212314E-001  -0.362544E-001
   0.197000E+001       -0.426829E-001  -0.303052E-001
   0.198000E+001       -0.814538E-001  -0.367892E-001
   0.199000E+001       -0.282852E-001  -0.545865E-001
   0.200000E+001        0.170315E-001  -0.708276E-001
Friction component for    1   3
   0.000000E+000        0.479027E-003   0.000000E+000
   0.100000E-001        0.590395E-002   0.159966E-002
   0.200000E-001        0.264748E-001   0.870773E-002
   0.300000E-001        0.421506E-001   0.151877E-001
   0.400000E-001        0.237533E-001  -0.295160E-002
   0.500000E-001        0.399208E-001   0.505709E-001
   0.600000E-001        0.124646E+000   0.196796E+000
   0.700000E-001        0.112371E+000   0.233937E+000
   0.800000E-001        0.347612E-001   0.189299E+000
   0.900000E-001        0.538669E-001   0.145836E+000
   0.100000E+000        0.929322E-001   0.237711E+000
   0.110000E+000        0.729531E-001   0.255224E+000
   0.120000E+000        0.457380E-001   0.189186E+000
   0.130000E+000        0.551354E-001   0.350781E+000
   0.140000E+000        0.744917E-001   0.551812E+000
   0.150000E+000        0.629623E-001   0.608919E+000
   0.160000E+000        0.825478E-001   0.562141E+000
   0.170000E+000        0.166977E+000   0.374671E+000
   0.180000E+000        0.192745E+000   0.164692E+000
   0.190000E+000        0.130359E+000   0.103935E+000
   0.200000E+000        0.435793E-001   0.641370E-001
   0.210000E+000       -0.255468E-001   0.184295E-001
   0.220000E+000       -0.463899E-001  -0.593981E-001
   0.230000E+000        0.133560E-001  -0.269850E+000
   0.240000E+000        0.575578E-001  -0.267803E+000
   0.250000E+000        0.172890E-001   0.120788E+000
   0.260000E+000       -0.410103E-002   0.378984E+000
   0.270000E+000       -0.389228E-001   0.203307E+000
   0.280000E+000       -0.113529E+000  -0.138656E+000
   0.290000E+000       -0.942874E-001  -0.306750E+000
   0.300000E+000       -0.133845E-001  -0.198252E+000
   0.310000E+000        0.430672E-001  -0.662173E-001
   0.320000E+000        0.705378E-001  -0.672468E-001
   0.330000E+000        0.760805E-001  -0.800420E-002
   0.340000E+000        0.662531E-001   0.103875E+000
   0.350000E+000        0.875368E-001   0.208092E+000
   0.360000E+000        0.920425E-001   0.280162E+000
   0.370000E+000        0.115778E-001   0.335589E+000
   0.380000E+000       -0.748852E-001   0.379174E+000
   0.390000E+000       -0.473140E-001   0.262306E+000
   0.400000E+000        0.247203E-001   0.154812E+000
   0.410000E+000        0.354308E-001   0.545830E-001
   0.420000E+000        0.423604E-001  -0.989242E-001
   0.430000E+000        0.473183E-001  -0.198734E+000
   0.440000E+000        0.287858E-001  -0.245953E+000
   0.450000E+000        0.205535E-001  -0.167501E+000
   0.460000E+000        0.560798E-001   0.164784E-001
   0.470000E+000        0.361681E-001   0.803391E-001
   0.480000E+000       -0.510842E-001  -0.779754E-001
   0.490000E+000       -0.787984E-001  -0.207737E+000
   0.500000E+000       -0.453491E-001  -0.990406E-001
   0.510000E+000        0.219808E-001   0.152510E+000
   0.520000E+000        0.651362E-001   0.254078E+000
   0.530000E+000        0.824289E-001   0.105225E+000
   0.540000E+000        0.121596E+000  -0.940152E-001
   0.550000E+000        0.152143E+000  -0.150725E+000
   0.560000E+000        0.123507E+000  -0.128325E+000
   0.570000E+000        0.276455E-001  -0.813146E-001
   0.580000E+000       -0.627454E-001   0.277946E-001
   0.590000E+000       -0.890723E-001   0.111859E+000
   0.600000E+000       -0.487550E-001   0.130691E+000
   0.610000E+000        0.363585E-001   0.154132E+000
   0.620000E+000        0.888769E-001   0.163465E+000
   0.630000E+000        0.867285E-001   0.111554E+000
   0.640000E+000        0.100171E+000  -0.839160E-003
   0.650000E+000        0.701782E-001  -0.676440E-001
   0.660000E+000       -0.269676E-001   0.517177E-001
   0.670000E+000       -0.607487E-001   0.203953E+000
   0.680000E+000       -0.486788E-001   0.201570E+000
   0.690000E+000        0.153556E-001   0.120721E-001
   0.700000E+000        0.847094E-001  -0.161713E+000
   0.710000E+000        0.719292E-001  -0.185131E+000
   0.720000E+000        0.267827E-002  -0.113774E+000
   0.730000E+000       -0.638804E-001  -0.637903E-001
   0.740000E+000       -0.371093E-001  -0.699167E-001
   0.750000E+000        0.192036E-001  -0.534328E-001
   0.760000E+000        0.384508E-001   0.210481E-001
   0.770000E+000        0.349620E-001   0.107538E+000
   0.780000E+000        0.358582E-001   0.147279E+000
   0.790000E+000        0.572602E-001   0.128940E+000
   0.800000E+000        0.774965E-001   0.495724E-001
   0.810000E+000        0.121941E+000  -0.138163E-001
   0.820000E+000        0.121269E+000  -0.117407E-001
   0.830000E+000        0.684543E-001  -0.456016E-001
   0.840000E+000        0.131361E-001  -0.102167E+000
   0.850000E+000       -0.878294E-002  -0.730348E-001
   0.860000E+000        0.618369E-002  -0.587638E-001
   0.870000E+000       -0.284868E-001  -0.682439E-001
   0.880000E+000       -0.960449E-001  -0.586933E-001
   0.890000E+000       -0.929925E-001  -0.676196E-001
   0.900000E+000       -0.383458E-001  -0.509539E-001
   0.910000E+000       -0.678388E-002  -0.888188E-001
   0.920000E+000        0.195064E-001  -0.194811E+000
   0.930000E+000        0.434060E-001  -0.209697E+000
   0.940000E+000        0.479830E-001  -0.822284E-001
   0.950000E+000        0.424238E-001  -0.874416E-002
   0.960000E+000        0.290916E-001  -0.509110E-001
   0.970000E+000        0.110510E-001  -0.729020E-001
   0.980000E+000       -0.195765E-002   0.208385E-001
   0.990000E+000        0.190682E-001   0.651447E-001
   0.100000E+001        0.462525E-001   0.425563E-002
   0.101000E+001        0.340584E-001  -0.509187E-001
   0.102000E+001        0.143736E-001  -0.686561E-001
   0.103000E+001        0.130734E-002  -0.484113E-001
   0.104000E+001       -0.143187E-001  -0.512188E-001
   0.105000E+001       -0.416682E-001  -0.695373E-001
   0.106000E+001       -0.156311E-001  -0.463771E-001
   0.107000E+001        0.782477E-001   0.121932E-001
   0.108000E+001        0.122492E+000   0.389774E-001
   0.109000E+001        0.731991E-001   0.335747E-001
   0.110000E+001       -0.261323E-002   0.462163E-001
   0.111000E+001       -0.602912E-001   0.636805E-001
   0.112000E+001       -0.833518E-001   0.509240E-001
   0.113000E+001       -0.656707E-001   0.330702E-001
   0.114000E+001       -0.267162E-001   0.299372E-001
   0.115000E+001        0.463198E-002   0.576568E-001
   0.116000E+001        0.389232E-001   0.937655E-001
   0.117000E+001        0.575124E-001   0.117349E+000
   0.118000E+001        0.315839E-001   0.803565E-001
   0.119000E+001        0.208291E-001   0.563360E-001
   0.120000E+001        0.364966E-001   0.112035E+000
   0.121000E+001        0.394421E-001   0.116770E+000
   0.122000E+001        0.419240E-001   0.685006E-001
   0.123000E+001        0.652617E-001   0.773434E-001
   0.124000E+001        0.702501E-001   0.122093E+000
   0.125000E+001        0.323382E-001   0.924903E-001
   0.126000E+001        0.849345E-002   0.188225E-001
   0.127000E+001        0.126520E-001  -0.247895E-001
   0.128000E+001        0.142712E-002  -0.454367E-001
   0.129000E+001       -0.228293E-001  -0.436527E-001
   0.130000E+001       -0.268239E-001   0.873961E-002
   0.131000E+001       -0.466018E-002   0.607344E-001
   0.132000E+001        0.121269E-001   0.630733E-001
   0.133000E+001        0.210668E-001  -0.588181E-002
   0.134000E+001        0.331672E-001  -0.556020E-001
   0.135000E+001        0.334431E-001  -0.402122E-001
   0.136000E+001        0.129052E-001  -0.259480E-001
   0.137000E+001       -0.987853E-002  -0.178948E-001
   0.138000E+001       -0.145645E-001   0.140682E-001
   0.139000E+001        0.430249E-002   0.272087E-001
   0.140000E+001        0.343082E-001   0.124954E-003
   0.141000E+001        0.500054E-001  -0.487399E-002
   0.142000E+001        0.485327E-001   0.470863E-003
   0.143000E+001        0.148199E-001  -0.535889E-001
   0.144000E+001       -0.478417E-002  -0.100149E+000
   0.145000E+001        0.383154E-001  -0.987942E-001
   0.146000E+001        0.707399E-001  -0.635539E-001
   0.147000E+001        0.289600E-001  -0.305701E-001
   0.148000E+001       -0.280857E-001  -0.317595E-001
   0.149000E+001       -0.360231E-001  -0.309918E-001
   0.150000E+001        0.169855E-001   0.115799E-001
   0.151000E+001        0.792306E-001   0.541683E-001
   0.152000E+001        0.772165E-001   0.495945E-001
   0.153000E+001        0.330135E-001   0.318002E-002
   0.154000E+001        0.194795E-001  -0.689311E-001
   0.155000E+001        0.553709E-001  -0.633406E-001
   0.156000E+001        0.700785E-001   0.285926E-001
   0.157000E+001        0.246233E-001   0.186193E-001
   0.158000E+001       -0.368895E-001  -0.435026E-001
   0.159000E+001       -0.566721E-001  -0.610459E-001
   0.160000E+001       -0.287009E-001  -0.746617E-001
   0.161000E+001       -0.274678E-001  -0.716660E-001
   0.162000E+001       -0.457284E-001  -0.766937E-001
   0.163000E+001       -0.282807E-001  -0.137952E+000
   0.164000E+001       -0.216881E-001  -0.177679E+000
   0.165000E+001       -0.130014E-001  -0.134842E+000
   0.166000E+001        0.300369E-001  -0.837582E-001
   0.167000E+001        0.454305E-001  -0.741411E-001
   0.168000E+001        0.178337E-001  -0.624197E-001
   0.169000E+001        0.559938E-004  -0.498830E-001
   0.170000E+001        0.195551E-001  -0.649365E-001
   0.171000E+001        0.262963E-001  -0.695451E-001
   0.172000E+001        0.269577E-001  -0.580001E-001
   0.173000E+001        0.612040E-001  -0.377396E-001
   0.174000E+001        0.868776E-001  -0.272895E-001
   0.175000E+001        0.544132E-001  -0.336040E-001
   0.176000E+001        0.110714E-001  -0.292535E-001
   0.177000E+001        0.588711E-002  -0.296023E-002
   0.178000E+001       -0.125661E-001  -0.412666E-002
   0.179000E+001       -0.510533E-001  -0.641300E-001
   0.180000E+001       -0.653226E-001  -0.139275E+000
   0.181000E+001       -0.529543E-001  -0.142567E+000
   0.182000E+001       -0.229902E-001  -0.900894E-001
   0.183000E+001        0.208933E-001  -0.533470E-001
   0.184000E+001        0.247886E-001  -0.328142E-001
   0.185000E+001       -0.888797E-002  -0.352351E-001
   0.186000E+001       -0.149033E-001  -0.516790E-001
   0.187000E+001       -0.106588E-001  -0.502434E-001
   0.188000E+001       -0.109294E-001  -0.205062E-001
   0.189000E+001       -0.174142E-002   0.291551E-001
   0.190000E+001        0.139069E-001   0.156744E-001
   0.191000E+001        0.259025E-001  -0.609714E-001
   0.192000E+001        0.134144E-001  -0.865110E-001
   0.193000E+001       -0.126087E-001  -0.554686E-001
   0.194000E+001       -0.210178E-001  -0.306174E-001
   0.195000E+001        0.311465E-002  -0.360585E-001
   0.196000E+001        0.229691E-001  -0.666540E-001
   0.197000E+001        0.165464E-001  -0.935659E-001
   0.198000E+001        0.810936E-003  -0.115668E+000
   0.199000E+001       -0.583026E-003  -0.116273E+000
   0.200000E+001        0.153523E-001  -0.521405E-001
Friction component for    2   2
   0.000000E+000        0.802523E-001   0.000000E+000
   0.100000E-001        0.138019E+000   0.000000E+000
   0.200000E-001        0.324612E+000   0.000000E+000
   0.300000E-001        0.561719E+000   0.000000E+000
   0.400000E-001        0.691544E+000   0.000000E+000
   0.500000E-001        0.891234E+000   0.000000E+000
   0.600000E-001        0.120878E+001   0.000000E+000
   0.700000E-001        0.145707E+001   0.000000E+000
   0.800000E-001        0.178782E+001   0.000000E+000
   0.900000E-001        0.239592E+001   0.000000E+000
   0.100000E+000        0.295051E+001   0.000000E+000
   0.110000E+000        0.284584E+001   0.000000E+000
   0.120000E+000        0.237980E+001   0.000000E+000
   0.130000E+000        0.211358E+001   0.000000E+000
   0.140000E+000        0.208371E+001   0.000000E+000
   0.150000E+000        0.223797E+001   0.000000E+000
   0.160000E+000        0.243117E+001   0.000000E+000
   0.170000E+000        0.236780E+001   0.000000E+000
   0.180000E+000        0.222870E+001   0.000000E+000
   0.190000E+000        0.225418E+001   0.000000E+000
   0.200000E+000        0.232900E+001   0.000000E+000
   0.210000E+000        0.232702E+001   0.000000E+000
   0.220000E+000        0.222559E+001   0.000000E+000
   0.230000E+000        0.201684E+001   0.000000E+000
   0.240000E+000        0.191680E+001   0.000000E+000
   0.250000E+000        0.206710E+001   0.000000E+000
   0.260000E+000        0.241194E+001   0.000000E+000
   0.270000E+000        0.277607E+001   0.000000E+000
   0.280000E+000        0.293904E+001   0.000000E+000
   0.290000E+000        0.279000E+001   0.000000E+000
   0.300000E+000        0.238914E+001   0.000000E+000
   0.310000E+000        0.205628E+001   0.000000E+000
   0.320000E+000        0.204097E+001   0.000000E+000
   0.330000E+000        0.214704E+001   0.000000E+000
   0.340000E+000        0.209879E+001   0.000000E+000
   0.350000E+000        0.212530E+001   0.000000E+000
   0.360000E+000        0.252412E+001   0.000000E+000
   0.370000E+000        0.319509E+001   0.000000E+000
   0.380000E+000        0.348394E+001   0.000000E+000
   0.390000E+000        0.309398E+001   0.000000E+000
   0.400000E+000        0.256208E+001   0.000000E+000
   0.410000E+000        0.235174E+001   0.000000E+000
   0.420000E+000        0.251923E+001   0.000000E+000
   0.430000E+000        0.297754E+001   0.000000E+000
   0.440000E+000        0.327303E+001   0.000000E+000
   0.450000E+000        0.310820E+001   0.000000E+000
   0.460000E+000        0.299973E+001   0.000000E+000
   0.470000E+000        0.296701E+001   0.000000E+000
   0.480000E+000        0.288214E+001   0.000000E+000
   0.490000E+000        0.287401E+001   0.000000E+000
   0.500000E+000        0.267366E+001   0.000000E+000
   0.510000E+000        0.247009E+001   0.000000E+000
   0.520000E+000        0.261226E+001   0.000000E+000
   0.530000E+000        0.284738E+001   0.000000E+000
   0.540000E+000        0.282234E+001   0.000000E+000
   0.550000E+000        0.263063E+001   0.000000E+000
   0.560000E+000        0.272174E+001   0.000000E+000
   0.570000E+000        0.289803E+001   0.000000E+000
   0.580000E+000        0.267030E+001   0.000000E+000
   0.590000E+000        0.256495E+001   0.000000E+000
   0.600000E+000        0.277926E+001   0.000000E+000
   0.610000E+000        0.285934E+001   0.000000E+000
   0.620000E+000        0.251573E+001   0.000000E+000
   0.630000E+000        0.228059E+001   0.000000E+000
   0.640000E+000        0.273425E+001   0.000000E+000
   0.650000E+000        0.339268E+001   0.000000E+000
   0.660000E+000        0.341552E+001   0.000000E+000
   0.670000E+000        0.293510E+001   0.000000E+000
   0.680000E+000        0.263028E+001   0.000000E+000
   0.690000E+000        0.248464E+001   0.000000E+000
   0.700000E+000        0.242140E+001   0.000000E+000
   0.710000E+000        0.246111E+001   0.000000E+000
   0.720000E+000        0.247517E+001   0.000000E+000
   0.730000E+000        0.244985E+001   0.000000E+000
   0.740000E+000        0.243869E+001   0.000000E+000
   0.750000E+000        0.254960E+001   0.000000E+000
   0.760000E+000        0.263159E+001   0.000000E+000
   0.770000E+000        0.267723E+001   0.000000E+000
   0.780000E+000        0.269582E+001   0.000000E+000
   0.790000E+000        0.262366E+001   0.000000E+000
   0.800000E+000        0.246233E+001   0.000000E+000
   0.810000E+000        0.235039E+001   0.000000E+000
   0.820000E+000        0.253422E+001   0.000000E+000
   0.830000E+000        0.279630E+001   0.000000E+000
   0.840000E+000        0.274287E+001   0.000000E+000
   0.850000E+000        0.261684E+001   0.000000E+000
   0.860000E+000        0.255349E+001   0.000000E+000
   0.870000E+000        0.239800E+001   0.000000E+000
   0.880000E+000        0.220649E+001   0.000000E+000
   0.890000E+000        0.208415E+001   0.000000E+000
   0.900000E+000        0.200738E+001   0.000000E+000
   0.910000E+000        0.196896E+001   0.000000E+000
   0.920000E+000        0.193227E+001   0.000000E+000
   0.930000E+000        0.185692E+001   0.000000E+000
   0.940000E+000        0.191622E+001   0.000000E+000
   0.950000E+000        0.221603E+001   0.000000E+000
   0.960000E+000        0.247299E+001   0.000000E+000
   0.970000E+000        0.239537E+001   0.000000E+000
   0.980000E+000        0.223163E+001   0.000000E+000
   0.990000E+000        0.224187E+001   0.000000E+000
   0.100000E+001        0.224134E+001   0.000000E+000
   0.101000E+001        0.222696E+001   0.000000E+000
   0.102000E+001        0.229634E+001   0.000000E+000
   0.103000E+001        0.229221E+001   0.000000E+000
   0.104000E+001        0.218197E+001   0.000000E+000
   0.105000E+001        0.222489E+001   0.000000E+000
   0.106000E+001        0.230556E+001   0.000000E+000
   0.107000E+001        0.225188E+001   0.000000E+000
   0.108000E+001        0.217639E+001   0.000000E+000
   0.109000E+001        0.213655E+001   0.000000E+000
   0.110000E+001        0.217012E+001   0.000000E+000
   0.111000E+001        0.216069E+001   0.000000E+000
   0.112000E+001        0.215602E+001   0.000000E+000
   0.113000E+001        0.217785E+001   0.000000E+000
   0.114000E+001        0.218429E+001   0.000000E+000
   0.115000E+001        0.208482E+001   0.000000E+000
   0.116000E+001        0.197558E+001   0.000000E+000
   0.117000E+001        0.198388E+001   0.000000E+000
   0.118000E+001        0.207184E+001   0.000000E+000
   0.119000E+001        0.223917E+001   0.000000E+000
   0.120000E+001        0.235934E+001   0.000000E+000
   0.121000E+001        0.241268E+001   0.000000E+000
   0.122000E+001        0.235732E+001   0.000000E+000
   0.123000E+001        0.223452E+001   0.000000E+000
   0.124000E+001        0.212610E+001   0.000000E+000
   0.125000E+001        0.197597E+001   0.000000E+000
   0.126000E+001        0.201923E+001   0.000000E+000
   0.127000E+001        0.223397E+001   0.000000E+000
   0.128000E+001        0.233691E+001   0.000000E+000
   0.129000E+001        0.236439E+001   0.000000E+000
   0.130000E+001        0.236378E+001   0.000000E+000
   0.131000E+001        0.230709E+001   0.000000E+000
   0.132000E+001        0.216518E+001   0.000000E+000
   0.133000E+001        0.199238E+001   0.000000E+000
   0.134000E+001        0.195148E+001   0.000000E+000
   0.135000E+001        0.199972E+001   0.000000E+000
   0.136000E+001        0.208932E+001   0.000000E+000
   0.137000E+001        0.219962E+001   0.000000E+000
   0.138000E+001        0.220892E+001   0.000000E+000
   0.139000E+001        0.210911E+001   0.000000E+000
   0.140000E+001        0.195816E+001   0.000000E+000
   0.141000E+001        0.185750E+001   0.000000E+000
   0.142000E+001        0.189795E+001   0.000000E+000
   0.143000E+001        0.201226E+001   0.000000E+000
   0.144000E+001        0.203402E+001   0.000000E+000
   0.145000E+001        0.199029E+001   0.000000E+000
   0.146000E+001        0.202459E+001   0.000000E+000
   0.147000E+001        0.205791E+001   0.000000E+000
   0.148000E+001        0.202609E+001   0.000000E+000
   0.149000E+001        0.215014E+001   0.000000E+000
   0.150000E+001        0.233520E+001   0.000000E+000
   0.151000E+001        0.244917E+001   0.000000E+000
   0.152000E+001        0.246362E+001   0.000000E+000
   0.153000E+001        0.218335E+001   0.000000E+000
   0.154000E+001        0.197668E+001   0.000000E+000
   0.155000E+001        0.206312E+001   0.000000E+000
   0.156000E+001        0.209130E+001   0.000000E+000
   0.157000E+001        0.207812E+001   0.000000E+000
   0.158000E+001        0.222865E+001   0.000000E+000
   0.159000E+001        0.235684E+001   0.000000E+000
   0.160000E+001        0.234333E+001   0.000000E+000
   0.161000E+001        0.230108E+001   0.000000E+000
   0.162000E+001        0.227949E+001   0.000000E+000
   0.163000E+001        0.228009E+001   0.000000E+000
   0.164000E+001        0.233765E+001   0.000000E+000
   0.165000E+001        0.241104E+001   0.000000E+000
   0.166000E+001        0.246887E+001   0.000000E+000
   0.167000E+001        0.250048E+001   0.000000E+000
   0.168000E+001        0.242622E+001   0.000000E+000
   0.169000E+001        0.233892E+001   0.000000E+000
   0.170000E+001        0.228847E+001   0.000000E+000
   0.171000E+001        0.232747E+001   0.000000E+000
   0.172000E+001        0.233968E+001   0.000000E+000
   0.173000E+001        0.227988E+001   0.000000E+000
   0.174000E+001        0.221113E+001   0.000000E+000
   0.175000E+001        0.225710E+001   0.000000E+000
   0.176000E+001        0.245879E+001   0.000000E+000
   0.177000E+001        0.256260E+001   0.000000E+000
   0.178000E+001        0.255068E+001   0.000000E+000
   0.179000E+001        0.256970E+001   0.000000E+000
   0.180000E+001        0.260334E+001   0.000000E+000
   0.181000E+001        0.266530E+001   0.000000E+000
   0.182000E+001        0.263593E+001   0.000000E+000
   0.183000E+001        0.249829E+001   0.000000E+000
   0.184000E+001        0.247313E+001   0.000000E+000
   0.185000E+001        0.260364E+001   0.000000E+000
   0.186000E+001        0.272178E+001   0.000000E+000
   0.187000E+001        0.276972E+001   0.000000E+000
   0.188000E+001        0.282229E+001   0.000000E+000
   0.189000E+001        0.277153E+001   0.000000E+000
   0.190000E+001        0.259918E+001   0.000000E+000
   0.191000E+001        0.257114E+001   0.000000E+000
   0.192000E+001        0.274366E+001   0.000000E+000
   0.193000E+001        0.273398E+001   0.000000E+000
   0.194000E+001        0.259008E+001   0.000000E+000
   0.195000E+001        0.256387E+001   0.000000E+000
   0.196000E+001        0.263878E+001   0.000000E+000
   0.197000E+001        0.275868E+001   0.000000E+000
   0.198000E+001        0.278387E+001   0.000000E+000
   0.199000E+001        0.273231E+001   0.000000E+000
   0.200000E+001        0.272190E+001   0.000000E+000
Friction component for    2   3
   0.000000E+000        0.328267E-003   0.000000E+000
   0.100000E-001        0.372290E-002  -0.123419E-002
   0.200000E-001        0.159820E-001  -0.222648E-001
   0.300000E-001        0.248972E-001  -0.417021E-001
   0.400000E-001        0.141636E-001   0.186657E-001
   0.500000E-001        0.238866E-001   0.116817E+000
   0.600000E-001        0.730607E-001   0.147980E+000
   0.700000E-001        0.655070E-001   0.156747E+000
   0.800000E-001        0.193263E-001   0.228126E+000
   0.900000E-001        0.283958E-001   0.470348E+000
   0.100000E+000        0.505774E-001   0.739771E+000
   0.110000E+000        0.408296E-001   0.730300E+000
   0.120000E+000        0.261944E-001   0.525428E+000
   0.130000E+000        0.318695E-001   0.349056E+000
   0.140000E+000        0.431586E-001   0.197865E+000
   0.150000E+000        0.360181E-001   0.486673E-001
   0.160000E+000        0.463546E-001  -0.869429E-001
   0.170000E+000        0.938130E-001  -0.765787E-001
   0.180000E+000        0.108130E+000   0.672240E-001
   0.190000E+000        0.723627E-001   0.140366E+000
   0.200000E+000        0.228011E-001   0.180665E+000
   0.210000E+000       -0.159675E-001   0.189277E+000
   0.220000E+000       -0.268368E-001   0.869777E-001
   0.230000E+000        0.700139E-002  -0.243187E-001
   0.240000E+000        0.318654E-001   0.851218E-002
   0.250000E+000        0.100831E-001   0.986696E-001
   0.260000E+000       -0.164279E-002   0.222193E+000
   0.270000E+000       -0.218051E-001   0.166434E+000
   0.280000E+000       -0.650117E-001  -0.137844E+000
   0.290000E+000       -0.549920E-001  -0.140819E+000
   0.300000E+000       -0.791472E-002   0.654129E-001
   0.310000E+000        0.255147E-001   0.107382E+000
   0.320000E+000        0.414701E-001   0.100484E+000
   0.330000E+000        0.432685E-001   0.746636E-001
   0.340000E+000        0.361567E-001   0.253512E-001
   0.350000E+000        0.489830E-001   0.148695E+000
   0.360000E+000        0.525273E-001   0.399056E+000
   0.370000E+000        0.615170E-002   0.418339E+000
   0.380000E+000       -0.448979E-001   0.533819E+000
   0.390000E+000       -0.281235E-001   0.608109E+000
   0.400000E+000        0.141424E-001   0.305865E+000
   0.410000E+000        0.195387E-001   0.699139E-001
   0.420000E+000        0.228890E-001  -0.628176E-001
   0.430000E+000        0.254081E-001  -0.598724E-001
   0.440000E+000        0.138668E-001   0.620162E-001
   0.450000E+000        0.937426E-002  -0.740541E-001
   0.460000E+000        0.308917E-001  -0.193059E+000
   0.470000E+000        0.193633E-001  -0.134966E+000
   0.480000E+000       -0.305458E-001  -0.119792E+000
   0.490000E+000       -0.451284E-001  -0.233543E-001
   0.500000E+000       -0.253381E-001   0.468275E-001
   0.510000E+000        0.124681E-001   0.114951E+000
   0.520000E+000        0.366958E-001   0.331720E+000
   0.530000E+000        0.471935E-001   0.431736E+000
   0.540000E+000        0.703751E-001   0.407728E+000
   0.550000E+000        0.880865E-001   0.355165E+000
   0.560000E+000        0.711182E-001   0.262362E+000
   0.570000E+000        0.148568E-001   0.151540E+000
   0.580000E+000       -0.380484E-001   0.330558E-002
   0.590000E+000       -0.526113E-001  -0.623440E-001
   0.600000E+000       -0.291400E-001  -0.356859E-001
   0.610000E+000        0.192384E-001   0.831054E-001
   0.620000E+000        0.496690E-001   0.136819E+000
   0.630000E+000        0.491730E-001  -0.440459E-001
   0.640000E+000        0.574659E-001  -0.197528E+000
   0.650000E+000        0.399984E-001  -0.225647E-001
   0.660000E+000       -0.164894E-001   0.219040E+000
   0.670000E+000       -0.365757E-001   0.191993E+000
   0.680000E+000       -0.293233E-001   0.106735E+000
   0.690000E+000        0.844669E-002   0.626847E-001
   0.700000E+000        0.478082E-001   0.628738E-001
   0.710000E+000        0.396605E-001   0.107773E+000
   0.720000E+000        0.184709E-003   0.129707E+000
   0.730000E+000       -0.370450E-001   0.124083E+000
   0.740000E+000       -0.216629E-001   0.104174E+000
   0.750000E+000        0.986265E-002   0.225626E-001
   0.760000E+000        0.206714E-001  -0.696491E-001
   0.770000E+000        0.189397E-001  -0.634696E-001
   0.780000E+000        0.197326E-001   0.817551E-003
   0.790000E+000        0.313954E-001  -0.400260E-001
   0.800000E+000        0.422193E-001  -0.108892E+000
   0.810000E+000        0.677538E-001  -0.113515E+000
   0.820000E+000        0.677991E-001  -0.122320E+000
   0.830000E+000        0.377152E-001  -0.352359E-001
   0.840000E+000        0.612606E-002   0.176278E+000
   0.850000E+000       -0.634457E-002   0.230989E+000
   0.860000E+000        0.204113E-002   0.926611E-001
   0.870000E+000       -0.183787E-001   0.678242E-001
   0.880000E+000       -0.570712E-001   0.264069E-001
   0.890000E+000       -0.549279E-001  -0.209216E-001
   0.900000E+000       -0.241849E-001  -0.903133E-002
   0.910000E+000       -0.640524E-002   0.484888E-001
   0.920000E+000        0.924148E-002   0.950768E-001
   0.930000E+000        0.235246E-001   0.700895E-001
   0.940000E+000        0.266262E-001  -0.108126E-001
   0.950000E+000        0.234105E-001  -0.692188E-001
   0.960000E+000        0.157642E-001  -0.561224E-001
   0.970000E+000        0.551694E-002  -0.173136E-001
   0.980000E+000       -0.170218E-002  -0.492955E-001
   0.990000E+000        0.108380E-001  -0.121585E+000
   0.100000E+001        0.264097E-001  -0.116278E+000
   0.101000E+001        0.191048E-001  -0.103694E+000
   0.102000E+001        0.790565E-002  -0.593222E-001
   0.103000E+001        0.371924E-003   0.207358E-001
   0.104000E+001       -0.910008E-002   0.604176E-001
   0.105000E+001       -0.249185E-001   0.678181E-001
   0.106000E+001       -0.975286E-002   0.798888E-001
   0.107000E+001        0.442643E-001   0.112410E+000
   0.108000E+001        0.698339E-001   0.940826E-001
   0.109000E+001        0.414602E-001   0.651238E-001
   0.110000E+001       -0.220544E-002   0.920868E-001
   0.111000E+001       -0.358893E-001   0.100545E+000
   0.112000E+001       -0.496472E-001   0.473994E-001
   0.113000E+001       -0.389038E-001   0.454217E-003
   0.114000E+001       -0.168269E-001   0.218192E-002
   0.115000E+001        0.108123E-002  -0.156482E-001
   0.116000E+001        0.216332E-001  -0.541558E-001
   0.117000E+001        0.327278E-001  -0.331542E-001
   0.118000E+001        0.177148E-001   0.933509E-002
   0.119000E+001        0.117371E-001  -0.536528E-001
   0.120000E+001        0.204568E-001  -0.399000E-001
   0.121000E+001        0.208823E-001   0.984579E-001
   0.122000E+001        0.221735E-001   0.118389E+000
   0.123000E+001        0.362192E-001  -0.156746E-001
   0.124000E+001        0.387992E-001  -0.944887E-001
   0.125000E+001        0.167659E-001  -0.270351E-001
   0.126000E+001        0.355458E-002   0.824070E-001
   0.127000E+001        0.609669E-002   0.969447E-001
   0.128000E+001       -0.959304E-003   0.376437E-001
   0.129000E+001       -0.151818E-001   0.486119E-001
   0.130000E+001       -0.173347E-001   0.521349E-001
   0.131000E+001       -0.454401E-002  -0.302398E-001
   0.132000E+001        0.506400E-002  -0.201190E-001
   0.133000E+001        0.100764E-001   0.667033E-001
   0.134000E+001        0.171038E-001   0.892386E-001
   0.135000E+001        0.173203E-001   0.358940E-001
   0.136000E+001        0.548286E-002  -0.128921E-001
   0.137000E+001       -0.753712E-002   0.462391E-001
   0.138000E+001       -0.987811E-002   0.867724E-001
   0.139000E+001        0.137917E-002   0.695875E-001
   0.140000E+001        0.184826E-001   0.743337E-001
   0.141000E+001        0.272340E-001   0.736161E-001
   0.142000E+001        0.263195E-001   0.725731E-001
   0.143000E+001        0.662518E-002   0.696012E-001
   0.144000E+001       -0.493495E-002   0.760402E-001
   0.145000E+001        0.196595E-001   0.648939E-001
   0.146000E+001        0.385134E-001   0.453203E-001
   0.147000E+001        0.147908E-001   0.430394E-001
   0.148000E+001       -0.181720E-001   0.612052E-001
   0.149000E+001       -0.229791E-001   0.876614E-001
   0.150000E+001        0.790520E-002   0.433562E-001
   0.151000E+001        0.438706E-001   0.193570E-001
   0.152000E+001        0.423184E-001   0.920608E-001
   0.153000E+001        0.171204E-001   0.102151E+000
   0.154000E+001        0.956807E-002   0.259625E-001
   0.155000E+001        0.299607E-001  -0.426813E-001
   0.156000E+001        0.386998E-001  -0.775842E-001
   0.157000E+001        0.126975E-001  -0.621472E-001
   0.158000E+001       -0.230769E-001  -0.335210E-001
   0.159000E+001       -0.348351E-001  -0.433146E-001
   0.160000E+001       -0.186702E-001  -0.326515E-001
   0.161000E+001       -0.174180E-001   0.337568E-001
   0.162000E+001       -0.278118E-001   0.819140E-001
   0.163000E+001       -0.181563E-001   0.718340E-001
   0.164000E+001       -0.143131E-001   0.242218E-001
   0.165000E+001       -0.917267E-002   0.351790E-001
   0.166000E+001        0.151465E-001   0.103191E+000
   0.167000E+001        0.239649E-001   0.143333E+000
   0.168000E+001        0.836237E-002   0.113660E+000
   0.169000E+001       -0.181311E-002   0.648026E-001
   0.170000E+001        0.944693E-002   0.169896E-001
   0.171000E+001        0.136232E-001  -0.207901E-001
   0.172000E+001        0.142173E-001  -0.263869E-001
   0.173000E+001        0.342065E-001  -0.232151E-001
   0.174000E+001        0.494118E-001  -0.342604E-001
   0.175000E+001        0.307788E-001  -0.654509E-001
   0.176000E+001        0.531554E-002  -0.992630E-001
   0.177000E+001        0.145733E-002  -0.501899E-001
   0.178000E+001       -0.954092E-002   0.990617E-002
   0.179000E+001       -0.312822E-001   0.143544E-001
   0.180000E+001       -0.390359E-001  -0.213328E-002
   0.181000E+001       -0.322213E-001  -0.338587E-001
   0.182000E+001       -0.151679E-001  -0.205627E-001
   0.183000E+001        0.104042E-001  -0.152343E-001
   0.184000E+001        0.126782E-001  -0.470660E-001
   0.185000E+001       -0.690475E-002  -0.384110E-001
   0.186000E+001       -0.106447E-001  -0.593956E-002
   0.187000E+001       -0.817454E-002  -0.134534E-001
   0.188000E+001       -0.768703E-002  -0.277198E-001
   0.189000E+001       -0.177664E-002  -0.186964E-001
   0.190000E+001        0.714475E-002  -0.865683E-003
   0.191000E+001        0.133835E-001  -0.474215E-002
   0.192000E+001        0.580896E-002  -0.331810E-001
   0.193000E+001       -0.889630E-002  -0.523771E-001
   0.194000E+001       -0.135010E-001  -0.585647E-001
   0.195000E+001        0.268961E-003  -0.446406E-001
   0.196000E+001        0.114101E-001  -0.228339E-001
   0.197000E+001        0.784971E-002  -0.129934E-002
   0.198000E+001       -0.862675E-003   0.452778E-001
   0.199000E+001       -0.160046E-002   0.784861E-001
   0.200000E+001        0.775661E-002   0.524890E-001
Friction component for    3   3
   0.000000E+000        0.505272E-001   0.000000E+000
   0.100000E-001        0.124012E+000   0.000000E+000
   0.200000E-001        0.358396E+000   0.000000E+000
   0.300000E-001        0.566991E+000   0.000000E+000
   0.400000E-001        0.627950E+000   0.000000E+000
   0.500000E-001        0.870728E+000   0.000000E+000
   0.600000E-001        0.130919E+001   0.000000E+000
   0.700000E-001        0.150543E+001   0.000000E+000
   0.800000E-001        0.140521E+001   0.000000E+000
   0.900000E-001        0.149060E+001   0.000000E+000
   0.100000E+000        0.192636E+001   0.000000E+000
   0.110000E+000        0.198366E+001   0.000000E+000
   0.120000E+000        0.159545E+001   0.000000E+000
   0.130000E+000        0.140635E+001   0.000000E+000
   0.140000E+000        0.149904E+001   0.000000E+000
   0.150000E+000        0.166787E+001   0.000000E+000
   0.160000E+000        0.172562E+001   0.000000E+000
   0.170000E+000        0.157393E+001   0.000000E+000
   0.180000E+000        0.158119E+001   0.000000E+000
   0.190000E+000        0.187000E+001   0.000000E+000
   0.200000E+000        0.204570E+001   0.000000E+000
   0.210000E+000        0.202767E+001   0.000000E+000
   0.220000E+000        0.217638E+001   0.000000E+000
   0.230000E+000        0.273567E+001   0.000000E+000
   0.240000E+000        0.295015E+001   0.000000E+000
   0.250000E+000        0.262325E+001   0.000000E+000
   0.260000E+000        0.253638E+001   0.000000E+000
   0.270000E+000        0.270326E+001   0.000000E+000
   0.280000E+000        0.269098E+001   0.000000E+000
   0.290000E+000        0.219006E+001   0.000000E+000
   0.300000E+000        0.178586E+001   0.000000E+000
   0.310000E+000        0.183006E+001   0.000000E+000
   0.320000E+000        0.197817E+001   0.000000E+000
   0.330000E+000        0.177425E+001   0.000000E+000
   0.340000E+000        0.139895E+001   0.000000E+000
   0.350000E+000        0.149428E+001   0.000000E+000
   0.360000E+000        0.228778E+001   0.000000E+000
   0.370000E+000        0.326042E+001   0.000000E+000
   0.380000E+000        0.376164E+001   0.000000E+000
   0.390000E+000        0.335424E+001   0.000000E+000
   0.400000E+000        0.243590E+001   0.000000E+000
   0.410000E+000        0.171685E+001   0.000000E+000
   0.420000E+000        0.160886E+001   0.000000E+000
   0.430000E+000        0.201221E+001   0.000000E+000
   0.440000E+000        0.220193E+001   0.000000E+000
   0.450000E+000        0.218952E+001   0.000000E+000
   0.460000E+000        0.214207E+001   0.000000E+000
   0.470000E+000        0.224233E+001   0.000000E+000
   0.480000E+000        0.271767E+001   0.000000E+000
   0.490000E+000        0.297650E+001   0.000000E+000
   0.500000E+000        0.264834E+001   0.000000E+000
   0.510000E+000        0.253199E+001   0.000000E+000
   0.520000E+000        0.298783E+001   0.000000E+000
   0.530000E+000        0.295668E+001   0.000000E+000
   0.540000E+000        0.231839E+001   0.000000E+000
   0.550000E+000        0.205943E+001   0.000000E+000
   0.560000E+000        0.222492E+001   0.000000E+000
   0.570000E+000        0.258915E+001   0.000000E+000
   0.580000E+000        0.262663E+001   0.000000E+000
   0.590000E+000        0.213063E+001   0.000000E+000
   0.600000E+000        0.192707E+001   0.000000E+000
   0.610000E+000        0.207226E+001   0.000000E+000
   0.620000E+000        0.211852E+001   0.000000E+000
   0.630000E+000        0.206374E+001   0.000000E+000
   0.640000E+000        0.229131E+001   0.000000E+000
   0.650000E+000        0.266817E+001   0.000000E+000
   0.660000E+000        0.267998E+001   0.000000E+000
   0.670000E+000        0.232627E+001   0.000000E+000
   0.680000E+000        0.214629E+001   0.000000E+000
   0.690000E+000        0.212691E+001   0.000000E+000
   0.700000E+000        0.197332E+001   0.000000E+000
   0.710000E+000        0.179788E+001   0.000000E+000
   0.720000E+000        0.178579E+001   0.000000E+000
   0.730000E+000        0.179622E+001   0.000000E+000
   0.740000E+000        0.182481E+001   0.000000E+000
   0.750000E+000        0.188692E+001   0.000000E+000
   0.760000E+000        0.198226E+001   0.000000E+000
   0.770000E+000        0.210261E+001   0.000000E+000
   0.780000E+000        0.194481E+001   0.000000E+000
   0.790000E+000        0.163692E+001   0.000000E+000
   0.800000E+000        0.152749E+001   0.000000E+000
   0.810000E+000        0.158817E+001   0.000000E+000
   0.820000E+000        0.179460E+001   0.000000E+000
   0.830000E+000        0.214908E+001   0.000000E+000
   0.840000E+000        0.241066E+001   0.000000E+000
   0.850000E+000        0.234933E+001   0.000000E+000
   0.860000E+000        0.199756E+001   0.000000E+000
   0.870000E+000        0.175007E+001   0.000000E+000
   0.880000E+000        0.182513E+001   0.000000E+000
   0.890000E+000        0.180190E+001   0.000000E+000
   0.900000E+000        0.157072E+001   0.000000E+000
   0.910000E+000        0.154239E+001   0.000000E+000
   0.920000E+000        0.164967E+001   0.000000E+000
   0.930000E+000        0.171837E+001   0.000000E+000
   0.940000E+000        0.166234E+001   0.000000E+000
   0.950000E+000        0.163548E+001   0.000000E+000
   0.960000E+000        0.177134E+001   0.000000E+000
   0.970000E+000        0.181141E+001   0.000000E+000
   0.980000E+000        0.170361E+001   0.000000E+000
   0.990000E+000        0.171824E+001   0.000000E+000
   0.100000E+001        0.184537E+001   0.000000E+000
   0.101000E+001        0.188966E+001   0.000000E+000
   0.102000E+001        0.184948E+001   0.000000E+000
   0.103000E+001        0.177035E+001   0.000000E+000
   0.104000E+001        0.170545E+001   0.000000E+000
   0.105000E+001        0.181790E+001   0.000000E+000
   0.106000E+001        0.196280E+001   0.000000E+000
   0.107000E+001        0.208223E+001   0.000000E+000
   0.108000E+001        0.229342E+001   0.000000E+000
   0.109000E+001        0.223476E+001   0.000000E+000
   0.110000E+001        0.212064E+001   0.000000E+000
   0.111000E+001        0.224741E+001   0.000000E+000
   0.112000E+001        0.219896E+001   0.000000E+000
   0.113000E+001        0.195571E+001   0.000000E+000
   0.114000E+001        0.181609E+001   0.000000E+000
   0.115000E+001        0.162354E+001   0.000000E+000
   0.116000E+001        0.154307E+001   0.000000E+000
   0.117000E+001        0.174383E+001   0.000000E+000
   0.118000E+001        0.193063E+001   0.000000E+000
   0.119000E+001        0.205281E+001   0.000000E+000
   0.120000E+001        0.225791E+001   0.000000E+000
   0.121000E+001        0.231263E+001   0.000000E+000
   0.122000E+001        0.222623E+001   0.000000E+000
   0.123000E+001        0.215473E+001   0.000000E+000
   0.124000E+001        0.206863E+001   0.000000E+000
   0.125000E+001        0.193799E+001   0.000000E+000
   0.126000E+001        0.178702E+001   0.000000E+000
   0.127000E+001        0.174421E+001   0.000000E+000
   0.128000E+001        0.179022E+001   0.000000E+000
   0.129000E+001        0.176759E+001   0.000000E+000
   0.130000E+001        0.165215E+001   0.000000E+000
   0.131000E+001        0.151576E+001   0.000000E+000
   0.132000E+001        0.149875E+001   0.000000E+000
   0.133000E+001        0.151353E+001   0.000000E+000
   0.134000E+001        0.149891E+001   0.000000E+000
   0.135000E+001        0.161119E+001   0.000000E+000
   0.136000E+001        0.178805E+001   0.000000E+000
   0.137000E+001        0.178080E+001   0.000000E+000
   0.138000E+001        0.162537E+001   0.000000E+000
   0.139000E+001        0.146735E+001   0.000000E+000
   0.140000E+001        0.133417E+001   0.000000E+000
   0.141000E+001        0.131324E+001   0.000000E+000
   0.142000E+001        0.143155E+001   0.000000E+000
   0.143000E+001        0.162383E+001   0.000000E+000
   0.144000E+001        0.177628E+001   0.000000E+000
   0.145000E+001        0.179327E+001   0.000000E+000
   0.146000E+001        0.161406E+001   0.000000E+000
   0.147000E+001        0.145093E+001   0.000000E+000
   0.148000E+001        0.150193E+001   0.000000E+000
   0.149000E+001        0.168720E+001   0.000000E+000
   0.150000E+001        0.178715E+001   0.000000E+000
   0.151000E+001        0.172684E+001   0.000000E+000
   0.152000E+001        0.164503E+001   0.000000E+000
   0.153000E+001        0.153710E+001   0.000000E+000
   0.154000E+001        0.154117E+001   0.000000E+000
   0.155000E+001        0.160211E+001   0.000000E+000
   0.156000E+001        0.153411E+001   0.000000E+000
   0.157000E+001        0.152036E+001   0.000000E+000
   0.158000E+001        0.167481E+001   0.000000E+000
   0.159000E+001        0.174226E+001   0.000000E+000
   0.160000E+001        0.165665E+001   0.000000E+000
   0.161000E+001        0.152863E+001   0.000000E+000
   0.162000E+001        0.158966E+001   0.000000E+000
   0.163000E+001        0.168094E+001   0.000000E+000
   0.164000E+001        0.164843E+001   0.000000E+000
   0.165000E+001        0.159482E+001   0.000000E+000
   0.166000E+001        0.151933E+001   0.000000E+000
   0.167000E+001        0.145714E+001   0.000000E+000
   0.168000E+001        0.149334E+001   0.000000E+000
   0.169000E+001        0.163160E+001   0.000000E+000
   0.170000E+001        0.161401E+001   0.000000E+000
   0.171000E+001        0.147907E+001   0.000000E+000
   0.172000E+001        0.137179E+001   0.000000E+000
   0.173000E+001        0.141217E+001   0.000000E+000
   0.174000E+001        0.153651E+001   0.000000E+000
   0.175000E+001        0.159640E+001   0.000000E+000
   0.176000E+001        0.167108E+001   0.000000E+000
   0.177000E+001        0.165631E+001   0.000000E+000
   0.178000E+001        0.152583E+001   0.000000E+000
   0.179000E+001        0.148040E+001   0.000000E+000
   0.180000E+001        0.142833E+001   0.000000E+000
   0.181000E+001        0.136992E+001   0.000000E+000
   0.182000E+001        0.140639E+001   0.000000E+000
   0.183000E+001        0.139793E+001   0.000000E+000
   0.184000E+001        0.135657E+001   0.000000E+000
   0.185000E+001        0.143005E+001   0.000000E+000
   0.186000E+001        0.146806E+001   0.000000E+000
   0.187000E+001        0.143786E+001   0.000000E+000
   0.188000E+001        0.149973E+001   0.000000E+000
   0.189000E+001        0.155031E+001   0.000000E+000
   0.190000E+001        0.150134E+001   0.000000E+000
   0.191000E+001        0.152231E+001   0.000000E+000
   0.192000E+001        0.162653E+001   0.000000E+000
   0.193000E+001        0.163389E+001   0.000000E+000
   0.194000E+001        0.158022E+001   0.000000E+000
   0.195000E+001        0.159875E+001   0.000000E+000
   0.196000E+001        0.166140E+001   0.000000E+000
   0.197000E+001        0.170633E+001   0.000000E+000
   0.198000E+001        0.164796E+001   0.000000E+000
   0.199000E+001        0.161102E+001   0.000000E+000
   0.200000E+001        0.159526E+001   0.000000E+000
